merged_libs_egret5.js:4 ,3,2000, 0
merged_libs_egret5.js:4 ,6,2000, 0
merged_libs_egret5.js:4 ,9,2000, 0
azwanp.trafficmanager.net/img/r20.gif?rnd=1-1-23917-0-0-37556-2516812041-_CgJqMRAUGHUiBggBEO26ASiJgo6wCTDxjuXpBTjwjuXpBUC9uJfwDkoQCAQQ2QEYhhsgACitqoCgBFAAWgoIABAAGAAgACgAYAFqE2J1dHRvbjIuaGtnLmh2LnByb2SCARAIBBDZARiGGyAAKOSRgKAEiAH9xrOaB5ABAJgBAA:1 GET https://azwanp.trafficmanager.net/img/r20.gif?rnd=1-1-23917-0-0-37556-2516812041-_CgJqMRAUGHUiBggBEO26ASiJgo6wCTDxjuXpBTjwjuXpBUC9uJfwDkoQCAQQ2QEYhhsgACitqoCgBFAAWgoIABAAGAAgACgAYAFqE2J1dHRvbjIuaGtnLmh2LnByb2SCARAIBBDZARiGGyAAKOSRgKAEiAH9xrOaB5ABAJgBAA net::ERR_CONNECTION_TIMED_OUT
Image (async)
Q.<computed> @ radar.js:88
(anonymous) @ radar.js:90
_.I @ radar.js:20
_.k.sa @ radar.js:90
e.o @ radar.js:22
fb @ radar.js:24
$a @ radar.js:24
_.k.Pa @ radar.js:81
Oa @ radar.js:19
Promise.then (async)
Ja @ radar.js:19
Na @ radar.js:18
ab @ radar.js:23
_.k.M @ radar.js:81
(anonymous) @ radar.js:20
_.k.D @ radar.js:91
Fc @ radar.js:50
Hc @ radar.js:50
(anonymous) @ radar.js:9
load (async)
Q.<computed> @ radar.js:88
(anonymous) @ radar.js:90
_.I @ radar.js:20
_.k.sa @ radar.js:90
e.o @ radar.js:22
fb @ radar.js:24
$a @ radar.js:24
_.k.Pa @ radar.js:81
Oa @ radar.js:19
Promise.then (async)
Ja @ radar.js:19
Na @ radar.js:18
ab @ radar.js:23
_.k.M @ radar.js:81
(anonymous) @ radar.js:20
_.k.D @ radar.js:91
Fc @ radar.js:50
Hc @ radar.js:50
(anonymous) @ radar.js:9
load (async)
Q.<computed> @ radar.js:88
(anonymous) @ radar.js:90
_.I @ radar.js:20
_.k.sa @ radar.js:90
e.o @ radar.js:22
fb @ radar.js:24
$a @ radar.js:24
_.k.Pa @ radar.js:81
Oa @ radar.js:19
Promise.then (async)
Ja @ radar.js:19
Na @ radar.js:18
ab @ radar.js:23
_.k.M @ radar.js:81
(anonymous) @ radar.js:20
_.k.D @ radar.js:91
Fc @ radar.js:50
Hc @ radar.js:50
(anonymous) @ radar.js:9
load (async)
Q.<computed> @ radar.js:88
(anonymous) @ radar.js:90
_.I @ radar.js:20
_.k.sa @ radar.js:90
e.o @ radar.js:22
fb @ radar.js:24
$a @ radar.js:24
_.k.Pa @ radar.js:81
Oa @ radar.js:19
Promise.then (async)
Ja @ radar.js:19
Na @ radar.js:18
ab @ radar.js:23
_.k.M @ radar.js:81
(anonymous) @ radar.js:20
_.k.D @ radar.js:91
Fc @ radar.js:50
Hc @ radar.js:50
(anonymous) @ radar.js:9
load (async)
Q.<computed> @ radar.js:88
(anonymous) @ radar.js:90
_.I @ radar.js:20
_.k.sa @ radar.js:90
e.o @ radar.js:22
fb @ radar.js:24
$a @ radar.js:24
_.k.Pa @ radar.js:81
Oa @ radar.js:19
Promise.then (async)
Ja @ radar.js:19
Na @ radar.js:18
ab @ radar.js:23
_.k.M @ radar.js:81
(anonymous) @ radar.js:20
_.k.D @ radar.js:91
Fc @ radar.js:50
Hc @ radar.js:50
(anonymous) @ radar.js:9
load (async)
Q.<computed> @ radar.js:88
(anonymous) @ radar.js:90
_.I @ radar.js:20
_.k.sa @ radar.js:90
e.o @ radar.js:22
fb @ radar.js:24
$a @ radar.js:24
_.k.Pa @ radar.js:81
Oa @ radar.js:19
Promise.then (async)
Ja @ radar.js:19
Na @ radar.js:18
ab @ radar.js:23
_.k.M @ radar.js:81
(anonymous) @ radar.js:20
_.k.D @ radar.js:91
ud @ radar.js:67
(anonymous) @ radar.js:9
Tc @ radar.js:57
_.k.dispatchEvent @ radar.js:83
qd @ radar.js:65
_.k.gb @ radar.js:87
_.k.Ba @ radar.js:87
XMLHttpRequest.send (async)
_.k.send @ radar.js:86
Q.<computed> @ radar.js:90
(anonymous) @ radar.js:90
_.I @ radar.js:20
_.k.sa @ radar.js:90
e.o @ radar.js:22
fb @ radar.js:24
$a @ radar.js:24
_.k.Pa @ radar.js:81
Oa @ radar.js:19
Promise.then (async)
Ja @ radar.js:19
Na @ radar.js:18
ab @ radar.js:23
_.k.M @ radar.js:81
(anonymous) @ radar.js:20
_.k.D @ radar.js:91
Fc @ radar.js:50
Hc @ radar.js:50
(anonymous) @ radar.js:9
load (async)
Q.<computed> @ radar.js:88
(anonymous) @ radar.js:90
_.I @ radar.js:20
_.k.sa @ radar.js:90
e.o @ radar.js:22
fb @ radar.js:24
$a @ radar.js:24
_.k.Pa @ radar.js:81
Oa @ radar.js:19
Promise.then (async)
Ja @ radar.js:19
Na @ radar.js:18
ab @ radar.js:23
_.k.M @ radar.js:81
(anonymous) @ radar.js:20
_.k.D @ radar.js:91
Fc @ radar.js:50
Hc @ radar.js:50
(anonymous) @ radar.js:9
merged_libs_egret5.js:4 ,12,1995, 5
merged_libs_egret5.js:4 ,15,1960, 40
merged_libs_egret5.js:4 ,18,1930, 70
merged_libs_egret5.js:4 ,21,1895, 125
merged_libs_egret5.js:4 ,24,1895, 185
merged_libs_egret5.js:4 ,27,1875, 225
merged_libs_egret5.js:4 ,30,1835, 265
merged_libs_egret5.js:4 ,33,1815, 355
merged_libs_egret5.js:4 ,36,1755, 415
merged_libs_egret5.js:4 ,39,1720, 490
merged_libs_egret5.js:4 ,42,1665, 565
merged_libs_egret5.js:4 ,45,1610, 640
merged_libs_egret5.js:4 ,48,1540, 710
merged_libs_egret5.js:4 ,51,1490, 790
merged_libs_egret5.js:4 ,54,1430, 860
merged_libs_egret5.js:4 ,57,1885, 1425
merged_libs_egret5.js:4 ,60,1800, 1510
merged_libs_egret5.js:4 ,63,1880, 1720
merged_libs_egret5.js:4 ,66,2310, 2290
merged_libs_egret5.js:4 ,69,2280, 2380
merged_libs_egret5.js:4 ,72,2235, 2475
merged_libs_egret5.js:4 ,75,2180, 2550
merged_libs_egret5.js:4 ,78,2110, 2620
merged_libs_egret5.js:4 ,81,2045, 2695
merged_libs_egret5.js:4 ,84,2000, 2760
merged_libs_egret5.js:4 ,87,1935, 2825
merged_libs_egret5.js:4 ,90,1845, 2915
merged_libs_egret5.js:4 ,93,1775, 2985
merged_libs_egret5.js:4 ,96,1760, 3090
merged_libs_egret5.js:4 ,99,1690, 3170
merged_libs_egret5.js:4 ,102,1700, 3300
merged_libs_egret5.js:4 ,105,1650, 3380
merged_libs_egret5.js:4 ,108,1595, 3435
merged_libs_egret5.js:4 ,111,1565, 3545
merged_libs_egret5.js:4 ,114,1525, 3615
merged_libs_egret5.js:4 ,117,1450, 3690
merged_libs_egret5.js:4 ,120,1410, 3740
merged_libs_egret5.js:4 ,123,1315, 3835
merged_libs_egret5.js:4 ,126,1240, 3910
merged_libs_egret5.js:4 ,129,1155, 3995
merged_libs_egret5.js:4 ,132,1130, 4100
merged_libs_egret5.js:4 ,135,1055, 4175
merged_libs_egret5.js:4 ,138,985, 4245
merged_libs_egret5.js:4 ,141,950, 4340
merged_libs_egret5.js:4 ,144,965, 4475
merged_libs_egret5.js:4 ,147,915, 4545
merged_libs_egret5.js:4 ,150,855, 4615
merged_libs_egret5.js:4 ,153,785, 4705
merged_libs_egret5.js:4 ,156,715, 4775
merged_libs_egret5.js:4 ,159,665, 4855
merged_libs_egret5.js:4 ,162,585, 4935
merged_libs_egret5.js:4 ,165,510, 5010
merged_libs_egret5.js:4 ,168,455, 5085
merged_libs_egret5.js:4 ,171,485, 5245
merged_libs_egret5.js:4 ,174,410, 5320
merged_libs_egret5.js:4 ,177,340, 5390
merged_libs_egret5.js:4 ,180,1270, 6440
merged_libs_egret5.js:4 ,183,1230, 6540
merged_libs_egret5.js:4 ,186,1150, 6620
merged_libs_egret5.js:4 ,189,1090, 6700
merged_libs_egret5.js:4 ,192,1035, 6755
merged_libs_egret5.js:4 ,195,1190, 7030
merged_libs_egret5.js:4 ,198,1620, 7580
merged_libs_egret5.js:4 ,201,1560, 7660
merged_libs_egret5.js:4 ,204,1505, 7745
merged_libs_egret5.js:4 ,207,1945, 8305
merged_libs_egret5.js:4 ,210,1870, 8380
merged_libs_egret5.js:4 ,213,1795, 8455
merged_libs_egret5.js:4 ,216,1755, 8535
merged_libs_egret5.js:4 ,219,1760, 8620
merged_libs_egret5.js:4 ,222,2115, 9085
merged_libs_egret5.js:4 ,225,2175, 9255
merged_libs_egret5.js:4 ,228,2245, 9475
merged_libs_egret5.js:4 ,231,2200, 9550
merged_libs_egret5.js:4 ,234,2200, 9670
merged_libs_egret5.js:4 ,237,2175, 9695
merged_libs_egret5.js:4 ,240,2175, 9695
merged_libs_egret5.js:4 ,243,2175, 9695
merged_libs_egret5.js:4 ,246,2170, 9700
merged_libs_egret5.js:4 ,249,2185, 9725
merged_libs_egret5.js:4 ,252,2085, 9835
merged_libs_egret5.js:4 ,255,2060, 9910
merged_libs_egret5.js:4 ,258,2070, 9990
merged_libs_egret5.js:4 ,261,2095, 10075
merged_libs_egret5.js:4 ,264,2105, 10165
merged_libs_egret5.js:4 ,267,2105, 10295
merged_libs_egret5.js:4 ,270,2090, 10430
merged_libs_egret5.js:4 ,273,2045, 10515
merged_libs_egret5.js:4 ,276,2110, 10680
merged_libs_egret5.js:4 ,279,2090, 10800
merged_libs_egret5.js:4 ,282,2015, 10875
merged_libs_egret5.js:4 ,285,2320, 11310
merged_libs_egret5.js:4 ,288,2295, 11415
merged_libs_egret5.js:4 ,291,2265, 11525
merged_libs_egret5.js:4 ,294,2500, 11880
merged_libs_egret5.js:4 ,297,2425, 11955
merged_libs_egret5.js:4 ,300,2640, 12330
merged_libs_egret5.js:4 ,303,2605, 12415
merged_libs_egret5.js:4 ,306,2935, 12835
rpt.cedexis.com/f1/_CgJqMRAUGHUiBggBEO26ASiglvPrBjC2keXpBTi1keXpBUC9uJegAUoQCAQQ2QEYhhsgACitqoCgBFAAWgoIABAAGAAgACgAYAFqE2J1dHRvbjEuaGtnLmh2LnByb2SCARAIBBDZARiGGyAAKOSRgKAEiAH9xrOaB5ABAJgBAA/0/0/30292/1,2/0/47/0/0:1 GET https://rpt.cedexis.com/f1/_CgJqMRAUGHUiBggBEO26ASiglvPrBjC2keXpBTi1keXpBUC9uJegAUoQCAQQ2QEYhhsgACitqoCgBFAAWgoIABAAGAAgACgAYAFqE2J1dHRvbjEuaGtnLmh2LnByb2SCARAIBBDZARiGGyAAKOSRgKAEiAH9xrOaB5ABAJgBAA/0/0/30292/1,2/0/47/0/0 net::ERR_SSL_VERSION_INTERFERENCE
merged_libs_egret5.js:4 ,309,3190, 13200
merged_libs_egret5.js:4 ,312,3145, 13285
merged_libs_egret5.js:4 ,315,3595, 13865
merged_libs_egret5.js:4 ,318,3540, 13950
merged_libs_egret5.js:4 ,321,3500, 14050
merged_libs_egret5.js:4 ,324,3430, 14120
merged_libs_egret5.js:4 ,327,3460, 14170
merged_libs_egret5.js:4 ,330,3560, 14270
merged_libs_egret5.js:4 ,333,3570, 14280
merged_libs_egret5.js:4 ,336,3595, 14305
merged_libs_egret5.js:4 ,339,3595, 14305
merged_libs_egret5.js:4 ,342,3595, 14305
merged_libs_egret5.js:4 ,345,3595, 14305
merged_libs_egret5.js:4 ,348,3595, 14305
merged_libs_egret5.js:4 ,351,3565, 14335
merged_libs_egret5.js:4 ,354,3510, 14390
merged_libs_egret5.js:4 ,357,3435, 14465
merged_libs_egret5.js:4 ,360,3360, 14540
merged_libs_egret5.js:4 ,363,3290, 14610
merged_libs_egret5.js:4 ,366,3215, 14685
merged_libs_egret5.js:4 ,369,3890, 15500
merged_libs_egret5.js:4 ,372,3815, 15575
merged_libs_egret5.js:4 ,375,4495, 16385
merged_libs_egret5.js:4 ,378,4420, 16460
merged_libs_egret5.js:4 ,381,4345, 16535
merged_libs_egret5.js:4 ,384,4270, 16610
merged_libs_egret5.js:4 ,387,4195, 16685
merged_libs_egret5.js:4 ,390,4345, 16955
merged_libs_egret5.js:4 ,393,4270, 17030
merged_libs_egret5.js:4 ,396,4420, 17270
merged_libs_egret5.js:4 ,399,4350, 17340
merged_libs_egret5.js:4 ,402,4275, 17415
merged_libs_egret5.js:4 ,405,4250, 17530
merged_libs_egret5.js:4 ,408,4180, 17600
merged_libs_egret5.js:4 ,411,4105, 17675
merged_libs_egret5.js:4 ,414,4030, 17750
merged_libs_egret5.js:4 ,417,3975, 17835
merged_libs_egret5.js:4 ,420,3900, 17910
merged_libs_egret5.js:4 ,423,3825, 17985
merged_libs_egret5.js:4 ,426,3755, 18055
merged_libs_egret5.js:4 ,429,3680, 18130
merged_libs_egret5.js:4 ,432,3635, 18205
merged_libs_egret5.js:4 ,435,3560, 18280
merged_libs_egret5.js:4 ,438,3605, 18425
merged_libs_egret5.js:4 ,441,3530, 18500
merged_libs_egret5.js:4 ,444,3455, 18575
merged_libs_egret5.js:4 ,447,3435, 18645
merged_libs_egret5.js:4 ,450,3420, 18700
merged_libs_egret5.js:4 ,453,3390, 18830
merged_libs_egret5.js:4 ,456,3310, 18910
merged_libs_egret5.js:4 ,459,3240, 18980
merged_libs_egret5.js:4 ,462,3200, 19050
merged_libs_egret5.js:4 ,465,3365, 19345
merged_libs_egret5.js:4 ,468,3395, 19475
merged_libs_egret5.js:4 ,471,3345, 19555
merged_libs_egret5.js:4 ,474,3285, 19655
merged_libs_egret5.js:4 ,477,3550, 20020
merged_libs_egret5.js:4 ,480,3485, 20115
merged_libs_egret5.js:4 ,483,3465, 20215
merged_libs_egret5.js:4 ,486,3385, 20295
merged_libs_egret5.js:4 ,489,3340, 20370
merged_libs_egret5.js:4 ,492,3305, 20485
merged_libs_egret5.js:4 ,495,3265, 20555
merged_libs_egret5.js:4 ,498,3210, 20650
merged_libs_egret5.js:4 ,501,3200, 20750
merged_libs_egret5.js:4 ,504,3575, 21275
merged_libs_egret5.js:4 ,507,3520, 21350
merged_libs_egret5.js:4 ,510,3455, 21435
merged_libs_egret5.js:4 ,513,3405, 21505
merged_libs_egret5.js:4 ,516,3400, 21620
merged_libs_egret5.js:4 ,519,3310, 21710
merged_libs_egret5.js:4 ,522,3240, 21780
merged_libs_egret5.js:4 ,525,3175, 21855
merged_libs_egret5.js:4 ,528,3115, 21925
merged_libs_egret5.js:4 ,531,3050, 21990
merged_libs_egret5.js:4 ,534,3435, 22515
merged_libs_egret5.js:4 ,537,3375, 22595
merged_libs_egret5.js:4 ,540,3295, 22675
merged_libs_egret5.js:4 ,543,3305, 22785
merged_libs_egret5.js:4 ,546,3235, 22855
merged_libs_egret5.js:4 ,549,3180, 22930
merged_libs_egret5.js:4 ,552,3395, 23155
merged_libs_egret5.js:4 ,555,3460, 23220
merged_libs_egret5.js:4 ,558,3460, 23220
merged_libs_egret5.js:4 ,561,3475, 23235
merged_libs_egret5.js:4 ,564,3475, 23235
merged_libs_egret5.js:4 ,567,3985, 23745
merged_libs_egret5.js:4 ,570,3990, 23760
merged_libs_egret5.js:4 ,573,4020, 23900
merged_libs_egret5.js:4 ,576,4020, 23990
merged_libs_egret5.js:4 ,579,3965, 24075
merged_libs_egret5.js:4 ,582,4010, 24260
merged_libs_egret5.js:4 ,585,4045, 24395
merged_libs_egret5.js:4 ,588,3990, 24480
merged_libs_egret5.js:4 ,591,3935, 24535
merged_libs_egret5.js:4 ,594,3840, 24630
merged_libs_egret5.js:4 ,597,3840, 24630
merged_libs_egret5.js:4 ,600,3835, 24635
merged_libs_egret5.js:4 ,603,3835, 24665
merged_libs_egret5.js:4 ,606,3740, 24760
merged_libs_egret5.js:4 ,609,3775, 24895
merged_libs_egret5.js:4 ,612,3725, 24975
merged_libs_egret5.js:4 ,615,3740, 25080
merged_libs_egret5.js:4 ,618,3755, 25185
merged_libs_egret5.js:4 ,621,3725, 25255
merged_libs_egret5.js:4 ,624,3695, 25355
merged_libs_egret5.js:4 ,627,3665, 25435
merged_libs_egret5.js:4 ,630,3705, 25525
merged_libs_egret5.js:4 ,633,3690, 25610
merged_libs_egret5.js:4 ,636,3645, 25715
merged_libs_egret5.js:4 ,639,3575, 25785
azwanp.trafficmanager.net/img/r20.gif?rnd=1-1-23917-0-0-37556-59221871-_CgJqMRAUGHUiBggBEO26ASjvzp4cMPCT5ekFOO-T5ekFQKi_rdECShAIBBDZARiGGyAAKOaRgKAEUABaCggAEAAYACAAKABgAWoTYnV0dG9uMS5oa2cuaHYucHJvZIIBEAgEENkBGIYbIAAo5JGAoASIAf3Gs5oHkAEAmAEA:1 GET https://azwanp.trafficmanager.net/img/r20.gif?rnd=1-1-23917-0-0-37556-59221871-_CgJqMRAUGHUiBggBEO26ASjvzp4cMPCT5ekFOO-T5ekFQKi_rdECShAIBBDZARiGGyAAKOaRgKAEUABaCggAEAAYACAAKABgAWoTYnV0dG9uMS5oa2cuaHYucHJvZIIBEAgEENkBGIYbIAAo5JGAoASIAf3Gs5oHkAEAmAEA net::ERR_CONNECTION_TIMED_OUT
Image (async)
Q.<computed> @ radar.js:88
(anonymous) @ radar.js:90
_.I @ radar.js:20
_.k.sa @ radar.js:90
e.o @ radar.js:22
fb @ radar.js:24
$a @ radar.js:24
_.k.Pa @ radar.js:81
Oa @ radar.js:19
Promise.then (async)
Ja @ radar.js:19
Na @ radar.js:18
ab @ radar.js:23
_.k.M @ radar.js:81
(anonymous) @ radar.js:20
_.k.D @ radar.js:91
Fc @ radar.js:50
Hc @ radar.js:50
(anonymous) @ radar.js:9
load (async)
Q.<computed> @ radar.js:88
(anonymous) @ radar.js:90
_.I @ radar.js:20
_.k.sa @ radar.js:90
e.o @ radar.js:22
fb @ radar.js:24
$a @ radar.js:24
_.k.Pa @ radar.js:81
Oa @ radar.js:19
Promise.then (async)
Ja @ radar.js:19
Na @ radar.js:18
ab @ radar.js:23
_.k.M @ radar.js:81
(anonymous) @ radar.js:20
_.k.D @ radar.js:91
Fc @ radar.js:50
Hc @ radar.js:50
(anonymous) @ radar.js:9
load (async)
Q.<computed> @ radar.js:88
(anonymous) @ radar.js:90
_.I @ radar.js:20
_.k.sa @ radar.js:90
e.o @ radar.js:22
fb @ radar.js:24
$a @ radar.js:24
_.k.Pa @ radar.js:81
Oa @ radar.js:19
Promise.then (async)
Ja @ radar.js:19
Na @ radar.js:18
ab @ radar.js:23
_.k.M @ radar.js:81
(anonymous) @ radar.js:20
_.k.D @ radar.js:91
ud @ radar.js:67
(anonymous) @ radar.js:9
Tc @ radar.js:57
_.k.dispatchEvent @ radar.js:83
qd @ radar.js:65
_.k.gb @ radar.js:87
_.k.Ba @ radar.js:87
XMLHttpRequest.send (async)
_.k.send @ radar.js:86
Q.<computed> @ radar.js:90
(anonymous) @ radar.js:90
_.I @ radar.js:20
_.k.sa @ radar.js:90
e.o @ radar.js:22
fb @ radar.js:24
$a @ radar.js:24
_.k.Pa @ radar.js:81
Oa @ radar.js:19
Promise.then (async)
Ja @ radar.js:19
Na @ radar.js:18
ab @ radar.js:23
_.k.M @ radar.js:81
(anonymous) @ radar.js:20
_.k.D @ radar.js:91
Fc @ radar.js:50
Hc @ radar.js:50
(anonymous) @ radar.js:9
load (async)
Q.<computed> @ radar.js:88
(anonymous) @ radar.js:90
_.I @ radar.js:20
_.k.sa @ radar.js:90
e.o @ radar.js:22
fb @ radar.js:24
$a @ radar.js:24
_.k.Pa @ radar.js:81
Oa @ radar.js:19
Promise.then (async)
Ja @ radar.js:19
Na @ radar.js:18
ab @ radar.js:23
_.k.M @ radar.js:81
(anonymous) @ radar.js:20
(anonymous) @ radar.js:43
e.onreadystatechange @ radar.js:41
XMLHttpRequest.send (async)
(anonymous) @ radar.js:41
_.I @ radar.js:20
_.kc @ radar.js:41
pc @ radar.js:43
Md.start @ radar.js:93
(anonymous) @ radar.js:95
setTimeout (async)
Md.A @ radar.js:95
(anonymous) @ radar.js:94
_.I @ radar.js:20
(anonymous) @ radar.js:94
(anonymous) @ radar.js:74
e.o @ radar.js:22
fb @ radar.js:24
$a @ radar.js:24
_.k.Pa @ radar.js:81
Oa @ radar.js:19
Promise.then (async)
Ja @ radar.js:19
Na @ radar.js:18
ab @ radar.js:23
_.k.M @ radar.js:81
(anonymous) @ radar.js:20
_.k.D @ radar.js:91
Fc @ radar.js:50
Hc @ radar.js:50
(anonymous) @ radar.js:9
load (async)
Q.<computed> @ radar.js:88
(anonymous) @ radar.js:90
_.I @ radar.js:20
_.k.sa @ radar.js:90
e.o @ radar.js:22
fb @ radar.js:24
$a @ radar.js:24
_.k.Pa @ radar.js:81
Oa @ radar.js:19
Promise.then (async)
Ja @ radar.js:19
Na @ radar.js:18
ab @ radar.js:23
_.k.M @ radar.js:81
(anonymous) @ radar.js:20
_.k.D @ radar.js:91
Fc @ radar.js:50
Hc @ radar.js:50
(anonymous) @ radar.js:9
load (async)
Q.<computed> @ radar.js:88
(anonymous) @ radar.js:90
_.I @ radar.js:20
_.k.sa @ radar.js:90
e.o @ radar.js:22
fb @ radar.js:24
$a @ radar.js:24
_.k.Pa @ radar.js:81
Oa @ radar.js:19
Promise.then (async)
Ja @ radar.js:19
Na @ radar.js:18
ab @ radar.js:23
_.k.M @ radar.js:81
(anonymous) @ radar.js:20
_.k.D @ radar.js:91
Fc @ radar.js:50
Hc @ radar.js:50
(anonymous) @ radar.js:9
load (async)
Q.<computed> @ radar.js:88
(anonymous) @ radar.js:90
_.I @ radar.js:20
_.k.sa @ radar.js:90
e.o @ radar.js:22
fb @ radar.js:24
$a @ radar.js:24
_.k.Pa @ radar.js:81
Oa @ radar.js:19
Promise.then (async)
Ja @ radar.js:19
Na @ radar.js:18
ab @ radar.js:23
_.k.M @ radar.js:81
(anonymous) @ radar.js:20
_.k.D @ radar.js:91
Fc @ radar.js:50
Hc @ radar.js:50
(anonymous) @ radar.js:9
load (async)
Q.<computed> @ radar.js:88
(anonymous) @ radar.js:90
_.I @ radar.js:20
_.k.sa @ radar.js:90
e.o @ radar.js:22
fb @ radar.js:24
$a @ radar.js:24
_.k.Pa @ radar.js:81
Oa @ radar.js:19
Promise.then (async)
Ja @ radar.js:19
Na @ radar.js:18
ab @ radar.js:23
_.k.M @ radar.js:81
(anonymous) @ radar.js:20
_.k.D @ radar.js:91
Fc @ radar.js:50
Hc @ radar.js:50
(anonymous) @ radar.js:9
load (async)
Q.<computed> @ radar.js:88
(anonymous) @ radar.js:90
_.I @ radar.js:20
_.k.sa @ radar.js:90
e.o @ radar.js:22
fb @ radar.js:24
$a @ radar.js:24
_.k.Pa @ radar.js:81
Oa @ radar.js:19
Promise.then (async)
Ja @ radar.js:19
Na @ radar.js:18
ab @ radar.js:23
_.k.M @ radar.js:81
(anonymous) @ radar.js:20
_.k.D @ radar.js:91
Fc @ radar.js:50
Hc @ radar.js:50
(anonymous) @ radar.js:9
load (async)
Q.<computed> @ radar.js:88
(anonymous) @ radar.js:90
_.I @ radar.js:20
_.k.sa @ radar.js:90
e.o @ radar.js:22
fb @ radar.js:24
$a @ radar.js:24
_.k.Pa @ radar.js:81
Oa @ radar.js:19
Promise.then (async)
Ja @ radar.js:19
Na @ radar.js:18
ab @ radar.js:23
_.k.M @ radar.js:81
(anonymous) @ radar.js:20
_.k.D @ radar.js:91
Fc @ radar.js:50
Hc @ radar.js:50
(anonymous) @ radar.js:9
load (async)
Q.<computed> @ radar.js:88
(anonymous) @ radar.js:90
_.I @ radar.js:20
_.k.sa @ radar.js:90
e.o @ radar.js:22
fb @ radar.js:24
$a @ radar.js:24
_.k.Pa @ radar.js:81
Oa @ radar.js:19
Promise.then (async)
Ja @ radar.js:19
Na @ radar.js:18
ab @ radar.js:23
_.k.M @ radar.js:81
(anonymous) @ radar.js:20
_.k.D @ radar.js:91
Fc @ radar.js:50
Hc @ radar.js:50
(anonymous) @ radar.js:9
load (async)
Q.<computed> @ radar.js:88
(anonymous) @ radar.js:90
_.I @ radar.js:20
_.k.sa @ radar.js:90
e.o @ radar.js:22
fb @ radar.js:24
$a @ radar.js:24
_.k.Pa @ radar.js:81
Oa @ radar.js:19
Promise.then (async)
Ja @ radar.js:19
Na @ radar.js:18
ab @ radar.js:23
_.k.M @ radar.js:81
(anonymous) @ radar.js:20
_.k.D @ radar.js:91
Fc @ radar.js:50
Hc @ radar.js:50
(anonymous) @ radar.js:9
load (async)
Q.<computed> @ radar.js:88
(anonymous) @ radar.js:90
_.I @ radar.js:20
_.k.sa @ radar.js:90
e.o @ radar.js:22
fb @ radar.js:24
$a @ radar.js:24
_.k.Pa @ radar.js:81
Oa @ radar.js:19
Promise.then (async)
Ja @ radar.js:19
Na @ radar.js:18
ab @ radar.js:23
_.k.M @ radar.js:81
(anonymous) @ radar.js:20
_.k.D @ radar.js:91
Fc @ radar.js:50
Hc @ radar.js:50
(anonymous) @ radar.js:9
load (async)
Q.<computed> @ radar.js:88
(anonymous) @ radar.js:90
_.I @ radar.js:20
_.k.sa @ radar.js:90
e.o @ radar.js:22
fb @ radar.js:24
$a @ radar.js:24
_.k.Pa @ radar.js:81
Oa @ radar.js:19
merged_libs_egret5.js:4 ,642,3555, 25845
merged_libs_egret5.js:4 ,645,3565, 25935
merged_libs_egret5.js:4 ,648,3760, 26250
merged_libs_egret5.js:4 ,651,3935, 26565
merged_libs_egret5.js:4 ,654,4060, 26820
merged_libs_egret5.js:4 ,657,3985, 26895
merged_libs_egret5.js:4 ,660,3915, 26965
merged_libs_egret5.js:4 ,663,3890, 27050
merged_libs_egret5.js:4 ,666,3830, 27120
merged_libs_egret5.js:4 ,669,3760, 27190
merged_libs_egret5.js:4 ,672,3705, 27295
merged_libs_egret5.js:4 ,675,3705, 27395
merged_libs_egret5.js:4 ,678,3620, 27490
merged_libs_egret5.js:4 ,681,3555, 27555
merged_libs_egret5.js:4 ,684,3480, 27630
merged_libs_egret5.js:4 ,687,3445, 27715
merged_libs_egret5.js:4 ,690,3385, 27815
merged_libs_egret5.js:4 ,693,3310, 27890
merged_libs_egret5.js:4 ,696,3250, 27970
merged_libs_egret5.js:4 ,699,3175, 28045
merged_libs_egret5.js:4 ,702,3135, 28115
merged_libs_egret5.js:4 ,705,3135, 28235
merged_libs_egret5.js:4 ,708,3595, 28815
merged_libs_egret5.js:4 ,711,3595, 28945
merged_libs_egret5.js:4 ,714,3530, 29010
merged_libs_egret5.js:4 ,717,3475, 29095
merged_libs_egret5.js:4 ,720,3435, 29195
merged_libs_egret5.js:4 ,723,3360, 29270
merged_libs_egret5.js:4 ,726,3615, 29645
merged_libs_egret5.js:4 ,729,3545, 29715
merged_libs_egret5.js:4 ,732,3675, 29975
merged_libs_egret5.js:4 ,735,3660, 30110
merged_libs_egret5.js:4 ,738,3635, 30185
merged_libs_egret5.js:4 ,741,3580, 30260
merged_libs_egret5.js:4 ,744,3505, 30335
merged_libs_egret5.js:4 ,747,3435, 30405
merged_libs_egret5.js:4 ,750,3895, 30975
merged_libs_egret5.js:4 ,753,3815, 31055
merged_libs_egret5.js:4 ,756,3760, 31140
merged_libs_egret5.js:4 ,759,3725, 31235
merged_libs_egret5.js:4 ,762,3740, 31360
merged_libs_egret5.js:4 ,765,3710, 31480
merged_libs_egret5.js:4 ,768,3655, 31535
merged_libs_egret5.js:4 ,771,3580, 31610
merged_libs_egret5.js:4 ,774,3505, 31685
merged_libs_egret5.js:4 ,777,3430, 31760
merged_libs_egret5.js:4 ,780,3355, 31835
merged_libs_egret5.js:4 ,783,3310, 31900
merged_libs_egret5.js:4 ,786,3340, 32060
merged_libs_egret5.js:4 ,789,3490, 32300
merged_libs_egret5.js:4 ,792,3435, 32375
merged_libs_egret5.js:4 ,795,3365, 32445
merged_libs_egret5.js:4 ,798,4830, 33970
merged_libs_egret5.js:4 ,801,4760, 34040
merged_libs_egret5.js:4 ,804,4685, 34115
merged_libs_egret5.js:4 ,807,4615, 34185
merged_libs_egret5.js:4 ,810,4540, 34260
merged_libs_egret5.js:4 ,813,4465, 34335
merged_libs_egret5.js:4 ,816,4405, 34405
merged_libs_egret5.js:4 ,819,4625, 34775
merged_libs_egret5.js:4 ,822,4595, 34805
merged_libs_egret5.js:4 ,825,4520, 34880
merged_libs_egret5.js:4 ,828,4445, 34955
merged_libs_egret5.js:4 ,831,4370, 35030
merged_libs_egret5.js:4 ,834,4295, 35105
merged_libs_egret5.js:4 ,837,4250, 35190
merged_libs_egret5.js:4 ,840,4265, 35215
merged_libs_egret5.js:4 ,843,4265, 35215
merged_libs_egret5.js:4 ,846,4465, 35415
merged_libs_egret5.js:4 ,849,4465, 35415
merged_libs_egret5.js:4 ,852,4465, 35415
merged_libs_egret5.js:4 ,855,4465, 35415
merged_libs_egret5.js:4 ,858,4485, 35435
merged_libs_egret5.js:4 ,861,4485, 35435
merged_libs_egret5.js:4 ,864,5835, 36785
merged_libs_egret5.js:4 ,867,5910, 36860
merged_libs_egret5.js:4 ,870,5860, 36910
merged_libs_egret5.js:4 ,873,5785, 36985
merged_libs_egret5.js:4 ,876,5710, 37060
merged_libs_egret5.js:4 ,879,5650, 37130
merged_libs_egret5.js:4 ,882,5575, 37205
merged_libs_egret5.js:4 ,885,5700, 37470
merged_libs_egret5.js:4 ,888,6295, 38175
merged_libs_egret5.js:4 ,891,6225, 38245
merged_libs_egret5.js:4 ,894,6150, 38320
merged_libs_egret5.js:4 ,897,6115, 38415
merged_libs_egret5.js:4 ,900,6040, 38490
merged_libs_egret5.js:4 ,903,5995, 38535
merged_libs_egret5.js:4 ,906,6000, 38550
merged_libs_egret5.js:4 ,909,6000, 38550
merged_libs_egret5.js:4 ,912,6000, 38550
merged_libs_egret5.js:4 ,915,6000, 38550
merged_libs_egret5.js:4 ,918,6000, 38550
merged_libs_egret5.js:4 ,921,6000, 38550
merged_libs_egret5.js:4 ,924,6000, 38550
merged_libs_egret5.js:4 ,927,6000, 38550
