www.google-analytics.com/analytics.js:1 Failed to load resource: the server responded with a status of 500 ()
6b3fa00747f9dd324ead.js:2 [vue-analytics] An error occured! Please check your connection, if you have any Google Analytics blocker installed in your browser or check your custom resource URL if you have added any.
(anonymous) @ 6b3fa00747f9dd324ead.js:2
www.sqntbw.com/games/7/7999/929a70b/gameConfig.test.js:1 Failed to load resource: the server responded with a status of 404 ()
30ebd9b5b6eccc956511.js:1 Event
main.min.js:1 DragonBones: 5.6.201 2018/01/05
Website: http://dragonbones.com/
Source and Demos: https://github.com/DragonBones/
radar.cedexis.com/1/23917/radar.js:1 Failed to load resource: the server responded with a status of 500 (Request Blocked)
merged_jdbbase.js:179 [INFO] SmartFox instance ready!
merged_libs_egret5.js:4 ,3,1999, 1
merged_libs_egret5.js:4 ,6,1993.5, 6.5
merged_libs_egret5.js:4 ,9,2028.5, 81.5
merged_libs_egret5.js:4 ,12,2473.5, 686.5
merged_libs_egret5.js:4 ,15,2453.5, 706.5
merged_libs_egret5.js:4 ,18,2448.5, 781.5
merged_libs_egret5.js:4 ,21,2423.5, 806.5
merged_libs_egret5.js:4 ,24,2458.5, 941.5
merged_libs_egret5.js:4 ,27,2468.5, 1031.5
merged_libs_egret5.js:4 ,30,2408.5, 1091.5
merged_libs_egret5.js:4 ,33,2408.5, 1231.5
merged_libs_egret5.js:4 ,36,2353.5, 1326.5
merged_libs_egret5.js:4 ,39,2278.5, 1401.5
merged_libs_egret5.js:4 ,42,2193.5, 1486.5
merged_libs_egret5.js:4 ,45,2118.5, 1561.5
merged_libs_egret5.js:4 ,48,2113.5, 1566.5
merged_libs_egret5.js:4 ,51,2113.5, 1566.5
merged_libs_egret5.js:4 ,54,2108.5, 1571.5
merged_libs_egret5.js:4 ,57,2113.5, 1596.5
merged_libs_egret5.js:4 ,60,2113.5, 1596.5
merged_libs_egret5.js:4 ,63,2113.5, 1596.5
merged_libs_egret5.js:4 ,66,2083.5, 1646.5
merged_libs_egret5.js:4 ,69,2083.5, 1696.5
merged_libs_egret5.js:4 ,72,2083.5, 1696.5
merged_libs_egret5.js:4 ,75,2083.5, 1696.5
merged_libs_egret5.js:4 ,78,2083.5, 1696.5
merged_libs_egret5.js:4 ,81,2083.5, 1696.5
merged_libs_egret5.js:4 ,84,2083.5, 1696.5
merged_libs_egret5.js:4 ,87,2083.5, 1696.5
merged_libs_egret5.js:4 ,90,2028.5, 1761.5
merged_libs_egret5.js:4 ,93,1953.5, 1836.5
merged_libs_egret5.js:4 ,96,1903.5, 1896.5
merged_libs_egret5.js:4 ,99,1868.5, 1931.5
merged_libs_egret5.js:4 ,102,1843.5, 1956.5
merged_libs_egret5.js:4 ,105,1788.5, 2011.5
merged_libs_egret5.js:4 ,108,1713.5, 2086.5
merged_libs_egret5.js:4 ,111,1638.5, 2161.5
merged_libs_egret5.js:4 ,114,1633.5, 2266.5
merged_libs_egret5.js:4 ,117,1733.5, 2436.5
merged_libs_egret5.js:4 ,120,1653.5, 2516.5
merged_libs_egret5.js:4 ,123,1593.5, 2586.5
merged_libs_egret5.js:4 ,126,1513.5, 2676.5
merged_libs_egret5.js:4 ,129,1438.5, 2751.5
merged_libs_egret5.js:4 ,132,1908.5, 3331.5
merged_libs_egret5.js:4 ,135,1863.5, 3426.5
merged_libs_egret5.js:4 ,138,1788.5, 3501.5
merged_libs_egret5.js:4 ,141,1733.5, 3586.5
merged_libs_egret5.js:4 ,144,1718.5, 3701.5
merged_libs_egret5.js:4 ,147,1648.5, 3771.5
merged_libs_egret5.js:4 ,150,1573.5, 3846.5
merged_libs_egret5.js:4 ,153,1498.5, 3921.5
merged_libs_egret5.js:4 ,156,1438.5, 4001.5
merged_libs_egret5.js:4 ,159,1388.5, 4091.5
merged_libs_egret5.js:4 ,162,1388.5, 4201.5
merged_libs_egret5.js:4 ,165,1328.5, 4271.5
merged_libs_egret5.js:4 ,168,1278.5, 4341.5
merged_libs_egret5.js:4 ,171,1253.5, 4446.5
merged_libs_egret5.js:4 ,174,1178.5, 4521.5
merged_libs_egret5.js:4 ,177,1108.5, 4591.5
merged_libs_egret5.js:4 ,180,1048.5, 4671.5
merged_libs_egret5.js:4 ,183,988.5, 4751.5
merged_libs_egret5.js:4 ,186,1123.5, 5006.5
merged_libs_egret5.js:4 ,189,1058.5, 5091.5
merged_libs_egret5.js:4 ,192,1003.5, 5166.5
merged_libs_egret5.js:4 ,195,938.5, 5261.5
merged_libs_egret5.js:4 ,198,958.5, 5281.5
merged_libs_egret5.js:4 ,201,1453.5, 5776.5
merged_libs_egret5.js:4 ,204,1828.5, 6151.5
merged_libs_egret5.js:4 ,207,1798.5, 6181.5
merged_libs_egret5.js:4 ,210,1733.5, 6246.5
merged_libs_egret5.js:4 ,213,1968.5, 6611.5
merged_libs_egret5.js:4 ,216,2018.5, 6771.5
merged_libs_egret5.js:4 ,219,2033.5, 6926.5
merged_libs_egret5.js:4 ,222,1988.5, 7011.5
merged_libs_egret5.js:4 ,225,1918.5, 7081.5
merged_libs_egret5.js:4 ,228,2148.5, 7431.5
merged_libs_egret5.js:4 ,231,2073.5, 7506.5
merged_libs_egret5.js:4 ,234,2013.5, 7596.5
merged_libs_egret5.js:4 ,237,1943.5, 7666.5
merged_libs_egret5.js:4 ,240,1878.5, 7731.5
merged_libs_egret5.js:4 ,243,1798.5, 7811.5
merged_libs_egret5.js:4 ,246,1743.5, 7906.5
merged_libs_egret5.js:4 ,249,1673.5, 7976.5
merged_libs_egret5.js:4 ,252,1658.5, 8091.5
merged_libs_egret5.js:4 ,255,1698.5, 8261.5
merged_libs_egret5.js:4 ,258,1883.5, 8576.5
merged_libs_egret5.js:4 ,261,1833.5, 8646.5
merged_libs_egret5.js:4 ,264,1838.5, 8681.5
merged_libs_egret5.js:4 ,267,1938.5, 8781.5
merged_libs_egret5.js:4 ,270,1968.5, 8811.5
merged_libs_egret5.js:4 ,273,1943.5, 8836.5
merged_libs_egret5.js:4 ,276,1868.5, 8911.5
merged_libs_egret5.js:4 ,279,1823.5, 9016.5
merged_libs_egret5.js:4 ,282,1808.5, 9121.5
merged_libs_egret5.js:4 ,285,1778.5, 9211.5
merged_libs_egret5.js:4 ,288,1723.5, 9306.5
merged_libs_egret5.js:4 ,291,1683.5, 9396.5
merged_libs_egret5.js:4 ,294,1618.5, 9471.5
merged_libs_egret5.js:4 ,297,1588.5, 9561.5
merged_libs_egret5.js:4 ,300,1518.5, 9641.5
merged_libs_egret5.js:4 ,303,1483.5, 9746.5
merged_libs_egret5.js:4 ,306,1468.5, 9851.5
merged_libs_egret5.js:4 ,309,1403.5, 9926.5
merged_libs_egret5.js:4 ,312,1333.5, 9996.5
merged_libs_egret5.js:4 ,315,1263.5, 10066.5
merged_libs_egret5.js:4 ,318,1243.5, 10186.5
merged_libs_egret5.js:4 ,321,1163.5, 10266.5
merged_libs_egret5.js:4 ,324,1118.5, 10341.5
merged_libs_egret5.js:4 ,327,1058.5, 10411.5
merged_libs_egret5.js:4 ,330,1053.5, 10536.5
merged_libs_egret5.js:4 ,333,998.5, 10611.5
merged_libs_egret5.js:4 ,336,973.5, 10706.5
merged_libs_egret5.js:4 ,339,938.5, 10791.5
merged_libs_egret5.js:4 ,342,953.5, 10936.5
merged_libs_egret5.js:4 ,345,1288.5, 11391.5
merged_libs_egret5.js:4 ,348,1258.5, 11421.5
merged_libs_egret5.js:4 ,351,1258.5, 11431.5
merged_libs_egret5.js:4 ,354,1248.5, 11441.5
merged_libs_egret5.js:4 ,357,1253.5, 11456.5
merged_libs_egret5.js:4 ,360,1228.5, 11481.5
merged_libs_egret5.js:4 ,363,1168.5, 11551.5
merged_libs_egret5.js:4 ,366,1138.5, 11621.5
merged_libs_egret5.js:4 ,369,1138.5, 11621.5
merged_libs_egret5.js:4 ,372,1138.5, 11621.5
merged_libs_egret5.js:4 ,375,1138.5, 11621.5
merged_libs_egret5.js:4 ,378,1138.5, 11621.5
merged_libs_egret5.js:4 ,381,1138.5, 11621.5
merged_libs_egret5.js:4 ,384,1138.5, 11621.5
merged_libs_egret5.js:4 ,387,1148.5, 11631.5
merged_libs_egret5.js:4 ,390,1083.5, 11716.5
merged_libs_egret5.js:4 ,393,1488.5, 12191.5
merged_libs_egret5.js:4 ,396,1443.5, 12236.5
merged_libs_egret5.js:4 ,399,1378.5, 12301.5
merged_libs_egret5.js:4 ,402,1643.5, 12716.5
merged_libs_egret5.js:4 ,405,1578.5, 12781.5
merged_libs_egret5.js:4 ,408,1538.5, 12881.5
merged_libs_egret5.js:4 ,411,1468.5, 12961.5
merged_libs_egret5.js:4 ,414,1403.5, 13026.5
merged_libs_egret5.js:4 ,417,1323.5, 13106.5
merged_libs_egret5.js:4 ,420,1258.5, 13171.5
merged_libs_egret5.js:4 ,423,1188.5, 13241.5
merged_libs_egret5.js:4 ,426,1103.5, 13336.5
merged_libs_egret5.js:4 ,429,1038.5, 13411.5
merged_libs_egret5.js:4 ,432,1278.5, 13781.5
merged_libs_egret5.js:4 ,435,1203.5, 13856.5
merged_libs_egret5.js:4 ,438,1158.5, 13931.5
merged_libs_egret5.js:4 ,441,1338.5, 14221.5
merged_libs_egret5.js:4 ,444,1278.5, 14301.5
merged_libs_egret5.js:4 ,447,1218.5, 14371.5
merged_libs_egret5.js:4 ,450,1218.5, 14501.5
merged_libs_egret5.js:4 ,453,1143.5, 14576.5
merged_libs_egret5.js:4 ,456,1133.5, 14696.5
merged_libs_egret5.js:4 ,459,1093.5, 14776.5
merged_libs_egret5.js:4 ,462,1028.5, 14851.5
merged_libs_egret5.js:4 ,465,1018.5, 14961.5
merged_libs_egret5.js:4 ,468,1013.5, 15106.5
merged_libs_egret5.js:4 ,471,938.5, 15181.5
merged_libs_egret5.js:4 ,474,963.5, 15346.5
merged_libs_egret5.js:4 ,477,903.5, 15426.5
merged_libs_egret5.js:4 ,480,953.5, 15606.5
merged_libs_egret5.js:4 ,483,913.5, 15706.5
merged_libs_egret5.js:4 ,486,873.5, 15796.5
merged_libs_egret5.js:4 ,489,793.5, 15876.5
merged_libs_egret5.js:4 ,492,718.5, 15951.5
merged_libs_egret5.js:4 ,495,678.5, 16021.5
merged_libs_egret5.js:4 ,498,598.5, 16101.5
merged_libs_egret5.js:4 ,501,548.5, 16171.5
merged_libs_egret5.js:4 ,504,553.5, 16316.5
merged_libs_egret5.js:4 ,507,478.5, 16391.5
merged_libs_egret5.js:4 ,510,413.5, 16456.5
merged_libs_egret5.js:4 ,513,338.5, 16541.5
merged_libs_egret5.js:4 ,516,263.5, 16616.5
merged_libs_egret5.js:4 ,519,208.5, 16691.5
merged_libs_egret5.js:4 ,522,238.5, 16851.5
merged_libs_egret5.js:4 ,525,263.5, 17016.5
merged_libs_egret5.js:4 ,528,198.5, 17081.5
merged_libs_egret5.js:4 ,531,133.5, 17176.5
merged_libs_egret5.js:4 ,534,143.5, 17306.5
merged_libs_egret5.js:4 ,537,63.5, 17386.5
merged_libs_egret5.js:4 ,540,3.5, 17466.5
merged_libs_egret5.js:4 ,543,3.5, 17466.5
merged_libs_egret5.js:4 ,546,3.5, 17466.5
merged_libs_egret5.js:4 ,549,3.5, 17466.5
merged_libs_egret5.js:4 ,552,3.5, 17466.5
merged_libs_egret5.js:4 ,555,3.5, 17466.5
merged_libs_egret5.js:4 ,558,3.5, 17466.5
merged_libs_egret5.js:4 ,561,3.5, 17466.5
merged_libs_egret5.js:4 ,564,3.5, 17466.5
merged_libs_egret5.js:4 ,567,3.5, 17466.5
merged_libs_egret5.js:4 ,570,3.5, 17466.5
merged_libs_egret5.js:4 ,573,3.5, 17466.5
merged_libs_egret5.js:4 ,576,3.5, 17466.5
merged_libs_egret5.js:4 ,579,3.5, 17466.5
merged_libs_egret5.js:4 ,582,3.5, 17466.5
merged_libs_egret5.js:4 ,585,3.5, 17466.5
