merged_libs_egret5.js:4 ,3,2000, 0
merged_libs_egret5.js:4 ,6,1995, 5
merged_libs_egret5.js:4 ,9,1960, 90
merged_libs_egret5.js:4 ,12,1895, 175
merged_libs_egret5.js:4 ,15,1915, 335
merged_libs_egret5.js:4 ,18,1925, 415
merged_libs_egret5.js:4 ,21,1875, 515
merged_libs_egret5.js:4 ,24,1800, 590
merged_libs_egret5.js:4 ,27,1730, 670
merged_libs_egret5.js:4 ,30,1790, 810
merged_libs_egret5.js:4 ,33,1950, 1120
merged_libs_egret5.js:4 ,36,1920, 1230
merged_libs_egret5.js:4 ,39,1845, 1305
merged_libs_egret5.js:4 ,42,1785, 1365
merged_libs_egret5.js:4 ,45,1710, 1440
merged_libs_egret5.js:4 ,48,1630, 1520
merged_libs_egret5.js:4 ,51,1560, 1590
merged_libs_egret5.js:4 ,54,1475, 1675
merged_libs_egret5.js:4 ,57,1450, 1760
merged_libs_egret5.js:4 ,60,1530, 1930
merged_libs_egret5.js:4 ,63,1535, 2075
merged_libs_egret5.js:4 ,66,1865, 2485
merged_libs_egret5.js:4 ,69,1855, 2495
merged_libs_egret5.js:4 ,72,1855, 2495
merged_libs_egret5.js:4 ,75,1855, 2495
merged_libs_egret5.js:4 ,78,1855, 2495
merged_libs_egret5.js:4 ,81,1855, 2495
merged_libs_egret5.js:4 ,84,1840, 2510
merged_libs_egret5.js:4 ,87,1805, 2605
merged_libs_egret5.js:4 ,90,1745, 2675
merged_libs_egret5.js:4 ,93,1675, 2745
merged_libs_egret5.js:4 ,96,2045, 3225
merged_libs_egret5.js:4 ,99,2060, 3320
merged_libs_egret5.js:4 ,102,2010, 3400
merged_libs_egret5.js:4 ,105,2005, 3465
merged_libs_egret5.js:4 ,108,2000, 3480
merged_libs_egret5.js:4 ,111,1940, 3540
merged_libs_egret5.js:4 ,114,2570, 4340
merged_libs_egret5.js:4 ,117,2490, 4420
merged_libs_egret5.js:4 ,120,2515, 4535
merged_libs_egret5.js:4 ,123,2485, 4605
merged_libs_egret5.js:4 ,126,2405, 4685
merged_libs_egret5.js:4 ,129,2380, 4810
merged_libs_egret5.js:4 ,132,2300, 4890
merged_libs_egret5.js:4 ,135,2280, 4980
merged_libs_egret5.js:4 ,138,2250, 5090
merged_libs_egret5.js:4 ,141,2180, 5160
merged_libs_egret5.js:4 ,144,2130, 5250
merged_libs_egret5.js:4 ,147,2075, 5325
merged_libs_egret5.js:4 ,150,1995, 5405
merged_libs_egret5.js:4 ,153,1965, 5475
merged_libs_egret5.js:4 ,156,1995, 5635
merged_libs_egret5.js:4 ,159,1945, 5705
merged_libs_egret5.js:4 ,162,2010, 5870
merged_libs_egret5.js:4 ,165,1955, 5935
merged_libs_egret5.js:4 ,168,1865, 6035
merged_libs_egret5.js:4 ,171,1790, 6110
merged_libs_egret5.js:4 ,174,1720, 6180
merged_libs_egret5.js:4 ,177,1710, 6280
merged_libs_egret5.js:4 ,180,1710, 6410
merged_libs_egret5.js:4 ,183,1665, 6475
merged_libs_egret5.js:4 ,186,1630, 6550
merged_libs_egret5.js:4 ,189,1565, 6625
merged_libs_egret5.js:4 ,192,1515, 6715
merged_libs_egret5.js:4 ,195,1475, 6815
merged_libs_egret5.js:4 ,198,1415, 6875
merged_libs_egret5.js:4 ,201,1325, 6965
merged_libs_egret5.js:4 ,204,1300, 7070
merged_libs_egret5.js:4 ,207,1285, 7185
merged_libs_egret5.js:4 ,210,1280, 7190
merged_libs_egret5.js:4 ,213,1280, 7190
merged_libs_egret5.js:4 ,216,1265, 7235
merged_libs_egret5.js:4 ,219,1265, 7275
merged_libs_egret5.js:4 ,222,1225, 7365
merged_libs_egret5.js:4 ,225,1220, 7460
merged_libs_egret5.js:4 ,228,1190, 7540
merged_libs_egret5.js:4 ,231,1165, 7625
merged_libs_egret5.js:4 ,234,1185, 7705
merged_libs_egret5.js:4 ,237,1155, 7785
merged_libs_egret5.js:4 ,240,1130, 7880
merged_libs_egret5.js:4 ,243,1120, 7990
merged_libs_egret5.js:4 ,246,1175, 8115
merged_libs_egret5.js:4 ,249,1110, 8190
merged_libs_egret5.js:4 ,252,1330, 8500
merged_libs_egret5.js:4 ,255,1370, 8680
merged_libs_egret5.js:4 ,258,1395, 8845
merged_libs_egret5.js:4 ,261,1430, 9000
merged_libs_egret5.js:4 ,264,1605, 9315
merged_libs_egret5.js:4 ,267,1530, 9390
merged_libs_egret5.js:4 ,270,1450, 9470
merged_libs_egret5.js:4 ,273,1370, 9550
merged_libs_egret5.js:4 ,276,1460, 9710
merged_libs_egret5.js:4 ,279,1425, 9825
merged_libs_egret5.js:4 ,282,1415, 9885
merged_libs_egret5.js:4 ,285,1330, 9970
merged_libs_egret5.js:4 ,288,1765, 10525
merged_libs_egret5.js:4 ,291,1680, 10610
merged_libs_egret5.js:4 ,294,1725, 10775
merged_libs_egret5.js:4 ,297,1660, 10850
merged_libs_egret5.js:4 ,300,1620, 10920
merged_libs_egret5.js:4 ,303,1575, 11005
merged_libs_egret5.js:4 ,306,1500, 11080
merged_libs_egret5.js:4 ,309,1435, 11145
merged_libs_egret5.js:4 ,312,1365, 11225
merged_libs_egret5.js:4 ,315,1340, 11330
merged_libs_egret5.js:4 ,318,1260, 11410
merged_libs_egret5.js:4 ,321,1200, 11480
merged_libs_egret5.js:4 ,324,1120, 11560
merged_libs_egret5.js:4 ,327,1305, 11865
merged_libs_egret5.js:4 ,330,1245, 11935
azwanp.trafficmanager.net/img/r20.gif?rnd=1-1-23917-0-0-37556-3215559716-_CgJqMRAUGHUiBggBEO26ASikmKb9CzCVseXpBTiUseXpBUC9uJewB0oQCAQQ2QEYhhsgACitqoCgBFAAWgoIABAAGAAgACgAYAFqE2J1dHRvbjIuaGtnLmh2LnByb2SCARAIBBDZARiGGyAAKOSRgKAEiAH9xrOaB5ABAJgBAA:1 GET https://azwanp.trafficmanager.net/img/r20.gif?rnd=1-1-23917-0-0-37556-3215559716-_CgJqMRAUGHUiBggBEO26ASikmKb9CzCVseXpBTiUseXpBUC9uJewB0oQCAQQ2QEYhhsgACitqoCgBFAAWgoIABAAGAAgACgAYAFqE2J1dHRvbjIuaGtnLmh2LnByb2SCARAIBBDZARiGGyAAKOSRgKAEiAH9xrOaB5ABAJgBAA net::ERR_CONNECTION_TIMED_OUT
Image (async)
Q.<computed> @ VM14 radar.js:88
(anonymous) @ VM14 radar.js:90
_.I @ VM14 radar.js:20
_.k.sa @ VM14 radar.js:90
e.o @ VM14 radar.js:22
fb @ VM14 radar.js:24
$a @ VM14 radar.js:24
_.k.Pa @ VM14 radar.js:81
Oa @ VM14 radar.js:19
Promise.then (async)
Ja @ VM14 radar.js:19
Na @ VM14 radar.js:18
ab @ VM14 radar.js:23
_.k.M @ VM14 radar.js:81
(anonymous) @ VM14 radar.js:20
_.k.D @ VM14 radar.js:91
Fc @ VM14 radar.js:50
Hc @ VM14 radar.js:50
(anonymous) @ VM14 radar.js:9
load (async)
Q.<computed> @ VM14 radar.js:88
(anonymous) @ VM14 radar.js:90
_.I @ VM14 radar.js:20
_.k.sa @ VM14 radar.js:90
e.o @ VM14 radar.js:22
fb @ VM14 radar.js:24
$a @ VM14 radar.js:24
_.k.Pa @ VM14 radar.js:81
Oa @ VM14 radar.js:19
Promise.then (async)
Ja @ VM14 radar.js:19
Na @ VM14 radar.js:18
ab @ VM14 radar.js:23
_.k.M @ VM14 radar.js:81
(anonymous) @ VM14 radar.js:20
_.k.D @ VM14 radar.js:91
Fc @ VM14 radar.js:50
Hc @ VM14 radar.js:50
(anonymous) @ VM14 radar.js:9
load (async)
Q.<computed> @ VM14 radar.js:88
(anonymous) @ VM14 radar.js:90
_.I @ VM14 radar.js:20
_.k.sa @ VM14 radar.js:90
e.o @ VM14 radar.js:22
fb @ VM14 radar.js:24
$a @ VM14 radar.js:24
_.k.Pa @ VM14 radar.js:81
Oa @ VM14 radar.js:19
Promise.then (async)
Ja @ VM14 radar.js:19
Na @ VM14 radar.js:18
ab @ VM14 radar.js:23
_.k.M @ VM14 radar.js:81
(anonymous) @ VM14 radar.js:20
_.k.D @ VM14 radar.js:91
Fc @ VM14 radar.js:50
Hc @ VM14 radar.js:50
(anonymous) @ VM14 radar.js:9
load (async)
Q.<computed> @ VM14 radar.js:88
(anonymous) @ VM14 radar.js:90
_.I @ VM14 radar.js:20
_.k.sa @ VM14 radar.js:90
e.o @ VM14 radar.js:22
fb @ VM14 radar.js:24
$a @ VM14 radar.js:24
_.k.Pa @ VM14 radar.js:81
Oa @ VM14 radar.js:19
Promise.then (async)
Ja @ VM14 radar.js:19
Na @ VM14 radar.js:18
ab @ VM14 radar.js:23
_.k.M @ VM14 radar.js:81
(anonymous) @ VM14 radar.js:20
_.k.D @ VM14 radar.js:91
Fc @ VM14 radar.js:50
Hc @ VM14 radar.js:50
(anonymous) @ VM14 radar.js:9
load (async)
Q.<computed> @ VM14 radar.js:88
(anonymous) @ VM14 radar.js:90
_.I @ VM14 radar.js:20
_.k.sa @ VM14 radar.js:90
e.o @ VM14 radar.js:22
fb @ VM14 radar.js:24
$a @ VM14 radar.js:24
_.k.Pa @ VM14 radar.js:81
Oa @ VM14 radar.js:19
Promise.then (async)
Ja @ VM14 radar.js:19
Na @ VM14 radar.js:18
ab @ VM14 radar.js:23
_.k.M @ VM14 radar.js:81
(anonymous) @ VM14 radar.js:20
_.k.D @ VM14 radar.js:91
Fc @ VM14 radar.js:50
Hc @ VM14 radar.js:50
(anonymous) @ VM14 radar.js:9
load (async)
Q.<computed> @ VM14 radar.js:88
(anonymous) @ VM14 radar.js:90
_.I @ VM14 radar.js:20
_.k.sa @ VM14 radar.js:90
e.o @ VM14 radar.js:22
fb @ VM14 radar.js:24
$a @ VM14 radar.js:24
_.k.Pa @ VM14 radar.js:81
Oa @ VM14 radar.js:19
Promise.then (async)
Ja @ VM14 radar.js:19
Na @ VM14 radar.js:18
ab @ VM14 radar.js:23
_.k.M @ VM14 radar.js:81
(anonymous) @ VM14 radar.js:20
_.k.D @ VM14 radar.js:91
(anonymous) @ VM14 radar.js:53
e @ VM14 radar.js:52
bc @ VM14 radar.js:37
Yb @ VM14 radar.js:38
Vb.b @ VM14 radar.js:34
merged_libs_egret5.js:4 ,333,1785, 12625
merged_libs_egret5.js:4 ,336,1800, 12770
merged_libs_egret5.js:4 ,339,1730, 12840
merged_libs_egret5.js:4 ,342,1665, 12905
merged_libs_egret5.js:4 ,345,1615, 13005
merged_libs_egret5.js:4 ,348,1550, 13070
merged_libs_egret5.js:4 ,351,1540, 13190
merged_libs_egret5.js:4 ,354,1465, 13265
merged_libs_egret5.js:4 ,357,1400, 13340
merged_libs_egret5.js:4 ,360,1340, 13420
merged_libs_egret5.js:4 ,363,1625, 13805
merged_libs_egret5.js:4 ,366,1775, 14075
merged_libs_egret5.js:4 ,369,1685, 14165
merged_libs_egret5.js:4 ,372,1995, 14585
merged_libs_egret5.js:4 ,375,1950, 14670
merged_libs_egret5.js:4 ,378,2370, 15180
merged_libs_egret5.js:4 ,381,2370, 15180
merged_libs_egret5.js:4 ,384,2370, 15180
merged_libs_egret5.js:4 ,387,2370, 15180
merged_libs_egret5.js:4 ,390,2370, 15180
merged_libs_egret5.js:4 ,393,2370, 15180
merged_libs_egret5.js:4 ,396,2370, 15180
merged_libs_egret5.js:4 ,399,2345, 15205
merged_libs_egret5.js:4 ,402,2270, 15280
merged_libs_egret5.js:4 ,405,2250, 15380
merged_libs_egret5.js:4 ,408,2480, 15730
merged_libs_egret5.js:4 ,411,2405, 15805
merged_libs_egret5.js:4 ,414,2355, 15875
merged_libs_egret5.js:4 ,417,2290, 15950
merged_libs_egret5.js:4 ,420,2235, 16025
merged_libs_egret5.js:4 ,423,2170, 16090
merged_libs_egret5.js:4 ,426,2085, 16175
merged_libs_egret5.js:4 ,429,2015, 16245
merged_libs_egret5.js:4 ,432,1935, 16325
merged_libs_egret5.js:4 ,435,1875, 16405
merged_libs_egret5.js:4 ,438,1830, 16460
merged_libs_egret5.js:4 ,441,1745, 16545
merged_libs_egret5.js:4 ,444,2075, 17005
merged_libs_egret5.js:4 ,447,2025, 17115
merged_libs_egret5.js:4 ,450,1970, 17170
merged_libs_egret5.js:4 ,453,1890, 17250
merged_libs_egret5.js:4 ,456,1805, 17335
merged_libs_egret5.js:4 ,459,1830, 17500
merged_libs_egret5.js:4 ,462,1770, 17560
merged_libs_egret5.js:4 ,465,2120, 18030
merged_libs_egret5.js:4 ,468,2115, 18095
merged_libs_egret5.js:4 ,471,2095, 18115
merged_libs_egret5.js:4 ,474,2000, 18210
merged_libs_egret5.js:4 ,477,1925, 18285
merged_libs_egret5.js:4 ,480,1910, 18390
merged_libs_egret5.js:4 ,483,1875, 18505
merged_libs_egret5.js:4 ,486,1800, 18580
merged_libs_egret5.js:4 ,489,1725, 18655
merged_libs_egret5.js:4 ,492,1675, 18715
merged_libs_egret5.js:4 ,495,1590, 18800
merged_libs_egret5.js:4 ,498,1625, 18955
merged_libs_egret5.js:4 ,501,1585, 19065
merged_libs_egret5.js:4 ,504,1505, 19145
merged_libs_egret5.js:4 ,507,1430, 19220
merged_libs_egret5.js:4 ,510,1390, 19300
merged_libs_egret5.js:4 ,513,1360, 19390
merged_libs_egret5.js:4 ,516,1370, 19490
merged_libs_egret5.js:4 ,519,1325, 19575
merged_libs_egret5.js:4 ,522,1255, 19655
merged_libs_egret5.js:4 ,525,1185, 19725
merged_libs_egret5.js:4 ,528,1125, 19815
merged_libs_egret5.js:4 ,531,1055, 19885
merged_libs_egret5.js:4 ,534,1060, 19960
merged_libs_egret5.js:4 ,537,980, 20040
merged_libs_egret5.js:4 ,540,940, 20110
merged_libs_egret5.js:4 ,543,885, 20185
merged_libs_egret5.js:4 ,546,820, 20270
merged_libs_egret5.js:4 ,549,1140, 20740
merged_libs_egret5.js:4 ,552,1100, 20790
merged_libs_egret5.js:4 ,555,1010, 20880
merged_libs_egret5.js:4 ,558,1035, 21045
merged_libs_egret5.js:4 ,561,965, 21115
merged_libs_egret5.js:4 ,564,885, 21195
merged_libs_egret5.js:4 ,567,875, 21245
merged_libs_egret5.js:4 ,570,875, 21245
merged_libs_egret5.js:4 ,573,865, 21305
merged_libs_egret5.js:4 ,576,850, 21370
merged_libs_egret5.js:4 ,579,880, 21430
merged_libs_egret5.js:4 ,582,815, 21525
merged_libs_egret5.js:4 ,585,750, 21600
merged_libs_egret5.js:4 ,588,750, 21630
merged_libs_egret5.js:4 ,591,750, 21680
merged_libs_egret5.js:4 ,594,770, 21740
merged_libs_egret5.js:4 ,597,775, 21795
merged_libs_egret5.js:4 ,600,770, 21860
merged_libs_egret5.js:4 ,603,695, 21955
merged_libs_egret5.js:4 ,606,635, 22015
merged_libs_egret5.js:4 ,609,545, 22105
merged_libs_egret5.js:4 ,612,475, 22175
merged_libs_egret5.js:4 ,615,505, 22335
merged_libs_egret5.js:4 ,618,470, 22420
merged_libs_egret5.js:4 ,621,715, 22775
merged_libs_egret5.js:4 ,624,725, 22835
merged_libs_egret5.js:4 ,627,720, 22850
merged_libs_egret5.js:4 ,630,690, 22900
merged_libs_egret5.js:4 ,633,1490, 23890
merged_libs_egret5.js:4 ,636,1485, 23895
merged_libs_egret5.js:4 ,639,1485, 23895
merged_libs_egret5.js:4 ,642,1485, 23895
azwanp.trafficmanager.net/img/r20.gif?rnd=1-1-23917-0-0-37556-3828675504-_CgJqMRAUGHUiBggBEO26ASiw59OhDjDTs-XpBTjTs-XpBUC9uJeQDEoQCAQQ2QEYhhsgACitqoCgBFAAWgoIABAAGAAgACgAYAFqE2J1dHRvbjIuaGtnLmh2LnByb2SCARAIBBDZARiGGyAAKOSRgKAEiAH9xrOaB5ABAJgBAA:1 GET https://azwanp.trafficmanager.net/img/r20.gif?rnd=1-1-23917-0-0-37556-3828675504-_CgJqMRAUGHUiBggBEO26ASiw59OhDjDTs-XpBTjTs-XpBUC9uJeQDEoQCAQQ2QEYhhsgACitqoCgBFAAWgoIABAAGAAgACgAYAFqE2J1dHRvbjIuaGtnLmh2LnByb2SCARAIBBDZARiGGyAAKOSRgKAEiAH9xrOaB5ABAJgBAA net::ERR_CONNECTION_TIMED_OUT
Image (async)
Q.<computed> @ VM14 radar.js:88
(anonymous) @ VM14 radar.js:90
_.I @ VM14 radar.js:20
_.k.sa @ VM14 radar.js:90
e.o @ VM14 radar.js:22
fb @ VM14 radar.js:24
$a @ VM14 radar.js:24
_.k.Pa @ VM14 radar.js:81
Oa @ VM14 radar.js:19
Promise.then (async)
Ja @ VM14 radar.js:19
Na @ VM14 radar.js:18
ab @ VM14 radar.js:23
_.k.M @ VM14 radar.js:81
(anonymous) @ VM14 radar.js:20
_.k.D @ VM14 radar.js:91
Fc @ VM14 radar.js:50
Hc @ VM14 radar.js:50
(anonymous) @ VM14 radar.js:9
load (async)
Q.<computed> @ VM14 radar.js:88
(anonymous) @ VM14 radar.js:90
_.I @ VM14 radar.js:20
_.k.sa @ VM14 radar.js:90
e.o @ VM14 radar.js:22
fb @ VM14 radar.js:24
$a @ VM14 radar.js:24
_.k.Pa @ VM14 radar.js:81
Oa @ VM14 radar.js:19
Promise.then (async)
Ja @ VM14 radar.js:19
Na @ VM14 radar.js:18
ab @ VM14 radar.js:23
_.k.M @ VM14 radar.js:81
(anonymous) @ VM14 radar.js:20
_.k.D @ VM14 radar.js:91
Fc @ VM14 radar.js:50
Hc @ VM14 radar.js:50
(anonymous) @ VM14 radar.js:9
load (async)
Q.<computed> @ VM14 radar.js:88
(anonymous) @ VM14 radar.js:90
_.I @ VM14 radar.js:20
_.k.sa @ VM14 radar.js:90
e.o @ VM14 radar.js:22
fb @ VM14 radar.js:24
$a @ VM14 radar.js:24
_.k.Pa @ VM14 radar.js:81
Oa @ VM14 radar.js:19
Promise.then (async)
Ja @ VM14 radar.js:19
Na @ VM14 radar.js:18
ab @ VM14 radar.js:23
_.k.M @ VM14 radar.js:81
(anonymous) @ VM14 radar.js:20
_.k.D @ VM14 radar.js:91
Fc @ VM14 radar.js:50
Hc @ VM14 radar.js:50
(anonymous) @ VM14 radar.js:9
load (async)
Q.<computed> @ VM14 radar.js:88
(anonymous) @ VM14 radar.js:90
_.I @ VM14 radar.js:20
_.k.sa @ VM14 radar.js:90
e.o @ VM14 radar.js:22
fb @ VM14 radar.js:24
$a @ VM14 radar.js:24
_.k.Pa @ VM14 radar.js:81
Oa @ VM14 radar.js:19
Promise.then (async)
Ja @ VM14 radar.js:19
Na @ VM14 radar.js:18
ab @ VM14 radar.js:23
_.k.M @ VM14 radar.js:81
(anonymous) @ VM14 radar.js:20
_.k.D @ VM14 radar.js:91
ud @ VM14 radar.js:67
(anonymous) @ VM14 radar.js:9
Tc @ VM14 radar.js:57
_.k.dispatchEvent @ VM14 radar.js:83
qd @ VM14 radar.js:65
_.k.gb @ VM14 radar.js:87
_.k.Ba @ VM14 radar.js:87
XMLHttpRequest.send (async)
_.k.send @ VM14 radar.js:86
Q.<computed> @ VM14 radar.js:90
(anonymous) @ VM14 radar.js:90
_.I @ VM14 radar.js:20
_.k.sa @ VM14 radar.js:90
e.o @ VM14 radar.js:22
fb @ VM14 radar.js:24
$a @ VM14 radar.js:24
_.k.Pa @ VM14 radar.js:81
Oa @ VM14 radar.js:19
Promise.then (async)
Ja @ VM14 radar.js:19
Na @ VM14 radar.js:18
ab @ VM14 radar.js:23
_.k.M @ VM14 radar.js:81
(anonymous) @ VM14 radar.js:20
_.k.D @ VM14 radar.js:91
Fc @ VM14 radar.js:50
Hc @ VM14 radar.js:50
(anonymous) @ VM14 radar.js:9
load (async)
Q.<computed> @ VM14 radar.js:88
(anonymous) @ VM14 radar.js:90
_.I @ VM14 radar.js:20
_.k.sa @ VM14 radar.js:90
e.o @ VM14 radar.js:22
fb @ VM14 radar.js:24
$a @ VM14 radar.js:24
_.k.Pa @ VM14 radar.js:81
Oa @ VM14 radar.js:19
Promise.then (async)
Ja @ VM14 radar.js:19
Na @ VM14 radar.js:18
ab @ VM14 radar.js:23
_.k.M @ VM14 radar.js:81
(anonymous) @ VM14 radar.js:20
_.k.D @ VM14 radar.js:91
Fc @ VM14 radar.js:50
Hc @ VM14 radar.js:50
(anonymous) @ VM14 radar.js:9
load (async)
Q.<computed> @ VM14 radar.js:88
(anonymous) @ VM14 radar.js:90
_.I @ VM14 radar.js:20
_.k.sa @ VM14 radar.js:90
e.o @ VM14 radar.js:22
fb @ VM14 radar.js:24
$a @ VM14 radar.js:24
_.k.Pa @ VM14 radar.js:81
Oa @ VM14 radar.js:19
Promise.then (async)
Ja @ VM14 radar.js:19
Na @ VM14 radar.js:18
ab @ VM14 radar.js:23
_.k.M @ VM14 radar.js:81
(anonymous) @ VM14 radar.js:20
_.k.D @ VM14 radar.js:91
Fc @ VM14 radar.js:50
Hc @ VM14 radar.js:50
(anonymous) @ VM14 radar.js:9
load (async)
Q.<computed> @ VM14 radar.js:88
(anonymous) @ VM14 radar.js:90
_.I @ VM14 radar.js:20
_.k.sa @ VM14 radar.js:90
e.o @ VM14 radar.js:22
fb @ VM14 radar.js:24
$a @ VM14 radar.js:24
_.k.Pa @ VM14 radar.js:81
Oa @ VM14 radar.js:19
Promise.then (async)
Ja @ VM14 radar.js:19
Na @ VM14 radar.js:18
ab @ VM14 radar.js:23
_.k.M @ VM14 radar.js:81
(anonymous) @ VM14 radar.js:20
_.k.D @ VM14 radar.js:91
Fc @ VM14 radar.js:50
Hc @ VM14 radar.js:50
(anonymous) @ VM14 radar.js:9
load (async)
Q.<computed> @ VM14 radar.js:88
(anonymous) @ VM14 radar.js:90
_.I @ VM14 radar.js:20
_.k.sa @ VM14 radar.js:90
e.o @ VM14 radar.js:22
fb @ VM14 radar.js:24
$a @ VM14 radar.js:24
_.k.Pa @ VM14 radar.js:81
Oa @ VM14 radar.js:19
Promise.then (async)
Ja @ VM14 radar.js:19
Na @ VM14 radar.js:18
ab @ VM14 radar.js:23
_.k.M @ VM14 radar.js:81
(anonymous) @ VM14 radar.js:20
_.k.D @ VM14 radar.js:91
Fc @ VM14 radar.js:50
Hc @ VM14 radar.js:50
(anonymous) @ VM14 radar.js:9
load (async)
Q.<computed> @ VM14 radar.js:88
(anonymous) @ VM14 radar.js:90
_.I @ VM14 radar.js:20
_.k.sa @ VM14 radar.js:90
e.o @ VM14 radar.js:22
fb @ VM14 radar.js:24
$a @ VM14 radar.js:24
_.k.Pa @ VM14 radar.js:81
Oa @ VM14 radar.js:19
Promise.then (async)
Ja @ VM14 radar.js:19
Na @ VM14 radar.js:18
ab @ VM14 radar.js:23
_.k.M @ VM14 radar.js:81
(anonymous) @ VM14 radar.js:20
_.k.D @ VM14 radar.js:91
Fc @ VM14 radar.js:50
Hc @ VM14 radar.js:50
(anonymous) @ VM14 radar.js:9
load (async)
Q.<computed> @ VM14 radar.js:88
(anonymous) @ VM14 radar.js:90
_.I @ VM14 radar.js:20
_.k.sa @ VM14 radar.js:90
e.o @ VM14 radar.js:22
fb @ VM14 radar.js:24
$a @ VM14 radar.js:24
_.k.Pa @ VM14 radar.js:81
Oa @ VM14 radar.js:19
Promise.then (async)
Ja @ VM14 radar.js:19
Na @ VM14 radar.js:18
ab @ VM14 radar.js:23
_.k.M @ VM14 radar.js:81
(anonymous) @ VM14 radar.js:20
_.k.D @ VM14 radar.js:91
ud @ VM14 radar.js:67
(anonymous) @ VM14 radar.js:9
Tc @ VM14 radar.js:57
_.k.dispatchEvent @ VM14 radar.js:83
qd @ VM14 radar.js:65
_.k.gb @ VM14 radar.js:87
_.k.Ba @ VM14 radar.js:87
XMLHttpRequest.send (async)
_.k.send @ VM14 radar.js:86
Q.<computed> @ VM14 radar.js:90
(anonymous) @ VM14 radar.js:90
_.I @ VM14 radar.js:20
_.k.sa @ VM14 radar.js:90
e.o @ VM14 radar.js:22
fb @ VM14 radar.js:24
$a @ VM14 radar.js:24
_.k.Pa @ VM14 radar.js:81
Oa @ VM14 radar.js:19
Promise.then (async)
Ja @ VM14 radar.js:19
Na @ VM14 radar.js:18
ab @ VM14 radar.js:23
_.k.M @ VM14 radar.js:81
(anonymous) @ VM14 radar.js:20
_.k.D @ VM14 radar.js:91
Fc @ VM14 radar.js:50
Hc @ VM14 radar.js:50
(anonymous) @ VM14 radar.js:9
load (async)
Q.<computed> @ VM14 radar.js:88
(anonymous) @ VM14 radar.js:90
_.I @ VM14 radar.js:20
_.k.sa @ VM14 radar.js:90
e.o @ VM14 radar.js:22
fb @ VM14 radar.js:24
$a @ VM14 radar.js:24
_.k.Pa @ VM14 radar.js:81
Oa @ VM14 radar.js:19
Promise.then (async)
Ja @ VM14 radar.js:19
Na @ VM14 radar.js:18
ab @ VM14 radar.js:23
_.k.M @ VM14 radar.js:81
(anonymous) @ VM14 radar.js:20
_.k.D @ VM14 radar.js:91
Fc @ VM14 radar.js:50
Hc @ VM14 radar.js:50
(anonymous) @ VM14 radar.js:9
load (async)
Q.<computed> @ VM14 radar.js:88
(anonymous) @ VM14 radar.js:90
_.I @ VM14 radar.js:20
_.k.sa @ VM14 radar.js:90
e.o @ VM14 radar.js:22
fb @ VM14 radar.js:24
$a @ VM14 radar.js:24
_.k.Pa @ VM14 radar.js:81
Oa @ VM14 radar.js:19
Promise.then (async)
Ja @ VM14 radar.js:19
Na @ VM14 radar.js:18
ab @ VM14 radar.js:23
_.k.M @ VM14 radar.js:81
(anonymous) @ VM14 radar.js:20
_.k.D @ VM14 radar.js:91
Fc @ VM14 radar.js:50
Hc @ VM14 radar.js:50
(anonymous) @ VM14 radar.js:9
load (async)
Q.<computed> @ VM14 radar.js:88
(anonymous) @ VM14 radar.js:90
_.I @ VM14 radar.js:20
_.k.sa @ VM14 radar.js:90
e.o @ VM14 radar.js:22
fb @ VM14 radar.js:24
$a @ VM14 radar.js:24
_.k.Pa @ VM14 radar.js:81
Oa @ VM14 radar.js:19
Promise.then (async)
Ja @ VM14 radar.js:19
Na @ VM14 radar.js:18
ab @ VM14 radar.js:23
_.k.M @ VM14 radar.js:81
(anonymous) @ VM14 radar.js:20
_.k.D @ VM14 radar.js:91
Fc @ VM14 radar.js:50
Hc @ VM14 radar.js:50
(anonymous) @ VM14 radar.js:9
load (async)
Q.<computed> @ VM14 radar.js:88
(anonymous) @ VM14 radar.js:90
_.I @ VM14 radar.js:20
_.k.sa @ VM14 radar.js:90
e.o @ VM14 radar.js:22
fb @ VM14 radar.js:24
$a @ VM14 radar.js:24
_.k.Pa @ VM14 radar.js:81
Oa @ VM14 radar.js:19
Promise.then (async)
Ja @ VM14 radar.js:19
Na @ VM14 radar.js:18
ab @ VM14 radar.js:23
_.k.M @ VM14 radar.js:81
(anonymous) @ VM14 radar.js:20
_.k.D @ VM14 radar.js:91
Fc @ VM14 radar.js:50
Hc @ VM14 radar.js:50
(anonymous) @ VM14 radar.js:9
merged_libs_egret5.js:4 ,645,1485, 23895
merged_libs_egret5.js:4 ,648,1485, 23895
merged_libs_egret5.js:4 ,651,1485, 23895
merged_libs_egret5.js:4 ,654,1470, 23910
merged_libs_egret5.js:4 ,657,1910, 24470
merged_libs_egret5.js:4 ,660,1865, 24545
merged_libs_egret5.js:4 ,663,1895, 24675
merged_libs_egret5.js:4 ,666,1815, 24755
merged_libs_egret5.js:4 ,669,1745, 24825
merged_libs_egret5.js:4 ,672,1670, 24900
merged_libs_egret5.js:4 ,675,1595, 24975
merged_libs_egret5.js:4 ,678,1520, 25050
merged_libs_egret5.js:4 ,681,1450, 25120
merged_libs_egret5.js:4 ,684,1410, 25190
merged_libs_egret5.js:4 ,687,1340, 25260
merged_libs_egret5.js:4 ,690,1265, 25335
merged_libs_egret5.js:4 ,693,1185, 25415
merged_libs_egret5.js:4 ,696,1145, 25475
merged_libs_egret5.js:4 ,699,1075, 25555
merged_libs_egret5.js:4 ,702,1025, 25615
merged_libs_egret5.js:4 ,705,975, 25705
merged_libs_egret5.js:4 ,708,895, 25795
merged_libs_egret5.js:4 ,711,1075, 26085
merged_libs_egret5.js:4 ,714,1005, 26155
merged_libs_egret5.js:4 ,717,925, 26235
merged_libs_egret5.js:4 ,720,870, 26290
merged_libs_egret5.js:4 ,723,1325, 26875
merged_libs_egret5.js:4 ,726,1250, 26950
merged_libs_egret5.js:4 ,729,2675, 28495
merged_libs_egret5.js:4 ,732,2600, 28570
merged_libs_egret5.js:4 ,735,2525, 28645
merged_libs_egret5.js:4 ,738,2905, 29155
merged_libs_egret5.js:4 ,741,2830, 29230
merged_libs_egret5.js:4 ,744,2755, 29305
merged_libs_egret5.js:4 ,747,2680, 29380
merged_libs_egret5.js:4 ,750,2655, 29405
merged_libs_egret5.js:4 ,753,2655, 29405
merged_libs_egret5.js:4 ,756,2655, 29405
merged_libs_egret5.js:4 ,759,2590, 29470
merged_libs_egret5.js:4 ,762,2565, 29575
merged_libs_egret5.js:4 ,765,2495, 29645
merged_libs_egret5.js:4 ,768,2455, 29735
merged_libs_egret5.js:4 ,771,2415, 29815
merged_libs_egret5.js:4 ,774,2345, 29885
merged_libs_egret5.js:4 ,777,2335, 29975
merged_libs_egret5.js:4 ,780,2290, 30110
merged_libs_egret5.js:4 ,783,2235, 30185
merged_libs_egret5.js:4 ,786,2170, 30250
merged_libs_egret5.js:4 ,789,2115, 30325
merged_libs_egret5.js:4 ,792,2115, 30455
merged_libs_egret5.js:4 ,795,2045, 30525
merged_libs_egret5.js:4 ,798,1970, 30600
merged_libs_egret5.js:4 ,801,1905, 30675
merged_libs_egret5.js:4 ,804,1865, 30755
merged_libs_egret5.js:4 ,807,2245, 31235
merged_libs_egret5.js:4 ,810,2175, 31305
merged_libs_egret5.js:4 ,813,2165, 31355
merged_libs_egret5.js:4 ,816,2165, 31355
merged_libs_egret5.js:4 ,819,2165, 31355
merged_libs_egret5.js:4 ,822,2165, 31355
merged_libs_egret5.js:4 ,825,2165, 31355
merged_libs_egret5.js:4 ,828,2165, 31355
merged_libs_egret5.js:4 ,831,2165, 31355
merged_libs_egret5.js:4 ,834,2165, 31355
merged_libs_egret5.js:4 ,837,3290, 32480
merged_libs_egret5.js:4 ,840,4640, 33830
merged_libs_egret5.js:4 ,843,4640, 33830
merged_libs_egret5.js:4 ,846,4640, 33830
merged_libs_egret5.js:4 ,849,4605, 33865
merged_libs_egret5.js:4 ,852,4590, 33980
merged_libs_egret5.js:4 ,855,4530, 34040
merged_libs_egret5.js:4 ,858,4755, 34405
merged_libs_egret5.js:4 ,861,4685, 34475
merged_libs_egret5.js:4 ,864,4645, 34535
merged_libs_egret5.js:4 ,867,4560, 34620
merged_libs_egret5.js:4 ,870,4505, 34705
merged_libs_egret5.js:4 ,873,4440, 34770
merged_libs_egret5.js:4 ,876,4420, 34850
merged_libs_egret5.js:4 ,879,4335, 34935
merged_libs_egret5.js:4 ,882,4300, 35010
merged_libs_egret5.js:4 ,885,4300, 35010
merged_libs_egret5.js:4 ,888,4300, 35010
merged_libs_egret5.js:4 ,891,4300, 35010
merged_libs_egret5.js:4 ,894,4300, 35010
merged_libs_egret5.js:4 ,897,4300, 35010
merged_libs_egret5.js:4 ,900,4300, 35010
merged_libs_egret5.js:4 ,903,4300, 35010
merged_libs_egret5.js:4 ,906,4300, 35010
merged_libs_egret5.js:4 ,909,4300, 35010
merged_libs_egret5.js:4 ,912,4300, 35010
merged_libs_egret5.js:4 ,915,4300, 35010
merged_libs_egret5.js:4 ,918,4300, 35010
merged_libs_egret5.js:4 ,921,4300, 35010
merged_libs_egret5.js:4 ,924,4300, 35010
merged_libs_egret5.js:4 ,927,4300, 35010
merged_libs_egret5.js:4 ,930,4300, 35010
merged_libs_egret5.js:4 ,933,4300, 35010
merged_libs_egret5.js:4 ,936,4300, 35010
merged_libs_egret5.js:4 ,939,4380, 35090
merged_libs_egret5.js:4 ,942,4440, 35150
merged_libs_egret5.js:4 ,945,4555, 35265
merged_libs_egret5.js:4 ,948,4580, 35290
merged_libs_egret5.js:4 ,951,4630, 35340
merged_libs_egret5.js:4 ,954,4630, 35340
merged_libs_egret5.js:4 ,957,4630, 35340
merged_libs_egret5.js:4 ,960,4700, 35410
merged_libs_egret5.js:4 ,963,4700, 35410
merged_libs_egret5.js:4 ,966,4770, 35480
merged_libs_egret5.js:4 ,969,4970, 35680
merged_libs_egret5.js:4 ,972,5170, 35880
merged_libs_egret5.js:4 ,975,5170, 35880
merged_libs_egret5.js:4 ,978,5970, 36680
merged_libs_egret5.js:4 ,981,6105, 36935
merged_libs_egret5.js:4 ,984,6250, 37180
merged_libs_egret5.js:4 ,987,6250, 37180
merged_libs_egret5.js:4 ,990,6250, 37180
merged_libs_egret5.js:4 ,993,6250, 37180
