www.google-analytics.com/analytics.js:1 Failed to load resource: the server responded with a status of 500 ()
6b3fa00747f9dd324ead.js:2 [vue-analytics] An error occured! Please check your connection, if you have any Google Analytics blocker installed in your browser or check your custom resource URL if you have added any.
(anonymous) @ 6b3fa00747f9dd324ead.js:2
www.sqntbw.com/games/7/7999/9411c88/gameConfig.test.js:1 Failed to load resource: the server responded with a status of 404 ()
30ebd9b5b6eccc956511.js:1 Event
main.min.js:1 DragonBones: 5.6.201 2018/01/05
Website: http://dragonbones.com/
Source and Demos: https://github.com/DragonBones/
radar.cedexis.com/1/23917/radar.js:1 Failed to load resource: the server responded with a status of 500 (Request Blocked)
merged_jdbbase.js:179 [INFO] SmartFox instance ready!
merged_libs_egret5.js:4 ,3,2000, 0
merged_libs_egret5.js:4 ,6,2000, 0
merged_libs_egret5.js:4 ,9,1990, 30
merged_libs_egret5.js:4 ,12,1920, 160
merged_libs_egret5.js:4 ,15,1790, 310
merged_libs_egret5.js:4 ,18,1640, 460
merged_libs_egret5.js:4 ,21,1610, 610
merged_libs_egret5.js:4 ,24,2460, 1740
merged_libs_egret5.js:4 ,27,2410, 1950
merged_libs_egret5.js:4 ,30,3330, 3130
merged_libs_egret5.js:4 ,33,3440, 3300
merged_libs_egret5.js:4 ,36,3440, 3300
merged_libs_egret5.js:4 ,39,3440, 3300
merged_libs_egret5.js:4 ,42,3440, 3300
merged_libs_egret5.js:4 ,45,3440, 3300
merged_libs_egret5.js:4 ,48,3440, 3300
merged_libs_egret5.js:4 ,51,3440, 3300
merged_libs_egret5.js:4 ,54,3440, 3300
merged_libs_egret5.js:4 ,57,3440, 3300
merged_libs_egret5.js:4 ,60,3450, 3370
merged_libs_egret5.js:4 ,63,3360, 3560
merged_libs_egret5.js:4 ,66,3270, 3730
merged_libs_egret5.js:4 ,69,3130, 3870
merged_libs_egret5.js:4 ,72,3120, 4100
merged_libs_egret5.js:4 ,75,3420, 4620
merged_libs_egret5.js:4 ,78,3330, 4730
merged_libs_egret5.js:4 ,81,3300, 4960
merged_libs_egret5.js:4 ,84,3240, 5060
merged_libs_egret5.js:4 ,87,3280, 5340
merged_libs_egret5.js:4 ,90,3240, 5520
merged_libs_egret5.js:4 ,93,4240, 6600
merged_libs_egret5.js:4 ,96,4240, 6600
merged_libs_egret5.js:4 ,99,4240, 6600
merged_libs_egret5.js:4 ,102,4240, 6600
merged_libs_egret5.js:4 ,105,4240, 6600
merged_libs_egret5.js:4 ,108,4240, 6600
merged_libs_egret5.js:4 ,111,4240, 6600
