www.google-analytics.com/analytics.js:1 Failed to load resource: the server responded with a status of 500 ()
6b3fa00747f9dd324ead.js:2 [vue-analytics] An error occured! Please check your connection, if you have any Google Analytics blocker installed in your browser or check your custom resource URL if you have added any.
(anonymous) @ 6b3fa00747f9dd324ead.js:2
www.sqntbw.com/games/7/7999/d145a21/gameConfig.test.js:1 Failed to load resource: the server responded with a status of 404 ()
30ebd9b5b6eccc956511.js:1 Event
main.min.js:1 DragonBones: 5.6.201 2018/01/05
Website: http://dragonbones.com/
Source and Demos: https://github.com/DragonBones/
radar.cedexis.com/1/23917/radar.js:1 Failed to load resource: net::ERR_SSL_VERSION_INTERFERENCE
merged_jdbbase.js:179 [INFO] SmartFox instance ready!
merged_libs_egret5.js:4 ,3,2000.5, 1.5
merged_libs_egret5.js:4 ,6,1995, 9
merged_libs_egret5.js:4 ,9,1988.5, 15.5
merged_libs_egret5.js:4 ,12,1980.5, 23.5
merged_libs_egret5.js:4 ,15,1977.5, 30.5
merged_libs_egret5.js:4 ,18,1973, 40
merged_libs_egret5.js:4 ,21,1966, 47
merged_libs_egret5.js:4 ,24,1958, 55
merged_libs_egret5.js:4 ,27,1953, 64
merged_libs_egret5.js:4 ,30,1950.5, 74.5
merged_libs_egret5.js:4 ,33,1944, 81
merged_libs_egret5.js:4 ,36,1941, 84
merged_libs_egret5.js:4 ,39,1935.5, 89.5
merged_libs_egret5.js:4 ,42,1929, 96
merged_libs_egret5.js:4 ,45,1925, 104
merged_libs_egret5.js:4 ,48,1917.5, 111.5
merged_libs_egret5.js:4 ,51,1917.5, 111.5
merged_libs_egret5.js:4 ,54,1872.5, 156.5
merged_libs_egret5.js:4 ,57,1797.5, 231.5
merged_libs_egret5.js:4 ,60,1727.5, 301.5
merged_libs_egret5.js:4 ,63,1652.5, 376.5
merged_libs_egret5.js:4 ,66,1592.5, 456.5
merged_libs_egret5.js:4 ,69,1582.5, 486.5
merged_libs_egret5.js:4 ,72,1527.5, 541.5
merged_libs_egret5.js:4 ,75,1452.5, 616.5
merged_libs_egret5.js:4 ,78,1377.5, 691.5
merged_libs_egret5.js:4 ,81,1337.5, 771.5
merged_libs_egret5.js:4 ,84,1337.5, 771.5
merged_libs_egret5.js:4 ,87,1712.5, 1146.5
merged_libs_egret5.js:4 ,90,1712.5, 1146.5
merged_libs_egret5.js:4 ,93,1672.5, 1206.5
merged_libs_egret5.js:4 ,96,1632.5, 1246.5
merged_libs_egret5.js:4 ,99,1557.5, 1321.5
merged_libs_egret5.js:4 ,102,1482.5, 1396.5
merged_libs_egret5.js:4 ,105,1412.5, 1466.5
merged_libs_egret5.js:4 ,108,1337.5, 1541.5
merged_libs_egret5.js:4 ,111,1267.5, 1611.5
merged_libs_egret5.js:4 ,114,1242.5, 1636.5
merged_libs_egret5.js:4 ,117,1182.5, 1696.5
merged_libs_egret5.js:4 ,120,1147.5, 1751.5
merged_libs_egret5.js:4 ,123,1092.5, 1826.5
merged_libs_egret5.js:4 ,126,1022.5, 1906.5
merged_libs_egret5.js:4 ,129,957.5, 1981.5
merged_libs_egret5.js:4 ,132,922.5, 2036.5
merged_libs_egret5.js:4 ,135,842.5, 2116.5
merged_libs_egret5.js:4 ,138,797.5, 2191.5
merged_libs_egret5.js:4 ,141,717.5, 2271.5
merged_libs_egret5.js:4 ,144,647.5, 2351.5
merged_libs_egret5.js:4 ,147,582.5, 2426.5
merged_libs_egret5.js:4 ,150,562.5, 2526.5
merged_libs_egret5.js:4 ,153,677.5, 2771.5
merged_libs_egret5.js:4 ,156,1097.5, 3341.5
merged_libs_egret5.js:4 ,159,1087.5, 3351.5
merged_libs_egret5.js:4 ,162,1192.5, 3486.5
merged_libs_egret5.js:4 ,165,1192.5, 3486.5
merged_libs_egret5.js:4 ,168,1192.5, 3486.5
merged_libs_egret5.js:4 ,171,1202.5, 3526.5
merged_libs_egret5.js:4 ,174,1167.5, 3621.5
merged_libs_egret5.js:4 ,177,1212.5, 3726.5
merged_libs_egret5.js:4 ,180,1232.5, 3826.5
merged_libs_egret5.js:4 ,183,1227.5, 3911.5
merged_libs_egret5.js:4 ,186,1212.5, 3986.5
merged_libs_egret5.js:4 ,189,1217.5, 4051.5
merged_libs_egret5.js:4 ,192,1202.5, 4136.5
merged_libs_egret5.js:4 ,195,1177.5, 4231.5
merged_libs_egret5.js:4 ,198,1192.5, 4336.5
merged_libs_egret5.js:4 ,201,1167.5, 4421.5
merged_libs_egret5.js:4 ,204,1152.5, 4476.5
merged_libs_egret5.js:4 ,207,1102.5, 4526.5
merged_libs_egret5.js:4 ,210,1047.5, 4581.5
merged_libs_egret5.js:4 ,213,1322.5, 4986.5
merged_libs_egret5.js:4 ,216,1352.5, 5146.5
merged_libs_egret5.js:4 ,219,1277.5, 5221.5
merged_libs_egret5.js:4 ,222,1202.5, 5296.5
merged_libs_egret5.js:4 ,225,1132.5, 5366.5
merged_libs_egret5.js:4 ,228,1052.5, 5446.5
merged_libs_egret5.js:4 ,231,1057.5, 5571.5
merged_libs_egret5.js:4 ,234,1032.5, 5676.5
merged_libs_egret5.js:4 ,237,962.5, 5746.5
merged_libs_egret5.js:4 ,240,942.5, 5856.5
merged_libs_egret5.js:4 ,243,862.5, 5936.5
merged_libs_egret5.js:4 ,246,787.5, 6011.5
merged_libs_egret5.js:4 ,249,717.5, 6081.5
merged_libs_egret5.js:4 ,252,657.5, 6161.5
merged_libs_egret5.js:4 ,255,607.5, 6211.5
merged_libs_egret5.js:4 ,258,557.5, 6271.5
merged_libs_egret5.js:4 ,261,487.5, 6351.5
merged_libs_egret5.js:4 ,264,457.5, 6381.5
merged_libs_egret5.js:4 ,267,432.5, 6406.5
merged_libs_egret5.js:4 ,270,422.5, 6506.5
merged_libs_egret5.js:4 ,273,382.5, 6546.5
merged_libs_egret5.js:4 ,276,307.5, 6621.5
merged_libs_egret5.js:4 ,279,232.5, 6696.5
merged_libs_egret5.js:4 ,282,157.5, 6771.5
merged_libs_egret5.js:4 ,285,82.5, 6846.5
merged_libs_egret5.js:4 ,288,7.5, 6921.5
merged_libs_egret5.js:4 ,291,2.5, 6926.5
merged_libs_egret5.js:4 ,294,2.5, 6926.5
merged_libs_egret5.js:4 ,297,2.5, 6926.5
merged_libs_egret5.js:4 ,300,2.5, 6926.5
merged_libs_egret5.js:4 ,303,2.5, 6926.5
merged_libs_egret5.js:4 ,306,2.5, 6926.5
