www.google-analytics.com/analytics.js:1 Failed to load resource: the server responded with a status of 500 ()
6b3fa00747f9dd324ead.js:2 [vue-analytics] An error occured! Please check your connection, if you have any Google Analytics blocker installed in your browser or check your custom resource URL if you have added any.
(anonymous) @ 6b3fa00747f9dd324ead.js:2
radar.cedexis.com/1/23917/radar.js:1 Failed to load resource: the server responded with a status of 500 ()
www.sqntbw.com/games/7/7999/d145a21/gameConfig.test.js:1 Failed to load resource: the server responded with a status of 404 ()
30ebd9b5b6eccc956511.js:1 Event
www.sqntbw.com/games/7/7999/d145a21/main.min.js:1 DragonBones: 5.6.201 2018/01/05
Website: http://dragonbones.com/
Source and Demos: https://github.com/DragonBones/
www.sqntbw.com/games/js/merged_jdbbase.js:179 [INFO] SmartFox instance ready!
merged_libs_egret5.js:4 ,3,2000, 0
merged_libs_egret5.js:4 ,6,1997.5, 2.5
merged_libs_egret5.js:4 ,9,1997.5, 2.5
merged_libs_egret5.js:4 ,12,1977.5, 42.5
merged_libs_egret5.js:4 ,15,1912.5, 107.5
merged_libs_egret5.js:4 ,18,1842.5, 197.5
merged_libs_egret5.js:4 ,21,1782.5, 277.5
merged_libs_egret5.js:4 ,24,1757.5, 382.5
merged_libs_egret5.js:4 ,27,2087.5, 852.5
merged_libs_egret5.js:4 ,30,2072.5, 977.5
merged_libs_egret5.js:4 ,33,2002.5, 1047.5
merged_libs_egret5.js:4 ,36,2032.5, 1177.5
merged_libs_egret5.js:4 ,39,1952.5, 1257.5
merged_libs_egret5.js:4 ,42,1917.5, 1292.5
merged_libs_egret5.js:4 ,45,1862.5, 1347.5
merged_libs_egret5.js:4 ,48,1802.5, 1437.5
merged_libs_egret5.js:4 ,51,1732.5, 1507.5
merged_libs_egret5.js:4 ,54,1717.5, 1622.5
merged_libs_egret5.js:4 ,57,1682.5, 1687.5
merged_libs_egret5.js:4 ,60,1617.5, 1782.5
merged_libs_egret5.js:4 ,63,1532.5, 1867.5
merged_libs_egret5.js:4 ,66,1487.5, 1942.5
merged_libs_egret5.js:4 ,69,1482.5, 1957.5
merged_libs_egret5.js:4 ,72,1552.5, 2187.5
merged_libs_egret5.js:4 ,75,1477.5, 2262.5
merged_libs_egret5.js:4 ,78,1407.5, 2332.5
merged_libs_egret5.js:4 ,81,1347.5, 2392.5
merged_libs_egret5.js:4 ,84,1332.5, 2407.5
merged_libs_egret5.js:4 ,87,1332.5, 2447.5
merged_libs_egret5.js:4 ,90,1407.5, 2522.5
merged_libs_egret5.js:4 ,93,1557.5, 2672.5
merged_libs_egret5.js:4 ,96,1507.5, 2722.5
merged_libs_egret5.js:4 ,99,1432.5, 2797.5
merged_libs_egret5.js:4 ,102,1357.5, 2872.5
merged_libs_egret5.js:4 ,105,1322.5, 2907.5
merged_libs_egret5.js:4 ,108,1257.5, 2972.5
merged_libs_egret5.js:4 ,111,1182.5, 3047.5
merged_libs_egret5.js:4 ,114,1122.5, 3127.5
merged_libs_egret5.js:4 ,117,1117.5, 3172.5
merged_libs_egret5.js:4 ,120,1117.5, 3172.5
merged_libs_egret5.js:4 ,123,1107.5, 3192.5
merged_libs_egret5.js:4 ,126,1247.5, 3452.5
merged_libs_egret5.js:4 ,129,1207.5, 3562.5
merged_libs_egret5.js:4 ,132,1162.5, 3637.5
merged_libs_egret5.js:4 ,135,1117.5, 3712.5
merged_libs_egret5.js:4 ,138,1467.5, 4182.5
merged_libs_egret5.js:4 ,141,1412.5, 4267.5
merged_libs_egret5.js:4 ,144,1337.5, 4342.5
merged_libs_egret5.js:4 ,147,1267.5, 4412.5
merged_libs_egret5.js:4 ,150,1237.5, 4522.5
merged_libs_egret5.js:4 ,153,1182.5, 4627.5
merged_libs_egret5.js:4 ,156,1162.5, 4727.5
merged_libs_egret5.js:4 ,159,1087.5, 4802.5
merged_libs_egret5.js:4 ,162,1042.5, 4877.5
merged_libs_egret5.js:4 ,165,1082.5, 5047.5
merged_libs_egret5.js:4 ,168,1037.5, 5092.5
merged_libs_egret5.js:4 ,171,1037.5, 5092.5
merged_libs_egret5.js:4 ,174,1032.5, 5097.5
merged_libs_egret5.js:4 ,177,977.5, 5182.5
merged_libs_egret5.js:4 ,180,957.5, 5282.5
merged_libs_egret5.js:4 ,183,1407.5, 5852.5
merged_libs_egret5.js:4 ,186,1362.5, 5957.5
merged_libs_egret5.js:4 ,189,1407.5, 6062.5
merged_libs_egret5.js:4 ,192,1397.5, 6152.5
merged_libs_egret5.js:4 ,195,1372.5, 6217.5
merged_libs_egret5.js:4 ,198,1372.5, 6257.5
merged_libs_egret5.js:4 ,201,1392.5, 6317.5
merged_libs_egret5.js:4 ,204,1397.5, 6322.5
merged_libs_egret5.js:4 ,207,1397.5, 6322.5
merged_libs_egret5.js:4 ,210,1407.5, 6352.5
merged_libs_egret5.js:4 ,213,1362.5, 6397.5
merged_libs_egret5.js:4 ,216,1337.5, 6422.5
merged_libs_egret5.js:4 ,219,1277.5, 6482.5
merged_libs_egret5.js:4 ,222,1712.5, 7027.5
merged_libs_egret5.js:4 ,225,1682.5, 7127.5
merged_libs_egret5.js:4 ,228,1597.5, 7212.5
merged_libs_egret5.js:4 ,231,1547.5, 7262.5
merged_libs_egret5.js:4 ,234,1472.5, 7337.5
merged_libs_egret5.js:4 ,237,1417.5, 7392.5
merged_libs_egret5.js:4 ,240,1342.5, 7467.5
merged_libs_egret5.js:4 ,243,1267.5, 7542.5
merged_libs_egret5.js:4 ,246,1812.5, 8177.5
merged_libs_egret5.js:4 ,249,1802.5, 8227.5
merged_libs_egret5.js:4 ,252,1802.5, 8227.5
merged_libs_egret5.js:4 ,255,2302.5, 8727.5
merged_libs_egret5.js:4 ,258,2302.5, 8727.5
merged_libs_egret5.js:4 ,261,2302.5, 8727.5
merged_libs_egret5.js:4 ,264,2247.5, 8782.5
merged_libs_egret5.js:4 ,267,2587.5, 9232.5
merged_libs_egret5.js:4 ,270,2512.5, 9307.5
merged_libs_egret5.js:4 ,273,2587.5, 9522.5
merged_libs_egret5.js:4 ,276,2542.5, 9567.5
merged_libs_egret5.js:4 ,279,2462.5, 9647.5
merged_libs_egret5.js:4 ,282,2447.5, 9702.5
merged_libs_egret5.js:4 ,285,2822.5, 10077.5
merged_libs_egret5.js:4 ,288,2897.5, 10152.5
merged_libs_egret5.js:4 ,291,2887.5, 10162.5
merged_libs_egret5.js:4 ,294,2812.5, 10237.5
merged_libs_egret5.js:4 ,297,2737.5, 10312.5
merged_libs_egret5.js:4 ,300,2662.5, 10387.5
merged_libs_egret5.js:4 ,303,2622.5, 10467.5
merged_libs_egret5.js:4 ,306,2547.5, 10542.5
merged_libs_egret5.js:4 ,309,2502.5, 10617.5
merged_libs_egret5.js:4 ,312,2432.5, 10687.5
merged_libs_egret5.js:4 ,315,2367.5, 10762.5
merged_libs_egret5.js:4 ,318,2312.5, 10817.5
merged_libs_egret5.js:4 ,321,2257.5, 10902.5
merged_libs_egret5.js:4 ,324,2182.5, 10977.5
merged_libs_egret5.js:4 ,327,2127.5, 11032.5
merged_libs_egret5.js:4 ,330,2052.5, 11107.5
merged_libs_egret5.js:4 ,333,1977.5, 11182.5
merged_libs_egret5.js:4 ,336,1902.5, 11257.5
merged_libs_egret5.js:4 ,339,1827.5, 11332.5
merged_libs_egret5.js:4 ,342,1762.5, 11397.5
merged_libs_egret5.js:4 ,345,1687.5, 11472.5
merged_libs_egret5.js:4 ,348,1612.5, 11547.5
merged_libs_egret5.js:4 ,351,1537.5, 11622.5
merged_libs_egret5.js:4 ,354,2017.5, 12132.5
merged_libs_egret5.js:4 ,357,1957.5, 12192.5
merged_libs_egret5.js:4 ,360,2412.5, 12727.5
merged_libs_egret5.js:4 ,363,2412.5, 12767.5
merged_libs_egret5.js:4 ,366,2652.5, 13007.5
merged_libs_egret5.js:4 ,369,2652.5, 13007.5
merged_libs_egret5.js:4 ,372,2652.5, 13007.5
merged_libs_egret5.js:4 ,375,2652.5, 13007.5
merged_libs_egret5.js:4 ,378,2652.5, 13007.5
merged_libs_egret5.js:4 ,381,2652.5, 13007.5
merged_libs_egret5.js:4 ,384,2817.5, 13172.5
merged_libs_egret5.js:4 ,387,2937.5, 13292.5
merged_libs_egret5.js:4 ,390,2912.5, 13317.5
merged_libs_egret5.js:4 ,393,2832.5, 13397.5
merged_libs_egret5.js:4 ,396,2772.5, 13457.5
merged_libs_egret5.js:4 ,399,2712.5, 13527.5
merged_libs_egret5.js:4 ,402,2792.5, 13737.5
merged_libs_egret5.js:4 ,405,2747.5, 13822.5
merged_libs_egret5.js:4 ,408,2747.5, 13822.5
merged_libs_egret5.js:4 ,411,2747.5, 13822.5
merged_libs_egret5.js:4 ,414,2747.5, 13822.5
merged_libs_egret5.js:4 ,417,2747.5, 13822.5
merged_libs_egret5.js:4 ,420,2747.5, 13822.5
merged_libs_egret5.js:4 ,423,2747.5, 13822.5
