6b3fa00747f9dd324ead.js:2 GET https://www.google-analytics.com/analytics.js net::ERR_ABORTED 500
(anonymous) @ 6b3fa00747f9dd324ead.js:2
(anonymous) @ 6b3fa00747f9dd324ead.js:2
T @ 6b3fa00747f9dd324ead.js:2
z.default @ 6b3fa00747f9dd324ead.js:2
t.use @ 313b56cf5c96a14844d8.js:2
(anonymous) @ 86ca081133c75371e7d9.js:1
j @ 313b56cf5c96a14844d8.js:2
(anonymous) @ 313b56cf5c96a14844d8.js:2
t.<computed> @ 313b56cf5c96a14844d8.js:2
r @ 313b56cf5c96a14844d8.js:2
l @ 313b56cf5c96a14844d8.js:2
(anonymous) @ 313b56cf5c96a14844d8.js:2
(anonymous) @ 313b56cf5c96a14844d8.js:2
$e @ 86ca081133c75371e7d9.js:1
Te @ 86ca081133c75371e7d9.js:1
(anonymous) @ 86ca081133c75371e7d9.js:1
j @ 313b56cf5c96a14844d8.js:2
(anonymous) @ 313b56cf5c96a14844d8.js:2
t.<computed> @ 313b56cf5c96a14844d8.js:2
r @ 313b56cf5c96a14844d8.js:2
l @ 313b56cf5c96a14844d8.js:2
Promise.then (async)
r @ 313b56cf5c96a14844d8.js:2
l @ 313b56cf5c96a14844d8.js:2
Promise.then (async)
r @ 313b56cf5c96a14844d8.js:2
l @ 313b56cf5c96a14844d8.js:2
Promise.then (async)
r @ 313b56cf5c96a14844d8.js:2
l @ 313b56cf5c96a14844d8.js:2
Promise.then (async)
r @ 313b56cf5c96a14844d8.js:2
l @ 313b56cf5c96a14844d8.js:2
(anonymous) @ 313b56cf5c96a14844d8.js:2
(anonymous) @ 313b56cf5c96a14844d8.js:2
Ke @ 86ca081133c75371e7d9.js:1
(anonymous) @ 86ca081133c75371e7d9.js:1
340 @ 86ca081133c75371e7d9.js:1
o @ 51c79211789c856e4191.js:1
255 @ 86ca081133c75371e7d9.js:1
o @ 51c79211789c856e4191.js:1
f @ 51c79211789c856e4191.js:1
c @ 51c79211789c856e4191.js:1
(anonymous) @ 86ca081133c75371e7d9.js:1
6b3fa00747f9dd324ead.js:2 [vue-analytics] An error occured! Please check your connection, if you have any Google Analytics blocker installed in your browser or check your custom resource URL if you have added any.
(anonymous) @ 6b3fa00747f9dd324ead.js:2
Promise.catch (async)
T @ 6b3fa00747f9dd324ead.js:2
z.default @ 6b3fa00747f9dd324ead.js:2
t.use @ 313b56cf5c96a14844d8.js:2
(anonymous) @ 86ca081133c75371e7d9.js:1
j @ 313b56cf5c96a14844d8.js:2
(anonymous) @ 313b56cf5c96a14844d8.js:2
t.<computed> @ 313b56cf5c96a14844d8.js:2
r @ 313b56cf5c96a14844d8.js:2
l @ 313b56cf5c96a14844d8.js:2
(anonymous) @ 313b56cf5c96a14844d8.js:2
(anonymous) @ 313b56cf5c96a14844d8.js:2
$e @ 86ca081133c75371e7d9.js:1
Te @ 86ca081133c75371e7d9.js:1
(anonymous) @ 86ca081133c75371e7d9.js:1
j @ 313b56cf5c96a14844d8.js:2
(anonymous) @ 313b56cf5c96a14844d8.js:2
t.<computed> @ 313b56cf5c96a14844d8.js:2
r @ 313b56cf5c96a14844d8.js:2
l @ 313b56cf5c96a14844d8.js:2
Promise.then (async)
r @ 313b56cf5c96a14844d8.js:2
l @ 313b56cf5c96a14844d8.js:2
Promise.then (async)
r @ 313b56cf5c96a14844d8.js:2
l @ 313b56cf5c96a14844d8.js:2
Promise.then (async)
r @ 313b56cf5c96a14844d8.js:2
l @ 313b56cf5c96a14844d8.js:2
Promise.then (async)
r @ 313b56cf5c96a14844d8.js:2
l @ 313b56cf5c96a14844d8.js:2
(anonymous) @ 313b56cf5c96a14844d8.js:2
(anonymous) @ 313b56cf5c96a14844d8.js:2
Ke @ 86ca081133c75371e7d9.js:1
(anonymous) @ 86ca081133c75371e7d9.js:1
340 @ 86ca081133c75371e7d9.js:1
o @ 51c79211789c856e4191.js:1
255 @ 86ca081133c75371e7d9.js:1
o @ 51c79211789c856e4191.js:1
f @ 51c79211789c856e4191.js:1
c @ 51c79211789c856e4191.js:1
(anonymous) @ 86ca081133c75371e7d9.js:1
313b56cf5c96a14844d8.js:2 GET https://radar.cedexis.com/1/23917/radar.js net::ERR_ABORTED 500
(anonymous) @ 313b56cf5c96a14844d8.js:2
(anonymous) @ 313b56cf5c96a14844d8.js:2
(anonymous) @ 313b56cf5c96a14844d8.js:2
(anonymous) @ 313b56cf5c96a14844d8.js:2
(anonymous) @ 313b56cf5c96a14844d8.js:2
(anonymous) @ 313b56cf5c96a14844d8.js:2
(anonymous) @ 313b56cf5c96a14844d8.js:2
requestAnimationFrame (async)
Y @ 313b56cf5c96a14844d8.js:2
(anonymous) @ 313b56cf5c96a14844d8.js:2
wn.run @ 313b56cf5c96a14844d8.js:2
bn @ 313b56cf5c96a14844d8.js:2
(anonymous) @ 313b56cf5c96a14844d8.js:2
ie @ 313b56cf5c96a14844d8.js:2
Promise.then (async)
ee @ 313b56cf5c96a14844d8.js:2
ue @ 313b56cf5c96a14844d8.js:2
(anonymous) @ 313b56cf5c96a14844d8.js:2
wn.update @ 313b56cf5c96a14844d8.js:2
wt.notify @ 313b56cf5c96a14844d8.js:2
(anonymous) @ 313b56cf5c96a14844d8.js:2
addLog @ 86ca081133c75371e7d9.js:1
(anonymous) @ 313b56cf5c96a14844d8.js:2
(anonymous) @ 313b56cf5c96a14844d8.js:2
(anonymous) @ 313b56cf5c96a14844d8.js:2
d._withCommit @ 313b56cf5c96a14844d8.js:2
d.commit @ 313b56cf5c96a14844d8.js:2
commit @ 313b56cf5c96a14844d8.js:2
r.commit @ 313b56cf5c96a14844d8.js:2
setLog @ 86ca081133c75371e7d9.js:1
(anonymous) @ 313b56cf5c96a14844d8.js:2
d.dispatch @ 313b56cf5c96a14844d8.js:2
dispatch @ 313b56cf5c96a14844d8.js:2
(anonymous) @ 30ebd9b5b6eccc956511.js:1
Promise.then (async)
(anonymous) @ 30ebd9b5b6eccc956511.js:1
Promise.then (async)
(anonymous) @ 30ebd9b5b6eccc956511.js:1
Promise.then (async)
initWeb @ 30ebd9b5b6eccc956511.js:1
(anonymous) @ 30ebd9b5b6eccc956511.js:1
Promise.catch (async)
(anonymous) @ 30ebd9b5b6eccc956511.js:1
d @ 6b3fa00747f9dd324ead.js:2
w._settlePromiseFromHandler @ 6b3fa00747f9dd324ead.js:2
w._settlePromise @ 6b3fa00747f9dd324ead.js:2
w._settlePromise0 @ 6b3fa00747f9dd324ead.js:2
w._settlePromises @ 6b3fa00747f9dd324ead.js:2
(anonymous) @ 6b3fa00747f9dd324ead.js:2
Promise.then (async)
c @ 6b3fa00747f9dd324ead.js:2
t.hasDevTools.A.settlePromises @ 6b3fa00747f9dd324ead.js:2
w._fulfill @ 6b3fa00747f9dd324ead.js:2
w._resolveCallback @ 6b3fa00747f9dd324ead.js:2
(anonymous) @ 6b3fa00747f9dd324ead.js:2
(anonymous) @ 86ca081133c75371e7d9.js:1
d @ 6b3fa00747f9dd324ead.js:2
w._settlePromiseFromHandler @ 6b3fa00747f9dd324ead.js:2
w._settlePromise @ 6b3fa00747f9dd324ead.js:2
w._settlePromise0 @ 6b3fa00747f9dd324ead.js:2
w._settlePromises @ 6b3fa00747f9dd324ead.js:2
w._fulfill @ 6b3fa00747f9dd324ead.js:2
t._resolve @ 6b3fa00747f9dd324ead.js:2
r._promiseFulfilled @ 6b3fa00747f9dd324ead.js:2
w._settlePromise @ 6b3fa00747f9dd324ead.js:2
w._settlePromise0 @ 6b3fa00747f9dd324ead.js:2
w._settlePromises @ 6b3fa00747f9dd324ead.js:2
(anonymous) @ 6b3fa00747f9dd324ead.js:2
Promise.then (async)
c @ 6b3fa00747f9dd324ead.js:2
t.hasDevTools.A.settlePromises @ 6b3fa00747f9dd324ead.js:2
w._fulfill @ 6b3fa00747f9dd324ead.js:2
w._resolveCallback @ 6b3fa00747f9dd324ead.js:2
(anonymous) @ 6b3fa00747f9dd324ead.js:2
Promise.then (async)
d @ 6b3fa00747f9dd324ead.js:2
(anonymous) @ 6b3fa00747f9dd324ead.js:2
(anonymous) @ 6b3fa00747f9dd324ead.js:2
t._iterate @ 6b3fa00747f9dd324ead.js:2
M @ 6b3fa00747f9dd324ead.js:2
r._init @ 6b3fa00747f9dd324ead.js:2
r.init @ 6b3fa00747f9dd324ead.js:2
d @ 6b3fa00747f9dd324ead.js:2
z.some @ 6b3fa00747f9dd324ead.js:2
race @ 86ca081133c75371e7d9.js:1
(anonymous) @ 86ca081133c75371e7d9.js:1
O._execute @ 6b3fa00747f9dd324ead.js:2
w._resolveFromExecutor @ 6b3fa00747f9dd324ead.js:2
w @ 6b3fa00747f9dd324ead.js:2
speedTest @ 86ca081133c75371e7d9.js:1
(anonymous) @ 30ebd9b5b6eccc956511.js:1
d @ 6b3fa00747f9dd324ead.js:2
w._settlePromiseFromHandler @ 6b3fa00747f9dd324ead.js:2
w._settlePromise @ 6b3fa00747f9dd324ead.js:2
w._settlePromise0 @ 6b3fa00747f9dd324ead.js:2
w._settlePromises @ 6b3fa00747f9dd324ead.js:2
(anonymous) @ 6b3fa00747f9dd324ead.js:2
Promise.then (async)
c @ 6b3fa00747f9dd324ead.js:2
t.hasDevTools.A.settlePromises @ 6b3fa00747f9dd324ead.js:2
w._fulfill @ 6b3fa00747f9dd324ead.js:2
w._resolveCallback @ 6b3fa00747f9dd324ead.js:2
(anonymous) @ 6b3fa00747f9dd324ead.js:2
(anonymous) @ 86ca081133c75371e7d9.js:1
Promise.then (async)
(anonymous) @ 86ca081133c75371e7d9.js:1
O._execute @ 6b3fa00747f9dd324ead.js:2
w._resolveFromExecutor @ 6b3fa00747f9dd324ead.js:2
w @ 6b3fa00747f9dd324ead.js:2
getLineInfoByEnv @ 86ca081133c75371e7d9.js:1
mounted @ 30ebd9b5b6eccc956511.js:1
Qt @ 313b56cf5c96a14844d8.js:2
fn @ 313b56cf5c96a14844d8.js:2
insert @ 313b56cf5c96a14844d8.js:2
T @ 313b56cf5c96a14844d8.js:2
(anonymous) @ 313b56cf5c96a14844d8.js:2
t._update @ 313b56cf5c96a14844d8.js:2
r @ 313b56cf5c96a14844d8.js:2
wn.get @ 313b56cf5c96a14844d8.js:2
wn @ 313b56cf5c96a14844d8.js:2
t @ 313b56cf5c96a14844d8.js:2
Pn.$mount @ 313b56cf5c96a14844d8.js:2
d @ 86ca081133c75371e7d9.js:1
(anonymous) @ 86ca081133c75371e7d9.js:1
j @ 313b56cf5c96a14844d8.js:2
(anonymous) @ 313b56cf5c96a14844d8.js:2
t.<computed> @ 313b56cf5c96a14844d8.js:2
r @ 313b56cf5c96a14844d8.js:2
l @ 313b56cf5c96a14844d8.js:2
Promise.then (async)
r @ 313b56cf5c96a14844d8.js:2
l @ 313b56cf5c96a14844d8.js:2
Promise.then (async)
r @ 313b56cf5c96a14844d8.js:2
l @ 313b56cf5c96a14844d8.js:2
(anonymous) @ 313b56cf5c96a14844d8.js:2
(anonymous) @ 313b56cf5c96a14844d8.js:2
vt @ 86ca081133c75371e7d9.js:1
(anonymous) @ 86ca081133c75371e7d9.js:1
Promise.then (async)
340 @ 86ca081133c75371e7d9.js:1
o @ 51c79211789c856e4191.js:1
255 @ 86ca081133c75371e7d9.js:1
o @ 51c79211789c856e4191.js:1
f @ 51c79211789c856e4191.js:1
c @ 51c79211789c856e4191.js:1
(anonymous) @ 86ca081133c75371e7d9.js:1
30ebd9b5b6eccc956511.js:1 GET https://www.sqntbw.com/games/7/7999/9411c88/gameConfig.test.js net::ERR_ABORTED 404
(anonymous) @ 30ebd9b5b6eccc956511.js:1
url @ 30ebd9b5b6eccc956511.js:1
(anonymous) @ 30ebd9b5b6eccc956511.js:1
j @ 313b56cf5c96a14844d8.js:2
(anonymous) @ 313b56cf5c96a14844d8.js:2
t.<computed> @ 313b56cf5c96a14844d8.js:2
r @ 313b56cf5c96a14844d8.js:2
l @ 313b56cf5c96a14844d8.js:2
(anonymous) @ 313b56cf5c96a14844d8.js:2
(anonymous) @ 313b56cf5c96a14844d8.js:2
(anonymous) @ 30ebd9b5b6eccc956511.js:1
(anonymous) @ 30ebd9b5b6eccc956511.js:1
Promise.then (async)
initGames @ 30ebd9b5b6eccc956511.js:1
(anonymous) @ 30ebd9b5b6eccc956511.js:1
Promise.then (async)
(anonymous) @ 30ebd9b5b6eccc956511.js:1
Promise.then (async)
(anonymous) @ 30ebd9b5b6eccc956511.js:1
Promise.then (async)
initWeb @ 30ebd9b5b6eccc956511.js:1
(anonymous) @ 30ebd9b5b6eccc956511.js:1
Promise.catch (async)
(anonymous) @ 30ebd9b5b6eccc956511.js:1
d @ 6b3fa00747f9dd324ead.js:2
w._settlePromiseFromHandler @ 6b3fa00747f9dd324ead.js:2
w._settlePromise @ 6b3fa00747f9dd324ead.js:2
w._settlePromise0 @ 6b3fa00747f9dd324ead.js:2
w._settlePromises @ 6b3fa00747f9dd324ead.js:2
(anonymous) @ 6b3fa00747f9dd324ead.js:2
Promise.then (async)
c @ 6b3fa00747f9dd324ead.js:2
t.hasDevTools.A.settlePromises @ 6b3fa00747f9dd324ead.js:2
w._fulfill @ 6b3fa00747f9dd324ead.js:2
w._resolveCallback @ 6b3fa00747f9dd324ead.js:2
(anonymous) @ 6b3fa00747f9dd324ead.js:2
(anonymous) @ 86ca081133c75371e7d9.js:1
d @ 6b3fa00747f9dd324ead.js:2
w._settlePromiseFromHandler @ 6b3fa00747f9dd324ead.js:2
w._settlePromise @ 6b3fa00747f9dd324ead.js:2
w._settlePromise0 @ 6b3fa00747f9dd324ead.js:2
w._settlePromises @ 6b3fa00747f9dd324ead.js:2
w._fulfill @ 6b3fa00747f9dd324ead.js:2
t._resolve @ 6b3fa00747f9dd324ead.js:2
r._promiseFulfilled @ 6b3fa00747f9dd324ead.js:2
w._settlePromise @ 6b3fa00747f9dd324ead.js:2
w._settlePromise0 @ 6b3fa00747f9dd324ead.js:2
w._settlePromises @ 6b3fa00747f9dd324ead.js:2
(anonymous) @ 6b3fa00747f9dd324ead.js:2
Promise.then (async)
c @ 6b3fa00747f9dd324ead.js:2
t.hasDevTools.A.settlePromises @ 6b3fa00747f9dd324ead.js:2
w._fulfill @ 6b3fa00747f9dd324ead.js:2
w._resolveCallback @ 6b3fa00747f9dd324ead.js:2
(anonymous) @ 6b3fa00747f9dd324ead.js:2
Promise.then (async)
d @ 6b3fa00747f9dd324ead.js:2
(anonymous) @ 6b3fa00747f9dd324ead.js:2
(anonymous) @ 6b3fa00747f9dd324ead.js:2
t._iterate @ 6b3fa00747f9dd324ead.js:2
M @ 6b3fa00747f9dd324ead.js:2
r._init @ 6b3fa00747f9dd324ead.js:2
r.init @ 6b3fa00747f9dd324ead.js:2
d @ 6b3fa00747f9dd324ead.js:2
z.some @ 6b3fa00747f9dd324ead.js:2
race @ 86ca081133c75371e7d9.js:1
(anonymous) @ 86ca081133c75371e7d9.js:1
O._execute @ 6b3fa00747f9dd324ead.js:2
w._resolveFromExecutor @ 6b3fa00747f9dd324ead.js:2
w @ 6b3fa00747f9dd324ead.js:2
speedTest @ 86ca081133c75371e7d9.js:1
(anonymous) @ 30ebd9b5b6eccc956511.js:1
d @ 6b3fa00747f9dd324ead.js:2
w._settlePromiseFromHandler @ 6b3fa00747f9dd324ead.js:2
w._settlePromise @ 6b3fa00747f9dd324ead.js:2
w._settlePromise0 @ 6b3fa00747f9dd324ead.js:2
w._settlePromises @ 6b3fa00747f9dd324ead.js:2
(anonymous) @ 6b3fa00747f9dd324ead.js:2
Promise.then (async)
c @ 6b3fa00747f9dd324ead.js:2
t.hasDevTools.A.settlePromises @ 6b3fa00747f9dd324ead.js:2
w._fulfill @ 6b3fa00747f9dd324ead.js:2
w._resolveCallback @ 6b3fa00747f9dd324ead.js:2
(anonymous) @ 6b3fa00747f9dd324ead.js:2
(anonymous) @ 86ca081133c75371e7d9.js:1
Promise.then (async)
(anonymous) @ 86ca081133c75371e7d9.js:1
O._execute @ 6b3fa00747f9dd324ead.js:2
w._resolveFromExecutor @ 6b3fa00747f9dd324ead.js:2
w @ 6b3fa00747f9dd324ead.js:2
getLineInfoByEnv @ 86ca081133c75371e7d9.js:1
mounted @ 30ebd9b5b6eccc956511.js:1
Qt @ 313b56cf5c96a14844d8.js:2
fn @ 313b56cf5c96a14844d8.js:2
insert @ 313b56cf5c96a14844d8.js:2
T @ 313b56cf5c96a14844d8.js:2
(anonymous) @ 313b56cf5c96a14844d8.js:2
t._update @ 313b56cf5c96a14844d8.js:2
r @ 313b56cf5c96a14844d8.js:2
wn.get @ 313b56cf5c96a14844d8.js:2
wn @ 313b56cf5c96a14844d8.js:2
t @ 313b56cf5c96a14844d8.js:2
Pn.$mount @ 313b56cf5c96a14844d8.js:2
d @ 86ca081133c75371e7d9.js:1
(anonymous) @ 86ca081133c75371e7d9.js:1
j @ 313b56cf5c96a14844d8.js:2
(anonymous) @ 313b56cf5c96a14844d8.js:2
t.<computed> @ 313b56cf5c96a14844d8.js:2
r @ 313b56cf5c96a14844d8.js:2
l @ 313b56cf5c96a14844d8.js:2
Promise.then (async)
r @ 313b56cf5c96a14844d8.js:2
l @ 313b56cf5c96a14844d8.js:2
Promise.then (async)
r @ 313b56cf5c96a14844d8.js:2
l @ 313b56cf5c96a14844d8.js:2
(anonymous) @ 313b56cf5c96a14844d8.js:2
(anonymous) @ 313b56cf5c96a14844d8.js:2
vt @ 86ca081133c75371e7d9.js:1
(anonymous) @ 86ca081133c75371e7d9.js:1
Promise.then (async)
340 @ 86ca081133c75371e7d9.js:1
o @ 51c79211789c856e4191.js:1
255 @ 86ca081133c75371e7d9.js:1
o @ 51c79211789c856e4191.js:1
f @ 51c79211789c856e4191.js:1
c @ 51c79211789c856e4191.js:1
(anonymous) @ 86ca081133c75371e7d9.js:1
30ebd9b5b6eccc956511.js:1 Event {isTrusted: true, type: "error", target: script, currentTarget: script, eventPhase: 2, …}
main.min.js:1 DragonBones: 5.6.201 2018/01/05
Website: http://dragonbones.com/
Source and Demos: https://github.com/DragonBones/
merged_jdbbase.js:179 [INFO] SmartFox instance ready!
merged_libs_egret5.js:4 ,3,2000, 0
merged_libs_egret5.js:4 ,6,2000, 0
merged_libs_egret5.js:4 ,9,2000, 0
merged_libs_egret5.js:4 ,12,2001.5, 6.5
merged_libs_egret5.js:4 ,15,2000.5, 8.5
merged_libs_egret5.js:4 ,18,2000.5, 8.5
merged_libs_egret5.js:4 ,21,1990.5, 58.5
merged_libs_egret5.js:4 ,24,2000.5, 308.5
merged_libs_egret5.js:4 ,27,1900.5, 448.5
merged_libs_egret5.js:4 ,30,1770.5, 578.5
merged_libs_egret5.js:4 ,33,1710.5, 818.5
merged_libs_egret5.js:4 ,36,1820.5, 1188.5
merged_libs_egret5.js:4 ,39,1830.5, 1458.5
merged_libs_egret5.js:4 ,42,1740.5, 1608.5
merged_libs_egret5.js:4 ,45,1640.5, 1748.5
merged_libs_egret5.js:4 ,48,1490.5, 1898.5
merged_libs_egret5.js:4 ,51,1370.5, 2058.5
merged_libs_egret5.js:4 ,54,1270.5, 2238.5
merged_libs_egret5.js:4 ,57,1240.5, 2488.5
merged_libs_egret5.js:4 ,60,1190.5, 2678.5
merged_libs_egret5.js:4 ,63,1120.5, 2848.5
merged_libs_egret5.js:4 ,66,980.5, 2988.5
merged_libs_egret5.js:4 ,69,840.5, 3128.5
merged_libs_egret5.js:4 ,72,710.5, 3298.5
merged_libs_egret5.js:4 ,75,590.5, 3438.5
merged_libs_egret5.js:4 ,78,530.5, 3578.5
merged_libs_egret5.js:4 ,81,990.5, 4318.5
merged_libs_egret5.js:4 ,84,850.5, 4458.5
merged_libs_egret5.js:4 ,87,980.5, 4708.5
merged_libs_egret5.js:4 ,90,920.5, 4848.5
merged_libs_egret5.js:4 ,93,880.5, 5068.5
merged_libs_egret5.js:4 ,96,740.5, 5208.5
merged_libs_egret5.js:4 ,99,750.5, 5478.5
merged_libs_egret5.js:4 ,102,630.5, 5618.5
merged_libs_egret5.js:4 ,105,510.5, 5778.5
merged_libs_egret5.js:4 ,108,360.5, 5928.5
merged_libs_egret5.js:4 ,111,1070.5, 6858.5
merged_libs_egret5.js:4 ,114,950.5, 7018.5
merged_libs_egret5.js:4 ,117,990.5, 7358.5
merged_libs_egret5.js:4 ,120,840.5, 7508.5
merged_libs_egret5.js:4 ,123,780.5, 7748.5
merged_libs_egret5.js:4 ,126,750.5, 7958.5
merged_libs_egret5.js:4 ,129,1500.5, 8968.5
merged_libs_egret5.js:4 ,132,1430.5, 9158.5
merged_libs_egret5.js:4 ,135,1340.5, 9248.5
merged_libs_egret5.js:4 ,138,1220.5, 9408.5
merged_libs_egret5.js:4 ,141,1100.5, 9548.5
merged_libs_egret5.js:4 ,144,990.5, 9698.5
merged_libs_egret5.js:4 ,147,890.5, 9838.5
merged_libs_egret5.js:4 ,150,730.5, 9998.5
merged_libs_egret5.js:4 ,153,580.5, 10148.5
merged_libs_egret5.js:4 ,156,430.5, 10298.5
merged_libs_egret5.js:4 ,159,280.5, 10448.5
merged_libs_egret5.js:4 ,162,260.5, 10468.5
merged_libs_egret5.js:4 ,165,230.5, 10498.5
merged_libs_egret5.js:4 ,168,130.5, 10618.5
merged_libs_egret5.js:4 ,171,130.5, 10798.5
merged_libs_egret5.js:4 ,174,40.5, 10968.5
merged_libs_egret5.js:4 ,177,230.5, 11198.5
merged_libs_egret5.js:4 ,180,1190.5, 12278.5
merged_libs_egret5.js:4 ,183,1120.5, 12488.5
merged_libs_egret5.js:4 ,186,980.5, 12648.5
merged_libs_egret5.js:4 ,189,830.5, 12798.5
merged_libs_egret5.js:4 ,192,720.5, 12908.5
merged_libs_egret5.js:4 ,195,730.5, 12918.5
merged_libs_egret5.js:4 ,198,750.5, 12958.5
merged_libs_egret5.js:4 ,201,690.5, 13018.5
merged_libs_egret5.js:4 ,204,990.5, 13538.5
merged_libs_egret5.js:4 ,207,1030.5, 13578.5
merged_libs_egret5.js:4 ,210,2080.5, 14628.5
merged_libs_egret5.js:4 ,213,3880.5, 16428.5
merged_libs_egret5.js:4 ,216,3880.5, 16428.5
merged_libs_egret5.js:4 ,219,3880.5, 16428.5
merged_libs_egret5.js:4 ,222,3880.5, 16428.5
merged_libs_egret5.js:4 ,225,3880.5, 16428.5
merged_libs_egret5.js:4 ,228,3880.5, 16428.5
merged_libs_egret5.js:4 ,231,3880.5, 16428.5
merged_libs_egret5.js:4 ,234,3880.5, 16428.5
merged_libs_egret5.js:4 ,237,3880.5, 16428.5
merged_libs_egret5.js:4 ,240,3880.5, 16428.5
merged_libs_egret5.js:4 ,243,3880.5, 16428.5
merged_libs_egret5.js:4 ,246,3880.5, 16428.5
