merged_libs_egret5.js:4 ,3,2000, 0
merged_libs_egret5.js:4 ,6,2000, 0
merged_libs_egret5.js:4 ,9,1980, 60
merged_libs_egret5.js:4 ,12,1985, 195
merged_libs_egret5.js:4 ,15,1960, 290
azwanp.trafficmanager.net/img/r20.gif?rnd=1-1-23917-0-0-37556-11082666-_CgJqMRAUGHUiBggBEO26ASiqt6QFMMGb5ekFOMCb5ekFQL24l-gIShAIBBDZARiGGyAAKK2qgKAEUABaCggAEAAYACAAKABgAWoTYnV0dG9uMi5oa2cuaHYucHJvZIIBEAgEENkBGIYbIAAo5JGAoASIAf3Gs5oHkAEAmAEA:1 GET https://azwanp.trafficmanager.net/img/r20.gif?rnd=1-1-23917-0-0-37556-11082666-_CgJqMRAUGHUiBggBEO26ASiqt6QFMMGb5ekFOMCb5ekFQL24l-gIShAIBBDZARiGGyAAKK2qgKAEUABaCggAEAAYACAAKABgAWoTYnV0dG9uMi5oa2cuaHYucHJvZIIBEAgEENkBGIYbIAAo5JGAoASIAf3Gs5oHkAEAmAEA net::ERR_CONNECTION_TIMED_OUT
Image (async)
Q.<computed> @ VM21 radar.js:88
(anonymous) @ VM21 radar.js:90
_.I @ VM21 radar.js:20
_.k.sa @ VM21 radar.js:90
e.o @ VM21 radar.js:22
fb @ VM21 radar.js:24
$a @ VM21 radar.js:24
_.k.Pa @ VM21 radar.js:81
Oa @ VM21 radar.js:19
Promise.then (async)
Ja @ VM21 radar.js:19
Na @ VM21 radar.js:18
ab @ VM21 radar.js:23
_.k.M @ VM21 radar.js:81
(anonymous) @ VM21 radar.js:20
_.k.D @ VM21 radar.js:91
Fc @ VM21 radar.js:50
Hc @ VM21 radar.js:50
(anonymous) @ VM21 radar.js:9
load (async)
Q.<computed> @ VM21 radar.js:88
(anonymous) @ VM21 radar.js:90
_.I @ VM21 radar.js:20
_.k.sa @ VM21 radar.js:90
e.o @ VM21 radar.js:22
fb @ VM21 radar.js:24
$a @ VM21 radar.js:24
_.k.Pa @ VM21 radar.js:81
Oa @ VM21 radar.js:19
Promise.then (async)
Ja @ VM21 radar.js:19
Na @ VM21 radar.js:18
ab @ VM21 radar.js:23
_.k.M @ VM21 radar.js:81
(anonymous) @ VM21 radar.js:20
_.k.D @ VM21 radar.js:91
(anonymous) @ VM21 radar.js:53
e @ VM21 radar.js:52
bc @ VM21 radar.js:37
Yb @ VM21 radar.js:38
Vb.b @ VM21 radar.js:34
merged_libs_egret5.js:4 ,18,1910, 380
merged_libs_egret5.js:4 ,21,1865, 475
merged_libs_egret5.js:4 ,24,1870, 580
merged_libs_egret5.js:4 ,27,1820, 670
merged_libs_egret5.js:4 ,30,1765, 735
merged_libs_egret5.js:4 ,33,1680, 830
merged_libs_egret5.js:4 ,36,1715, 995
merged_libs_egret5.js:4 ,39,1650, 1070
merged_libs_egret5.js:4 ,42,1580, 1140
merged_libs_egret5.js:4 ,45,1560, 1240
merged_libs_egret5.js:4 ,48,1515, 1335
merged_libs_egret5.js:4 ,51,1595, 1545
merged_libs_egret5.js:4 ,54,1515, 1625
merged_libs_egret5.js:4 ,57,1440, 1700
merged_libs_egret5.js:4 ,60,1360, 1780
merged_libs_egret5.js:4 ,63,1305, 1855
merged_libs_egret5.js:4 ,66,1270, 1970
merged_libs_egret5.js:4 ,69,1195, 2045
merged_libs_egret5.js:4 ,72,1225, 2175
merged_libs_egret5.js:4 ,75,1160, 2260
merged_libs_egret5.js:4 ,78,1115, 2335
merged_libs_egret5.js:4 ,81,1040, 2410
merged_libs_egret5.js:4 ,84,1105, 2575
merged_libs_egret5.js:4 ,87,1040, 2650
merged_libs_egret5.js:4 ,90,1365, 3115
merged_libs_egret5.js:4 ,93,1585, 3485
merged_libs_egret5.js:4 ,96,1515, 3555
merged_libs_egret5.js:4 ,99,1500, 3630
merged_libs_egret5.js:4 ,102,1525, 3795
merged_libs_egret5.js:4 ,105,1510, 3810
merged_libs_egret5.js:4 ,108,1495, 3845
merged_libs_egret5.js:4 ,111,1460, 3950
merged_libs_egret5.js:4 ,114,1465, 4095
merged_libs_egret5.js:4 ,117,1405, 4155
merged_libs_egret5.js:4 ,120,1370, 4230
merged_libs_egret5.js:4 ,123,1290, 4310
merged_libs_egret5.js:4 ,126,1215, 4385
merged_libs_egret5.js:4 ,129,1130, 4470
merged_libs_egret5.js:4 ,132,2330, 5810
merged_libs_egret5.js:4 ,135,2255, 5885
merged_libs_egret5.js:4 ,138,2185, 5955
merged_libs_egret5.js:4 ,141,2145, 5995
merged_libs_egret5.js:4 ,144,2095, 6065
merged_libs_egret5.js:4 ,147,2020, 6140
merged_libs_egret5.js:4 ,150,1945, 6215
merged_libs_egret5.js:4 ,153,1895, 6285
merged_libs_egret5.js:4 ,156,2670, 7160
merged_libs_egret5.js:4 ,159,2640, 7250
merged_libs_egret5.js:4 ,162,2570, 7320
merged_libs_egret5.js:4 ,165,2490, 7400
merged_libs_egret5.js:4 ,168,2495, 7435
merged_libs_egret5.js:4 ,171,2495, 7435
merged_libs_egret5.js:4 ,174,2495, 7435
merged_libs_egret5.js:4 ,177,2495, 7435
merged_libs_egret5.js:4 ,180,2495, 7435
merged_libs_egret5.js:4 ,183,2495, 7435
merged_libs_egret5.js:4 ,186,2495, 7435
merged_libs_egret5.js:4 ,189,2475, 7455
merged_libs_egret5.js:4 ,192,2445, 7515
merged_libs_egret5.js:4 ,195,2450, 7630
merged_libs_egret5.js:4 ,198,2365, 7715
merged_libs_egret5.js:4 ,201,2350, 7820
merged_libs_egret5.js:4 ,204,2305, 7915
merged_libs_egret5.js:4 ,207,2235, 7985
merged_libs_egret5.js:4 ,210,3185, 9065
merged_libs_egret5.js:4 ,213,3145, 9165
merged_libs_egret5.js:4 ,216,3110, 9200
merged_libs_egret5.js:4 ,219,3110, 9200
merged_libs_egret5.js:4 ,222,3110, 9200
merged_libs_egret5.js:4 ,225,3110, 9200
merged_libs_egret5.js:4 ,228,3120, 9250
merged_libs_egret5.js:4 ,231,3065, 9305
merged_libs_egret5.js:4 ,234,3060, 9400
merged_libs_egret5.js:4 ,237,3055, 9525
merged_libs_egret5.js:4 ,240,3060, 9550
merged_libs_egret5.js:4 ,243,3050, 9560
merged_libs_egret5.js:4 ,246,3010, 9640
merged_libs_egret5.js:4 ,249,3025, 9785
merged_libs_egret5.js:4 ,252,3130, 9960
merged_libs_egret5.js:4 ,255,3110, 10060
merged_libs_egret5.js:4 ,258,3055, 10175
merged_libs_egret5.js:4 ,261,2990, 10240
merged_libs_egret5.js:4 ,264,2950, 10340
merged_libs_egret5.js:4 ,267,2955, 10455
merged_libs_egret5.js:4 ,270,3115, 10745
merged_libs_egret5.js:4 ,273,3050, 10830
merged_libs_egret5.js:4 ,276,2985, 10895
merged_libs_egret5.js:4 ,279,3105, 11165
merged_libs_egret5.js:4 ,282,3035, 11235
merged_libs_egret5.js:4 ,285,2985, 11325
merged_libs_egret5.js:4 ,288,2945, 11405
merged_libs_egret5.js:4 ,291,2935, 11515
merged_libs_egret5.js:4 ,294,2865, 11585
merged_libs_egret5.js:4 ,297,2795, 11655
merged_libs_egret5.js:4 ,300,2720, 11730
merged_libs_egret5.js:4 ,303,2695, 11815
merged_libs_egret5.js:4 ,306,2655, 11895
merged_libs_egret5.js:4 ,309,2695, 12055
merged_libs_egret5.js:4 ,312,2680, 12160
merged_libs_egret5.js:4 ,315,2655, 12265
merged_libs_egret5.js:4 ,318,2580, 12340
merged_libs_egret5.js:4 ,321,2505, 12415
merged_libs_egret5.js:4 ,324,2435, 12485
merged_libs_egret5.js:4 ,327,2415, 12595
merged_libs_egret5.js:4 ,330,2340, 12670
merged_libs_egret5.js:4 ,333,2290, 12750
merged_libs_egret5.js:4 ,336,2220, 12820
rpt.cedexis.com/f1/_CgJqMRAUGHUiBggBEO26ASiz1-mdDzCEnuXpBTiDnuXpBUC9uJfoCkoQCAQQ2QEYhhsgACitqoCgBFAAWgoIABAAGAAgACgAYAFqE2J1dHRvbjEuaGtnLmh2LnByb2SCARAIBBDZARiGGyAAKOSRgKAEiAH9xrOaB5ABAJgBAA/1/23917/39844/1,2/0/1087/0/0:1 GET https://rpt.cedexis.com/f1/_CgJqMRAUGHUiBggBEO26ASiz1-mdDzCEnuXpBTiDnuXpBUC9uJfoCkoQCAQQ2QEYhhsgACitqoCgBFAAWgoIABAAGAAgACgAYAFqE2J1dHRvbjEuaGtnLmh2LnByb2SCARAIBBDZARiGGyAAKOSRgKAEiAH9xrOaB5ABAJgBAA/1/23917/39844/1,2/0/1087/0/0 net::ERR_SSL_VERSION_INTERFERENCE
merged_libs_egret5.js:4 ,339,2135, 12905
azwanp.trafficmanager.net/img/r20.gif?rnd=1-1-23917-0-0-37556-4089080755-_CgJqMRAUGHUiBggBEO26ASiz1-mdDzCEnuXpBTiDnuXpBUC9uJfoCkoQCAQQ2QEYhhsgACitqoCgBFAAWgoIABAAGAAgACgAYAFqE2J1dHRvbjEuaGtnLmh2LnByb2SCARAIBBDZARiGGyAAKOSRgKAEiAH9xrOaB5ABAJgBAA:1 GET https://azwanp.trafficmanager.net/img/r20.gif?rnd=1-1-23917-0-0-37556-4089080755-_CgJqMRAUGHUiBggBEO26ASiz1-mdDzCEnuXpBTiDnuXpBUC9uJfoCkoQCAQQ2QEYhhsgACitqoCgBFAAWgoIABAAGAAgACgAYAFqE2J1dHRvbjEuaGtnLmh2LnByb2SCARAIBBDZARiGGyAAKOSRgKAEiAH9xrOaB5ABAJgBAA net::ERR_CONNECTION_TIMED_OUT
Image (async)
Q.<computed> @ VM21 radar.js:88
(anonymous) @ VM21 radar.js:90
_.I @ VM21 radar.js:20
_.k.sa @ VM21 radar.js:90
e.o @ VM21 radar.js:22
fb @ VM21 radar.js:24
$a @ VM21 radar.js:24
_.k.Pa @ VM21 radar.js:81
Oa @ VM21 radar.js:19
Promise.then (async)
Ja @ VM21 radar.js:19
Na @ VM21 radar.js:18
ab @ VM21 radar.js:23
_.k.M @ VM21 radar.js:81
(anonymous) @ VM21 radar.js:20
_.k.D @ VM21 radar.js:91
Fc @ VM21 radar.js:50
Hc @ VM21 radar.js:50
(anonymous) @ VM21 radar.js:9
load (async)
Q.<computed> @ VM21 radar.js:88
(anonymous) @ VM21 radar.js:90
_.I @ VM21 radar.js:20
_.k.sa @ VM21 radar.js:90
e.o @ VM21 radar.js:22
fb @ VM21 radar.js:24
$a @ VM21 radar.js:24
_.k.Pa @ VM21 radar.js:81
Oa @ VM21 radar.js:19
Promise.then (async)
Ja @ VM21 radar.js:19
Na @ VM21 radar.js:18
ab @ VM21 radar.js:23
_.k.M @ VM21 radar.js:81
(anonymous) @ VM21 radar.js:20
_.k.D @ VM21 radar.js:91
(anonymous) @ VM21 radar.js:53
e @ VM21 radar.js:52
bc @ VM21 radar.js:37
Yb @ VM21 radar.js:38
Vb.b @ VM21 radar.js:34
merged_libs_egret5.js:4 ,342,2070, 12970
merged_libs_egret5.js:4 ,345,1995, 13045
merged_libs_egret5.js:4 ,348,1965, 13125
merged_libs_egret5.js:4 ,351,1950, 13200
merged_libs_egret5.js:4 ,354,1930, 13310
merged_libs_egret5.js:4 ,357,1895, 13355
merged_libs_egret5.js:4 ,360,1830, 13420
merged_libs_egret5.js:4 ,363,1760, 13490
merged_libs_egret5.js:4 ,366,2000, 13870
merged_libs_egret5.js:4 ,369,2265, 14265
merged_libs_egret5.js:4 ,372,2200, 14350
merged_libs_egret5.js:4 ,375,2125, 14425
merged_libs_egret5.js:4 ,378,2050, 14500
merged_libs_egret5.js:4 ,381,2425, 15015
merged_libs_egret5.js:4 ,384,2350, 15090
merged_libs_egret5.js:4 ,387,2610, 15440
merged_libs_egret5.js:4 ,390,2600, 15570
merged_libs_egret5.js:4 ,393,2550, 15640
merged_libs_egret5.js:4 ,396,2475, 15715
merged_libs_egret5.js:4 ,399,2435, 15815
merged_libs_egret5.js:4 ,402,2390, 15910
merged_libs_egret5.js:4 ,405,2375, 16015
merged_libs_egret5.js:4 ,408,2445, 16225
merged_libs_egret5.js:4 ,411,2365, 16305
merged_libs_egret5.js:4 ,414,2295, 16375
merged_libs_egret5.js:4 ,417,2220, 16450
merged_libs_egret5.js:4 ,420,2165, 16515
merged_libs_egret5.js:4 ,423,2495, 16985
merged_libs_egret5.js:4 ,426,2505, 17115
merged_libs_egret5.js:4 ,429,2475, 17185
merged_libs_egret5.js:4 ,432,2430, 17260
merged_libs_egret5.js:4 ,435,2770, 17730
merged_libs_egret5.js:4 ,438,2695, 17815
merged_libs_egret5.js:4 ,441,2645, 17875
merged_libs_egret5.js:4 ,444,2620, 18010
merged_libs_egret5.js:4 ,447,2625, 18115
merged_libs_egret5.js:4 ,450,2570, 18180
merged_libs_egret5.js:4 ,453,2495, 18255
merged_libs_egret5.js:4 ,456,2435, 18325
merged_libs_egret5.js:4 ,459,2380, 18420
merged_libs_egret5.js:4 ,462,2360, 18520
merged_libs_egret5.js:4 ,465,2435, 18685
merged_libs_egret5.js:4 ,468,2435, 18685
merged_libs_egret5.js:4 ,471,2415, 18705
merged_libs_egret5.js:4 ,474,2400, 18780
merged_libs_egret5.js:4 ,477,2400, 18870
merged_libs_egret5.js:4 ,480,2345, 18965
merged_libs_egret5.js:4 ,483,2275, 19045
merged_libs_egret5.js:4 ,486,2200, 19120
merged_libs_egret5.js:4 ,489,2125, 19195
merged_libs_egret5.js:4 ,492,2120, 19300
merged_libs_egret5.js:4 ,495,2045, 19385
merged_libs_egret5.js:4 ,498,2000, 19450
merged_libs_egret5.js:4 ,501,2020, 19620
merged_libs_egret5.js:4 ,504,1945, 19695
merged_libs_egret5.js:4 ,507,1915, 19795
merged_libs_egret5.js:4 ,510,1855, 19875
merged_libs_egret5.js:4 ,513,1975, 20145
merged_libs_egret5.js:4 ,516,1990, 20270
merged_libs_egret5.js:4 ,519,1935, 20345
merged_libs_egret5.js:4 ,522,1895, 20435
merged_libs_egret5.js:4 ,525,1860, 20520
merged_libs_egret5.js:4 ,528,1800, 20590
merged_libs_egret5.js:4 ,531,1745, 20685
merged_libs_egret5.js:4 ,534,1695, 20765
merged_libs_egret5.js:4 ,537,1900, 21120
merged_libs_egret5.js:4 ,540,1900, 21220
merged_libs_egret5.js:4 ,543,2245, 21665
merged_libs_egret5.js:4 ,546,2360, 21950
merged_libs_egret5.js:4 ,549,2290, 22020
merged_libs_egret5.js:4 ,552,2215, 22095
merged_libs_egret5.js:4 ,555,2145, 22175
merged_libs_egret5.js:4 ,558,2190, 22320
merged_libs_egret5.js:4 ,561,2480, 22710
merged_libs_egret5.js:4 ,564,2440, 22810
merged_libs_egret5.js:4 ,567,2390, 22910
merged_libs_egret5.js:4 ,570,2345, 22995
merged_libs_egret5.js:4 ,573,2315, 23075
merged_libs_egret5.js:4 ,576,2355, 23125
merged_libs_egret5.js:4 ,579,2355, 23125
merged_libs_egret5.js:4 ,582,2375, 23165
merged_libs_egret5.js:4 ,585,2375, 23265
merged_libs_egret5.js:4 ,588,2350, 23370
merged_libs_egret5.js:4 ,591,2295, 23455
merged_libs_egret5.js:4 ,594,2280, 23540
merged_libs_egret5.js:4 ,597,2265, 23625
merged_libs_egret5.js:4 ,600,2230, 23690
merged_libs_egret5.js:4 ,603,2235, 23765
merged_libs_egret5.js:4 ,606,2220, 23860
merged_libs_egret5.js:4 ,609,2200, 23960
merged_libs_egret5.js:4 ,612,2175, 24045
merged_libs_egret5.js:4 ,615,2150, 24140
merged_libs_egret5.js:4 ,618,2115, 24225
merged_libs_egret5.js:4 ,621,2055, 24285
merged_libs_egret5.js:4 ,624,2120, 24510
merged_libs_egret5.js:4 ,627,2060, 24570
merged_libs_egret5.js:4 ,630,1975, 24655
merged_libs_egret5.js:4 ,633,1905, 24725
merged_libs_egret5.js:4 ,636,1825, 24805
merged_libs_egret5.js:4 ,639,1760, 24880
merged_libs_egret5.js:4 ,642,1755, 24965
merged_libs_egret5.js:4 ,645,1735, 25065
merged_libs_egret5.js:4 ,648,1695, 25175
merged_libs_egret5.js:4 ,651,1640, 25250
merged_libs_egret5.js:4 ,654,1770, 25510
merged_libs_egret5.js:4 ,657,1730, 25590
merged_libs_egret5.js:4 ,660,1665, 25655
merged_libs_egret5.js:4 ,663,1610, 25740
merged_libs_egret5.js:4 ,666,1650, 25900
merged_libs_egret5.js:4 ,669,1575, 25975
merged_libs_egret5.js:4 ,672,1595, 26075
merged_libs_egret5.js:4 ,675,2060, 26660
merged_libs_egret5.js:4 ,678,1985, 26735
merged_libs_egret5.js:4 ,681,2000, 26850
merged_libs_egret5.js:4 ,684,1930, 26930
merged_libs_egret5.js:4 ,687,2055, 27195
merged_libs_egret5.js:4 ,690,1985, 27275
merged_libs_egret5.js:4 ,693,2285, 27715
merged_libs_egret5.js:4 ,696,2210, 27790
merged_libs_egret5.js:4 ,699,2155, 27845
merged_libs_egret5.js:4 ,702,2100, 27920
merged_libs_egret5.js:4 ,705,2045, 28025
merged_libs_egret5.js:4 ,708,1975, 28095
merged_libs_egret5.js:4 ,711,1945, 28215
merged_libs_egret5.js:4 ,714,1950, 28350
merged_libs_egret5.js:4 ,717,1875, 28425
merged_libs_egret5.js:4 ,720,1825, 28495
merged_libs_egret5.js:4 ,723,1790, 28570
merged_libs_egret5.js:4 ,726,1735, 28655
merged_libs_egret5.js:4 ,729,1690, 28720
merged_libs_egret5.js:4 ,732,1805, 28995
merged_libs_egret5.js:4 ,735,1730, 29070
merged_libs_egret5.js:4 ,738,1670, 29150
merged_libs_egret5.js:4 ,741,1620, 29240
merged_libs_egret5.js:4 ,744,1545, 29315
merged_libs_egret5.js:4 ,747,1505, 29395
merged_libs_egret5.js:4 ,750,1440, 29460
merged_libs_egret5.js:4 ,753,1405, 29545
merged_libs_egret5.js:4 ,756,1415, 29725
merged_libs_egret5.js:4 ,759,1340, 29800
merged_libs_egret5.js:4 ,762,1515, 30115
merged_libs_egret5.js:4 ,765,1455, 30185
merged_libs_egret5.js:4 ,768,1375, 30265
merged_libs_egret5.js:4 ,771,1310, 30330
merged_libs_egret5.js:4 ,774,1260, 30420
merged_libs_egret5.js:4 ,777,1205, 30515
merged_libs_egret5.js:4 ,780,1130, 30590
merged_libs_egret5.js:4 ,783,1110, 30670
merged_libs_egret5.js:4 ,786,1035, 30745
merged_libs_egret5.js:4 ,789,960, 30820
merged_libs_egret5.js:4 ,792,880, 30900
merged_libs_egret5.js:4 ,795,970, 31120
merged_libs_egret5.js:4 ,798,960, 31240
merged_libs_egret5.js:4 ,801,915, 31325
merged_libs_egret5.js:4 ,804,1245, 31785
merged_libs_egret5.js:4 ,807,1175, 31855
merged_libs_egret5.js:4 ,810,1140, 31940
merged_libs_egret5.js:4 ,813,1125, 32045
merged_libs_egret5.js:4 ,816,1145, 32215
merged_libs_egret5.js:4 ,819,1115, 32305
merged_libs_egret5.js:4 ,822,1075, 32405
merged_libs_egret5.js:4 ,825,1075, 32495
merged_libs_egret5.js:4 ,828,1410, 32950
merged_libs_egret5.js:4 ,831,1695, 33325
merged_libs_egret5.js:4 ,834,1685, 33375
merged_libs_egret5.js:4 ,837,1685, 33495
merged_libs_egret5.js:4 ,840,1900, 33860
merged_libs_egret5.js:4 ,843,1820, 33940
merged_libs_egret5.js:4 ,846,1750, 34010
merged_libs_egret5.js:4 ,849,1670, 34090
merged_libs_egret5.js:4 ,852,1595, 34165
merged_libs_egret5.js:4 ,855,1525, 34235
merged_libs_egret5.js:4 ,858,1450, 34310
merged_libs_egret5.js:4 ,861,1410, 34410
merged_libs_egret5.js:4 ,864,1380, 34480
merged_libs_egret5.js:4 ,867,1380, 34480
merged_libs_egret5.js:4 ,870,1680, 34780
merged_libs_egret5.js:4 ,873,2275, 35435
merged_libs_egret5.js:4 ,876,2235, 35545
merged_libs_egret5.js:4 ,879,2185, 35635
merged_libs_egret5.js:4 ,882,2160, 35720
merged_libs_egret5.js:4 ,885,2470, 36120
merged_libs_egret5.js:4 ,888,2505, 36285
merged_libs_egret5.js:4 ,891,2470, 36340
merged_libs_egret5.js:4 ,894,2435, 36445
merged_libs_egret5.js:4 ,897,2345, 36545
merged_libs_egret5.js:4 ,900,2275, 36615
merged_libs_egret5.js:4 ,903,2230, 36690
merged_libs_egret5.js:4 ,906,2180, 36750
merged_libs_egret5.js:4 ,909,2090, 36840
merged_libs_egret5.js:4 ,912,2020, 36920
merged_libs_egret5.js:4 ,915,1990, 37010
merged_libs_egret5.js:4 ,918,2040, 37160
merged_libs_egret5.js:4 ,921,1950, 37250
merged_libs_egret5.js:4 ,924,1975, 37415
merged_libs_egret5.js:4 ,927,1900, 37490
merged_libs_egret5.js:4 ,930,1900, 37600
merged_libs_egret5.js:4 ,933,2170, 37960
merged_libs_egret5.js:4 ,936,2170, 37960
merged_libs_egret5.js:4 ,939,2180, 38000
merged_libs_egret5.js:4 ,942,2205, 38075
merged_libs_egret5.js:4 ,945,2220, 38140
merged_libs_egret5.js:4 ,948,2175, 38235
merged_libs_egret5.js:4 ,951,2110, 38310
merged_libs_egret5.js:4 ,954,2100, 38390
merged_libs_egret5.js:4 ,957,2095, 38455
merged_libs_egret5.js:4 ,960,2065, 38505
merged_libs_egret5.js:4 ,963,2065, 38595
merged_libs_egret5.js:4 ,966,2075, 38705
merged_libs_egret5.js:4 ,969,2045, 38795
merged_libs_egret5.js:4 ,972,2065, 38895
merged_libs_egret5.js:4 ,975,1995, 38985
merged_libs_egret5.js:4 ,978,1940, 39040
azwanp.trafficmanager.net/img/r20.gif?rnd=1-1-23917-0-0-37556-1228369525-_CgJqMRAUGHUiBggBEO26ASj13N3JBDCPo-XpBTiOo-XpBUCov63BAUoQCAQQ2QEYhhsgACjmkYCgBFAAWgoIABAAGAAgACgAYAFqE2J1dHRvbjEuaGtnLmh2LnByb2SCARAIBBDZARisJSAAKOSRgKAEiAHLk8G1DJABAJgBAA:1 GET https://azwanp.trafficmanager.net/img/r20.gif?rnd=1-1-23917-0-0-37556-1228369525-_CgJqMRAUGHUiBggBEO26ASj13N3JBDCPo-XpBTiOo-XpBUCov63BAUoQCAQQ2QEYhhsgACjmkYCgBFAAWgoIABAAGAAgACgAYAFqE2J1dHRvbjEuaGtnLmh2LnByb2SCARAIBBDZARisJSAAKOSRgKAEiAHLk8G1DJABAJgBAA net::ERR_CONNECTION_TIMED_OUT
Image (async)
Q.<computed> @ VM21 radar.js:88
(anonymous) @ VM21 radar.js:90
_.I @ VM21 radar.js:20
_.k.sa @ VM21 radar.js:90
e.o @ VM21 radar.js:22
fb @ VM21 radar.js:24
$a @ VM21 radar.js:24
_.k.Pa @ VM21 radar.js:81
Oa @ VM21 radar.js:19
Promise.then (async)
Ja @ VM21 radar.js:19
Na @ VM21 radar.js:18
ab @ VM21 radar.js:23
_.k.M @ VM21 radar.js:81
(anonymous) @ VM21 radar.js:20
_.k.D @ VM21 radar.js:91
Fc @ VM21 radar.js:50
Hc @ VM21 radar.js:50
(anonymous) @ VM21 radar.js:9
load (async)
Q.<computed> @ VM21 radar.js:88
(anonymous) @ VM21 radar.js:90
_.I @ VM21 radar.js:20
_.k.sa @ VM21 radar.js:90
e.o @ VM21 radar.js:22
fb @ VM21 radar.js:24
$a @ VM21 radar.js:24
_.k.Pa @ VM21 radar.js:81
Oa @ VM21 radar.js:19
Promise.then (async)
Ja @ VM21 radar.js:19
Na @ VM21 radar.js:18
ab @ VM21 radar.js:23
_.k.M @ VM21 radar.js:81
(anonymous) @ VM21 radar.js:20
_.k.D @ VM21 radar.js:91
ud @ VM21 radar.js:67
(anonymous) @ VM21 radar.js:9
Tc @ VM21 radar.js:57
_.k.dispatchEvent @ VM21 radar.js:83
qd @ VM21 radar.js:65
_.k.gb @ VM21 radar.js:87
_.k.Ba @ VM21 radar.js:87
XMLHttpRequest.send (async)
_.k.send @ VM21 radar.js:86
Q.<computed> @ VM21 radar.js:90
(anonymous) @ VM21 radar.js:90
_.I @ VM21 radar.js:20
_.k.sa @ VM21 radar.js:90
e.o @ VM21 radar.js:22
fb @ VM21 radar.js:24
$a @ VM21 radar.js:24
_.k.Pa @ VM21 radar.js:81
Oa @ VM21 radar.js:19
Promise.then (async)
Ja @ VM21 radar.js:19
Na @ VM21 radar.js:18
ab @ VM21 radar.js:23
_.k.M @ VM21 radar.js:81
(anonymous) @ VM21 radar.js:20
_.k.D @ VM21 radar.js:91
Fc @ VM21 radar.js:50
Hc @ VM21 radar.js:50
(anonymous) @ VM21 radar.js:9
load (async)
Q.<computed> @ VM21 radar.js:88
(anonymous) @ VM21 radar.js:90
_.I @ VM21 radar.js:20
_.k.sa @ VM21 radar.js:90
e.o @ VM21 radar.js:22
fb @ VM21 radar.js:24
$a @ VM21 radar.js:24
_.k.Pa @ VM21 radar.js:81
Oa @ VM21 radar.js:19
Promise.then (async)
Ja @ VM21 radar.js:19
Na @ VM21 radar.js:18
ab @ VM21 radar.js:23
_.k.M @ VM21 radar.js:81
(anonymous) @ VM21 radar.js:20
_.k.D @ VM21 radar.js:91
Fc @ VM21 radar.js:50
Hc @ VM21 radar.js:50
(anonymous) @ VM21 radar.js:9
load (async)
Q.<computed> @ VM21 radar.js:88
(anonymous) @ VM21 radar.js:90
_.I @ VM21 radar.js:20
_.k.sa @ VM21 radar.js:90
e.o @ VM21 radar.js:22
fb @ VM21 radar.js:24
$a @ VM21 radar.js:24
_.k.Pa @ VM21 radar.js:81
Oa @ VM21 radar.js:19
Promise.then (async)
Ja @ VM21 radar.js:19
Na @ VM21 radar.js:18
ab @ VM21 radar.js:23
_.k.M @ VM21 radar.js:81
(anonymous) @ VM21 radar.js:20
_.k.D @ VM21 radar.js:91
ud @ VM21 radar.js:67
(anonymous) @ VM21 radar.js:9
Tc @ VM21 radar.js:57
_.k.dispatchEvent @ VM21 radar.js:83
qd @ VM21 radar.js:65
_.k.gb @ VM21 radar.js:87
_.k.Ba @ VM21 radar.js:87
XMLHttpRequest.send (async)
_.k.send @ VM21 radar.js:86
Q.<computed> @ VM21 radar.js:90
(anonymous) @ VM21 radar.js:90
_.I @ VM21 radar.js:20
_.k.sa @ VM21 radar.js:90
e.o @ VM21 radar.js:22
fb @ VM21 radar.js:24
$a @ VM21 radar.js:24
_.k.Pa @ VM21 radar.js:81
Oa @ VM21 radar.js:19
Promise.then (async)
Ja @ VM21 radar.js:19
Na @ VM21 radar.js:18
ab @ VM21 radar.js:23
_.k.M @ VM21 radar.js:81
(anonymous) @ VM21 radar.js:20
_.k.D @ VM21 radar.js:91
Fc @ VM21 radar.js:50
Hc @ VM21 radar.js:50
(anonymous) @ VM21 radar.js:9
load (async)
Q.<computed> @ VM21 radar.js:88
(anonymous) @ VM21 radar.js:90
_.I @ VM21 radar.js:20
_.k.sa @ VM21 radar.js:90
e.o @ VM21 radar.js:22
fb @ VM21 radar.js:24
$a @ VM21 radar.js:24
_.k.Pa @ VM21 radar.js:81
Oa @ VM21 radar.js:19
Promise.then (async)
Ja @ VM21 radar.js:19
Na @ VM21 radar.js:18
ab @ VM21 radar.js:23
_.k.M @ VM21 radar.js:81
(anonymous) @ VM21 radar.js:20
_.k.D @ VM21 radar.js:91
Fc @ VM21 radar.js:50
Hc @ VM21 radar.js:50
(anonymous) @ VM21 radar.js:9
load (async)
Q.<computed> @ VM21 radar.js:88
(anonymous) @ VM21 radar.js:90
_.I @ VM21 radar.js:20
_.k.sa @ VM21 radar.js:90
e.o @ VM21 radar.js:22
fb @ VM21 radar.js:24
$a @ VM21 radar.js:24
_.k.Pa @ VM21 radar.js:81
Oa @ VM21 radar.js:19
Promise.then (async)
Ja @ VM21 radar.js:19
Na @ VM21 radar.js:18
ab @ VM21 radar.js:23
_.k.M @ VM21 radar.js:81
(anonymous) @ VM21 radar.js:20
_.k.D @ VM21 radar.js:91
Fc @ VM21 radar.js:50
Hc @ VM21 radar.js:50
(anonymous) @ VM21 radar.js:9
load (async)
Q.<computed> @ VM21 radar.js:88
(anonymous) @ VM21 radar.js:90
_.I @ VM21 radar.js:20
_.k.sa @ VM21 radar.js:90
e.o @ VM21 radar.js:22
fb @ VM21 radar.js:24
$a @ VM21 radar.js:24
_.k.Pa @ VM21 radar.js:81
Oa @ VM21 radar.js:19
Promise.then (async)
Ja @ VM21 radar.js:19
Na @ VM21 radar.js:18
ab @ VM21 radar.js:23
_.k.M @ VM21 radar.js:81
(anonymous) @ VM21 radar.js:20
_.k.D @ VM21 radar.js:91
Fc @ VM21 radar.js:50
Hc @ VM21 radar.js:50
(anonymous) @ VM21 radar.js:9
load (async)
Q.<computed> @ VM21 radar.js:88
(anonymous) @ VM21 radar.js:90
_.I @ VM21 radar.js:20
_.k.sa @ VM21 radar.js:90
e.o @ VM21 radar.js:22
fb @ VM21 radar.js:24
$a @ VM21 radar.js:24
_.k.Pa @ VM21 radar.js:81
Oa @ VM21 radar.js:19
Promise.then (async)
Ja @ VM21 radar.js:19
Na @ VM21 radar.js:18
ab @ VM21 radar.js:23
_.k.M @ VM21 radar.js:81
(anonymous) @ VM21 radar.js:20
_.k.D @ VM21 radar.js:91
Fc @ VM21 radar.js:50
Hc @ VM21 radar.js:50
(anonymous) @ VM21 radar.js:9
load (async)
Q.<computed> @ VM21 radar.js:88
(anonymous) @ VM21 radar.js:90
_.I @ VM21 radar.js:20
_.k.sa @ VM21 radar.js:90
e.o @ VM21 radar.js:22
fb @ VM21 radar.js:24
$a @ VM21 radar.js:24
_.k.Pa @ VM21 radar.js:81
Oa @ VM21 radar.js:19
Promise.then (async)
Ja @ VM21 radar.js:19
Na @ VM21 radar.js:18
ab @ VM21 radar.js:23
_.k.M @ VM21 radar.js:81
(anonymous) @ VM21 radar.js:20
_.k.D @ VM21 radar.js:91
ud @ VM21 radar.js:67
(anonymous) @ VM21 radar.js:9
Tc @ VM21 radar.js:57
_.k.dispatchEvent @ VM21 radar.js:83
qd @ VM21 radar.js:65
_.k.gb @ VM21 radar.js:87
_.k.Ba @ VM21 radar.js:87
XMLHttpRequest.send (async)
_.k.send @ VM21 radar.js:86
Q.<computed> @ VM21 radar.js:90
(anonymous) @ VM21 radar.js:90
_.I @ VM21 radar.js:20
_.k.sa @ VM21 radar.js:90
e.o @ VM21 radar.js:22
fb @ VM21 radar.js:24
$a @ VM21 radar.js:24
_.k.Pa @ VM21 radar.js:81
Oa @ VM21 radar.js:19
Promise.then (async)
Ja @ VM21 radar.js:19
Na @ VM21 radar.js:18
ab @ VM21 radar.js:23
_.k.M @ VM21 radar.js:81
(anonymous) @ VM21 radar.js:20
_.k.D @ VM21 radar.js:91
Fc @ VM21 radar.js:50
Hc @ VM21 radar.js:50
(anonymous) @ VM21 radar.js:9
load (async)
Q.<computed> @ VM21 radar.js:88
(anonymous) @ VM21 radar.js:90
_.I @ VM21 radar.js:20
_.k.sa @ VM21 radar.js:90
e.o @ VM21 radar.js:22
fb @ VM21 radar.js:24
$a @ VM21 radar.js:24
_.k.Pa @ VM21 radar.js:81
Oa @ VM21 radar.js:19
Promise.then (async)
Ja @ VM21 radar.js:19
Na @ VM21 radar.js:18
ab @ VM21 radar.js:23
_.k.M @ VM21 radar.js:81
(anonymous) @ VM21 radar.js:20
_.k.D @ VM21 radar.js:91
Fc @ VM21 radar.js:50
Hc @ VM21 radar.js:50
(anonymous) @ VM21 radar.js:9
load (async)
Q.<computed> @ VM21 radar.js:88
(anonymous) @ VM21 radar.js:90
_.I @ VM21 radar.js:20
_.k.sa @ VM21 radar.js:90
e.o @ VM21 radar.js:22
fb @ VM21 radar.js:24
$a @ VM21 radar.js:24
_.k.Pa @ VM21 radar.js:81
Oa @ VM21 radar.js:19
Promise.then (async)
Ja @ VM21 radar.js:19
Na @ VM21 radar.js:18
ab @ VM21 radar.js:23
_.k.M @ VM21 radar.js:81
(anonymous) @ VM21 radar.js:20
_.k.D @ VM21 radar.js:91
Fc @ VM21 radar.js:50
Hc @ VM21 radar.js:50
(anonymous) @ VM21 radar.js:9
load (async)
Q.<computed> @ VM21 radar.js:88
(anonymous) @ VM21 radar.js:90
_.I @ VM21 radar.js:20
_.k.sa @ VM21 radar.js:90
e.o @ VM21 radar.js:22
fb @ VM21 radar.js:24
$a @ VM21 radar.js:24
_.k.Pa @ VM21 radar.js:81
Oa @ VM21 radar.js:19
Promise.then (async)
Ja @ VM21 radar.js:19
Na @ VM21 radar.js:18
ab @ VM21 radar.js:23
_.k.M @ VM21 radar.js:81
(anonymous) @ VM21 radar.js:20
_.k.D @ VM21 radar.js:91
Fc @ VM21 radar.js:50
Hc @ VM21 radar.js:50
(anonymous) @ VM21 radar.js:9
load (async)
Q.<computed> @ VM21 radar.js:88
(anonymous) @ VM21 radar.js:90
_.I @ VM21 radar.js:20
_.k.sa @ VM21 radar.js:90
e.o @ VM21 radar.js:22
fb @ VM21 radar.js:24
$a @ VM21 radar.js:24
_.k.Pa @ VM21 radar.js:81
Oa @ VM21 radar.js:19
Promise.then (async)
Ja @ VM21 radar.js:19
Na @ VM21 radar.js:18
ab @ VM21 radar.js:23
_.k.M @ VM21 radar.js:81
(anonymous) @ VM21 radar.js:20
_.k.D @ VM21 radar.js:91
Fc @ VM21 radar.js:50
Hc @ VM21 radar.js:50
(anonymous) @ VM21 radar.js:9
merged_libs_egret5.js:4 ,981,2035, 39235
merged_libs_egret5.js:4 ,984,1960, 39310
merged_libs_egret5.js:4 ,987,1980, 39480
merged_libs_egret5.js:4 ,990,1935, 39525
merged_libs_egret5.js:4 ,993,1925, 39685
merged_libs_egret5.js:4 ,996,1870, 39760
merged_libs_egret5.js:4 ,999,1825, 39825
merged_libs_egret5.js:4 ,1002,1760, 39900
merged_libs_egret5.js:4 ,1005,1685, 39975
merged_libs_egret5.js:4 ,1008,1625, 40055
merged_libs_egret5.js:4 ,1011,1540, 40140
merged_libs_egret5.js:4 ,1014,1465, 40215
merged_libs_egret5.js:4 ,1017,1390, 40290
merged_libs_egret5.js:4 ,1020,1330, 40350
merged_libs_egret5.js:4 ,1023,1305, 40425
merged_libs_egret5.js:4 ,1026,1230, 40500
merged_libs_egret5.js:4 ,1029,1155, 40575
merged_libs_egret5.js:4 ,1032,1075, 40655
merged_libs_egret5.js:4 ,1035,1010, 40720
merged_libs_egret5.js:4 ,1038,1345, 41175
merged_libs_egret5.js:4 ,1041,1290, 41230
merged_libs_egret5.js:4 ,1044,1210, 41310
merged_libs_egret5.js:4 ,1047,1135, 41385
merged_libs_egret5.js:4 ,1050,1060, 41460
merged_libs_egret5.js:4 ,1053,985, 41535
merged_libs_egret5.js:4 ,1056,915, 41605
merged_libs_egret5.js:4 ,1059,1265, 42045
merged_libs_egret5.js:4 ,1062,1190, 42120
merged_libs_egret5.js:4 ,1065,1135, 42195
merged_libs_egret5.js:4 ,1068,1060, 42270
merged_libs_egret5.js:4 ,1071,985, 42345
merged_libs_egret5.js:4 ,1074,910, 42420
merged_libs_egret5.js:4 ,1077,865, 42495
merged_libs_egret5.js:4 ,1080,870, 42600
merged_libs_egret5.js:4 ,1083,805, 42665
merged_libs_egret5.js:4 ,1086,730, 42740
merged_libs_egret5.js:4 ,1089,730, 42780
merged_libs_egret5.js:4 ,1092,730, 42780
merged_libs_egret5.js:4 ,1095,730, 42780
merged_libs_egret5.js:4 ,1098,675, 42835
merged_libs_egret5.js:4 ,1101,620, 42920
merged_libs_egret5.js:4 ,1104,545, 42995
merged_libs_egret5.js:4 ,1107,475, 43065
merged_libs_egret5.js:4 ,1110,450, 43170
merged_libs_egret5.js:4 ,1113,375, 43245
merged_libs_egret5.js:4 ,1116,300, 43320
merged_libs_egret5.js:4 ,1119,555, 43675
merged_libs_egret5.js:4 ,1122,595, 43825
merged_libs_egret5.js:4 ,1125,520, 43900
merged_libs_egret5.js:4 ,1128,455, 43975
merged_libs_egret5.js:4 ,1131,1130, 44780
merged_libs_egret5.js:4 ,1134,1060, 44850
merged_libs_egret5.js:4 ,1137,1920, 45770
merged_libs_egret5.js:4 ,1140,1970, 45860
merged_libs_egret5.js:4 [error.....][ParseErrorMessageByGameDataProxyCommand]	 Status: DisconnectLost
t.error @ merged_libs_egret5.js:4
e.print @ main.min.js:20
e.error @ main.min.js:20
t.parse @ main.min.js:4
t.execute @ main.min.js:4
e.executeCommand @ merged_jdbbase.js:1
t.notifyObserver @ merged_jdbbase.js:1
e.notifyObservers @ merged_jdbbase.js:1
e.notifyObservers @ merged_jdbbase.js:1
e.sendNotification @ merged_jdbbase.js:1
e.sendNotification @ merged_jdbbase.js:1
t.handleNotification @ main.min.js:10
t.notifyObserver @ merged_jdbbase.js:1
e.notifyObservers @ merged_jdbbase.js:1
e.notifyObservers @ merged_jdbbase.js:1
e.sendNotification @ merged_jdbbase.js:1
e.sendNotification @ merged_jdbbase.js:1
t.onConnectionLost @ main.min.js:18
SFS2X.EventDispatcher.dispatchEvent @ merged_jdbbase.js:174
SFS2X.SmartFox._dispatchEvent @ merged_jdbbase.js:22
SFS2X.SmartFox._onSocketDisconnect @ merged_jdbbase.js:22
SFS2X.EventDispatcher.dispatchEvent @ merged_jdbbase.js:174
SFS2X.SocketEngine._onSocketDisconnect @ merged_jdbbase.js:314
merged_jdbbase.js:179 [ERROR] You are not connected. Request cannot be sent: CallExtension
merged_jdbbase.js:179 [ERROR] You are not connected. Request cannot be sent: CallExtension
merged_jdbbase.js:179 [ERROR] You are not connected. Request cannot be sent: CallExtension
merged_jdbbase.js:179 [ERROR] You are not connected. Request cannot be sent: CallExtension
merged_jdbbase.js:179 [ERROR] You are not connected. Request cannot be sent: CallExtension
merged_jdbbase.js:179 [ERROR] You are not connected. Request cannot be sent: CallExtension
merged_jdbbase.js:179 [ERROR] You are not connected. Request cannot be sent: CallExtension
merged_jdbbase.js:179 [ERROR] You are not connected. Request cannot be sent: CallExtension
merged_jdbbase.js:179 [ERROR] You are not connected. Request cannot be sent: CallExtension
merged_jdbbase.js:179 [ERROR] You are not connected. Request cannot be sent: CallExtension
merged_jdbbase.js:179 [ERROR] You are not connected. Request cannot be sent: CallExtension
merged_jdbbase.js:179 [ERROR] You are not connected. Request cannot be sent: CallExtension
merged_libs_egret5.js:4 ,1143,1970, 45860
merged_jdbbase.js:179 [ERROR] You are not connected. Request cannot be sent: CallExtension
merged_jdbbase.js:179 [ERROR] You are not connected. Request cannot be sent: CallExtension
merged_jdbbase.js:179 [ERROR] You are not connected. Request cannot be sent: CallExtension
merged_libs_egret5.js:4 ,1146,1970, 45860
merged_libs_egret5.js:4 ,1149,1970, 45860
