6b3fa00747f9dd324ead.js:2 GET https://www.google-analytics.com/analytics.js net::ERR_ABORTED 500
(anonymous) @ 6b3fa00747f9dd324ead.js:2
(anonymous) @ 6b3fa00747f9dd324ead.js:2
T @ 6b3fa00747f9dd324ead.js:2
z.default @ 6b3fa00747f9dd324ead.js:2
t.use @ 313b56cf5c96a14844d8.js:2
(anonymous) @ 86ca081133c75371e7d9.js:1
j @ 313b56cf5c96a14844d8.js:2
(anonymous) @ 313b56cf5c96a14844d8.js:2
t.<computed> @ 313b56cf5c96a14844d8.js:2
r @ 313b56cf5c96a14844d8.js:2
l @ 313b56cf5c96a14844d8.js:2
(anonymous) @ 313b56cf5c96a14844d8.js:2
(anonymous) @ 313b56cf5c96a14844d8.js:2
$e @ 86ca081133c75371e7d9.js:1
Te @ 86ca081133c75371e7d9.js:1
(anonymous) @ 86ca081133c75371e7d9.js:1
j @ 313b56cf5c96a14844d8.js:2
(anonymous) @ 313b56cf5c96a14844d8.js:2
t.<computed> @ 313b56cf5c96a14844d8.js:2
r @ 313b56cf5c96a14844d8.js:2
l @ 313b56cf5c96a14844d8.js:2
Promise.then (async)
r @ 313b56cf5c96a14844d8.js:2
l @ 313b56cf5c96a14844d8.js:2
Promise.then (async)
r @ 313b56cf5c96a14844d8.js:2
l @ 313b56cf5c96a14844d8.js:2
Promise.then (async)
r @ 313b56cf5c96a14844d8.js:2
l @ 313b56cf5c96a14844d8.js:2
Promise.then (async)
r @ 313b56cf5c96a14844d8.js:2
l @ 313b56cf5c96a14844d8.js:2
(anonymous) @ 313b56cf5c96a14844d8.js:2
(anonymous) @ 313b56cf5c96a14844d8.js:2
Ke @ 86ca081133c75371e7d9.js:1
(anonymous) @ 86ca081133c75371e7d9.js:1
340 @ 86ca081133c75371e7d9.js:1
o @ 51c79211789c856e4191.js:1
255 @ 86ca081133c75371e7d9.js:1
o @ 51c79211789c856e4191.js:1
f @ 51c79211789c856e4191.js:1
c @ 51c79211789c856e4191.js:1
(anonymous) @ 86ca081133c75371e7d9.js:1
6b3fa00747f9dd324ead.js:2 [vue-analytics] An error occured! Please check your connection, if you have any Google Analytics blocker installed in your browser or check your custom resource URL if you have added any.
(anonymous) @ 6b3fa00747f9dd324ead.js:2
Promise.catch (async)
T @ 6b3fa00747f9dd324ead.js:2
z.default @ 6b3fa00747f9dd324ead.js:2
t.use @ 313b56cf5c96a14844d8.js:2
(anonymous) @ 86ca081133c75371e7d9.js:1
j @ 313b56cf5c96a14844d8.js:2
(anonymous) @ 313b56cf5c96a14844d8.js:2
t.<computed> @ 313b56cf5c96a14844d8.js:2
r @ 313b56cf5c96a14844d8.js:2
l @ 313b56cf5c96a14844d8.js:2
(anonymous) @ 313b56cf5c96a14844d8.js:2
(anonymous) @ 313b56cf5c96a14844d8.js:2
$e @ 86ca081133c75371e7d9.js:1
Te @ 86ca081133c75371e7d9.js:1
(anonymous) @ 86ca081133c75371e7d9.js:1
j @ 313b56cf5c96a14844d8.js:2
(anonymous) @ 313b56cf5c96a14844d8.js:2
t.<computed> @ 313b56cf5c96a14844d8.js:2
r @ 313b56cf5c96a14844d8.js:2
l @ 313b56cf5c96a14844d8.js:2
Promise.then (async)
r @ 313b56cf5c96a14844d8.js:2
l @ 313b56cf5c96a14844d8.js:2
Promise.then (async)
r @ 313b56cf5c96a14844d8.js:2
l @ 313b56cf5c96a14844d8.js:2
Promise.then (async)
r @ 313b56cf5c96a14844d8.js:2
l @ 313b56cf5c96a14844d8.js:2
Promise.then (async)
r @ 313b56cf5c96a14844d8.js:2
l @ 313b56cf5c96a14844d8.js:2
(anonymous) @ 313b56cf5c96a14844d8.js:2
(anonymous) @ 313b56cf5c96a14844d8.js:2
Ke @ 86ca081133c75371e7d9.js:1
(anonymous) @ 86ca081133c75371e7d9.js:1
340 @ 86ca081133c75371e7d9.js:1
o @ 51c79211789c856e4191.js:1
255 @ 86ca081133c75371e7d9.js:1
o @ 51c79211789c856e4191.js:1
f @ 51c79211789c856e4191.js:1
c @ 51c79211789c856e4191.js:1
(anonymous) @ 86ca081133c75371e7d9.js:1
313b56cf5c96a14844d8.js:2 GET https://radar.cedexis.com/1/23917/radar.js net::ERR_ABORTED 500
(anonymous) @ 313b56cf5c96a14844d8.js:2
(anonymous) @ 313b56cf5c96a14844d8.js:2
(anonymous) @ 313b56cf5c96a14844d8.js:2
(anonymous) @ 313b56cf5c96a14844d8.js:2
(anonymous) @ 313b56cf5c96a14844d8.js:2
(anonymous) @ 313b56cf5c96a14844d8.js:2
(anonymous) @ 313b56cf5c96a14844d8.js:2
requestAnimationFrame (async)
Y @ 313b56cf5c96a14844d8.js:2
(anonymous) @ 313b56cf5c96a14844d8.js:2
wn.run @ 313b56cf5c96a14844d8.js:2
bn @ 313b56cf5c96a14844d8.js:2
(anonymous) @ 313b56cf5c96a14844d8.js:2
ie @ 313b56cf5c96a14844d8.js:2
Promise.then (async)
ee @ 313b56cf5c96a14844d8.js:2
ue @ 313b56cf5c96a14844d8.js:2
(anonymous) @ 313b56cf5c96a14844d8.js:2
wn.update @ 313b56cf5c96a14844d8.js:2
wt.notify @ 313b56cf5c96a14844d8.js:2
(anonymous) @ 313b56cf5c96a14844d8.js:2
addLog @ 86ca081133c75371e7d9.js:1
(anonymous) @ 313b56cf5c96a14844d8.js:2
(anonymous) @ 313b56cf5c96a14844d8.js:2
(anonymous) @ 313b56cf5c96a14844d8.js:2
d._withCommit @ 313b56cf5c96a14844d8.js:2
d.commit @ 313b56cf5c96a14844d8.js:2
commit @ 313b56cf5c96a14844d8.js:2
r.commit @ 313b56cf5c96a14844d8.js:2
setLog @ 86ca081133c75371e7d9.js:1
(anonymous) @ 313b56cf5c96a14844d8.js:2
d.dispatch @ 313b56cf5c96a14844d8.js:2
dispatch @ 313b56cf5c96a14844d8.js:2
(anonymous) @ 30ebd9b5b6eccc956511.js:1
Promise.then (async)
(anonymous) @ 30ebd9b5b6eccc956511.js:1
Promise.then (async)
(anonymous) @ 30ebd9b5b6eccc956511.js:1
Promise.then (async)
initWeb @ 30ebd9b5b6eccc956511.js:1
(anonymous) @ 30ebd9b5b6eccc956511.js:1
Promise.catch (async)
(anonymous) @ 30ebd9b5b6eccc956511.js:1
d @ 6b3fa00747f9dd324ead.js:2
w._settlePromiseFromHandler @ 6b3fa00747f9dd324ead.js:2
w._settlePromise @ 6b3fa00747f9dd324ead.js:2
w._settlePromise0 @ 6b3fa00747f9dd324ead.js:2
w._settlePromises @ 6b3fa00747f9dd324ead.js:2
(anonymous) @ 6b3fa00747f9dd324ead.js:2
Promise.then (async)
c @ 6b3fa00747f9dd324ead.js:2
t.hasDevTools.A.settlePromises @ 6b3fa00747f9dd324ead.js:2
w._fulfill @ 6b3fa00747f9dd324ead.js:2
w._resolveCallback @ 6b3fa00747f9dd324ead.js:2
(anonymous) @ 6b3fa00747f9dd324ead.js:2
(anonymous) @ 86ca081133c75371e7d9.js:1
d @ 6b3fa00747f9dd324ead.js:2
w._settlePromiseFromHandler @ 6b3fa00747f9dd324ead.js:2
w._settlePromise @ 6b3fa00747f9dd324ead.js:2
w._settlePromise0 @ 6b3fa00747f9dd324ead.js:2
w._settlePromises @ 6b3fa00747f9dd324ead.js:2
w._fulfill @ 6b3fa00747f9dd324ead.js:2
t._resolve @ 6b3fa00747f9dd324ead.js:2
r._promiseFulfilled @ 6b3fa00747f9dd324ead.js:2
w._settlePromise @ 6b3fa00747f9dd324ead.js:2
w._settlePromise0 @ 6b3fa00747f9dd324ead.js:2
w._settlePromises @ 6b3fa00747f9dd324ead.js:2
(anonymous) @ 6b3fa00747f9dd324ead.js:2
Promise.then (async)
c @ 6b3fa00747f9dd324ead.js:2
t.hasDevTools.A.settlePromises @ 6b3fa00747f9dd324ead.js:2
w._fulfill @ 6b3fa00747f9dd324ead.js:2
w._resolveCallback @ 6b3fa00747f9dd324ead.js:2
(anonymous) @ 6b3fa00747f9dd324ead.js:2
Promise.then (async)
d @ 6b3fa00747f9dd324ead.js:2
(anonymous) @ 6b3fa00747f9dd324ead.js:2
(anonymous) @ 6b3fa00747f9dd324ead.js:2
t._iterate @ 6b3fa00747f9dd324ead.js:2
M @ 6b3fa00747f9dd324ead.js:2
r._init @ 6b3fa00747f9dd324ead.js:2
r.init @ 6b3fa00747f9dd324ead.js:2
d @ 6b3fa00747f9dd324ead.js:2
z.some @ 6b3fa00747f9dd324ead.js:2
race @ 86ca081133c75371e7d9.js:1
(anonymous) @ 86ca081133c75371e7d9.js:1
O._execute @ 6b3fa00747f9dd324ead.js:2
w._resolveFromExecutor @ 6b3fa00747f9dd324ead.js:2
w @ 6b3fa00747f9dd324ead.js:2
speedTest @ 86ca081133c75371e7d9.js:1
(anonymous) @ 30ebd9b5b6eccc956511.js:1
d @ 6b3fa00747f9dd324ead.js:2
w._settlePromiseFromHandler @ 6b3fa00747f9dd324ead.js:2
w._settlePromise @ 6b3fa00747f9dd324ead.js:2
w._settlePromise0 @ 6b3fa00747f9dd324ead.js:2
w._settlePromises @ 6b3fa00747f9dd324ead.js:2
(anonymous) @ 6b3fa00747f9dd324ead.js:2
Promise.then (async)
c @ 6b3fa00747f9dd324ead.js:2
t.hasDevTools.A.settlePromises @ 6b3fa00747f9dd324ead.js:2
w._fulfill @ 6b3fa00747f9dd324ead.js:2
w._resolveCallback @ 6b3fa00747f9dd324ead.js:2
(anonymous) @ 6b3fa00747f9dd324ead.js:2
(anonymous) @ 86ca081133c75371e7d9.js:1
Promise.then (async)
(anonymous) @ 86ca081133c75371e7d9.js:1
O._execute @ 6b3fa00747f9dd324ead.js:2
w._resolveFromExecutor @ 6b3fa00747f9dd324ead.js:2
w @ 6b3fa00747f9dd324ead.js:2
getLineInfoByEnv @ 86ca081133c75371e7d9.js:1
mounted @ 30ebd9b5b6eccc956511.js:1
Qt @ 313b56cf5c96a14844d8.js:2
fn @ 313b56cf5c96a14844d8.js:2
insert @ 313b56cf5c96a14844d8.js:2
T @ 313b56cf5c96a14844d8.js:2
(anonymous) @ 313b56cf5c96a14844d8.js:2
t._update @ 313b56cf5c96a14844d8.js:2
r @ 313b56cf5c96a14844d8.js:2
wn.get @ 313b56cf5c96a14844d8.js:2
wn @ 313b56cf5c96a14844d8.js:2
t @ 313b56cf5c96a14844d8.js:2
Pn.$mount @ 313b56cf5c96a14844d8.js:2
d @ 86ca081133c75371e7d9.js:1
(anonymous) @ 86ca081133c75371e7d9.js:1
j @ 313b56cf5c96a14844d8.js:2
(anonymous) @ 313b56cf5c96a14844d8.js:2
t.<computed> @ 313b56cf5c96a14844d8.js:2
r @ 313b56cf5c96a14844d8.js:2
l @ 313b56cf5c96a14844d8.js:2
Promise.then (async)
r @ 313b56cf5c96a14844d8.js:2
l @ 313b56cf5c96a14844d8.js:2
Promise.then (async)
r @ 313b56cf5c96a14844d8.js:2
l @ 313b56cf5c96a14844d8.js:2
(anonymous) @ 313b56cf5c96a14844d8.js:2
(anonymous) @ 313b56cf5c96a14844d8.js:2
vt @ 86ca081133c75371e7d9.js:1
(anonymous) @ 86ca081133c75371e7d9.js:1
Promise.then (async)
340 @ 86ca081133c75371e7d9.js:1
o @ 51c79211789c856e4191.js:1
255 @ 86ca081133c75371e7d9.js:1
o @ 51c79211789c856e4191.js:1
f @ 51c79211789c856e4191.js:1
c @ 51c79211789c856e4191.js:1
(anonymous) @ 86ca081133c75371e7d9.js:1
30ebd9b5b6eccc956511.js:1 GET https://www.sqntbw.com/games/7/7999/9411c88/gameConfig.test.js net::ERR_ABORTED 404
(anonymous) @ 30ebd9b5b6eccc956511.js:1
url @ 30ebd9b5b6eccc956511.js:1
(anonymous) @ 30ebd9b5b6eccc956511.js:1
j @ 313b56cf5c96a14844d8.js:2
(anonymous) @ 313b56cf5c96a14844d8.js:2
t.<computed> @ 313b56cf5c96a14844d8.js:2
r @ 313b56cf5c96a14844d8.js:2
l @ 313b56cf5c96a14844d8.js:2
(anonymous) @ 313b56cf5c96a14844d8.js:2
(anonymous) @ 313b56cf5c96a14844d8.js:2
(anonymous) @ 30ebd9b5b6eccc956511.js:1
(anonymous) @ 30ebd9b5b6eccc956511.js:1
Promise.then (async)
initGames @ 30ebd9b5b6eccc956511.js:1
(anonymous) @ 30ebd9b5b6eccc956511.js:1
Promise.then (async)
(anonymous) @ 30ebd9b5b6eccc956511.js:1
Promise.then (async)
(anonymous) @ 30ebd9b5b6eccc956511.js:1
Promise.then (async)
initWeb @ 30ebd9b5b6eccc956511.js:1
(anonymous) @ 30ebd9b5b6eccc956511.js:1
Promise.catch (async)
(anonymous) @ 30ebd9b5b6eccc956511.js:1
d @ 6b3fa00747f9dd324ead.js:2
w._settlePromiseFromHandler @ 6b3fa00747f9dd324ead.js:2
w._settlePromise @ 6b3fa00747f9dd324ead.js:2
w._settlePromise0 @ 6b3fa00747f9dd324ead.js:2
w._settlePromises @ 6b3fa00747f9dd324ead.js:2
(anonymous) @ 6b3fa00747f9dd324ead.js:2
Promise.then (async)
c @ 6b3fa00747f9dd324ead.js:2
t.hasDevTools.A.settlePromises @ 6b3fa00747f9dd324ead.js:2
w._fulfill @ 6b3fa00747f9dd324ead.js:2
w._resolveCallback @ 6b3fa00747f9dd324ead.js:2
(anonymous) @ 6b3fa00747f9dd324ead.js:2
(anonymous) @ 86ca081133c75371e7d9.js:1
d @ 6b3fa00747f9dd324ead.js:2
w._settlePromiseFromHandler @ 6b3fa00747f9dd324ead.js:2
w._settlePromise @ 6b3fa00747f9dd324ead.js:2
w._settlePromise0 @ 6b3fa00747f9dd324ead.js:2
w._settlePromises @ 6b3fa00747f9dd324ead.js:2
w._fulfill @ 6b3fa00747f9dd324ead.js:2
t._resolve @ 6b3fa00747f9dd324ead.js:2
r._promiseFulfilled @ 6b3fa00747f9dd324ead.js:2
w._settlePromise @ 6b3fa00747f9dd324ead.js:2
w._settlePromise0 @ 6b3fa00747f9dd324ead.js:2
w._settlePromises @ 6b3fa00747f9dd324ead.js:2
(anonymous) @ 6b3fa00747f9dd324ead.js:2
Promise.then (async)
c @ 6b3fa00747f9dd324ead.js:2
t.hasDevTools.A.settlePromises @ 6b3fa00747f9dd324ead.js:2
w._fulfill @ 6b3fa00747f9dd324ead.js:2
w._resolveCallback @ 6b3fa00747f9dd324ead.js:2
(anonymous) @ 6b3fa00747f9dd324ead.js:2
Promise.then (async)
d @ 6b3fa00747f9dd324ead.js:2
(anonymous) @ 6b3fa00747f9dd324ead.js:2
(anonymous) @ 6b3fa00747f9dd324ead.js:2
t._iterate @ 6b3fa00747f9dd324ead.js:2
M @ 6b3fa00747f9dd324ead.js:2
r._init @ 6b3fa00747f9dd324ead.js:2
r.init @ 6b3fa00747f9dd324ead.js:2
d @ 6b3fa00747f9dd324ead.js:2
z.some @ 6b3fa00747f9dd324ead.js:2
race @ 86ca081133c75371e7d9.js:1
(anonymous) @ 86ca081133c75371e7d9.js:1
O._execute @ 6b3fa00747f9dd324ead.js:2
w._resolveFromExecutor @ 6b3fa00747f9dd324ead.js:2
w @ 6b3fa00747f9dd324ead.js:2
speedTest @ 86ca081133c75371e7d9.js:1
(anonymous) @ 30ebd9b5b6eccc956511.js:1
d @ 6b3fa00747f9dd324ead.js:2
w._settlePromiseFromHandler @ 6b3fa00747f9dd324ead.js:2
w._settlePromise @ 6b3fa00747f9dd324ead.js:2
w._settlePromise0 @ 6b3fa00747f9dd324ead.js:2
w._settlePromises @ 6b3fa00747f9dd324ead.js:2
(anonymous) @ 6b3fa00747f9dd324ead.js:2
Promise.then (async)
c @ 6b3fa00747f9dd324ead.js:2
t.hasDevTools.A.settlePromises @ 6b3fa00747f9dd324ead.js:2
w._fulfill @ 6b3fa00747f9dd324ead.js:2
w._resolveCallback @ 6b3fa00747f9dd324ead.js:2
(anonymous) @ 6b3fa00747f9dd324ead.js:2
(anonymous) @ 86ca081133c75371e7d9.js:1
Promise.then (async)
(anonymous) @ 86ca081133c75371e7d9.js:1
O._execute @ 6b3fa00747f9dd324ead.js:2
w._resolveFromExecutor @ 6b3fa00747f9dd324ead.js:2
w @ 6b3fa00747f9dd324ead.js:2
getLineInfoByEnv @ 86ca081133c75371e7d9.js:1
mounted @ 30ebd9b5b6eccc956511.js:1
Qt @ 313b56cf5c96a14844d8.js:2
fn @ 313b56cf5c96a14844d8.js:2
insert @ 313b56cf5c96a14844d8.js:2
T @ 313b56cf5c96a14844d8.js:2
(anonymous) @ 313b56cf5c96a14844d8.js:2
t._update @ 313b56cf5c96a14844d8.js:2
r @ 313b56cf5c96a14844d8.js:2
wn.get @ 313b56cf5c96a14844d8.js:2
wn @ 313b56cf5c96a14844d8.js:2
t @ 313b56cf5c96a14844d8.js:2
Pn.$mount @ 313b56cf5c96a14844d8.js:2
d @ 86ca081133c75371e7d9.js:1
(anonymous) @ 86ca081133c75371e7d9.js:1
j @ 313b56cf5c96a14844d8.js:2
(anonymous) @ 313b56cf5c96a14844d8.js:2
t.<computed> @ 313b56cf5c96a14844d8.js:2
r @ 313b56cf5c96a14844d8.js:2
l @ 313b56cf5c96a14844d8.js:2
Promise.then (async)
r @ 313b56cf5c96a14844d8.js:2
l @ 313b56cf5c96a14844d8.js:2
Promise.then (async)
r @ 313b56cf5c96a14844d8.js:2
l @ 313b56cf5c96a14844d8.js:2
(anonymous) @ 313b56cf5c96a14844d8.js:2
(anonymous) @ 313b56cf5c96a14844d8.js:2
vt @ 86ca081133c75371e7d9.js:1
(anonymous) @ 86ca081133c75371e7d9.js:1
Promise.then (async)
340 @ 86ca081133c75371e7d9.js:1
o @ 51c79211789c856e4191.js:1
255 @ 86ca081133c75371e7d9.js:1
o @ 51c79211789c856e4191.js:1
f @ 51c79211789c856e4191.js:1
c @ 51c79211789c856e4191.js:1
(anonymous) @ 86ca081133c75371e7d9.js:1
30ebd9b5b6eccc956511.js:1 Event {isTrusted: true, type: "error", target: script, currentTarget: script, eventPhase: 2, …}
main.min.js:1 DragonBones: 5.6.201 2018/01/05
Website: http://dragonbones.com/
Source and Demos: https://github.com/DragonBones/
merged_jdbbase.js:179 [INFO] SmartFox instance ready!
merged_libs_egret5.js:4 ,3,2000, 0
merged_libs_egret5.js:4 ,6,1998, 2
merged_libs_egret5.js:4 ,9,1996.5, 3.5
merged_libs_egret5.js:4 ,12,1996.5, 3.5
merged_libs_egret5.js:4 ,15,1991.5, 28.5
merged_libs_egret5.js:4 ,18,1976.5, 133.5
merged_libs_egret5.js:4 ,21,1901.5, 208.5
merged_libs_egret5.js:4 ,24,1881.5, 298.5
merged_libs_egret5.js:4 ,27,1876.5, 303.5
merged_libs_egret5.js:4 ,30,2061.5, 508.5
merged_libs_egret5.js:4 ,33,2001.5, 598.5
merged_libs_egret5.js:4 ,36,1936.5, 673.5
merged_libs_egret5.js:4 ,39,1866.5, 743.5
merged_libs_egret5.js:4 ,42,1821.5, 798.5
merged_libs_egret5.js:4 ,45,1851.5, 878.5
merged_libs_egret5.js:4 ,48,1851.5, 878.5
merged_libs_egret5.js:4 ,51,1851.5, 878.5
merged_libs_egret5.js:4 ,54,1851.5, 878.5
merged_libs_egret5.js:4 ,57,1851.5, 878.5
merged_libs_egret5.js:4 ,60,1851.5, 878.5
merged_libs_egret5.js:4 ,63,1851.5, 878.5
merged_libs_egret5.js:4 ,66,1851.5, 878.5
merged_libs_egret5.js:4 ,69,1851.5, 878.5
merged_libs_egret5.js:4 ,72,1851.5, 878.5
merged_libs_egret5.js:4 ,75,1851.5, 878.5
merged_libs_egret5.js:4 ,78,1851.5, 878.5
merged_libs_egret5.js:4 ,81,1851.5, 878.5
merged_libs_egret5.js:4 ,84,1851.5, 878.5
merged_libs_egret5.js:4 ,87,1851.5, 878.5
merged_libs_egret5.js:4 ,90,1851.5, 878.5
merged_libs_egret5.js:4 ,93,1851.5, 878.5
merged_libs_egret5.js:4 ,96,1851.5, 878.5
merged_libs_egret5.js:4 ,99,1851.5, 878.5
merged_libs_egret5.js:4 ,102,1851.5, 878.5
merged_libs_egret5.js:4 ,105,1851.5, 878.5
merged_libs_egret5.js:4 ,108,1851.5, 878.5
merged_libs_egret5.js:4 ,111,1851.5, 878.5
merged_libs_egret5.js:4 ,114,1851.5, 878.5
merged_libs_egret5.js:4 ,117,1851.5, 878.5
merged_libs_egret5.js:4 ,120,1851.5, 878.5
merged_libs_egret5.js:4 ,123,1851.5, 878.5
merged_libs_egret5.js:4 ,126,1851.5, 878.5
merged_libs_egret5.js:4 ,129,1851.5, 878.5
merged_libs_egret5.js:4 ,132,1851.5, 878.5
merged_libs_egret5.js:4 ,135,1851.5, 878.5
merged_libs_egret5.js:4 ,138,1851.5, 878.5
merged_libs_egret5.js:4 ,141,1851.5, 878.5
merged_libs_egret5.js:4 ,144,1851.5, 878.5
merged_libs_egret5.js:4 ,147,1851.5, 878.5
merged_libs_egret5.js:4 ,150,1851.5, 878.5
merged_libs_egret5.js:4 ,153,1851.5, 878.5
merged_libs_egret5.js:4 ,156,1851.5, 878.5
merged_libs_egret5.js:4 ,159,1851.5, 878.5
merged_libs_egret5.js:4 ,162,1851.5, 878.5
merged_libs_egret5.js:4 ,165,1851.5, 878.5
merged_libs_egret5.js:4 ,168,1851.5, 878.5
merged_libs_egret5.js:4 ,171,1851.5, 878.5
merged_libs_egret5.js:4 ,174,1851.5, 878.5
merged_libs_egret5.js:4 ,177,1851.5, 878.5
merged_libs_egret5.js:4 ,180,1851.5, 878.5
merged_libs_egret5.js:4 ,183,1851.5, 878.5
merged_libs_egret5.js:4 ,186,1851.5, 878.5
merged_libs_egret5.js:4 ,189,1851.5, 878.5
merged_libs_egret5.js:4 ,192,1851.5, 878.5
merged_libs_egret5.js:4 ,195,1851.5, 878.5
merged_libs_egret5.js:4 ,198,1851.5, 878.5
merged_libs_egret5.js:4 ,201,1851.5, 878.5
merged_libs_egret5.js:4 ,204,1851.5, 878.5
merged_libs_egret5.js:4 ,207,1851.5, 878.5
merged_libs_egret5.js:4 ,210,1851.5, 878.5
merged_libs_egret5.js:4 ,213,1851.5, 878.5
merged_libs_egret5.js:4 ,216,1851.5, 878.5
merged_libs_egret5.js:4 ,219,1851.5, 878.5
merged_libs_egret5.js:4 ,222,1851.5, 878.5
merged_libs_egret5.js:4 ,225,1851.5, 878.5
merged_libs_egret5.js:4 ,228,1851.5, 878.5
merged_libs_egret5.js:4 ,231,1851.5, 878.5
merged_libs_egret5.js:4 ,234,1851.5, 878.5
merged_libs_egret5.js:4 ,237,1851.5, 878.5
merged_libs_egret5.js:4 ,240,1851.5, 878.5
merged_libs_egret5.js:4 ,243,1851.5, 878.5
merged_libs_egret5.js:4 ,246,1851.5, 878.5
merged_libs_egret5.js:4 ,249,1851.5, 878.5
merged_libs_egret5.js:4 ,252,1851.5, 878.5
merged_libs_egret5.js:4 ,255,1851.5, 878.5
merged_libs_egret5.js:4 ,258,1851.5, 878.5
merged_libs_egret5.js:4 ,261,1851.5, 878.5
merged_libs_egret5.js:4 ,264,1851.5, 878.5
merged_libs_egret5.js:4 ,267,1851.5, 878.5
merged_libs_egret5.js:4 ,270,1851.5, 878.5
merged_libs_egret5.js:4 ,273,1851.5, 878.5
merged_libs_egret5.js:4 ,276,1851.5, 878.5
merged_libs_egret5.js:4 ,279,1851.5, 878.5
merged_libs_egret5.js:4 ,282,1851.5, 878.5
merged_libs_egret5.js:4 ,285,1851.5, 878.5
merged_libs_egret5.js:4 ,288,1851.5, 878.5
merged_libs_egret5.js:4 ,291,1851.5, 878.5
merged_libs_egret5.js:4 ,294,1851.5, 878.5
merged_libs_egret5.js:4 ,297,1851.5, 878.5
merged_libs_egret5.js:4 ,300,1851.5, 878.5
merged_libs_egret5.js:4 ,303,1851.5, 878.5
merged_libs_egret5.js:4 ,306,1851.5, 878.5
merged_libs_egret5.js:4 ,309,1851.5, 878.5
merged_libs_egret5.js:4 ,312,1851.5, 878.5
merged_libs_egret5.js:4 ,315,1851.5, 878.5
merged_libs_egret5.js:4 ,318,1851.5, 878.5
merged_libs_egret5.js:4 ,321,1851.5, 878.5
merged_libs_egret5.js:4 ,324,1846.5, 883.5
merged_libs_egret5.js:4 ,327,1851.5, 968.5
merged_libs_egret5.js:4 ,330,1876.5, 1033.5
merged_libs_egret5.js:4 ,333,1876.5, 1033.5
merged_libs_egret5.js:4 ,336,1876.5, 1033.5
merged_libs_egret5.js:4 ,339,1876.5, 1033.5
merged_libs_egret5.js:4 ,342,1876.5, 1033.5
merged_libs_egret5.js:4 ,345,1876.5, 1033.5
merged_libs_egret5.js:4 ,348,1876.5, 1033.5
merged_libs_egret5.js:4 ,351,1866.5, 1043.5
merged_libs_egret5.js:4 ,354,2306.5, 1593.5
merged_libs_egret5.js:4 ,357,2336.5, 1753.5
merged_libs_egret5.js:4 ,360,2321.5, 1848.5
merged_libs_egret5.js:4 ,363,2451.5, 2098.5
merged_libs_egret5.js:4 ,366,2491.5, 2248.5
merged_libs_egret5.js:4 ,369,2471.5, 2278.5
merged_libs_egret5.js:4 ,372,2411.5, 2348.5
merged_libs_egret5.js:4 ,375,2351.5, 2428.5
merged_libs_egret5.js:4 ,378,2311.5, 2508.5
merged_libs_egret5.js:4 ,381,2266.5, 2603.5
merged_libs_egret5.js:4 ,384,2191.5, 2678.5
merged_libs_egret5.js:4 ,387,2201.5, 2778.5
merged_libs_egret5.js:4 ,390,2431.5, 3138.5
merged_libs_egret5.js:4 ,393,2371.5, 3198.5
merged_libs_egret5.js:4 ,396,2321.5, 3318.5
merged_libs_egret5.js:4 ,399,2286.5, 3433.5
merged_libs_egret5.js:4 ,402,2251.5, 3508.5
merged_libs_egret5.js:4 ,405,2261.5, 3638.5
merged_libs_egret5.js:4 ,408,2246.5, 3723.5
merged_libs_egret5.js:4 ,411,2181.5, 3798.5
merged_libs_egret5.js:4 ,414,2166.5, 3813.5
merged_libs_egret5.js:4 ,417,2161.5, 3858.5
merged_libs_egret5.js:4 ,420,2091.5, 3938.5
merged_libs_egret5.js:4 ,423,2026.5, 4013.5
merged_libs_egret5.js:4 ,426,1946.5, 4093.5
merged_libs_egret5.js:4 ,429,1976.5, 4253.5
merged_libs_egret5.js:4 ,432,2271.5, 4698.5
merged_libs_egret5.js:4 ,435,2196.5, 4773.5
merged_libs_egret5.js:4 ,438,2136.5, 4853.5
merged_libs_egret5.js:4 ,441,2141.5, 4978.5
merged_libs_egret5.js:4 ,444,2126.5, 5093.5
merged_libs_egret5.js:4 ,447,2261.5, 5358.5
merged_libs_egret5.js:4 ,450,2226.5, 5463.5
merged_libs_egret5.js:4 ,453,2181.5, 5538.5
merged_libs_egret5.js:4 ,456,2121.5, 5608.5
merged_libs_egret5.js:4 ,459,2066.5, 5703.5
merged_libs_egret5.js:4 ,462,2006.5, 5773.5
merged_libs_egret5.js:4 ,465,1931.5, 5848.5
merged_libs_egret5.js:4 ,468,1891.5, 5938.5
merged_libs_egret5.js:4 ,471,1831.5, 6028.5
merged_libs_egret5.js:4 ,474,2776.5, 7093.5
merged_libs_egret5.js:4 ,477,2701.5, 7168.5
merged_libs_egret5.js:4 ,480,2641.5, 7228.5
merged_libs_egret5.js:4 ,483,2661.5, 7398.5
merged_libs_egret5.js:4 ,486,2591.5, 7468.5
merged_libs_egret5.js:4 ,489,2541.5, 7538.5
merged_libs_egret5.js:4 ,492,2456.5, 7623.5
merged_libs_egret5.js:4 ,495,2416.5, 7713.5
merged_libs_egret5.js:4 ,498,2366.5, 7813.5
merged_libs_egret5.js:4 ,501,2326.5, 7883.5
merged_libs_egret5.js:4 ,504,2246.5, 7963.5
merged_libs_egret5.js:4 ,507,2196.5, 8033.5
merged_libs_egret5.js:4 ,510,2116.5, 8113.5
merged_libs_egret5.js:4 ,513,2051.5, 8178.5
merged_libs_egret5.js:4 ,516,2036.5, 8193.5
merged_libs_egret5.js:4 ,519,1986.5, 8303.5
merged_libs_egret5.js:4 ,522,1906.5, 8383.5
merged_libs_egret5.js:4 ,525,1861.5, 8428.5
merged_libs_egret5.js:4 ,528,1841.5, 8458.5
merged_libs_egret5.js:4 ,531,1781.5, 8538.5
merged_libs_egret5.js:4 ,534,1716.5, 8603.5
merged_libs_egret5.js:4 ,537,1676.5, 8693.5
merged_libs_egret5.js:4 ,540,1626.5, 8773.5
merged_libs_egret5.js:4 ,543,1691.5, 8918.5
merged_libs_egret5.js:4 ,546,1721.5, 8958.5
merged_libs_egret5.js:4 ,549,1796.5, 9033.5
merged_libs_egret5.js:4 ,552,1796.5, 9033.5
merged_libs_egret5.js:4 ,555,1806.5, 9043.5
merged_libs_egret5.js:4 ,558,1766.5, 9113.5
merged_libs_egret5.js:4 ,561,1726.5, 9173.5
merged_libs_egret5.js:4 ,564,1661.5, 9258.5
merged_libs_egret5.js:4 ,567,1666.5, 9363.5
merged_libs_egret5.js:4 ,570,1596.5, 9463.5
merged_libs_egret5.js:4 ,573,1591.5, 9548.5
merged_libs_egret5.js:4 ,576,1541.5, 9628.5
merged_libs_egret5.js:4 ,579,1476.5, 9713.5
merged_libs_egret5.js:4 ,582,1396.5, 9793.5
merged_libs_egret5.js:4 ,585,1386.5, 9913.5
merged_libs_egret5.js:4 ,588,1386.5, 10043.5
merged_libs_egret5.js:4 ,591,1346.5, 10123.5
merged_libs_egret5.js:4 ,594,1271.5, 10198.5
merged_libs_egret5.js:4 ,597,1226.5, 10303.5
merged_libs_egret5.js:4 ,600,1191.5, 10398.5
merged_libs_egret5.js:4 ,603,1156.5, 10443.5
merged_libs_egret5.js:4 ,606,1116.5, 10513.5
merged_libs_egret5.js:4 ,609,1031.5, 10598.5
merged_libs_egret5.js:4 ,612,971.5, 10688.5
merged_libs_egret5.js:4 ,615,1021.5, 10808.5
merged_libs_egret5.js:4 ,618,961.5, 10878.5
merged_libs_egret5.js:4 ,621,1116.5, 11113.5
merged_libs_egret5.js:4 ,624,1081.5, 11158.5
merged_libs_egret5.js:4 ,627,1326.5, 11513.5
merged_libs_egret5.js:4 ,630,1321.5, 11568.5
merged_libs_egret5.js:4 ,633,1321.5, 11568.5
merged_libs_egret5.js:4 ,636,1561.5, 11808.5
merged_libs_egret5.js:4 ,639,1561.5, 11808.5
merged_libs_egret5.js:4 ,642,1561.5, 11808.5
merged_libs_egret5.js:4 ,645,1561.5, 11808.5
merged_libs_egret5.js:4 ,648,1561.5, 11808.5
merged_libs_egret5.js:4 ,651,1561.5, 11808.5
merged_libs_egret5.js:4 ,654,1561.5, 11808.5
merged_libs_egret5.js:4 ,657,1561.5, 11808.5
merged_libs_egret5.js:4 ,660,1506.5, 11873.5
merged_libs_egret5.js:4 ,663,1456.5, 11943.5
merged_libs_egret5.js:4 ,666,1436.5, 12073.5
merged_libs_egret5.js:4 ,669,1421.5, 12098.5
merged_libs_egret5.js:4 ,672,1421.5, 12098.5
merged_libs_egret5.js:4 ,675,1421.5, 12098.5
merged_libs_egret5.js:4 ,678,1421.5, 12098.5
merged_libs_egret5.js:4 ,681,1411.5, 12138.5
merged_libs_egret5.js:4 ,684,1371.5, 12238.5
merged_libs_egret5.js:4 ,687,1321.5, 12318.5
merged_libs_egret5.js:4 ,690,1351.5, 12348.5
merged_libs_egret5.js:4 ,693,1351.5, 12348.5
merged_libs_egret5.js:4 ,696,1336.5, 12403.5
merged_libs_egret5.js:4 ,699,1371.5, 12488.5
merged_libs_egret5.js:4 ,702,1371.5, 12488.5
merged_libs_egret5.js:4 ,705,1371.5, 12488.5
merged_libs_egret5.js:4 ,708,1371.5, 12488.5
merged_libs_egret5.js:4 ,711,1311.5, 12548.5
merged_libs_egret5.js:4 ,714,1241.5, 12618.5
merged_libs_egret5.js:4 ,717,1401.5, 12908.5
merged_libs_egret5.js:4 ,720,1566.5, 13193.5
merged_libs_egret5.js:4 ,723,1491.5, 13268.5
merged_libs_egret5.js:4 ,726,1411.5, 13348.5
merged_libs_egret5.js:4 ,729,1576.5, 13633.5
merged_libs_egret5.js:4 ,732,1971.5, 14148.5
merged_libs_egret5.js:4 ,735,1896.5, 14223.5
merged_libs_egret5.js:4 ,738,1836.5, 14283.5
merged_libs_egret5.js:4 ,741,1796.5, 14373.5
merged_libs_egret5.js:4 ,744,1731.5, 14478.5
merged_libs_egret5.js:4 ,747,1666.5, 14543.5
merged_libs_egret5.js:4 ,750,1596.5, 14633.5
merged_libs_egret5.js:4 ,753,1536.5, 14693.5
merged_libs_egret5.js:4 ,756,1481.5, 14808.5
merged_libs_egret5.js:4 ,759,1961.5, 15388.5
merged_libs_egret5.js:4 ,762,1886.5, 15473.5
merged_libs_egret5.js:4 ,765,1921.5, 15598.5
merged_libs_egret5.js:4 ,768,1871.5, 15698.5
merged_libs_egret5.js:4 ,771,2306.5, 16263.5
merged_libs_egret5.js:4 ,774,2271.5, 16358.5
merged_libs_egret5.js:4 ,777,2251.5, 16448.5
merged_libs_egret5.js:4 ,780,2291.5, 16618.5
merged_libs_egret5.js:4 ,783,2231.5, 16688.5
merged_libs_egret5.js:4 ,786,2166.5, 16783.5
merged_libs_egret5.js:4 ,789,2091.5, 16858.5
merged_libs_egret5.js:4 ,792,2071.5, 16948.5
merged_libs_egret5.js:4 ,795,2016.5, 17023.5
merged_libs_egret5.js:4 ,798,1936.5, 17103.5
merged_libs_egret5.js:4 ,801,1976.5, 17273.5
merged_libs_egret5.js:4 ,804,1986.5, 17393.5
merged_libs_egret5.js:4 ,807,1906.5, 17473.5
merged_libs_egret5.js:4 ,810,1911.5, 17578.5
merged_libs_egret5.js:4 ,813,2111.5, 17898.5
merged_libs_egret5.js:4 ,816,2046.5, 17973.5
merged_libs_egret5.js:4 ,819,1991.5, 18048.5
merged_libs_egret5.js:4 ,822,2016.5, 18213.5
merged_libs_egret5.js:4 ,825,1946.5, 18283.5
merged_libs_egret5.js:4 ,828,2106.5, 18553.5
merged_libs_egret5.js:4 ,831,2041.5, 18628.5
merged_libs_egret5.js:4 ,834,1966.5, 18703.5
merged_libs_egret5.js:4 ,837,1906.5, 18773.5
merged_libs_egret5.js:4 ,840,1956.5, 18943.5
merged_libs_egret5.js:4 ,843,1876.5, 19023.5
merged_libs_egret5.js:4 ,846,1836.5, 19083.5
merged_libs_egret5.js:4 ,849,1761.5, 19158.5
merged_libs_egret5.js:4 ,852,1701.5, 19238.5
merged_libs_egret5.js:4 ,855,1621.5, 19318.5
merged_libs_egret5.js:4 ,858,1586.5, 19403.5
merged_libs_egret5.js:4 ,861,1501.5, 19488.5
merged_libs_egret5.js:4 ,864,1631.5, 19748.5
merged_libs_egret5.js:4 ,867,1616.5, 19803.5
merged_libs_egret5.js:4 ,870,1616.5, 19803.5
merged_libs_egret5.js:4 ,873,1616.5, 19803.5
merged_libs_egret5.js:4 ,876,1601.5, 19848.5
merged_libs_egret5.js:4 ,879,1536.5, 19923.5
merged_libs_egret5.js:4 ,882,1456.5, 20003.5
merged_libs_egret5.js:4 ,885,1386.5, 20073.5
merged_libs_egret5.js:4 ,888,1311.5, 20148.5
merged_libs_egret5.js:4 ,891,1271.5, 20228.5
merged_libs_egret5.js:4 ,894,1216.5, 20293.5
merged_libs_egret5.js:4 ,897,1166.5, 20393.5
merged_libs_egret5.js:4 ,900,1086.5, 20473.5
merged_libs_egret5.js:4 ,903,1011.5, 20548.5
merged_libs_egret5.js:4 ,906,991.5, 20648.5
merged_libs_egret5.js:4 ,909,1096.5, 20873.5
merged_libs_egret5.js:4 ,912,1061.5, 20978.5
merged_libs_egret5.js:4 ,915,1011.5, 21048.5
merged_libs_egret5.js:4 ,918,931.5, 21128.5
merged_libs_egret5.js:4 ,921,981.5, 21308.5
merged_libs_egret5.js:4 ,924,941.5, 21378.5
merged_libs_egret5.js:4 ,927,906.5, 21463.5
merged_libs_egret5.js:4 ,930,846.5, 21543.5
merged_libs_egret5.js:4 ,933,886.5, 21703.5
merged_libs_egret5.js:4 ,936,821.5, 21788.5
merged_libs_egret5.js:4 ,939,751.5, 21858.5
merged_libs_egret5.js:4 ,942,736.5, 21883.5
merged_libs_egret5.js:4 ,945,676.5, 21963.5
merged_libs_egret5.js:4 ,948,626.5, 22053.5
merged_libs_egret5.js:4 ,951,621.5, 22158.5
merged_libs_egret5.js:4 ,954,571.5, 22238.5
merged_libs_egret5.js:4 ,957,561.5, 22358.5
merged_libs_egret5.js:4 ,960,511.5, 22428.5
merged_libs_egret5.js:4 ,963,1051.5, 23108.5
merged_libs_egret5.js:4 ,966,1536.5, 23723.5
merged_libs_egret5.js:4 ,969,1471.5, 23788.5
merged_libs_egret5.js:4 ,972,1441.5, 23898.5
merged_libs_egret5.js:4 ,975,1396.5, 23983.5
merged_libs_egret5.js:4 ,978,1346.5, 24073.5
merged_libs_egret5.js:4 ,981,1701.5, 24528.5
merged_libs_egret5.js:4 ,984,1626.5, 24603.5
merged_libs_egret5.js:4 ,987,1551.5, 24678.5
merged_libs_egret5.js:4 ,990,1546.5, 24783.5
merged_libs_egret5.js:4 ,993,1876.5, 25243.5
merged_libs_egret5.js:4 ,996,1841.5, 25328.5
merged_libs_egret5.js:4 ,999,1771.5, 25418.5
merged_libs_egret5.js:4 ,1002,1736.5, 25473.5
merged_libs_egret5.js:4 ,1005,1656.5, 25553.5
merged_libs_egret5.js:4 ,1008,1606.5, 25643.5
merged_libs_egret5.js:4 ,1011,1591.5, 25748.5
merged_libs_egret5.js:4 ,1014,1961.5, 26228.5
merged_libs_egret5.js:4 ,1017,1911.5, 26308.5
merged_libs_egret5.js:4 ,1020,1836.5, 26383.5
merged_libs_egret5.js:4 ,1023,1841.5, 26478.5
merged_libs_egret5.js:4 ,1026,1766.5, 26553.5
merged_libs_egret5.js:4 ,1029,1851.5, 26668.5
merged_libs_egret5.js:4 ,1032,1851.5, 26668.5
merged_libs_egret5.js:4 ,1035,1841.5, 26678.5
merged_libs_egret5.js:4 ,1038,1846.5, 26703.5
merged_libs_egret5.js:4 ,1041,1846.5, 26703.5
merged_libs_egret5.js:4 ,1044,1846.5, 26703.5
merged_libs_egret5.js:4 ,1047,1831.5, 26718.5
merged_libs_egret5.js:4 ,1050,1761.5, 26788.5
merged_libs_egret5.js:4 ,1053,1751.5, 26808.5
merged_libs_egret5.js:4 ,1056,1751.5, 26818.5
merged_libs_egret5.js:4 ,1059,1751.5, 26818.5
merged_libs_egret5.js:4 ,1062,1751.5, 26818.5
merged_libs_egret5.js:4 ,1065,1751.5, 26818.5
merged_libs_egret5.js:4 ,1068,1751.5, 26818.5
merged_libs_egret5.js:4 ,1071,1711.5, 26878.5
merged_libs_egret5.js:4 ,1074,1641.5, 26948.5
merged_libs_egret5.js:4 ,1077,1816.5, 27253.5
merged_libs_egret5.js:4 ,1080,1736.5, 27333.5
merged_libs_egret5.js:4 ,1083,1696.5, 27373.5
merged_libs_egret5.js:4 ,1086,1696.5, 27373.5
merged_libs_egret5.js:4 ,1089,1916.5, 27653.5
merged_libs_egret5.js:4 ,1092,1846.5, 27733.5
merged_libs_egret5.js:4 ,1095,1831.5, 27828.5
merged_libs_egret5.js:4 ,1098,1756.5, 27903.5
merged_libs_egret5.js:4 ,1101,1691.5, 27978.5
merged_libs_egret5.js:4 ,1104,1621.5, 28048.5
merged_libs_egret5.js:4 ,1107,1566.5, 28153.5
merged_libs_egret5.js:4 ,1110,1731.5, 28428.5
merged_libs_egret5.js:4 ,1113,1666.5, 28493.5
merged_libs_egret5.js:4 ,1116,1616.5, 28563.5
merged_libs_egret5.js:4 ,1119,1541.5, 28658.5
merged_libs_egret5.js:4 ,1122,1516.5, 28763.5
merged_libs_egret5.js:4 ,1125,1486.5, 28823.5
merged_libs_egret5.js:4 ,1128,1426.5, 28933.5
merged_libs_egret5.js:4 ,1131,1426.5, 29053.5
merged_libs_egret5.js:4 ,1134,1346.5, 29133.5
merged_libs_egret5.js:4 ,1137,1811.5, 29698.5
merged_libs_egret5.js:4 ,1140,1746.5, 29773.5
merged_libs_egret5.js:4 ,1143,1676.5, 29843.5
merged_libs_egret5.js:4 ,1146,1606.5, 29913.5
merged_libs_egret5.js:4 ,1149,1541.5, 30008.5
merged_libs_egret5.js:4 ,1152,1511.5, 30078.5
merged_libs_egret5.js:4 ,1155,2316.5, 31063.5
merged_libs_egret5.js:4 ,1158,2266.5, 31123.5
merged_libs_egret5.js:4 ,1161,2201.5, 31208.5
merged_libs_egret5.js:4 ,1164,2126.5, 31283.5
merged_libs_egret5.js:4 ,1167,2111.5, 31408.5
merged_libs_egret5.js:4 ,1170,2076.5, 31493.5
merged_libs_egret5.js:4 ,1173,2101.5, 31618.5
merged_libs_egret5.js:4 ,1176,2096.5, 31743.5
merged_libs_egret5.js:4 ,1179,2266.5, 32063.5
merged_libs_egret5.js:4 ,1182,2211.5, 32138.5
merged_libs_egret5.js:4 ,1185,2146.5, 32213.5
merged_libs_egret5.js:4 ,1188,2081.5, 32288.5
merged_libs_egret5.js:4 ,1191,2031.5, 32358.5
merged_libs_egret5.js:4 ,1194,1956.5, 32433.5
merged_libs_egret5.js:4 ,1197,1921.5, 32508.5
merged_libs_egret5.js:4 ,1200,1861.5, 32578.5
merged_libs_egret5.js:4 ,1203,1806.5, 32673.5
merged_libs_egret5.js:4 ,1206,1831.5, 32818.5
merged_libs_egret5.js:4 ,1209,1756.5, 32893.5
merged_libs_egret5.js:4 ,1212,1681.5, 32968.5
merged_libs_egret5.js:4 ,1215,1646.5, 33043.5
merged_libs_egret5.js:4 ,1218,1576.5, 33113.5
merged_libs_egret5.js:4 ,1221,1526.5, 33213.5
merged_libs_egret5.js:4 ,1224,1531.5, 33348.5
merged_libs_egret5.js:4 ,1227,1486.5, 33443.5
merged_libs_egret5.js:4 ,1230,1496.5, 33583.5
merged_libs_egret5.js:4 ,1233,1681.5, 33898.5
merged_libs_egret5.js:4 ,1236,1641.5, 33968.5
merged_libs_egret5.js:4 ,1239,1561.5, 34048.5
merged_libs_egret5.js:4 ,1242,1491.5, 34128.5
merged_libs_egret5.js:4 ,1245,1476.5, 34233.5
merged_libs_egret5.js:4 ,1248,1421.5, 34308.5
merged_libs_egret5.js:4 ,1251,1341.5, 34388.5
merged_libs_egret5.js:4 ,1254,1316.5, 34493.5
merged_libs_egret5.js:4 ,1257,1276.5, 34583.5
merged_libs_egret5.js:4 ,1260,1191.5, 34668.5
merged_libs_egret5.js:4 ,1263,1211.5, 34798.5
merged_libs_egret5.js:4 ,1266,1261.5, 34988.5
merged_libs_egret5.js:4 ,1269,1246.5, 35093.5
merged_libs_egret5.js:4 ,1272,1191.5, 35178.5
merged_libs_egret5.js:4 ,1275,1111.5, 35258.5
merged_libs_egret5.js:4 ,1278,1051.5, 35338.5
merged_libs_egret5.js:4 ,1281,1156.5, 35543.5
merged_libs_egret5.js:4 ,1284,1316.5, 35823.5
merged_libs_egret5.js:4 ,1287,1251.5, 35888.5
merged_libs_egret5.js:4 ,1290,1251.5, 36038.5
merged_libs_egret5.js:4 ,1293,1206.5, 36123.5
merged_libs_egret5.js:4 ,1296,1156.5, 36193.5
merged_libs_egret5.js:4 ,1299,1091.5, 36278.5
merged_libs_egret5.js:4 ,1302,1016.5, 36353.5
merged_libs_egret5.js:4 ,1305,951.5, 36418.5
merged_libs_egret5.js:4 ,1308,891.5, 36498.5
merged_libs_egret5.js:4 ,1311,826.5, 36573.5
merged_libs_egret5.js:4 ,1314,771.5, 36648.5
merged_libs_egret5.js:4 ,1317,751.5, 36728.5
merged_libs_egret5.js:4 ,1320,716.5, 36843.5
merged_libs_egret5.js:4 ,1323,696.5, 36953.5
merged_libs_egret5.js:4 ,1326,1026.5, 37423.5
merged_libs_egret5.js:4 ,1329,1016.5, 37503.5
merged_libs_egret5.js:4 ,1332,951.5, 37578.5
merged_libs_egret5.js:4 ,1335,1081.5, 37858.5
merged_libs_egret5.js:4 ,1338,1021.5, 37938.5
merged_libs_egret5.js:4 ,1341,956.5, 38003.5
merged_libs_egret5.js:4 ,1344,956.5, 38143.5
merged_libs_egret5.js:4 ,1347,916.5, 38263.5
merged_libs_egret5.js:4 ,1350,881.5, 38358.5
merged_libs_egret5.js:4 ,1353,831.5, 38428.5
merged_libs_egret5.js:4 ,1356,1011.5, 38738.5
merged_libs_egret5.js:4 ,1359,1081.5, 38918.5
merged_libs_egret5.js:4 ,1362,1001.5, 38998.5
merged_libs_egret5.js:4 ,1365,971.5, 39098.5
merged_libs_egret5.js:4 ,1368,956.5, 39183.5
merged_libs_egret5.js:4 ,1371,901.5, 39278.5
merged_libs_egret5.js:4 ,1374,836.5, 39343.5
merged_libs_egret5.js:4 ,1377,746.5, 39433.5
merged_libs_egret5.js:4 ,1380,716.5, 39533.5
merged_libs_egret5.js:4 ,1383,646.5, 39603.5
merged_libs_egret5.js:4 ,1386,621.5, 39688.5
merged_libs_egret5.js:4 ,1389,596.5, 39713.5
merged_libs_egret5.js:4 ,1392,601.5, 39738.5
merged_libs_egret5.js:4 ,1395,621.5, 39778.5
merged_libs_egret5.js:4 ,1398,611.5, 39808.5
merged_libs_egret5.js:4 ,1401,611.5, 39808.5
merged_libs_egret5.js:4 ,1404,561.5, 39868.5
merged_libs_egret5.js:4 ,1407,531.5, 39928.5
merged_libs_egret5.js:4 ,1410,531.5, 39938.5
merged_libs_egret5.js:4 ,1413,531.5, 39938.5
merged_libs_egret5.js:4 ,1416,531.5, 39938.5
merged_libs_egret5.js:4 ,1419,531.5, 39938.5
merged_libs_egret5.js:4 ,1422,531.5, 39938.5
merged_libs_egret5.js:4 ,1425,531.5, 39938.5
merged_libs_egret5.js:4 ,1428,531.5, 39938.5
merged_libs_egret5.js:4 ,1431,501.5, 39988.5
merged_libs_egret5.js:4 ,1434,646.5, 40233.5
merged_libs_egret5.js:4 ,1437,581.5, 40298.5
merged_libs_egret5.js:4 ,1440,846.5, 40713.5
merged_libs_egret5.js:4 ,1443,936.5, 40913.5
merged_libs_egret5.js:4 ,1446,1046.5, 41103.5
merged_libs_egret5.js:4 ,1449,1026.5, 41143.5
merged_libs_egret5.js:4 ,1452,951.5, 41238.5
merged_libs_egret5.js:4 ,1455,896.5, 41303.5
merged_libs_egret5.js:4 ,1458,831.5, 41378.5
merged_libs_egret5.js:4 ,1461,771.5, 41468.5
merged_libs_egret5.js:4 ,1464,686.5, 41553.5
merged_libs_egret5.js:4 ,1467,641.5, 41618.5
merged_libs_egret5.js:4 ,1470,586.5, 41723.5
merged_libs_egret5.js:4 ,1473,531.5, 41808.5
merged_libs_egret5.js:4 ,1476,496.5, 41893.5
merged_libs_egret5.js:4 ,1479,716.5, 42113.5
merged_libs_egret5.js:4 ,1482,1061.5, 42458.5
merged_libs_egret5.js:4 ,1485,1086.5, 42483.5
merged_libs_egret5.js:4 ,1488,1076.5, 42593.5
merged_libs_egret5.js:4 ,1491,1036.5, 42693.5
merged_libs_egret5.js:4 ,1494,1006.5, 42763.5
merged_libs_egret5.js:4 ,1497,996.5, 42773.5
merged_libs_egret5.js:4 ,1500,996.5, 42773.5
merged_libs_egret5.js:4 ,1503,986.5, 42783.5
merged_libs_egret5.js:4 ,1506,911.5, 42858.5
merged_libs_egret5.js:4 ,1509,946.5, 43013.5
merged_libs_egret5.js:4 ,1512,896.5, 43123.5
merged_libs_egret5.js:4 ,1515,851.5, 43198.5
merged_libs_egret5.js:4 ,1518,781.5, 43268.5
merged_libs_egret5.js:4 ,1521,751.5, 43348.5
merged_libs_egret5.js:4 ,1524,711.5, 43438.5
merged_libs_egret5.js:4 ,1527,851.5, 43708.5
merged_libs_egret5.js:4 ,1530,851.5, 43838.5
merged_libs_egret5.js:4 ,1533,781.5, 43928.5
merged_libs_egret5.js:4 ,1536,716.5, 43993.5
merged_libs_egret5.js:4 ,1539,686.5, 44083.5
merged_libs_egret5.js:4 ,1542,1356.5, 44903.5
merged_libs_egret5.js:4 ,1545,1426.5, 45123.5
merged_libs_egret5.js:4 ,1548,1376.5, 45203.5
merged_libs_egret5.js:4 ,1551,1466.5, 45413.5
merged_libs_egret5.js:4 ,1554,1391.5, 45488.5
merged_libs_egret5.js:4 ,1557,1386.5, 45623.5
merged_libs_egret5.js:4 ,1560,1311.5, 45698.5
merged_libs_egret5.js:4 ,1563,1511.5, 45988.5
merged_libs_egret5.js:4 ,1566,1636.5, 46253.5
merged_libs_egret5.js:4 ,1569,1601.5, 46328.5
merged_libs_egret5.js:4 ,1572,1516.5, 46413.5
merged_libs_egret5.js:4 ,1575,1461.5, 46498.5
merged_libs_egret5.js:4 ,1578,1541.5, 46708.5
merged_libs_egret5.js:4 ,1581,1481.5, 46788.5
merged_libs_egret5.js:4 ,1584,1486.5, 46923.5
merged_libs_egret5.js:4 ,1587,1451.5, 47048.5
merged_libs_egret5.js:4 ,1590,1396.5, 47123.5
merged_libs_egret5.js:4 ,1593,1341.5, 47218.5
merged_libs_egret5.js:4 ,1596,1271.5, 47288.5
merged_libs_egret5.js:4 ,1599,1256.5, 47393.5
merged_libs_egret5.js:4 ,1602,1206.5, 47483.5
merged_libs_egret5.js:4 ,1605,1231.5, 47578.5
merged_libs_egret5.js:4 ,1608,1366.5, 47843.5
merged_libs_egret5.js:4 ,1611,1306.5, 47953.5
merged_libs_egret5.js:4 ,1614,1641.5, 48408.5
merged_libs_egret5.js:4 ,1617,1591.5, 48508.5
merged_libs_egret5.js:4 ,1620,1516.5, 48583.5
merged_libs_egret5.js:4 ,1623,1501.5, 48668.5
merged_libs_egret5.js:4 ,1626,1476.5, 48753.5
merged_libs_egret5.js:4 ,1629,1431.5, 48838.5
merged_libs_egret5.js:4 ,1632,1391.5, 48958.5
merged_libs_egret5.js:4 ,1635,1326.5, 49043.5
merged_libs_egret5.js:4 ,1638,1351.5, 49208.5
merged_libs_egret5.js:4 ,1641,1276.5, 49283.5
merged_libs_egret5.js:4 ,1644,1201.5, 49358.5
merged_libs_egret5.js:4 ,1647,1206.5, 49463.5
merged_libs_egret5.js:4 ,1650,1141.5, 49538.5
merged_libs_egret5.js:4 ,1653,1196.5, 49693.5
merged_libs_egret5.js:4 ,1656,1131.5, 49778.5
merged_libs_egret5.js:4 ,1659,1111.5, 49908.5
merged_libs_egret5.js:4 ,1662,1041.5, 49978.5
merged_libs_egret5.js:4 ,1665,961.5, 50058.5
merged_libs_egret5.js:4 ,1668,921.5, 50128.5
merged_libs_egret5.js:4 ,1671,891.5, 50238.5
merged_libs_egret5.js:4 ,1674,836.5, 50313.5
merged_libs_egret5.js:4 ,1677,766.5, 50383.5
merged_libs_egret5.js:4 ,1680,786.5, 50493.5
merged_libs_egret5.js:4 ,1683,771.5, 50598.5
merged_libs_egret5.js:4 ,1686,691.5, 50678.5
merged_libs_egret5.js:4 ,1689,641.5, 50728.5
merged_libs_egret5.js:4 ,1692,606.5, 50813.5
merged_libs_egret5.js:4 ,1695,531.5, 50888.5
merged_libs_egret5.js:4 ,1698,516.5, 50983.5
merged_libs_egret5.js:4 ,1701,486.5, 51073.5
merged_libs_egret5.js:4 ,1704,416.5, 51153.5
merged_libs_egret5.js:4 ,1707,336.5, 51233.5
merged_libs_egret5.js:4 ,1710,281.5, 51318.5
merged_libs_egret5.js:4 ,1713,206.5, 51393.5
merged_libs_egret5.js:4 ,1716,141.5, 51468.5
merged_libs_egret5.js:4 ,1719,116.5, 51573.5
merged_libs_egret5.js:4 ,1722,336.5, 51843.5
merged_libs_egret5.js:4 ,1725,321.5, 51918.5
merged_libs_egret5.js:4 ,1728,321.5, 51918.5
merged_libs_egret5.js:4 ,1731,261.5, 51978.5
merged_libs_egret5.js:4 ,1734,231.5, 52088.5
merged_libs_egret5.js:4 ,1737,146.5, 52173.5
merged_libs_egret5.js:4 ,1740,76.5, 52243.5
merged_libs_egret5.js:4 ,1743,1.5, 52318.5
merged_libs_egret5.js:4 ,1746,1.5, 52318.5
