6b3fa00747f9dd324ead.js:2 GET https://www.google-analytics.com/analytics.js net::ERR_ABORTED 500
(anonymous) @ 6b3fa00747f9dd324ead.js:2
(anonymous) @ 6b3fa00747f9dd324ead.js:2
T @ 6b3fa00747f9dd324ead.js:2
z.default @ 6b3fa00747f9dd324ead.js:2
t.use @ 313b56cf5c96a14844d8.js:2
(anonymous) @ 863e3739e60b8fc08c4c.js:1
j @ 313b56cf5c96a14844d8.js:2
(anonymous) @ 313b56cf5c96a14844d8.js:2
t.<computed> @ 313b56cf5c96a14844d8.js:2
r @ 313b56cf5c96a14844d8.js:2
l @ 313b56cf5c96a14844d8.js:2
(anonymous) @ 313b56cf5c96a14844d8.js:2
(anonymous) @ 313b56cf5c96a14844d8.js:2
$e @ 863e3739e60b8fc08c4c.js:1
Te @ 863e3739e60b8fc08c4c.js:1
(anonymous) @ 863e3739e60b8fc08c4c.js:1
j @ 313b56cf5c96a14844d8.js:2
(anonymous) @ 313b56cf5c96a14844d8.js:2
t.<computed> @ 313b56cf5c96a14844d8.js:2
r @ 313b56cf5c96a14844d8.js:2
l @ 313b56cf5c96a14844d8.js:2
Promise.then (async)
r @ 313b56cf5c96a14844d8.js:2
l @ 313b56cf5c96a14844d8.js:2
Promise.then (async)
r @ 313b56cf5c96a14844d8.js:2
l @ 313b56cf5c96a14844d8.js:2
Promise.then (async)
r @ 313b56cf5c96a14844d8.js:2
l @ 313b56cf5c96a14844d8.js:2
Promise.then (async)
r @ 313b56cf5c96a14844d8.js:2
l @ 313b56cf5c96a14844d8.js:2
(anonymous) @ 313b56cf5c96a14844d8.js:2
(anonymous) @ 313b56cf5c96a14844d8.js:2
Ke @ 863e3739e60b8fc08c4c.js:1
(anonymous) @ 863e3739e60b8fc08c4c.js:1
340 @ 863e3739e60b8fc08c4c.js:1
o @ 374e75008ebc0ca4b1c1.js:1
255 @ 863e3739e60b8fc08c4c.js:1
o @ 374e75008ebc0ca4b1c1.js:1
f @ 374e75008ebc0ca4b1c1.js:1
c @ 374e75008ebc0ca4b1c1.js:1
(anonymous) @ 863e3739e60b8fc08c4c.js:1
6b3fa00747f9dd324ead.js:2 [vue-analytics] An error occured! Please check your connection, if you have any Google Analytics blocker installed in your browser or check your custom resource URL if you have added any.
(anonymous) @ 6b3fa00747f9dd324ead.js:2
Promise.catch (async)
T @ 6b3fa00747f9dd324ead.js:2
z.default @ 6b3fa00747f9dd324ead.js:2
t.use @ 313b56cf5c96a14844d8.js:2
(anonymous) @ 863e3739e60b8fc08c4c.js:1
j @ 313b56cf5c96a14844d8.js:2
(anonymous) @ 313b56cf5c96a14844d8.js:2
t.<computed> @ 313b56cf5c96a14844d8.js:2
r @ 313b56cf5c96a14844d8.js:2
l @ 313b56cf5c96a14844d8.js:2
(anonymous) @ 313b56cf5c96a14844d8.js:2
(anonymous) @ 313b56cf5c96a14844d8.js:2
$e @ 863e3739e60b8fc08c4c.js:1
Te @ 863e3739e60b8fc08c4c.js:1
(anonymous) @ 863e3739e60b8fc08c4c.js:1
j @ 313b56cf5c96a14844d8.js:2
(anonymous) @ 313b56cf5c96a14844d8.js:2
t.<computed> @ 313b56cf5c96a14844d8.js:2
r @ 313b56cf5c96a14844d8.js:2
l @ 313b56cf5c96a14844d8.js:2
Promise.then (async)
r @ 313b56cf5c96a14844d8.js:2
l @ 313b56cf5c96a14844d8.js:2
Promise.then (async)
r @ 313b56cf5c96a14844d8.js:2
l @ 313b56cf5c96a14844d8.js:2
Promise.then (async)
r @ 313b56cf5c96a14844d8.js:2
l @ 313b56cf5c96a14844d8.js:2
Promise.then (async)
r @ 313b56cf5c96a14844d8.js:2
l @ 313b56cf5c96a14844d8.js:2
(anonymous) @ 313b56cf5c96a14844d8.js:2
(anonymous) @ 313b56cf5c96a14844d8.js:2
Ke @ 863e3739e60b8fc08c4c.js:1
(anonymous) @ 863e3739e60b8fc08c4c.js:1
340 @ 863e3739e60b8fc08c4c.js:1
o @ 374e75008ebc0ca4b1c1.js:1
255 @ 863e3739e60b8fc08c4c.js:1
o @ 374e75008ebc0ca4b1c1.js:1
f @ 374e75008ebc0ca4b1c1.js:1
c @ 374e75008ebc0ca4b1c1.js:1
(anonymous) @ 863e3739e60b8fc08c4c.js:1
313b56cf5c96a14844d8.js:2 GET https://radar.cedexis.com/1/23917/radar.js net::ERR_ABORTED 500
(anonymous) @ 313b56cf5c96a14844d8.js:2
(anonymous) @ 313b56cf5c96a14844d8.js:2
(anonymous) @ 313b56cf5c96a14844d8.js:2
(anonymous) @ 313b56cf5c96a14844d8.js:2
(anonymous) @ 313b56cf5c96a14844d8.js:2
(anonymous) @ 313b56cf5c96a14844d8.js:2
(anonymous) @ 313b56cf5c96a14844d8.js:2
requestAnimationFrame (async)
Y @ 313b56cf5c96a14844d8.js:2
(anonymous) @ 313b56cf5c96a14844d8.js:2
wn.run @ 313b56cf5c96a14844d8.js:2
bn @ 313b56cf5c96a14844d8.js:2
(anonymous) @ 313b56cf5c96a14844d8.js:2
ie @ 313b56cf5c96a14844d8.js:2
Promise.then (async)
ee @ 313b56cf5c96a14844d8.js:2
ue @ 313b56cf5c96a14844d8.js:2
(anonymous) @ 313b56cf5c96a14844d8.js:2
wn.update @ 313b56cf5c96a14844d8.js:2
wt.notify @ 313b56cf5c96a14844d8.js:2
(anonymous) @ 313b56cf5c96a14844d8.js:2
addLog @ 863e3739e60b8fc08c4c.js:1
(anonymous) @ 313b56cf5c96a14844d8.js:2
(anonymous) @ 313b56cf5c96a14844d8.js:2
(anonymous) @ 313b56cf5c96a14844d8.js:2
d._withCommit @ 313b56cf5c96a14844d8.js:2
d.commit @ 313b56cf5c96a14844d8.js:2
commit @ 313b56cf5c96a14844d8.js:2
r.commit @ 313b56cf5c96a14844d8.js:2
setLog @ 863e3739e60b8fc08c4c.js:1
(anonymous) @ 313b56cf5c96a14844d8.js:2
d.dispatch @ 313b56cf5c96a14844d8.js:2
dispatch @ 313b56cf5c96a14844d8.js:2
(anonymous) @ 30ebd9b5b6eccc956511.js:1
Promise.then (async)
(anonymous) @ 30ebd9b5b6eccc956511.js:1
Promise.then (async)
(anonymous) @ 30ebd9b5b6eccc956511.js:1
Promise.then (async)
initWeb @ 30ebd9b5b6eccc956511.js:1
(anonymous) @ 30ebd9b5b6eccc956511.js:1
Promise.catch (async)
(anonymous) @ 30ebd9b5b6eccc956511.js:1
d @ 6b3fa00747f9dd324ead.js:2
w._settlePromiseFromHandler @ 6b3fa00747f9dd324ead.js:2
w._settlePromise @ 6b3fa00747f9dd324ead.js:2
w._settlePromise0 @ 6b3fa00747f9dd324ead.js:2
w._settlePromises @ 6b3fa00747f9dd324ead.js:2
(anonymous) @ 6b3fa00747f9dd324ead.js:2
Promise.then (async)
c @ 6b3fa00747f9dd324ead.js:2
t.hasDevTools.A.settlePromises @ 6b3fa00747f9dd324ead.js:2
w._fulfill @ 6b3fa00747f9dd324ead.js:2
w._resolveCallback @ 6b3fa00747f9dd324ead.js:2
(anonymous) @ 6b3fa00747f9dd324ead.js:2
(anonymous) @ 863e3739e60b8fc08c4c.js:1
d @ 6b3fa00747f9dd324ead.js:2
w._settlePromiseFromHandler @ 6b3fa00747f9dd324ead.js:2
w._settlePromise @ 6b3fa00747f9dd324ead.js:2
w._settlePromise0 @ 6b3fa00747f9dd324ead.js:2
w._settlePromises @ 6b3fa00747f9dd324ead.js:2
w._fulfill @ 6b3fa00747f9dd324ead.js:2
t._resolve @ 6b3fa00747f9dd324ead.js:2
r._promiseFulfilled @ 6b3fa00747f9dd324ead.js:2
w._settlePromise @ 6b3fa00747f9dd324ead.js:2
w._settlePromise0 @ 6b3fa00747f9dd324ead.js:2
w._settlePromises @ 6b3fa00747f9dd324ead.js:2
(anonymous) @ 6b3fa00747f9dd324ead.js:2
Promise.then (async)
c @ 6b3fa00747f9dd324ead.js:2
t.hasDevTools.A.settlePromises @ 6b3fa00747f9dd324ead.js:2
w._fulfill @ 6b3fa00747f9dd324ead.js:2
w._resolveCallback @ 6b3fa00747f9dd324ead.js:2
(anonymous) @ 6b3fa00747f9dd324ead.js:2
Promise.then (async)
d @ 6b3fa00747f9dd324ead.js:2
(anonymous) @ 6b3fa00747f9dd324ead.js:2
(anonymous) @ 6b3fa00747f9dd324ead.js:2
t._iterate @ 6b3fa00747f9dd324ead.js:2
M @ 6b3fa00747f9dd324ead.js:2
r._init @ 6b3fa00747f9dd324ead.js:2
r.init @ 6b3fa00747f9dd324ead.js:2
d @ 6b3fa00747f9dd324ead.js:2
z.some @ 6b3fa00747f9dd324ead.js:2
race @ 863e3739e60b8fc08c4c.js:1
(anonymous) @ 863e3739e60b8fc08c4c.js:1
O._execute @ 6b3fa00747f9dd324ead.js:2
w._resolveFromExecutor @ 6b3fa00747f9dd324ead.js:2
w @ 6b3fa00747f9dd324ead.js:2
speedTest @ 863e3739e60b8fc08c4c.js:1
(anonymous) @ 30ebd9b5b6eccc956511.js:1
d @ 6b3fa00747f9dd324ead.js:2
w._settlePromiseFromHandler @ 6b3fa00747f9dd324ead.js:2
w._settlePromise @ 6b3fa00747f9dd324ead.js:2
w._settlePromise0 @ 6b3fa00747f9dd324ead.js:2
w._settlePromises @ 6b3fa00747f9dd324ead.js:2
(anonymous) @ 6b3fa00747f9dd324ead.js:2
Promise.then (async)
c @ 6b3fa00747f9dd324ead.js:2
t.hasDevTools.A.settlePromises @ 6b3fa00747f9dd324ead.js:2
w._fulfill @ 6b3fa00747f9dd324ead.js:2
w._resolveCallback @ 6b3fa00747f9dd324ead.js:2
(anonymous) @ 6b3fa00747f9dd324ead.js:2
(anonymous) @ 863e3739e60b8fc08c4c.js:1
Promise.then (async)
(anonymous) @ 863e3739e60b8fc08c4c.js:1
O._execute @ 6b3fa00747f9dd324ead.js:2
w._resolveFromExecutor @ 6b3fa00747f9dd324ead.js:2
w @ 6b3fa00747f9dd324ead.js:2
getLineInfoByEnv @ 863e3739e60b8fc08c4c.js:1
mounted @ 30ebd9b5b6eccc956511.js:1
Qt @ 313b56cf5c96a14844d8.js:2
fn @ 313b56cf5c96a14844d8.js:2
insert @ 313b56cf5c96a14844d8.js:2
T @ 313b56cf5c96a14844d8.js:2
(anonymous) @ 313b56cf5c96a14844d8.js:2
t._update @ 313b56cf5c96a14844d8.js:2
r @ 313b56cf5c96a14844d8.js:2
wn.get @ 313b56cf5c96a14844d8.js:2
wn @ 313b56cf5c96a14844d8.js:2
t @ 313b56cf5c96a14844d8.js:2
Pn.$mount @ 313b56cf5c96a14844d8.js:2
d @ 863e3739e60b8fc08c4c.js:1
(anonymous) @ 863e3739e60b8fc08c4c.js:1
j @ 313b56cf5c96a14844d8.js:2
(anonymous) @ 313b56cf5c96a14844d8.js:2
t.<computed> @ 313b56cf5c96a14844d8.js:2
r @ 313b56cf5c96a14844d8.js:2
l @ 313b56cf5c96a14844d8.js:2
Promise.then (async)
r @ 313b56cf5c96a14844d8.js:2
l @ 313b56cf5c96a14844d8.js:2
Promise.then (async)
r @ 313b56cf5c96a14844d8.js:2
l @ 313b56cf5c96a14844d8.js:2
(anonymous) @ 313b56cf5c96a14844d8.js:2
(anonymous) @ 313b56cf5c96a14844d8.js:2
vt @ 863e3739e60b8fc08c4c.js:1
(anonymous) @ 863e3739e60b8fc08c4c.js:1
Promise.then (async)
340 @ 863e3739e60b8fc08c4c.js:1
o @ 374e75008ebc0ca4b1c1.js:1
255 @ 863e3739e60b8fc08c4c.js:1
o @ 374e75008ebc0ca4b1c1.js:1
f @ 374e75008ebc0ca4b1c1.js:1
c @ 374e75008ebc0ca4b1c1.js:1
(anonymous) @ 863e3739e60b8fc08c4c.js:1
30ebd9b5b6eccc956511.js:1 GET https://www.sqntbw.com/games/7/7999/d145a21/gameConfig.test.js net::ERR_ABORTED 404
(anonymous) @ 30ebd9b5b6eccc956511.js:1
url @ 30ebd9b5b6eccc956511.js:1
(anonymous) @ 30ebd9b5b6eccc956511.js:1
j @ 313b56cf5c96a14844d8.js:2
(anonymous) @ 313b56cf5c96a14844d8.js:2
t.<computed> @ 313b56cf5c96a14844d8.js:2
r @ 313b56cf5c96a14844d8.js:2
l @ 313b56cf5c96a14844d8.js:2
(anonymous) @ 313b56cf5c96a14844d8.js:2
(anonymous) @ 313b56cf5c96a14844d8.js:2
(anonymous) @ 30ebd9b5b6eccc956511.js:1
(anonymous) @ 30ebd9b5b6eccc956511.js:1
Promise.then (async)
initGames @ 30ebd9b5b6eccc956511.js:1
(anonymous) @ 30ebd9b5b6eccc956511.js:1
Promise.then (async)
(anonymous) @ 30ebd9b5b6eccc956511.js:1
Promise.then (async)
(anonymous) @ 30ebd9b5b6eccc956511.js:1
Promise.then (async)
initWeb @ 30ebd9b5b6eccc956511.js:1
(anonymous) @ 30ebd9b5b6eccc956511.js:1
Promise.catch (async)
(anonymous) @ 30ebd9b5b6eccc956511.js:1
d @ 6b3fa00747f9dd324ead.js:2
w._settlePromiseFromHandler @ 6b3fa00747f9dd324ead.js:2
w._settlePromise @ 6b3fa00747f9dd324ead.js:2
w._settlePromise0 @ 6b3fa00747f9dd324ead.js:2
w._settlePromises @ 6b3fa00747f9dd324ead.js:2
(anonymous) @ 6b3fa00747f9dd324ead.js:2
Promise.then (async)
c @ 6b3fa00747f9dd324ead.js:2
t.hasDevTools.A.settlePromises @ 6b3fa00747f9dd324ead.js:2
w._fulfill @ 6b3fa00747f9dd324ead.js:2
w._resolveCallback @ 6b3fa00747f9dd324ead.js:2
(anonymous) @ 6b3fa00747f9dd324ead.js:2
(anonymous) @ 863e3739e60b8fc08c4c.js:1
d @ 6b3fa00747f9dd324ead.js:2
w._settlePromiseFromHandler @ 6b3fa00747f9dd324ead.js:2
w._settlePromise @ 6b3fa00747f9dd324ead.js:2
w._settlePromise0 @ 6b3fa00747f9dd324ead.js:2
w._settlePromises @ 6b3fa00747f9dd324ead.js:2
w._fulfill @ 6b3fa00747f9dd324ead.js:2
t._resolve @ 6b3fa00747f9dd324ead.js:2
r._promiseFulfilled @ 6b3fa00747f9dd324ead.js:2
w._settlePromise @ 6b3fa00747f9dd324ead.js:2
w._settlePromise0 @ 6b3fa00747f9dd324ead.js:2
w._settlePromises @ 6b3fa00747f9dd324ead.js:2
(anonymous) @ 6b3fa00747f9dd324ead.js:2
Promise.then (async)
c @ 6b3fa00747f9dd324ead.js:2
t.hasDevTools.A.settlePromises @ 6b3fa00747f9dd324ead.js:2
w._fulfill @ 6b3fa00747f9dd324ead.js:2
w._resolveCallback @ 6b3fa00747f9dd324ead.js:2
(anonymous) @ 6b3fa00747f9dd324ead.js:2
Promise.then (async)
d @ 6b3fa00747f9dd324ead.js:2
(anonymous) @ 6b3fa00747f9dd324ead.js:2
(anonymous) @ 6b3fa00747f9dd324ead.js:2
t._iterate @ 6b3fa00747f9dd324ead.js:2
M @ 6b3fa00747f9dd324ead.js:2
r._init @ 6b3fa00747f9dd324ead.js:2
r.init @ 6b3fa00747f9dd324ead.js:2
d @ 6b3fa00747f9dd324ead.js:2
z.some @ 6b3fa00747f9dd324ead.js:2
race @ 863e3739e60b8fc08c4c.js:1
(anonymous) @ 863e3739e60b8fc08c4c.js:1
O._execute @ 6b3fa00747f9dd324ead.js:2
w._resolveFromExecutor @ 6b3fa00747f9dd324ead.js:2
w @ 6b3fa00747f9dd324ead.js:2
speedTest @ 863e3739e60b8fc08c4c.js:1
(anonymous) @ 30ebd9b5b6eccc956511.js:1
d @ 6b3fa00747f9dd324ead.js:2
w._settlePromiseFromHandler @ 6b3fa00747f9dd324ead.js:2
w._settlePromise @ 6b3fa00747f9dd324ead.js:2
w._settlePromise0 @ 6b3fa00747f9dd324ead.js:2
w._settlePromises @ 6b3fa00747f9dd324ead.js:2
(anonymous) @ 6b3fa00747f9dd324ead.js:2
Promise.then (async)
c @ 6b3fa00747f9dd324ead.js:2
t.hasDevTools.A.settlePromises @ 6b3fa00747f9dd324ead.js:2
w._fulfill @ 6b3fa00747f9dd324ead.js:2
w._resolveCallback @ 6b3fa00747f9dd324ead.js:2
(anonymous) @ 6b3fa00747f9dd324ead.js:2
(anonymous) @ 863e3739e60b8fc08c4c.js:1
Promise.then (async)
(anonymous) @ 863e3739e60b8fc08c4c.js:1
O._execute @ 6b3fa00747f9dd324ead.js:2
w._resolveFromExecutor @ 6b3fa00747f9dd324ead.js:2
w @ 6b3fa00747f9dd324ead.js:2
getLineInfoByEnv @ 863e3739e60b8fc08c4c.js:1
mounted @ 30ebd9b5b6eccc956511.js:1
Qt @ 313b56cf5c96a14844d8.js:2
fn @ 313b56cf5c96a14844d8.js:2
insert @ 313b56cf5c96a14844d8.js:2
T @ 313b56cf5c96a14844d8.js:2
(anonymous) @ 313b56cf5c96a14844d8.js:2
t._update @ 313b56cf5c96a14844d8.js:2
r @ 313b56cf5c96a14844d8.js:2
wn.get @ 313b56cf5c96a14844d8.js:2
wn @ 313b56cf5c96a14844d8.js:2
t @ 313b56cf5c96a14844d8.js:2
Pn.$mount @ 313b56cf5c96a14844d8.js:2
d @ 863e3739e60b8fc08c4c.js:1
(anonymous) @ 863e3739e60b8fc08c4c.js:1
j @ 313b56cf5c96a14844d8.js:2
(anonymous) @ 313b56cf5c96a14844d8.js:2
t.<computed> @ 313b56cf5c96a14844d8.js:2
r @ 313b56cf5c96a14844d8.js:2
l @ 313b56cf5c96a14844d8.js:2
Promise.then (async)
r @ 313b56cf5c96a14844d8.js:2
l @ 313b56cf5c96a14844d8.js:2
Promise.then (async)
r @ 313b56cf5c96a14844d8.js:2
l @ 313b56cf5c96a14844d8.js:2
(anonymous) @ 313b56cf5c96a14844d8.js:2
(anonymous) @ 313b56cf5c96a14844d8.js:2
vt @ 863e3739e60b8fc08c4c.js:1
(anonymous) @ 863e3739e60b8fc08c4c.js:1
Promise.then (async)
340 @ 863e3739e60b8fc08c4c.js:1
o @ 374e75008ebc0ca4b1c1.js:1
255 @ 863e3739e60b8fc08c4c.js:1
o @ 374e75008ebc0ca4b1c1.js:1
f @ 374e75008ebc0ca4b1c1.js:1
c @ 374e75008ebc0ca4b1c1.js:1
(anonymous) @ 863e3739e60b8fc08c4c.js:1
30ebd9b5b6eccc956511.js:1 Event {isTrusted: true, type: "error", target: script, currentTarget: script, eventPhase: 2, …}
main.min.js:1 DragonBones: 5.6.201 2018/01/05
Website: http://dragonbones.com/
Source and Demos: https://github.com/DragonBones/
merged_jdbbase.js:179 [INFO] SmartFox instance ready!
merged_libs_egret5.js:4 ,3,2000, 0
merged_libs_egret5.js:4 ,6,1999.5, 0.5
merged_libs_egret5.js:4 ,9,1995.5, 7.5
merged_libs_egret5.js:4 ,12,1996.5, 16.5
merged_libs_egret5.js:4 ,15,1996, 31
merged_libs_egret5.js:4 ,18,2002, 48
merged_libs_egret5.js:4 ,21,1997, 56
merged_libs_egret5.js:4 ,24,1993, 67
merged_libs_egret5.js:4 ,27,1985, 75
merged_libs_egret5.js:4 ,30,1982, 80
merged_libs_egret5.js:4 ,33,1975, 87
merged_libs_egret5.js:4 ,36,2021, 140
merged_libs_egret5.js:4 ,39,2013.5, 147.5
merged_libs_egret5.js:4 ,42,2022, 169
merged_libs_egret5.js:4 ,45,2016, 176
merged_libs_egret5.js:4 ,48,2013, 184
merged_libs_egret5.js:4 ,51,2009.5, 193.5
merged_libs_egret5.js:4 ,54,2032, 230
merged_libs_egret5.js:4 ,57,2031, 242
merged_libs_egret5.js:4 ,60,2030, 248
merged_libs_egret5.js:4 ,63,2023.5, 254.5
merged_libs_egret5.js:4 ,66,2018.5, 259.5
merged_libs_egret5.js:4 ,69,2017.5, 260.5
merged_libs_egret5.js:4 ,72,2017.5, 260.5
merged_libs_egret5.js:4 ,75,2017.5, 260.5
merged_libs_egret5.js:4 ,78,2017.5, 260.5
merged_libs_egret5.js:4 ,81,2014, 267
merged_libs_egret5.js:4 ,84,2015, 278
merged_libs_egret5.js:4 ,87,2012, 281
merged_libs_egret5.js:4 ,90,2010, 289
merged_libs_egret5.js:4 ,93,2010, 289
merged_libs_egret5.js:4 ,96,2010, 289
merged_libs_egret5.js:4 ,99,2010, 289
merged_libs_egret5.js:4 ,102,2010, 289
merged_libs_egret5.js:4 ,105,2010, 289
merged_libs_egret5.js:4 ,108,2010, 289
merged_libs_egret5.js:4 ,111,2010, 289
merged_libs_egret5.js:4 ,114,2010, 289
merged_libs_egret5.js:4 ,117,2010, 289
merged_libs_egret5.js:4 ,120,2010, 289
merged_libs_egret5.js:4 ,123,2010, 289
merged_libs_egret5.js:4 ,126,2010, 289
merged_libs_egret5.js:4 ,129,2010, 289
merged_libs_egret5.js:4 ,132,2010, 289
merged_libs_egret5.js:4 ,135,2010, 289
merged_libs_egret5.js:4 ,138,2002.5, 296.5
merged_libs_egret5.js:4 ,141,1997.5, 301.5
merged_libs_egret5.js:4 ,144,1990, 309
merged_libs_egret5.js:4 ,147,2017.5, 340.5
merged_libs_egret5.js:4 ,150,2017.5, 340.5
merged_libs_egret5.js:4 ,153,2017.5, 340.5
merged_libs_egret5.js:4 ,156,2017.5, 340.5
merged_libs_egret5.js:4 ,159,2017.5, 340.5
merged_libs_egret5.js:4 ,162,2017.5, 340.5
merged_libs_egret5.js:4 ,165,2017.5, 340.5
merged_libs_egret5.js:4 ,168,2014.5, 343.5
merged_libs_egret5.js:4 ,171,2006.1, 351.9
merged_libs_egret5.js:4 ,174,1960.4, 397.6
merged_libs_egret5.js:4 ,177,2170.4, 657.6
merged_libs_egret5.js:4 ,180,2095.4, 732.6
merged_libs_egret5.js:4 ,183,2020.4, 807.6
merged_libs_egret5.js:4 ,186,1945.4, 882.6
merged_libs_egret5.js:4 ,189,1910.4, 957.6
merged_libs_egret5.js:4 ,192,1910.4, 957.6
merged_libs_egret5.js:4 ,195,1910.4, 957.6
merged_libs_egret5.js:4 ,198,1910.4, 957.6
merged_libs_egret5.js:4 ,201,1910.4, 957.6
merged_libs_egret5.js:4 ,204,1910.4, 957.6
merged_libs_egret5.js:4 ,207,1910.4, 957.6
merged_libs_egret5.js:4 ,210,1910.4, 957.6
merged_libs_egret5.js:4 ,213,1910.4, 957.6
merged_libs_egret5.js:4 ,216,1910.4, 957.6
merged_libs_egret5.js:4 ,219,1910.4, 957.6
merged_libs_egret5.js:4 ,222,1910.4, 957.6
merged_libs_egret5.js:4 ,225,1910.4, 957.6
merged_libs_egret5.js:4 ,228,1910.4, 957.6
merged_libs_egret5.js:4 ,231,1910.4, 957.6
merged_libs_egret5.js:4 ,234,1910.4, 957.6
merged_libs_egret5.js:4 ,237,1985.4, 1032.6
merged_libs_egret5.js:4 ,240,1985.4, 1032.6
merged_libs_egret5.js:4 ,243,1965.4, 1052.6
merged_libs_egret5.js:4 ,246,1930.4, 1087.6
merged_libs_egret5.js:4 ,249,1915.4, 1142.6
merged_libs_egret5.js:4 ,252,1850.4, 1217.6
merged_libs_egret5.js:4 ,255,2065.4, 1552.6
merged_libs_egret5.js:4 ,258,1990.4, 1627.6
merged_libs_egret5.js:4 ,261,2030.4, 1727.6
merged_libs_egret5.js:4 ,264,1915.4, 1842.6
merged_libs_egret5.js:4 ,267,1855.4, 1902.6
merged_libs_egret5.js:4 ,270,1775.4, 1982.6
merged_libs_egret5.js:4 ,273,1695.4, 2062.6
merged_libs_egret5.js:4 ,276,1645.4, 2112.6
merged_libs_egret5.js:4 ,279,1600.4, 2227.6
merged_libs_egret5.js:4 ,282,1585.4, 2302.6
merged_libs_egret5.js:4 ,285,1670.4, 2547.6
merged_libs_egret5.js:4 ,288,1615.4, 2622.6
merged_libs_egret5.js:4 ,291,1550.4, 2697.6
merged_libs_egret5.js:4 ,294,1965.4, 3212.6
merged_libs_egret5.js:4 ,297,2410.4, 3777.6
merged_libs_egret5.js:4 ,300,2380.4, 3867.6
merged_libs_egret5.js:4 ,303,2350.4, 3967.6
merged_libs_egret5.js:4 ,306,2290.4, 4047.6
merged_libs_egret5.js:4 ,309,2250.4, 4087.6
merged_libs_egret5.js:4 ,312,2175.4, 4162.6
merged_libs_egret5.js:4 ,315,2120.4, 4247.6
merged_libs_egret5.js:4 ,318,2045.4, 4322.6
merged_libs_egret5.js:4 ,321,2000.4, 4397.6
merged_libs_egret5.js:4 ,324,2050.4, 4537.6
merged_libs_egret5.js:4 ,327,2330.4, 4847.6
merged_libs_egret5.js:4 ,330,2330.4, 4847.6
merged_libs_egret5.js:4 ,333,2330.4, 4847.6
merged_libs_egret5.js:4 ,336,2330.4, 4847.6
merged_libs_egret5.js:4 ,339,2330.4, 4847.6
merged_libs_egret5.js:4 ,342,2330.4, 4847.6
merged_libs_egret5.js:4 ,345,2330.4, 4847.6
merged_libs_egret5.js:4 ,348,2330.4, 4847.6
merged_libs_egret5.js:4 ,351,2305.4, 4872.6
merged_libs_egret5.js:4 ,354,2225.4, 4952.6
merged_libs_egret5.js:4 ,357,2155.4, 5022.6
merged_libs_egret5.js:4 ,360,2125.4, 5052.6
merged_libs_egret5.js:4 ,363,2350.4, 5417.6
merged_libs_egret5.js:4 ,366,2820.4, 5937.6
merged_libs_egret5.js:4 ,369,2820.4, 5937.6
merged_libs_egret5.js:4 ,372,2820.4, 5937.6
merged_libs_egret5.js:4 ,375,2820.4, 5937.6
merged_libs_egret5.js:4 ,378,2765.4, 5992.6
merged_libs_egret5.js:4 ,381,2725.4, 6032.6
merged_libs_egret5.js:4 ,384,2675.4, 6082.6
merged_libs_egret5.js:4 ,387,2600.4, 6157.6
merged_libs_egret5.js:4 ,390,2525.4, 6232.6
merged_libs_egret5.js:4 ,393,2450.4, 6307.6
merged_libs_egret5.js:4 ,396,2375.4, 6382.6
merged_libs_egret5.js:4 ,399,2600.4, 6747.6
merged_libs_egret5.js:4 ,402,2600.4, 6747.6
merged_libs_egret5.js:4 ,405,2600.4, 6747.6
merged_libs_egret5.js:4 ,408,2600.4, 6747.6
merged_libs_egret5.js:4 ,411,2600.4, 6747.6
merged_libs_egret5.js:4 ,414,2600.4, 6747.6
merged_libs_egret5.js:4 ,417,2600.4, 6747.6
merged_libs_egret5.js:4 ,420,2580.4, 6767.6
merged_libs_egret5.js:4 ,423,2510.4, 6837.6
merged_libs_egret5.js:4 ,426,2475.4, 6872.6
merged_libs_egret5.js:4 ,429,2475.4, 6872.6
merged_libs_egret5.js:4 ,432,2475.4, 6872.6
merged_libs_egret5.js:4 ,435,2475.4, 6872.6
merged_libs_egret5.js:4 ,438,2465.4, 6942.6
merged_libs_egret5.js:4 ,441,2465.4, 6942.6
merged_libs_egret5.js:4 ,444,2465.4, 7022.6
merged_libs_egret5.js:4 ,447,2425.4, 7062.6
merged_libs_egret5.js:4 ,450,2860.4, 7617.6
merged_libs_egret5.js:4 ,453,2815.4, 7662.6
merged_libs_egret5.js:4 ,456,2800.4, 7677.6
