www.google-analytics.com/analytics.js:1 Failed to load resource: the server responded with a status of 500 ()
6b3fa00747f9dd324ead.js:2 [vue-analytics] An error occured! Please check your connection, if you have any Google Analytics blocker installed in your browser or check your custom resource URL if you have added any.
(anonymous) @ 6b3fa00747f9dd324ead.js:2
www.sqntbw.com/games/7/7999/9411c88/gameConfig.test.js:1 Failed to load resource: the server responded with a status of 404 ()
30ebd9b5b6eccc956511.js:1 Event
radar.cedexis.com/1/23917/radar.js:1 Failed to load resource: the server responded with a status of 500 (Request Blocked)
main.min.js:1 DragonBones: 5.6.201 2018/01/05
Website: http://dragonbones.com/
Source and Demos: https://github.com/DragonBones/
merged_jdbbase.js:179 [INFO] SmartFox instance ready!
merged_libs_egret5.js:4 ,3,2000, 0
merged_libs_egret5.js:4 ,6,1995, 5
merged_libs_egret5.js:4 ,9,1980, 60
merged_libs_egret5.js:4 ,12,1945, 165
merged_libs_egret5.js:4 ,15,1890, 220
merged_libs_egret5.js:4 ,18,1860, 260
merged_libs_egret5.js:4 ,21,1850, 280
merged_libs_egret5.js:4 ,24,1815, 325
merged_libs_egret5.js:4 ,27,2105, 645
merged_libs_egret5.js:4 ,30,2490, 1050
merged_libs_egret5.js:4 ,33,2470, 1080
merged_libs_egret5.js:4 ,36,2450, 1100
merged_libs_egret5.js:4 ,39,2390, 1160
merged_libs_egret5.js:4 ,42,2355, 1195
merged_libs_egret5.js:4 ,45,2360, 1250
merged_libs_egret5.js:4 ,48,2285, 1325
merged_libs_egret5.js:4 ,51,2210, 1400
merged_libs_egret5.js:4 ,54,2380, 1610
merged_libs_egret5.js:4 ,57,2325, 1665
merged_libs_egret5.js:4 ,60,2275, 1725
merged_libs_egret5.js:4 ,63,2275, 1745
merged_libs_egret5.js:4 ,66,2430, 1980
merged_libs_egret5.js:4 ,69,2355, 2055
merged_libs_egret5.js:4 ,72,2305, 2115
merged_libs_egret5.js:4 ,75,2265, 2165
merged_libs_egret5.js:4 ,78,2250, 2200
merged_libs_egret5.js:4 ,81,2240, 2210
merged_libs_egret5.js:4 ,84,2240, 2210
merged_libs_egret5.js:4 ,87,2170, 2280
merged_libs_egret5.js:4 ,90,2100, 2350
merged_libs_egret5.js:4 ,93,2485, 2755
merged_libs_egret5.js:4 ,96,2485, 2755
merged_libs_egret5.js:4 ,99,2490, 2760
merged_libs_egret5.js:4 ,102,2490, 2770
merged_libs_egret5.js:4 ,105,2445, 2815
merged_libs_egret5.js:4 ,108,2720, 3130
merged_libs_egret5.js:4 ,111,2720, 3130
merged_libs_egret5.js:4 ,114,2720, 3130
merged_libs_egret5.js:4 ,117,2675, 3175
merged_libs_egret5.js:4 ,120,2600, 3250
merged_libs_egret5.js:4 ,123,2880, 3560
merged_libs_egret5.js:4 ,126,2835, 3605
merged_libs_egret5.js:4 ,129,2800, 3640
merged_libs_egret5.js:4 ,132,2805, 3645
merged_libs_egret5.js:4 ,135,2805, 3645
merged_libs_egret5.js:4 ,138,2805, 3645
merged_libs_egret5.js:4 ,141,2795, 3655
merged_libs_egret5.js:4 ,144,2780, 3710
merged_libs_egret5.js:4 ,147,2720, 3780
merged_libs_egret5.js:4 ,150,3110, 4280
merged_libs_egret5.js:4 ,153,3110, 4280
merged_libs_egret5.js:4 ,156,3110, 4280
merged_libs_egret5.js:4 ,159,3110, 4280
merged_libs_egret5.js:4 ,162,3110, 4280
merged_libs_egret5.js:4 ,165,3110, 4280
