www.google-analytics.com/analytics.js:1 Failed to load resource: the server responded with a status of 500 ()
6b3fa00747f9dd324ead.js:2 [vue-analytics] An error occured! Please check your connection, if you have any Google Analytics blocker installed in your browser or check your custom resource URL if you have added any.
(anonymous) @ 6b3fa00747f9dd324ead.js:2
www.sqntbw.com/games/7/7999/929a70b/gameConfig.test.js:1 Failed to load resource: the server responded with a status of 404 ()
30ebd9b5b6eccc956511.js:1 Event
radar.cedexis.com/1/23917/radar.js:1 Failed to load resource: the server responded with a status of 500 (Request Blocked)
main.min.js:1 DragonBones: 5.6.201 2018/01/05
Website: http://dragonbones.com/
Source and Demos: https://github.com/DragonBones/
merged_jdbbase.js:179 [INFO] SmartFox instance ready!
merged_libs_egret5.js:4 ,3,2000, 0
merged_libs_egret5.js:4 ,6,1993.5, 6.5
merged_libs_egret5.js:4 ,9,1989, 15
merged_libs_egret5.js:4 ,12,1989, 15
merged_libs_egret5.js:4 ,15,1989, 15
merged_libs_egret5.js:4 ,18,1989, 15
merged_libs_egret5.js:4 ,21,1989, 15
merged_libs_egret5.js:4 ,24,1989, 15
merged_libs_egret5.js:4 ,27,1989, 15
merged_libs_egret5.js:4 ,30,1989, 15
merged_libs_egret5.js:4 ,33,1989, 15
merged_libs_egret5.js:4 ,36,1944, 60
merged_libs_egret5.js:4 ,39,1879, 135
merged_libs_egret5.js:4 ,42,1839, 205
merged_libs_egret5.js:4 ,45,1884, 360
merged_libs_egret5.js:4 ,48,1849, 475
merged_libs_egret5.js:4 ,51,1819, 575
merged_libs_egret5.js:4 ,54,1774, 680
merged_libs_egret5.js:4 ,57,1994, 1030
merged_libs_egret5.js:4 ,60,1969, 1085
merged_libs_egret5.js:4 ,63,1934, 1190
merged_libs_egret5.js:4 ,66,1864, 1290
merged_libs_egret5.js:4 ,69,1794, 1360
merged_libs_egret5.js:4 ,72,1784, 1490
merged_libs_egret5.js:4 ,75,1924, 1740
merged_libs_egret5.js:4 ,78,1834, 1830
merged_libs_egret5.js:4 ,81,1764, 1900
merged_libs_egret5.js:4 ,84,1744, 1990
merged_libs_egret5.js:4 ,87,1679, 2055
merged_libs_egret5.js:4 ,90,1609, 2135
merged_libs_egret5.js:4 ,93,1764, 2410
merged_libs_egret5.js:4 ,96,1699, 2485
merged_libs_egret5.js:4 ,99,1649, 2585
merged_libs_egret5.js:4 ,102,1729, 2765
merged_libs_egret5.js:4 ,105,2084, 3240
merged_libs_egret5.js:4 ,108,2049, 3325
merged_libs_egret5.js:4 ,111,1989, 3405
merged_libs_egret5.js:4 ,114,1914, 3480
merged_libs_egret5.js:4 ,117,2364, 4040
merged_libs_egret5.js:4 ,120,2409, 4225
merged_libs_egret5.js:4 ,123,2449, 4405
merged_libs_egret5.js:4 ,126,2579, 4665
merged_libs_egret5.js:4 ,129,2544, 4700
merged_libs_egret5.js:4 ,132,2544, 4700
merged_libs_egret5.js:4 ,135,2554, 4720
merged_libs_egret5.js:4 ,138,2559, 4725
merged_libs_egret5.js:4 ,141,2564, 4730
merged_libs_egret5.js:4 ,144,2539, 4805
merged_libs_egret5.js:4 ,147,2479, 4875
merged_libs_egret5.js:4 ,150,2484, 4900
merged_libs_egret5.js:4 ,153,2484, 4900
merged_libs_egret5.js:4 ,156,2484, 4900
merged_libs_egret5.js:4 ,159,2494, 4930
merged_libs_egret5.js:4 ,162,2494, 4930
merged_libs_egret5.js:4 ,165,2494, 4930
merged_libs_egret5.js:4 ,168,2494, 4930
merged_libs_egret5.js:4 ,171,2444, 4980
merged_libs_egret5.js:4 ,174,2364, 5060
merged_libs_egret5.js:4 ,177,2324, 5100
merged_libs_egret5.js:4 ,180,2324, 5100
merged_libs_egret5.js:4 ,183,2324, 5100
merged_libs_egret5.js:4 ,186,2299, 5125
merged_libs_egret5.js:4 ,189,2239, 5205
merged_libs_egret5.js:4 ,192,2164, 5280
merged_libs_egret5.js:4 ,195,2299, 5545
merged_libs_egret5.js:4 ,198,2534, 5900
merged_libs_egret5.js:4 ,201,2454, 5980
merged_libs_egret5.js:4 ,204,2399, 6055
merged_libs_egret5.js:4 ,207,2314, 6140
merged_libs_egret5.js:4 ,210,2249, 6225
merged_libs_egret5.js:4 ,213,2289, 6395
merged_libs_egret5.js:4 ,216,2224, 6470
merged_libs_egret5.js:4 ,219,2154, 6540
merged_libs_egret5.js:4 ,222,2069, 6625
merged_libs_egret5.js:4 ,225,2034, 6710
merged_libs_egret5.js:4 ,228,2474, 7260
merged_libs_egret5.js:4 ,231,2454, 7350
merged_libs_egret5.js:4 ,234,2859, 7865
merged_libs_egret5.js:4 ,237,2784, 7950
merged_libs_egret5.js:4 ,240,2714, 8020
merged_libs_egret5.js:4 ,243,2639, 8095
merged_libs_egret5.js:4 ,246,2639, 8235
merged_libs_egret5.js:4 ,249,3359, 9015
merged_libs_egret5.js:4 ,252,3359, 9015
merged_libs_egret5.js:4 ,255,3359, 9015
merged_libs_egret5.js:4 ,258,3359, 9015
merged_libs_egret5.js:4 ,261,3359, 9015
merged_libs_egret5.js:4 ,264,3359, 9015
merged_libs_egret5.js:4 ,267,3359, 9015
merged_libs_egret5.js:4 ,270,3359, 9015
merged_libs_egret5.js:4 ,273,3359, 9015
merged_libs_egret5.js:4 ,276,3359, 9015
merged_libs_egret5.js:4 ,279,3359, 9015
merged_libs_egret5.js:4 ,282,3359, 9015
merged_libs_egret5.js:4 ,285,3359, 9015
merged_libs_egret5.js:4 ,288,3359, 9015
merged_libs_egret5.js:4 ,291,3359, 9015
merged_libs_egret5.js:4 ,294,3359, 9015
merged_libs_egret5.js:4 ,297,3359, 9015
merged_libs_egret5.js:4 ,300,3359, 9015
merged_libs_egret5.js:4 ,303,3359, 9015
merged_libs_egret5.js:4 ,306,3359, 9015
merged_libs_egret5.js:4 ,309,3359, 9015
merged_libs_egret5.js:4 ,312,3359, 9015
merged_libs_egret5.js:4 ,315,3359, 9015
merged_libs_egret5.js:4 ,318,3359, 9015
merged_libs_egret5.js:4 ,321,3359, 9015
merged_libs_egret5.js:4 ,324,3359, 9015
merged_libs_egret5.js:4 ,327,3359, 9015
merged_libs_egret5.js:4 ,330,3359, 9015
merged_libs_egret5.js:4 ,333,3359, 9015
merged_libs_egret5.js:4 ,336,3359, 9015
merged_libs_egret5.js:4 ,339,3359, 9015
