www.google-analytics.com/analytics.js:1 Failed to load resource: the server responded with a status of 500 ()
6b3fa00747f9dd324ead.js:2 [vue-analytics] An error occured! Please check your connection, if you have any Google Analytics blocker installed in your browser or check your custom resource URL if you have added any.
(anonymous) @ 6b3fa00747f9dd324ead.js:2
radar.cedexis.com/1/23917/radar.js:1 Failed to load resource: the server responded with a status of 500 (Request Blocked)
www.sqntbw.com/games/7/7999/d145a21/gameConfig.test.js:1 Failed to load resource: the server responded with a status of 404 ()
30ebd9b5b6eccc956511.js:1 Event
main.min.js:1 DragonBones: 5.6.201 2018/01/05
Website: http://dragonbones.com/
Source and Demos: https://github.com/DragonBones/
merged_jdbbase.js:179 [INFO] SmartFox instance ready!
merged_libs_egret5.js:4 ,3,2000, 0
merged_libs_egret5.js:4 ,6,2000, 0
merged_libs_egret5.js:4 ,9,2000, 0
merged_libs_egret5.js:4 ,12,2000, 0
merged_libs_egret5.js:4 ,15,2000, 0
merged_libs_egret5.js:4 ,18,2050, 70
merged_libs_egret5.js:4 ,21,2020, 110
merged_libs_egret5.js:4 ,24,1970, 160
merged_libs_egret5.js:4 ,27,1940, 210
merged_libs_egret5.js:4 ,30,1875, 285
merged_libs_egret5.js:4 ,33,1830, 360
merged_libs_egret5.js:4 ,36,1765, 435
merged_libs_egret5.js:4 ,39,1690, 510
merged_libs_egret5.js:4 ,42,1645, 585
merged_libs_egret5.js:4 ,45,1570, 660
merged_libs_egret5.js:4 ,48,1535, 725
merged_libs_egret5.js:4 ,51,1470, 800
merged_libs_egret5.js:4 ,54,1410, 880
merged_libs_egret5.js:4 ,57,1400, 960
merged_libs_egret5.js:4 ,60,1535, 1215
merged_libs_egret5.js:4 ,63,1560, 1380
merged_libs_egret5.js:4 ,66,1730, 1620
merged_libs_egret5.js:4 ,69,1695, 1685
merged_libs_egret5.js:4 ,72,1700, 1790
merged_libs_egret5.js:4 ,75,1645, 1875
merged_libs_egret5.js:4 ,78,1600, 1960
merged_libs_egret5.js:4 ,81,1525, 2035
merged_libs_egret5.js:4 ,84,1495, 2115
merged_libs_egret5.js:4 ,87,1420, 2190
merged_libs_egret5.js:4 ,90,1375, 2265
merged_libs_egret5.js:4 ,93,1300, 2340
merged_libs_egret5.js:4 ,96,1225, 2415
merged_libs_egret5.js:4 ,99,1180, 2480
merged_libs_egret5.js:4 ,102,1350, 2720
merged_libs_egret5.js:4 ,105,1295, 2795
merged_libs_egret5.js:4 ,108,1335, 2955
merged_libs_egret5.js:4 ,111,1295, 3015
merged_libs_egret5.js:4 ,114,1240, 3090
merged_libs_egret5.js:4 ,117,1230, 3180
merged_libs_egret5.js:4 ,120,1625, 3575
merged_libs_egret5.js:4 ,123,1555, 3645
merged_libs_egret5.js:4 ,126,1480, 3720
merged_libs_egret5.js:4 ,129,1405, 3795
merged_libs_egret5.js:4 ,132,1360, 3860
merged_libs_egret5.js:4 ,135,1315, 3925
merged_libs_egret5.js:4 ,138,1275, 3995
merged_libs_egret5.js:4 ,141,1220, 4070
merged_libs_egret5.js:4 ,144,1145, 4145
merged_libs_egret5.js:4 ,147,1095, 4235
merged_libs_egret5.js:4 ,150,1060, 4340
merged_libs_egret5.js:4 ,153,985, 4415
merged_libs_egret5.js:4 ,156,985, 4415
merged_libs_egret5.js:4 ,159,955, 4445
merged_libs_egret5.js:4 ,162,970, 4490
merged_libs_egret5.js:4 ,165,970, 4490
merged_libs_egret5.js:4 ,168,970, 4490
merged_libs_egret5.js:4 ,171,945, 4535
merged_libs_egret5.js:4 ,174,1060, 4750
merged_libs_egret5.js:4 ,177,1050, 4760
merged_libs_egret5.js:4 ,180,975, 4835
merged_libs_egret5.js:4 ,183,900, 4910
merged_libs_egret5.js:4 ,186,855, 4985
merged_libs_egret5.js:4 ,189,790, 5060
merged_libs_egret5.js:4 ,192,735, 5125
merged_libs_egret5.js:4 ,195,820, 5310
merged_libs_egret5.js:4 ,198,1340, 5980
merged_libs_egret5.js:4 ,201,1345, 6085
merged_libs_egret5.js:4 ,204,1330, 6150
merged_libs_egret5.js:4 ,207,1505, 6395
merged_libs_egret5.js:4 ,210,1450, 6450
merged_libs_egret5.js:4 ,213,1375, 6525
merged_libs_egret5.js:4 ,216,1320, 6610
merged_libs_egret5.js:4 ,219,1290, 6660
merged_libs_egret5.js:4 ,222,1220, 6730
merged_libs_egret5.js:4 ,225,1210, 6830
merged_libs_egret5.js:4 ,228,1220, 6960
merged_libs_egret5.js:4 ,231,1185, 7025
merged_libs_egret5.js:4 ,234,1120, 7100
merged_libs_egret5.js:4 ,237,1080, 7180
merged_libs_egret5.js:4 ,240,1005, 7255
merged_libs_egret5.js:4 ,243,930, 7330
merged_libs_egret5.js:4 ,246,920, 7450
merged_libs_egret5.js:4 ,249,880, 7490
merged_libs_egret5.js:4 ,252,880, 7590
merged_libs_egret5.js:4 ,255,835, 7665
merged_libs_egret5.js:4 ,258,930, 7780
merged_libs_egret5.js:4 ,261,980, 7940
merged_libs_egret5.js:4 ,264,1025, 8085
merged_libs_egret5.js:4 ,267,970, 8160
merged_libs_egret5.js:4 ,270,955, 8205
merged_libs_egret5.js:4 ,273,890, 8280
merged_libs_egret5.js:4 ,276,1010, 8450
merged_libs_egret5.js:4 ,279,1010, 8450
merged_libs_egret5.js:4 ,282,1010, 8450
merged_libs_egret5.js:4 ,285,1010, 8450
merged_libs_egret5.js:4 ,288,1010, 8450
merged_libs_egret5.js:4 ,291,1010, 8450
merged_libs_egret5.js:4 ,294,1010, 8450
merged_libs_egret5.js:4 ,297,1010, 8450
merged_libs_egret5.js:4 ,300,995, 8465
merged_libs_egret5.js:4 ,303,985, 8525
merged_libs_egret5.js:4 ,306,985, 8525
merged_libs_egret5.js:4 ,309,985, 8525
merged_libs_egret5.js:4 ,312,985, 8525
merged_libs_egret5.js:4 ,315,985, 8525
merged_libs_egret5.js:4 ,318,985, 8525
merged_libs_egret5.js:4 ,321,985, 8525
merged_libs_egret5.js:4 ,324,985, 8525
merged_libs_egret5.js:4 ,327,985, 8525
merged_libs_egret5.js:4 ,330,985, 8525
merged_libs_egret5.js:4 ,333,950, 8560
merged_libs_egret5.js:4 ,336,875, 8635
merged_libs_egret5.js:4 ,339,800, 8710
merged_libs_egret5.js:4 ,342,790, 8720
merged_libs_egret5.js:4 ,345,790, 8720
merged_libs_egret5.js:4 ,348,780, 8770
merged_libs_egret5.js:4 ,351,830, 8820
merged_libs_egret5.js:4 ,354,830, 8820
merged_libs_egret5.js:4 ,357,760, 8890
merged_libs_egret5.js:4 ,360,685, 8965
merged_libs_egret5.js:4 ,363,610, 9040
merged_libs_egret5.js:4 ,366,575, 9135
merged_libs_egret5.js:4 ,369,520, 9220
merged_libs_egret5.js:4 ,372,470, 9310
merged_libs_egret5.js:4 ,375,435, 9405
merged_libs_egret5.js:4 ,378,435, 9405
merged_libs_egret5.js:4 ,381,615, 9615
merged_libs_egret5.js:4 ,384,580, 9670
merged_libs_egret5.js:4 ,387,515, 9745
merged_libs_egret5.js:4 ,390,475, 9825
merged_libs_egret5.js:4 ,393,425, 9895
merged_libs_egret5.js:4 ,396,360, 9970
merged_libs_egret5.js:4 ,399,325, 10045
merged_libs_egret5.js:4 ,402,350, 10200
merged_libs_egret5.js:4 ,405,980, 10950
merged_libs_egret5.js:4 ,408,950, 10980
merged_libs_egret5.js:4 ,411,875, 11055
merged_libs_egret5.js:4 ,414,820, 11120
merged_libs_egret5.js:4 ,417,745, 11195
merged_libs_egret5.js:4 ,420,690, 11270
merged_libs_egret5.js:4 ,423,630, 11340
merged_libs_egret5.js:4 ,426,715, 11445
merged_libs_egret5.js:4 ,429,640, 11520
merged_libs_egret5.js:4 ,432,615, 11605
merged_libs_egret5.js:4 ,435,570, 11660
merged_libs_egret5.js:4 ,438,695, 11925
merged_libs_egret5.js:4 ,441,645, 11975
merged_libs_egret5.js:4 ,444,600, 12050
merged_libs_egret5.js:4 ,447,555, 12125
merged_libs_egret5.js:4 ,450,510, 12200
merged_libs_egret5.js:4 ,453,855, 12665
merged_libs_egret5.js:4 ,456,815, 12735
merged_libs_egret5.js:4 ,459,740, 12810
merged_libs_egret5.js:4 ,462,925, 13065
merged_libs_egret5.js:4 ,465,865, 13125
merged_libs_egret5.js:4 ,468,790, 13200
merged_libs_egret5.js:4 ,471,740, 13260
merged_libs_egret5.js:4 ,474,680, 13320
merged_libs_egret5.js:4 ,477,660, 13360
merged_libs_egret5.js:4 ,480,655, 13385
merged_libs_egret5.js:4 ,483,610, 13460
merged_libs_egret5.js:4 ,486,535, 13535
merged_libs_egret5.js:4 ,489,470, 13610
merged_libs_egret5.js:4 ,492,425, 13685
merged_libs_egret5.js:4 ,495,365, 13745
merged_libs_egret5.js:4 ,498,375, 13835
merged_libs_egret5.js:4 ,501,300, 13910
merged_libs_egret5.js:4 ,504,275, 13985
merged_libs_egret5.js:4 ,507,625, 14425
merged_libs_egret5.js:4 ,510,625, 14495
merged_libs_egret5.js:4 ,513,590, 14540
merged_libs_egret5.js:4 ,516,545, 14615
merged_libs_egret5.js:4 ,519,480, 14680
merged_libs_egret5.js:4 ,522,440, 14750
merged_libs_egret5.js:4 ,525,400, 14840
merged_libs_egret5.js:4 ,528,380, 14920
merged_libs_egret5.js:4 ,531,320, 14980
merged_libs_egret5.js:4 ,534,290, 15020
merged_libs_egret5.js:4 ,537,225, 15095
merged_libs_egret5.js:4 ,540,200, 15120
merged_libs_egret5.js:4 ,543,135, 15185
merged_libs_egret5.js:4 ,546,130, 15250
merged_libs_egret5.js:4 ,549,90, 15310
merged_libs_egret5.js:4 ,552,35, 15365
merged_libs_egret5.js:4 ,555,0, 15420
merged_libs_egret5.js:4 ,558,0, 15420
merged_libs_egret5.js:4 ,561,0, 15420
merged_libs_egret5.js:4 ,564,0, 15420
