6b3fa00747f9dd324ead.js:2 GET https://www.google-analytics.com/analytics.js net::ERR_ABORTED 500
(anonymous) @ 6b3fa00747f9dd324ead.js:2
(anonymous) @ 6b3fa00747f9dd324ead.js:2
T @ 6b3fa00747f9dd324ead.js:2
z.default @ 6b3fa00747f9dd324ead.js:2
t.use @ 313b56cf5c96a14844d8.js:2
(anonymous) @ 86ca081133c75371e7d9.js:1
j @ 313b56cf5c96a14844d8.js:2
(anonymous) @ 313b56cf5c96a14844d8.js:2
t.<computed> @ 313b56cf5c96a14844d8.js:2
r @ 313b56cf5c96a14844d8.js:2
l @ 313b56cf5c96a14844d8.js:2
(anonymous) @ 313b56cf5c96a14844d8.js:2
(anonymous) @ 313b56cf5c96a14844d8.js:2
$e @ 86ca081133c75371e7d9.js:1
Te @ 86ca081133c75371e7d9.js:1
(anonymous) @ 86ca081133c75371e7d9.js:1
j @ 313b56cf5c96a14844d8.js:2
(anonymous) @ 313b56cf5c96a14844d8.js:2
t.<computed> @ 313b56cf5c96a14844d8.js:2
r @ 313b56cf5c96a14844d8.js:2
l @ 313b56cf5c96a14844d8.js:2
Promise.then (async)
r @ 313b56cf5c96a14844d8.js:2
l @ 313b56cf5c96a14844d8.js:2
Promise.then (async)
r @ 313b56cf5c96a14844d8.js:2
l @ 313b56cf5c96a14844d8.js:2
Promise.then (async)
r @ 313b56cf5c96a14844d8.js:2
l @ 313b56cf5c96a14844d8.js:2
Promise.then (async)
r @ 313b56cf5c96a14844d8.js:2
l @ 313b56cf5c96a14844d8.js:2
(anonymous) @ 313b56cf5c96a14844d8.js:2
(anonymous) @ 313b56cf5c96a14844d8.js:2
Ke @ 86ca081133c75371e7d9.js:1
(anonymous) @ 86ca081133c75371e7d9.js:1
340 @ 86ca081133c75371e7d9.js:1
o @ 51c79211789c856e4191.js:1
255 @ 86ca081133c75371e7d9.js:1
o @ 51c79211789c856e4191.js:1
f @ 51c79211789c856e4191.js:1
c @ 51c79211789c856e4191.js:1
(anonymous) @ 86ca081133c75371e7d9.js:1
6b3fa00747f9dd324ead.js:2 [vue-analytics] An error occured! Please check your connection, if you have any Google Analytics blocker installed in your browser or check your custom resource URL if you have added any.
(anonymous) @ 6b3fa00747f9dd324ead.js:2
Promise.catch (async)
T @ 6b3fa00747f9dd324ead.js:2
z.default @ 6b3fa00747f9dd324ead.js:2
t.use @ 313b56cf5c96a14844d8.js:2
(anonymous) @ 86ca081133c75371e7d9.js:1
j @ 313b56cf5c96a14844d8.js:2
(anonymous) @ 313b56cf5c96a14844d8.js:2
t.<computed> @ 313b56cf5c96a14844d8.js:2
r @ 313b56cf5c96a14844d8.js:2
l @ 313b56cf5c96a14844d8.js:2
(anonymous) @ 313b56cf5c96a14844d8.js:2
(anonymous) @ 313b56cf5c96a14844d8.js:2
$e @ 86ca081133c75371e7d9.js:1
Te @ 86ca081133c75371e7d9.js:1
(anonymous) @ 86ca081133c75371e7d9.js:1
j @ 313b56cf5c96a14844d8.js:2
(anonymous) @ 313b56cf5c96a14844d8.js:2
t.<computed> @ 313b56cf5c96a14844d8.js:2
r @ 313b56cf5c96a14844d8.js:2
l @ 313b56cf5c96a14844d8.js:2
Promise.then (async)
r @ 313b56cf5c96a14844d8.js:2
l @ 313b56cf5c96a14844d8.js:2
Promise.then (async)
r @ 313b56cf5c96a14844d8.js:2
l @ 313b56cf5c96a14844d8.js:2
Promise.then (async)
r @ 313b56cf5c96a14844d8.js:2
l @ 313b56cf5c96a14844d8.js:2
Promise.then (async)
r @ 313b56cf5c96a14844d8.js:2
l @ 313b56cf5c96a14844d8.js:2
(anonymous) @ 313b56cf5c96a14844d8.js:2
(anonymous) @ 313b56cf5c96a14844d8.js:2
Ke @ 86ca081133c75371e7d9.js:1
(anonymous) @ 86ca081133c75371e7d9.js:1
340 @ 86ca081133c75371e7d9.js:1
o @ 51c79211789c856e4191.js:1
255 @ 86ca081133c75371e7d9.js:1
o @ 51c79211789c856e4191.js:1
f @ 51c79211789c856e4191.js:1
c @ 51c79211789c856e4191.js:1
(anonymous) @ 86ca081133c75371e7d9.js:1
313b56cf5c96a14844d8.js:2 GET https://radar.cedexis.com/1/23917/radar.js net::ERR_ABORTED 500 (Request Blocked)
(anonymous) @ 313b56cf5c96a14844d8.js:2
(anonymous) @ 313b56cf5c96a14844d8.js:2
(anonymous) @ 313b56cf5c96a14844d8.js:2
(anonymous) @ 313b56cf5c96a14844d8.js:2
(anonymous) @ 313b56cf5c96a14844d8.js:2
(anonymous) @ 313b56cf5c96a14844d8.js:2
(anonymous) @ 313b56cf5c96a14844d8.js:2
requestAnimationFrame (async)
Y @ 313b56cf5c96a14844d8.js:2
(anonymous) @ 313b56cf5c96a14844d8.js:2
wn.run @ 313b56cf5c96a14844d8.js:2
bn @ 313b56cf5c96a14844d8.js:2
(anonymous) @ 313b56cf5c96a14844d8.js:2
ie @ 313b56cf5c96a14844d8.js:2
Promise.then (async)
ee @ 313b56cf5c96a14844d8.js:2
ue @ 313b56cf5c96a14844d8.js:2
(anonymous) @ 313b56cf5c96a14844d8.js:2
wn.update @ 313b56cf5c96a14844d8.js:2
wt.notify @ 313b56cf5c96a14844d8.js:2
(anonymous) @ 313b56cf5c96a14844d8.js:2
addLog @ 86ca081133c75371e7d9.js:1
(anonymous) @ 313b56cf5c96a14844d8.js:2
(anonymous) @ 313b56cf5c96a14844d8.js:2
(anonymous) @ 313b56cf5c96a14844d8.js:2
d._withCommit @ 313b56cf5c96a14844d8.js:2
d.commit @ 313b56cf5c96a14844d8.js:2
commit @ 313b56cf5c96a14844d8.js:2
r.commit @ 313b56cf5c96a14844d8.js:2
setLog @ 86ca081133c75371e7d9.js:1
(anonymous) @ 313b56cf5c96a14844d8.js:2
d.dispatch @ 313b56cf5c96a14844d8.js:2
dispatch @ 313b56cf5c96a14844d8.js:2
(anonymous) @ 30ebd9b5b6eccc956511.js:1
Promise.then (async)
(anonymous) @ 30ebd9b5b6eccc956511.js:1
Promise.then (async)
(anonymous) @ 30ebd9b5b6eccc956511.js:1
Promise.then (async)
initWeb @ 30ebd9b5b6eccc956511.js:1
(anonymous) @ 30ebd9b5b6eccc956511.js:1
Promise.catch (async)
(anonymous) @ 30ebd9b5b6eccc956511.js:1
d @ 6b3fa00747f9dd324ead.js:2
w._settlePromiseFromHandler @ 6b3fa00747f9dd324ead.js:2
w._settlePromise @ 6b3fa00747f9dd324ead.js:2
w._settlePromise0 @ 6b3fa00747f9dd324ead.js:2
w._settlePromises @ 6b3fa00747f9dd324ead.js:2
(anonymous) @ 6b3fa00747f9dd324ead.js:2
Promise.then (async)
c @ 6b3fa00747f9dd324ead.js:2
t.hasDevTools.A.settlePromises @ 6b3fa00747f9dd324ead.js:2
w._fulfill @ 6b3fa00747f9dd324ead.js:2
w._resolveCallback @ 6b3fa00747f9dd324ead.js:2
(anonymous) @ 6b3fa00747f9dd324ead.js:2
(anonymous) @ 86ca081133c75371e7d9.js:1
d @ 6b3fa00747f9dd324ead.js:2
w._settlePromiseFromHandler @ 6b3fa00747f9dd324ead.js:2
w._settlePromise @ 6b3fa00747f9dd324ead.js:2
w._settlePromise0 @ 6b3fa00747f9dd324ead.js:2
w._settlePromises @ 6b3fa00747f9dd324ead.js:2
w._fulfill @ 6b3fa00747f9dd324ead.js:2
t._resolve @ 6b3fa00747f9dd324ead.js:2
r._promiseFulfilled @ 6b3fa00747f9dd324ead.js:2
w._settlePromise @ 6b3fa00747f9dd324ead.js:2
w._settlePromise0 @ 6b3fa00747f9dd324ead.js:2
w._settlePromises @ 6b3fa00747f9dd324ead.js:2
(anonymous) @ 6b3fa00747f9dd324ead.js:2
Promise.then (async)
c @ 6b3fa00747f9dd324ead.js:2
t.hasDevTools.A.settlePromises @ 6b3fa00747f9dd324ead.js:2
w._fulfill @ 6b3fa00747f9dd324ead.js:2
w._resolveCallback @ 6b3fa00747f9dd324ead.js:2
(anonymous) @ 6b3fa00747f9dd324ead.js:2
Promise.then (async)
d @ 6b3fa00747f9dd324ead.js:2
(anonymous) @ 6b3fa00747f9dd324ead.js:2
(anonymous) @ 6b3fa00747f9dd324ead.js:2
t._iterate @ 6b3fa00747f9dd324ead.js:2
M @ 6b3fa00747f9dd324ead.js:2
r._init @ 6b3fa00747f9dd324ead.js:2
r.init @ 6b3fa00747f9dd324ead.js:2
d @ 6b3fa00747f9dd324ead.js:2
z.some @ 6b3fa00747f9dd324ead.js:2
race @ 86ca081133c75371e7d9.js:1
(anonymous) @ 86ca081133c75371e7d9.js:1
O._execute @ 6b3fa00747f9dd324ead.js:2
w._resolveFromExecutor @ 6b3fa00747f9dd324ead.js:2
w @ 6b3fa00747f9dd324ead.js:2
speedTest @ 86ca081133c75371e7d9.js:1
(anonymous) @ 30ebd9b5b6eccc956511.js:1
d @ 6b3fa00747f9dd324ead.js:2
w._settlePromiseFromHandler @ 6b3fa00747f9dd324ead.js:2
w._settlePromise @ 6b3fa00747f9dd324ead.js:2
w._settlePromise0 @ 6b3fa00747f9dd324ead.js:2
w._settlePromises @ 6b3fa00747f9dd324ead.js:2
(anonymous) @ 6b3fa00747f9dd324ead.js:2
Promise.then (async)
c @ 6b3fa00747f9dd324ead.js:2
t.hasDevTools.A.settlePromises @ 6b3fa00747f9dd324ead.js:2
w._fulfill @ 6b3fa00747f9dd324ead.js:2
w._resolveCallback @ 6b3fa00747f9dd324ead.js:2
(anonymous) @ 6b3fa00747f9dd324ead.js:2
(anonymous) @ 86ca081133c75371e7d9.js:1
Promise.then (async)
(anonymous) @ 86ca081133c75371e7d9.js:1
O._execute @ 6b3fa00747f9dd324ead.js:2
w._resolveFromExecutor @ 6b3fa00747f9dd324ead.js:2
w @ 6b3fa00747f9dd324ead.js:2
getLineInfoByEnv @ 86ca081133c75371e7d9.js:1
mounted @ 30ebd9b5b6eccc956511.js:1
Qt @ 313b56cf5c96a14844d8.js:2
fn @ 313b56cf5c96a14844d8.js:2
insert @ 313b56cf5c96a14844d8.js:2
T @ 313b56cf5c96a14844d8.js:2
(anonymous) @ 313b56cf5c96a14844d8.js:2
t._update @ 313b56cf5c96a14844d8.js:2
r @ 313b56cf5c96a14844d8.js:2
wn.get @ 313b56cf5c96a14844d8.js:2
wn @ 313b56cf5c96a14844d8.js:2
t @ 313b56cf5c96a14844d8.js:2
Pn.$mount @ 313b56cf5c96a14844d8.js:2
d @ 86ca081133c75371e7d9.js:1
(anonymous) @ 86ca081133c75371e7d9.js:1
j @ 313b56cf5c96a14844d8.js:2
(anonymous) @ 313b56cf5c96a14844d8.js:2
t.<computed> @ 313b56cf5c96a14844d8.js:2
r @ 313b56cf5c96a14844d8.js:2
l @ 313b56cf5c96a14844d8.js:2
Promise.then (async)
r @ 313b56cf5c96a14844d8.js:2
l @ 313b56cf5c96a14844d8.js:2
Promise.then (async)
r @ 313b56cf5c96a14844d8.js:2
l @ 313b56cf5c96a14844d8.js:2
(anonymous) @ 313b56cf5c96a14844d8.js:2
(anonymous) @ 313b56cf5c96a14844d8.js:2
vt @ 86ca081133c75371e7d9.js:1
(anonymous) @ 86ca081133c75371e7d9.js:1
Promise.then (async)
340 @ 86ca081133c75371e7d9.js:1
o @ 51c79211789c856e4191.js:1
255 @ 86ca081133c75371e7d9.js:1
o @ 51c79211789c856e4191.js:1
f @ 51c79211789c856e4191.js:1
c @ 51c79211789c856e4191.js:1
(anonymous) @ 86ca081133c75371e7d9.js:1
30ebd9b5b6eccc956511.js:1 GET https://www.sqntbw.com/games/7/7999/9411c88/gameConfig.test.js net::ERR_ABORTED 404
(anonymous) @ 30ebd9b5b6eccc956511.js:1
url @ 30ebd9b5b6eccc956511.js:1
(anonymous) @ 30ebd9b5b6eccc956511.js:1
j @ 313b56cf5c96a14844d8.js:2
(anonymous) @ 313b56cf5c96a14844d8.js:2
t.<computed> @ 313b56cf5c96a14844d8.js:2
r @ 313b56cf5c96a14844d8.js:2
l @ 313b56cf5c96a14844d8.js:2
(anonymous) @ 313b56cf5c96a14844d8.js:2
(anonymous) @ 313b56cf5c96a14844d8.js:2
(anonymous) @ 30ebd9b5b6eccc956511.js:1
(anonymous) @ 30ebd9b5b6eccc956511.js:1
Promise.then (async)
initGames @ 30ebd9b5b6eccc956511.js:1
(anonymous) @ 30ebd9b5b6eccc956511.js:1
Promise.then (async)
(anonymous) @ 30ebd9b5b6eccc956511.js:1
Promise.then (async)
(anonymous) @ 30ebd9b5b6eccc956511.js:1
Promise.then (async)
initWeb @ 30ebd9b5b6eccc956511.js:1
(anonymous) @ 30ebd9b5b6eccc956511.js:1
Promise.catch (async)
(anonymous) @ 30ebd9b5b6eccc956511.js:1
d @ 6b3fa00747f9dd324ead.js:2
w._settlePromiseFromHandler @ 6b3fa00747f9dd324ead.js:2
w._settlePromise @ 6b3fa00747f9dd324ead.js:2
w._settlePromise0 @ 6b3fa00747f9dd324ead.js:2
w._settlePromises @ 6b3fa00747f9dd324ead.js:2
(anonymous) @ 6b3fa00747f9dd324ead.js:2
Promise.then (async)
c @ 6b3fa00747f9dd324ead.js:2
t.hasDevTools.A.settlePromises @ 6b3fa00747f9dd324ead.js:2
w._fulfill @ 6b3fa00747f9dd324ead.js:2
w._resolveCallback @ 6b3fa00747f9dd324ead.js:2
(anonymous) @ 6b3fa00747f9dd324ead.js:2
(anonymous) @ 86ca081133c75371e7d9.js:1
d @ 6b3fa00747f9dd324ead.js:2
w._settlePromiseFromHandler @ 6b3fa00747f9dd324ead.js:2
w._settlePromise @ 6b3fa00747f9dd324ead.js:2
w._settlePromise0 @ 6b3fa00747f9dd324ead.js:2
w._settlePromises @ 6b3fa00747f9dd324ead.js:2
w._fulfill @ 6b3fa00747f9dd324ead.js:2
t._resolve @ 6b3fa00747f9dd324ead.js:2
r._promiseFulfilled @ 6b3fa00747f9dd324ead.js:2
w._settlePromise @ 6b3fa00747f9dd324ead.js:2
w._settlePromise0 @ 6b3fa00747f9dd324ead.js:2
w._settlePromises @ 6b3fa00747f9dd324ead.js:2
(anonymous) @ 6b3fa00747f9dd324ead.js:2
Promise.then (async)
c @ 6b3fa00747f9dd324ead.js:2
t.hasDevTools.A.settlePromises @ 6b3fa00747f9dd324ead.js:2
w._fulfill @ 6b3fa00747f9dd324ead.js:2
w._resolveCallback @ 6b3fa00747f9dd324ead.js:2
(anonymous) @ 6b3fa00747f9dd324ead.js:2
Promise.then (async)
d @ 6b3fa00747f9dd324ead.js:2
(anonymous) @ 6b3fa00747f9dd324ead.js:2
(anonymous) @ 6b3fa00747f9dd324ead.js:2
t._iterate @ 6b3fa00747f9dd324ead.js:2
M @ 6b3fa00747f9dd324ead.js:2
r._init @ 6b3fa00747f9dd324ead.js:2
r.init @ 6b3fa00747f9dd324ead.js:2
d @ 6b3fa00747f9dd324ead.js:2
z.some @ 6b3fa00747f9dd324ead.js:2
race @ 86ca081133c75371e7d9.js:1
(anonymous) @ 86ca081133c75371e7d9.js:1
O._execute @ 6b3fa00747f9dd324ead.js:2
w._resolveFromExecutor @ 6b3fa00747f9dd324ead.js:2
w @ 6b3fa00747f9dd324ead.js:2
speedTest @ 86ca081133c75371e7d9.js:1
(anonymous) @ 30ebd9b5b6eccc956511.js:1
d @ 6b3fa00747f9dd324ead.js:2
w._settlePromiseFromHandler @ 6b3fa00747f9dd324ead.js:2
w._settlePromise @ 6b3fa00747f9dd324ead.js:2
w._settlePromise0 @ 6b3fa00747f9dd324ead.js:2
w._settlePromises @ 6b3fa00747f9dd324ead.js:2
(anonymous) @ 6b3fa00747f9dd324ead.js:2
Promise.then (async)
c @ 6b3fa00747f9dd324ead.js:2
t.hasDevTools.A.settlePromises @ 6b3fa00747f9dd324ead.js:2
w._fulfill @ 6b3fa00747f9dd324ead.js:2
w._resolveCallback @ 6b3fa00747f9dd324ead.js:2
(anonymous) @ 6b3fa00747f9dd324ead.js:2
(anonymous) @ 86ca081133c75371e7d9.js:1
Promise.then (async)
(anonymous) @ 86ca081133c75371e7d9.js:1
O._execute @ 6b3fa00747f9dd324ead.js:2
w._resolveFromExecutor @ 6b3fa00747f9dd324ead.js:2
w @ 6b3fa00747f9dd324ead.js:2
getLineInfoByEnv @ 86ca081133c75371e7d9.js:1
mounted @ 30ebd9b5b6eccc956511.js:1
Qt @ 313b56cf5c96a14844d8.js:2
fn @ 313b56cf5c96a14844d8.js:2
insert @ 313b56cf5c96a14844d8.js:2
T @ 313b56cf5c96a14844d8.js:2
(anonymous) @ 313b56cf5c96a14844d8.js:2
t._update @ 313b56cf5c96a14844d8.js:2
r @ 313b56cf5c96a14844d8.js:2
wn.get @ 313b56cf5c96a14844d8.js:2
wn @ 313b56cf5c96a14844d8.js:2
t @ 313b56cf5c96a14844d8.js:2
Pn.$mount @ 313b56cf5c96a14844d8.js:2
d @ 86ca081133c75371e7d9.js:1
(anonymous) @ 86ca081133c75371e7d9.js:1
j @ 313b56cf5c96a14844d8.js:2
(anonymous) @ 313b56cf5c96a14844d8.js:2
t.<computed> @ 313b56cf5c96a14844d8.js:2
r @ 313b56cf5c96a14844d8.js:2
l @ 313b56cf5c96a14844d8.js:2
Promise.then (async)
r @ 313b56cf5c96a14844d8.js:2
l @ 313b56cf5c96a14844d8.js:2
Promise.then (async)
r @ 313b56cf5c96a14844d8.js:2
l @ 313b56cf5c96a14844d8.js:2
(anonymous) @ 313b56cf5c96a14844d8.js:2
(anonymous) @ 313b56cf5c96a14844d8.js:2
vt @ 86ca081133c75371e7d9.js:1
(anonymous) @ 86ca081133c75371e7d9.js:1
Promise.then (async)
340 @ 86ca081133c75371e7d9.js:1
o @ 51c79211789c856e4191.js:1
255 @ 86ca081133c75371e7d9.js:1
o @ 51c79211789c856e4191.js:1
f @ 51c79211789c856e4191.js:1
c @ 51c79211789c856e4191.js:1
(anonymous) @ 86ca081133c75371e7d9.js:1
30ebd9b5b6eccc956511.js:1 Event {isTrusted: true, type: "error", target: script, currentTarget: script, eventPhase: 2, …}
main.min.js:1 DragonBones: 5.6.201 2018/01/05
Website: http://dragonbones.com/
Source and Demos: https://github.com/DragonBones/
merged_jdbbase.js:179 [INFO] SmartFox instance ready!
merged_libs_egret5.js:4 ,3,2000, 0
merged_libs_egret5.js:4 ,6,2000, 0
merged_libs_egret5.js:4 ,9,1960, 40
merged_libs_egret5.js:4 ,12,1975, 185
merged_libs_egret5.js:4 ,15,1935, 245
merged_libs_egret5.js:4 ,18,1860, 330
merged_libs_egret5.js:4 ,21,1815, 375
merged_libs_egret5.js:4 ,24,1815, 375
merged_libs_egret5.js:4 ,27,1815, 375
merged_libs_egret5.js:4 ,30,1805, 405
merged_libs_egret5.js:4 ,33,1805, 435
merged_libs_egret5.js:4 ,36,1805, 435
merged_libs_egret5.js:4 ,39,1790, 450
merged_libs_egret5.js:4 ,42,1765, 475
merged_libs_egret5.js:4 ,45,1765, 475
merged_libs_egret5.js:4 ,48,1765, 475
merged_libs_egret5.js:4 ,51,1760, 480
merged_libs_egret5.js:4 ,54,1750, 520
merged_libs_egret5.js:4 ,57,1750, 520
merged_libs_egret5.js:4 ,60,1750, 520
merged_libs_egret5.js:4 ,63,1750, 530
merged_libs_egret5.js:4 ,66,1725, 555
merged_libs_egret5.js:4 ,69,1725, 555
merged_libs_egret5.js:4 ,72,1655, 625
merged_libs_egret5.js:4 ,75,1585, 695
merged_libs_egret5.js:4 ,78,1625, 845
merged_libs_egret5.js:4 ,81,1620, 850
merged_libs_egret5.js:4 ,84,1590, 880
merged_libs_egret5.js:4 ,87,1555, 915
merged_libs_egret5.js:4 ,90,1560, 940
merged_libs_egret5.js:4 ,93,1555, 955
merged_libs_egret5.js:4 ,96,1510, 1020
merged_libs_egret5.js:4 ,99,1450, 1110
merged_libs_egret5.js:4 ,102,1375, 1185
merged_libs_egret5.js:4 ,105,1350, 1250
merged_libs_egret5.js:4 ,108,1350, 1370
merged_libs_egret5.js:4 ,111,1285, 1435
merged_libs_egret5.js:4 ,114,1430, 1690
merged_libs_egret5.js:4 ,117,1360, 1760
merged_libs_egret5.js:4 ,120,1295, 1835
merged_libs_egret5.js:4 ,123,1335, 1945
merged_libs_egret5.js:4 ,126,1295, 1985
merged_libs_egret5.js:4 ,129,1355, 2145
merged_libs_egret5.js:4 ,132,1315, 2215
merged_libs_egret5.js:4 ,135,1355, 2385
merged_libs_egret5.js:4 ,138,1310, 2480
merged_libs_egret5.js:4 ,141,1240, 2550
merged_libs_egret5.js:4 ,144,1185, 2605
merged_libs_egret5.js:4 ,147,1170, 2640
merged_libs_egret5.js:4 ,150,1215, 2685
merged_libs_egret5.js:4 ,153,1265, 2825
merged_libs_egret5.js:4 ,156,1235, 2855
merged_libs_egret5.js:4 ,159,1200, 2910
merged_libs_egret5.js:4 ,162,1180, 2930
merged_libs_egret5.js:4 ,165,1150, 2980
merged_libs_egret5.js:4 ,168,1345, 3235
merged_libs_egret5.js:4 ,171,1270, 3310
merged_libs_egret5.js:4 ,174,1200, 3380
merged_libs_egret5.js:4 ,177,1150, 3430
merged_libs_egret5.js:4 ,180,1195, 3575
merged_libs_egret5.js:4 ,183,1152, 3618
merged_libs_egret5.js:4 ,186,1132, 3638
merged_libs_egret5.js:4 ,189,1124, 3662
merged_libs_egret5.js:4 ,192,1112, 3674
merged_libs_egret5.js:4 ,195,1116, 3686
merged_libs_egret5.js:4 ,198,1212, 3790
merged_libs_egret5.js:4 ,201,1200, 3802
merged_libs_egret5.js:4 ,204,1200, 3802
merged_libs_egret5.js:4 ,207,1175, 3877
merged_libs_egret5.js:4 ,210,1135, 3957
merged_libs_egret5.js:4 ,213,1105, 4017
merged_libs_egret5.js:4 ,216,1065, 4107
merged_libs_egret5.js:4 ,219,1000, 4172
merged_libs_egret5.js:4 ,222,935, 4247
merged_libs_egret5.js:4 ,225,915, 4267
merged_libs_egret5.js:4 ,228,880, 4372
merged_libs_egret5.js:4 ,231,805, 4447
merged_libs_egret5.js:4 ,234,730, 4522
merged_libs_egret5.js:4 ,237,660, 4592
merged_libs_egret5.js:4 ,240,980, 5062
merged_libs_egret5.js:4 ,243,1235, 5447
merged_libs_egret5.js:4 ,246,1540, 5832
merged_libs_egret5.js:4 ,249,1515, 5877
merged_libs_egret5.js:4 ,252,1460, 5952
merged_libs_egret5.js:4 ,255,1385, 6027
merged_libs_egret5.js:4 ,258,1310, 6102
merged_libs_egret5.js:4 ,261,1240, 6172
merged_libs_egret5.js:4 ,264,1215, 6257
merged_libs_egret5.js:4 ,267,1140, 6332
merged_libs_egret5.js:4 ,270,1055, 6417
merged_libs_egret5.js:4 ,273,1025, 6447
merged_libs_egret5.js:4 ,276,1015, 6457
merged_libs_egret5.js:4 ,279,985, 6487
merged_libs_egret5.js:4 ,282,960, 6562
merged_libs_egret5.js:4 ,285,905, 6647
merged_libs_egret5.js:4 ,288,835, 6727
merged_libs_egret5.js:4 ,291,770, 6792
merged_libs_egret5.js:4 ,294,690, 6872
merged_libs_egret5.js:4 ,297,635, 6947
merged_libs_egret5.js:4 ,300,565, 7017
merged_libs_egret5.js:4 ,303,505, 7077
merged_libs_egret5.js:4 ,306,580, 7292
merged_libs_egret5.js:4 ,309,505, 7367
merged_libs_egret5.js:4 ,312,430, 7442
merged_libs_egret5.js:4 ,315,360, 7512
merged_libs_egret5.js:4 ,318,295, 7577
merged_libs_egret5.js:4 ,321,275, 7707
merged_libs_egret5.js:4 ,324,525, 8077
merged_libs_egret5.js:4 ,327,450, 8152
merged_libs_egret5.js:4 ,330,370, 8232
merged_libs_egret5.js:4 ,333,375, 8327
merged_libs_egret5.js:4 ,336,300, 8402
merged_libs_egret5.js:4 ,339,265, 8447
merged_libs_egret5.js:4 ,342,190, 8522
merged_libs_egret5.js:4 ,345,135, 8617
merged_libs_egret5.js:4 ,348,140, 8752
merged_libs_egret5.js:4 ,351,90, 8802
merged_libs_egret5.js:4 ,354,15, 8877
merged_libs_egret5.js:4 ,357,0, 8892
merged_libs_egret5.js:4 ,360,0, 8892
