www.google-analytics.com/analytics.js:1 Failed to load resource: the server responded with a status of 500 ()
6b3fa00747f9dd324ead.js:2 [vue-analytics] An error occured! Please check your connection, if you have any Google Analytics blocker installed in your browser or check your custom resource URL if you have added any.
(anonymous) @ 6b3fa00747f9dd324ead.js:2
www.sqntbw.com/games/7/7999/9411c88/gameConfig.test.js:1 Failed to load resource: the server responded with a status of 404 ()
30ebd9b5b6eccc956511.js:1 Event
radar.cedexis.com/1/23917/radar.js:1 Failed to load resource: the server responded with a status of 500 (Request Blocked)
main.min.js:1 DragonBones: 5.6.201 2018/01/05
Website: http://dragonbones.com/
Source and Demos: https://github.com/DragonBones/
merged_jdbbase.js:179 [INFO] SmartFox instance ready!
merged_libs_egret5.js:4 ,3,2000, 0
merged_libs_egret5.js:4 ,6,2000.5, 1.5
merged_libs_egret5.js:4 ,9,1999.5, 2.5
merged_libs_egret5.js:4 ,12,2018, 23
merged_libs_egret5.js:4 ,15,2015.5, 25.5
merged_libs_egret5.js:4 ,18,2000.5, 40.5
merged_libs_egret5.js:4 ,21,1940.5, 120.5
merged_libs_egret5.js:4 ,24,1915.5, 185.5
merged_libs_egret5.js:4 ,27,1830.5, 270.5
merged_libs_egret5.js:4 ,30,1755.5, 345.5
merged_libs_egret5.js:4 ,33,1730.5, 450.5
merged_libs_egret5.js:4 ,36,1750.5, 570.5
merged_libs_egret5.js:4 ,39,2070.5, 1030.5
merged_libs_egret5.js:4 ,42,2075.5, 1165.5
merged_libs_egret5.js:4 ,45,2010.5, 1240.5
merged_libs_egret5.js:4 ,48,1990.5, 1360.5
merged_libs_egret5.js:4 ,51,1940.5, 1450.5
merged_libs_egret5.js:4 ,54,2130.5, 1760.5
merged_libs_egret5.js:4 ,57,2080.5, 1810.5
merged_libs_egret5.js:4 ,60,2055.5, 1915.5
merged_libs_egret5.js:4 ,63,2285.5, 2275.5
merged_libs_egret5.js:4 ,66,2275.5, 2385.5
merged_libs_egret5.js:4 ,69,2195.5, 2465.5
merged_libs_egret5.js:4 ,72,2125.5, 2535.5
merged_libs_egret5.js:4 ,75,2080.5, 2630.5
merged_libs_egret5.js:4 ,78,2000.5, 2710.5
merged_libs_egret5.js:4 ,81,2225.5, 3075.5
merged_libs_egret5.js:4 ,84,2180.5, 3160.5
merged_libs_egret5.js:4 ,87,2530.5, 3620.5
merged_libs_egret5.js:4 ,90,2525.5, 3625.5
merged_libs_egret5.js:4 ,93,2525.5, 3625.5
merged_libs_egret5.js:4 ,96,2525.5, 3625.5
merged_libs_egret5.js:4 ,99,2540.5, 3650.5
merged_libs_egret5.js:4 ,102,2505.5, 3695.5
merged_libs_egret5.js:4 ,105,3480.5, 4710.5
merged_libs_egret5.js:4 ,108,3480.5, 4710.5
merged_libs_egret5.js:4 ,111,3480.5, 4710.5
merged_libs_egret5.js:4 ,114,3480.5, 4710.5
merged_libs_egret5.js:4 ,117,3480.5, 4710.5
merged_libs_egret5.js:4 ,120,3480.5, 4710.5
merged_libs_egret5.js:4 ,123,3480.5, 4710.5
merged_libs_egret5.js:4 ,126,3480.5, 4710.5
merged_libs_egret5.js:4 ,129,3480.5, 4710.5
merged_libs_egret5.js:4 ,132,3480.5, 4710.5
merged_libs_egret5.js:4 ,135,3480.5, 4710.5
merged_libs_egret5.js:4 ,138,3480.5, 4710.5
merged_libs_egret5.js:4 ,141,3480.5, 4710.5
merged_libs_egret5.js:4 ,144,3480.5, 4710.5
merged_libs_egret5.js:4 ,147,3480.5, 4710.5
merged_libs_egret5.js:4 ,150,3480.5, 4710.5
merged_libs_egret5.js:4 ,153,3480.5, 4710.5
