merged_libs_egret5.js:4 ,3,2000, 0
merged_libs_egret5.js:4 ,6,1990, 10
merged_libs_egret5.js:4 ,9,1950, 80
merged_libs_egret5.js:4 ,12,1895, 155
merged_libs_egret5.js:4 ,15,1860, 210
merged_libs_egret5.js:4 ,18,1895, 265
merged_libs_egret5.js:4 ,21,1900, 270
merged_libs_egret5.js:4 ,24,1900, 270
merged_libs_egret5.js:4 ,27,1900, 270
merged_libs_egret5.js:4 ,30,1900, 270
merged_libs_egret5.js:4 ,33,1900, 270
merged_libs_egret5.js:4 ,36,1900, 270
merged_libs_egret5.js:4 ,39,1875, 295
merged_libs_egret5.js:4 ,42,1800, 370
merged_libs_egret5.js:4 ,45,1745, 425
merged_libs_egret5.js:4 ,48,1920, 740
merged_libs_egret5.js:4 ,51,1845, 815
merged_libs_egret5.js:4 ,54,1795, 865
merged_libs_egret5.js:4 ,57,1705, 955
merged_libs_egret5.js:4 ,60,1630, 1030
merged_libs_egret5.js:4 ,63,1575, 1095
merged_libs_egret5.js:4 ,66,1615, 1245
merged_libs_egret5.js:4 ,69,1575, 1305
merged_libs_egret5.js:4 ,72,1530, 1350
merged_libs_egret5.js:4 ,75,1500, 1400
merged_libs_egret5.js:4 ,78,1420, 1480
merged_libs_egret5.js:4 ,81,1345, 1565
merged_libs_egret5.js:4 ,84,1270, 1640
merged_libs_egret5.js:4 ,87,1290, 1660
merged_libs_egret5.js:4 ,90,1290, 1660
merged_libs_egret5.js:4 ,93,1290, 1660
merged_libs_egret5.js:4 ,96,1290, 1660
merged_libs_egret5.js:4 ,99,1290, 1660
merged_libs_egret5.js:4 ,102,1490, 1860
merged_libs_egret5.js:4 ,105,1890, 2260
merged_libs_egret5.js:4 ,108,1890, 2260
merged_libs_egret5.js:4 ,111,1855, 2295
merged_libs_egret5.js:4 ,114,1860, 2420
merged_libs_egret5.js:4 ,117,1820, 2520
merged_libs_egret5.js:4 ,120,1765, 2605
merged_libs_egret5.js:4 ,123,1745, 2695
merged_libs_egret5.js:4 ,126,1740, 2780
merged_libs_egret5.js:4 ,129,1755, 2955
merged_libs_egret5.js:4 ,132,1680, 3030
merged_libs_egret5.js:4 ,135,1865, 3345
merged_libs_egret5.js:4 ,138,1825, 3425
merged_libs_egret5.js:4 ,141,1760, 3490
merged_libs_egret5.js:4 ,144,1680, 3570
merged_libs_egret5.js:4 ,147,1600, 3650
merged_libs_egret5.js:4 ,150,1525, 3725
merged_libs_egret5.js:4 ,153,1470, 3800
merged_libs_egret5.js:4 ,156,1405, 3875
merged_libs_egret5.js:4 ,159,1380, 3950
merged_libs_egret5.js:4 ,162,1315, 4045
merged_libs_egret5.js:4 ,165,1245, 4115
merged_libs_egret5.js:4 ,168,1210, 4180
merged_libs_egret5.js:4 ,171,1135, 4255
merged_libs_egret5.js:4 ,174,1080, 4330
merged_libs_egret5.js:4 ,177,1010, 4400
merged_libs_egret5.js:4 ,180,930, 4480
merged_libs_egret5.js:4 ,183,855, 4555
merged_libs_egret5.js:4 ,186,785, 4625
merged_libs_egret5.js:4 ,189,715, 4695
merged_libs_egret5.js:4 ,192,650, 4780
merged_libs_egret5.js:4 ,195,610, 4820
merged_libs_egret5.js:4 ,198,610, 4930
merged_libs_egret5.js:4 ,201,530, 5010
merged_libs_egret5.js:4 ,204,820, 5410
merged_libs_egret5.js:4 ,207,840, 5490
merged_libs_egret5.js:4 ,210,760, 5570
merged_libs_egret5.js:4 ,213,685, 5645
merged_libs_egret5.js:4 ,216,1130, 6180
merged_libs_egret5.js:4 ,219,1055, 6255
merged_libs_egret5.js:4 ,222,1230, 6520
merged_libs_egret5.js:4 ,225,1640, 7000
merged_libs_egret5.js:4 ,228,1695, 7085
merged_libs_egret5.js:4 ,231,1640, 7150
merged_libs_egret5.js:4 ,234,1625, 7245
merged_libs_egret5.js:4 ,237,1625, 7245
merged_libs_egret5.js:4 ,240,1625, 7245
merged_libs_egret5.js:4 ,243,1625, 7245
merged_libs_egret5.js:4 ,246,2175, 7795
merged_libs_egret5.js:4 ,249,2175, 7795
merged_libs_egret5.js:4 ,252,2175, 7795
merged_libs_egret5.js:4 ,255,2175, 7795
merged_libs_egret5.js:4 ,258,2175, 7795
merged_libs_egret5.js:4 ,261,2175, 7795
merged_libs_egret5.js:4 ,264,2175, 7795
merged_libs_egret5.js:4 ,267,2175, 7795
merged_libs_egret5.js:4 ,270,3900, 9520
merged_libs_egret5.js:4 ,273,3900, 9520
merged_libs_egret5.js:4 ,276,3890, 9530
merged_libs_egret5.js:4 ,279,3855, 9575
merged_libs_egret5.js:4 ,282,4315, 10145
merged_libs_egret5.js:4 ,285,4290, 10170
merged_libs_egret5.js:4 ,288,4290, 10170
merged_libs_egret5.js:4 ,291,4290, 10170
merged_libs_egret5.js:4 ,294,4290, 10170
merged_libs_egret5.js:4 ,297,4290, 10170
