6b3fa00747f9dd324ead.js:2 GET https://www.google-analytics.com/analytics.js net::ERR_ABORTED 500
(anonymous) @ 6b3fa00747f9dd324ead.js:2
(anonymous) @ 6b3fa00747f9dd324ead.js:2
T @ 6b3fa00747f9dd324ead.js:2
z.default @ 6b3fa00747f9dd324ead.js:2
t.use @ 313b56cf5c96a14844d8.js:2
(anonymous) @ 86ca081133c75371e7d9.js:1
j @ 313b56cf5c96a14844d8.js:2
(anonymous) @ 313b56cf5c96a14844d8.js:2
t.<computed> @ 313b56cf5c96a14844d8.js:2
r @ 313b56cf5c96a14844d8.js:2
l @ 313b56cf5c96a14844d8.js:2
(anonymous) @ 313b56cf5c96a14844d8.js:2
(anonymous) @ 313b56cf5c96a14844d8.js:2
$e @ 86ca081133c75371e7d9.js:1
Te @ 86ca081133c75371e7d9.js:1
(anonymous) @ 86ca081133c75371e7d9.js:1
j @ 313b56cf5c96a14844d8.js:2
(anonymous) @ 313b56cf5c96a14844d8.js:2
t.<computed> @ 313b56cf5c96a14844d8.js:2
r @ 313b56cf5c96a14844d8.js:2
l @ 313b56cf5c96a14844d8.js:2
Promise.then (async)
r @ 313b56cf5c96a14844d8.js:2
l @ 313b56cf5c96a14844d8.js:2
Promise.then (async)
r @ 313b56cf5c96a14844d8.js:2
l @ 313b56cf5c96a14844d8.js:2
Promise.then (async)
r @ 313b56cf5c96a14844d8.js:2
l @ 313b56cf5c96a14844d8.js:2
Promise.then (async)
r @ 313b56cf5c96a14844d8.js:2
l @ 313b56cf5c96a14844d8.js:2
(anonymous) @ 313b56cf5c96a14844d8.js:2
(anonymous) @ 313b56cf5c96a14844d8.js:2
Ke @ 86ca081133c75371e7d9.js:1
(anonymous) @ 86ca081133c75371e7d9.js:1
340 @ 86ca081133c75371e7d9.js:1
o @ 51c79211789c856e4191.js:1
255 @ 86ca081133c75371e7d9.js:1
o @ 51c79211789c856e4191.js:1
f @ 51c79211789c856e4191.js:1
c @ 51c79211789c856e4191.js:1
(anonymous) @ 86ca081133c75371e7d9.js:1
6b3fa00747f9dd324ead.js:2 [vue-analytics] An error occured! Please check your connection, if you have any Google Analytics blocker installed in your browser or check your custom resource URL if you have added any.
(anonymous) @ 6b3fa00747f9dd324ead.js:2
Promise.catch (async)
T @ 6b3fa00747f9dd324ead.js:2
z.default @ 6b3fa00747f9dd324ead.js:2
t.use @ 313b56cf5c96a14844d8.js:2
(anonymous) @ 86ca081133c75371e7d9.js:1
j @ 313b56cf5c96a14844d8.js:2
(anonymous) @ 313b56cf5c96a14844d8.js:2
t.<computed> @ 313b56cf5c96a14844d8.js:2
r @ 313b56cf5c96a14844d8.js:2
l @ 313b56cf5c96a14844d8.js:2
(anonymous) @ 313b56cf5c96a14844d8.js:2
(anonymous) @ 313b56cf5c96a14844d8.js:2
$e @ 86ca081133c75371e7d9.js:1
Te @ 86ca081133c75371e7d9.js:1
(anonymous) @ 86ca081133c75371e7d9.js:1
j @ 313b56cf5c96a14844d8.js:2
(anonymous) @ 313b56cf5c96a14844d8.js:2
t.<computed> @ 313b56cf5c96a14844d8.js:2
r @ 313b56cf5c96a14844d8.js:2
l @ 313b56cf5c96a14844d8.js:2
Promise.then (async)
r @ 313b56cf5c96a14844d8.js:2
l @ 313b56cf5c96a14844d8.js:2
Promise.then (async)
r @ 313b56cf5c96a14844d8.js:2
l @ 313b56cf5c96a14844d8.js:2
Promise.then (async)
r @ 313b56cf5c96a14844d8.js:2
l @ 313b56cf5c96a14844d8.js:2
Promise.then (async)
r @ 313b56cf5c96a14844d8.js:2
l @ 313b56cf5c96a14844d8.js:2
(anonymous) @ 313b56cf5c96a14844d8.js:2
(anonymous) @ 313b56cf5c96a14844d8.js:2
Ke @ 86ca081133c75371e7d9.js:1
(anonymous) @ 86ca081133c75371e7d9.js:1
340 @ 86ca081133c75371e7d9.js:1
o @ 51c79211789c856e4191.js:1
255 @ 86ca081133c75371e7d9.js:1
o @ 51c79211789c856e4191.js:1
f @ 51c79211789c856e4191.js:1
c @ 51c79211789c856e4191.js:1
(anonymous) @ 86ca081133c75371e7d9.js:1
30ebd9b5b6eccc956511.js:1 GET https://www.sqntbw.com/games/7/7999/9411c88/gameConfig.test.js net::ERR_ABORTED 404
(anonymous) @ 30ebd9b5b6eccc956511.js:1
url @ 30ebd9b5b6eccc956511.js:1
(anonymous) @ 30ebd9b5b6eccc956511.js:1
j @ 313b56cf5c96a14844d8.js:2
(anonymous) @ 313b56cf5c96a14844d8.js:2
t.<computed> @ 313b56cf5c96a14844d8.js:2
r @ 313b56cf5c96a14844d8.js:2
l @ 313b56cf5c96a14844d8.js:2
(anonymous) @ 313b56cf5c96a14844d8.js:2
(anonymous) @ 313b56cf5c96a14844d8.js:2
(anonymous) @ 30ebd9b5b6eccc956511.js:1
(anonymous) @ 30ebd9b5b6eccc956511.js:1
Promise.then (async)
initGames @ 30ebd9b5b6eccc956511.js:1
(anonymous) @ 30ebd9b5b6eccc956511.js:1
Promise.then (async)
(anonymous) @ 30ebd9b5b6eccc956511.js:1
Promise.then (async)
(anonymous) @ 30ebd9b5b6eccc956511.js:1
Promise.then (async)
initWeb @ 30ebd9b5b6eccc956511.js:1
(anonymous) @ 30ebd9b5b6eccc956511.js:1
Promise.catch (async)
(anonymous) @ 30ebd9b5b6eccc956511.js:1
d @ 6b3fa00747f9dd324ead.js:2
w._settlePromiseFromHandler @ 6b3fa00747f9dd324ead.js:2
w._settlePromise @ 6b3fa00747f9dd324ead.js:2
w._settlePromise0 @ 6b3fa00747f9dd324ead.js:2
w._settlePromises @ 6b3fa00747f9dd324ead.js:2
(anonymous) @ 6b3fa00747f9dd324ead.js:2
Promise.then (async)
c @ 6b3fa00747f9dd324ead.js:2
t.hasDevTools.A.settlePromises @ 6b3fa00747f9dd324ead.js:2
w._fulfill @ 6b3fa00747f9dd324ead.js:2
w._resolveCallback @ 6b3fa00747f9dd324ead.js:2
(anonymous) @ 6b3fa00747f9dd324ead.js:2
(anonymous) @ 86ca081133c75371e7d9.js:1
d @ 6b3fa00747f9dd324ead.js:2
w._settlePromiseFromHandler @ 6b3fa00747f9dd324ead.js:2
w._settlePromise @ 6b3fa00747f9dd324ead.js:2
w._settlePromise0 @ 6b3fa00747f9dd324ead.js:2
w._settlePromises @ 6b3fa00747f9dd324ead.js:2
w._fulfill @ 6b3fa00747f9dd324ead.js:2
t._resolve @ 6b3fa00747f9dd324ead.js:2
r._promiseFulfilled @ 6b3fa00747f9dd324ead.js:2
w._settlePromise @ 6b3fa00747f9dd324ead.js:2
w._settlePromise0 @ 6b3fa00747f9dd324ead.js:2
w._settlePromises @ 6b3fa00747f9dd324ead.js:2
(anonymous) @ 6b3fa00747f9dd324ead.js:2
Promise.then (async)
c @ 6b3fa00747f9dd324ead.js:2
t.hasDevTools.A.settlePromises @ 6b3fa00747f9dd324ead.js:2
w._fulfill @ 6b3fa00747f9dd324ead.js:2
w._resolveCallback @ 6b3fa00747f9dd324ead.js:2
(anonymous) @ 6b3fa00747f9dd324ead.js:2
Promise.then (async)
d @ 6b3fa00747f9dd324ead.js:2
(anonymous) @ 6b3fa00747f9dd324ead.js:2
(anonymous) @ 6b3fa00747f9dd324ead.js:2
t._iterate @ 6b3fa00747f9dd324ead.js:2
M @ 6b3fa00747f9dd324ead.js:2
r._init @ 6b3fa00747f9dd324ead.js:2
r.init @ 6b3fa00747f9dd324ead.js:2
d @ 6b3fa00747f9dd324ead.js:2
z.some @ 6b3fa00747f9dd324ead.js:2
race @ 86ca081133c75371e7d9.js:1
(anonymous) @ 86ca081133c75371e7d9.js:1
O._execute @ 6b3fa00747f9dd324ead.js:2
w._resolveFromExecutor @ 6b3fa00747f9dd324ead.js:2
w @ 6b3fa00747f9dd324ead.js:2
speedTest @ 86ca081133c75371e7d9.js:1
(anonymous) @ 30ebd9b5b6eccc956511.js:1
d @ 6b3fa00747f9dd324ead.js:2
w._settlePromiseFromHandler @ 6b3fa00747f9dd324ead.js:2
w._settlePromise @ 6b3fa00747f9dd324ead.js:2
w._settlePromise0 @ 6b3fa00747f9dd324ead.js:2
w._settlePromises @ 6b3fa00747f9dd324ead.js:2
(anonymous) @ 6b3fa00747f9dd324ead.js:2
Promise.then (async)
c @ 6b3fa00747f9dd324ead.js:2
t.hasDevTools.A.settlePromises @ 6b3fa00747f9dd324ead.js:2
w._fulfill @ 6b3fa00747f9dd324ead.js:2
w._resolveCallback @ 6b3fa00747f9dd324ead.js:2
(anonymous) @ 6b3fa00747f9dd324ead.js:2
(anonymous) @ 86ca081133c75371e7d9.js:1
Promise.then (async)
(anonymous) @ 86ca081133c75371e7d9.js:1
O._execute @ 6b3fa00747f9dd324ead.js:2
w._resolveFromExecutor @ 6b3fa00747f9dd324ead.js:2
w @ 6b3fa00747f9dd324ead.js:2
getLineInfoByEnv @ 86ca081133c75371e7d9.js:1
mounted @ 30ebd9b5b6eccc956511.js:1
Qt @ 313b56cf5c96a14844d8.js:2
fn @ 313b56cf5c96a14844d8.js:2
insert @ 313b56cf5c96a14844d8.js:2
T @ 313b56cf5c96a14844d8.js:2
(anonymous) @ 313b56cf5c96a14844d8.js:2
t._update @ 313b56cf5c96a14844d8.js:2
r @ 313b56cf5c96a14844d8.js:2
wn.get @ 313b56cf5c96a14844d8.js:2
wn @ 313b56cf5c96a14844d8.js:2
t @ 313b56cf5c96a14844d8.js:2
Pn.$mount @ 313b56cf5c96a14844d8.js:2
d @ 86ca081133c75371e7d9.js:1
(anonymous) @ 86ca081133c75371e7d9.js:1
j @ 313b56cf5c96a14844d8.js:2
(anonymous) @ 313b56cf5c96a14844d8.js:2
t.<computed> @ 313b56cf5c96a14844d8.js:2
r @ 313b56cf5c96a14844d8.js:2
l @ 313b56cf5c96a14844d8.js:2
Promise.then (async)
r @ 313b56cf5c96a14844d8.js:2
l @ 313b56cf5c96a14844d8.js:2
Promise.then (async)
r @ 313b56cf5c96a14844d8.js:2
l @ 313b56cf5c96a14844d8.js:2
(anonymous) @ 313b56cf5c96a14844d8.js:2
(anonymous) @ 313b56cf5c96a14844d8.js:2
vt @ 86ca081133c75371e7d9.js:1
(anonymous) @ 86ca081133c75371e7d9.js:1
Promise.then (async)
340 @ 86ca081133c75371e7d9.js:1
o @ 51c79211789c856e4191.js:1
255 @ 86ca081133c75371e7d9.js:1
o @ 51c79211789c856e4191.js:1
f @ 51c79211789c856e4191.js:1
c @ 51c79211789c856e4191.js:1
(anonymous) @ 86ca081133c75371e7d9.js:1
30ebd9b5b6eccc956511.js:1 Event {isTrusted: true, type: "error", target: script, currentTarget: script, eventPhase: 2, …}
313b56cf5c96a14844d8.js:2 GET https://radar.cedexis.com/1/23917/radar.js net::ERR_ABORTED 500
(anonymous) @ 313b56cf5c96a14844d8.js:2
(anonymous) @ 313b56cf5c96a14844d8.js:2
(anonymous) @ 313b56cf5c96a14844d8.js:2
(anonymous) @ 313b56cf5c96a14844d8.js:2
(anonymous) @ 313b56cf5c96a14844d8.js:2
(anonymous) @ 313b56cf5c96a14844d8.js:2
(anonymous) @ 313b56cf5c96a14844d8.js:2
requestAnimationFrame (async)
Y @ 313b56cf5c96a14844d8.js:2
(anonymous) @ 313b56cf5c96a14844d8.js:2
wn.run @ 313b56cf5c96a14844d8.js:2
bn @ 313b56cf5c96a14844d8.js:2
(anonymous) @ 313b56cf5c96a14844d8.js:2
ie @ 313b56cf5c96a14844d8.js:2
Promise.then (async)
ee @ 313b56cf5c96a14844d8.js:2
ue @ 313b56cf5c96a14844d8.js:2
(anonymous) @ 313b56cf5c96a14844d8.js:2
wn.update @ 313b56cf5c96a14844d8.js:2
wt.notify @ 313b56cf5c96a14844d8.js:2
set @ 313b56cf5c96a14844d8.js:2
setUserInfo @ 86ca081133c75371e7d9.js:1
(anonymous) @ 313b56cf5c96a14844d8.js:2
(anonymous) @ 313b56cf5c96a14844d8.js:2
(anonymous) @ 313b56cf5c96a14844d8.js:2
d._withCommit @ 313b56cf5c96a14844d8.js:2
d.commit @ 313b56cf5c96a14844d8.js:2
commit @ 313b56cf5c96a14844d8.js:2
(anonymous) @ 30ebd9b5b6eccc956511.js:1
Promise.then (async)
updateUserInfoPeriodically @ 30ebd9b5b6eccc956511.js:1
(anonymous) @ 30ebd9b5b6eccc956511.js:1
Promise.then (async)
(anonymous) @ 30ebd9b5b6eccc956511.js:1
Promise.then (async)
(anonymous) @ 30ebd9b5b6eccc956511.js:1
Promise.then (async)
initWeb @ 30ebd9b5b6eccc956511.js:1
(anonymous) @ 30ebd9b5b6eccc956511.js:1
Promise.catch (async)
(anonymous) @ 30ebd9b5b6eccc956511.js:1
d @ 6b3fa00747f9dd324ead.js:2
w._settlePromiseFromHandler @ 6b3fa00747f9dd324ead.js:2
w._settlePromise @ 6b3fa00747f9dd324ead.js:2
w._settlePromise0 @ 6b3fa00747f9dd324ead.js:2
w._settlePromises @ 6b3fa00747f9dd324ead.js:2
(anonymous) @ 6b3fa00747f9dd324ead.js:2
Promise.then (async)
c @ 6b3fa00747f9dd324ead.js:2
t.hasDevTools.A.settlePromises @ 6b3fa00747f9dd324ead.js:2
w._fulfill @ 6b3fa00747f9dd324ead.js:2
w._resolveCallback @ 6b3fa00747f9dd324ead.js:2
(anonymous) @ 6b3fa00747f9dd324ead.js:2
(anonymous) @ 86ca081133c75371e7d9.js:1
d @ 6b3fa00747f9dd324ead.js:2
w._settlePromiseFromHandler @ 6b3fa00747f9dd324ead.js:2
w._settlePromise @ 6b3fa00747f9dd324ead.js:2
w._settlePromise0 @ 6b3fa00747f9dd324ead.js:2
w._settlePromises @ 6b3fa00747f9dd324ead.js:2
w._fulfill @ 6b3fa00747f9dd324ead.js:2
t._resolve @ 6b3fa00747f9dd324ead.js:2
r._promiseFulfilled @ 6b3fa00747f9dd324ead.js:2
w._settlePromise @ 6b3fa00747f9dd324ead.js:2
w._settlePromise0 @ 6b3fa00747f9dd324ead.js:2
w._settlePromises @ 6b3fa00747f9dd324ead.js:2
(anonymous) @ 6b3fa00747f9dd324ead.js:2
Promise.then (async)
c @ 6b3fa00747f9dd324ead.js:2
t.hasDevTools.A.settlePromises @ 6b3fa00747f9dd324ead.js:2
w._fulfill @ 6b3fa00747f9dd324ead.js:2
w._resolveCallback @ 6b3fa00747f9dd324ead.js:2
(anonymous) @ 6b3fa00747f9dd324ead.js:2
Promise.then (async)
d @ 6b3fa00747f9dd324ead.js:2
(anonymous) @ 6b3fa00747f9dd324ead.js:2
(anonymous) @ 6b3fa00747f9dd324ead.js:2
t._iterate @ 6b3fa00747f9dd324ead.js:2
M @ 6b3fa00747f9dd324ead.js:2
r._init @ 6b3fa00747f9dd324ead.js:2
r.init @ 6b3fa00747f9dd324ead.js:2
d @ 6b3fa00747f9dd324ead.js:2
z.some @ 6b3fa00747f9dd324ead.js:2
race @ 86ca081133c75371e7d9.js:1
(anonymous) @ 86ca081133c75371e7d9.js:1
O._execute @ 6b3fa00747f9dd324ead.js:2
w._resolveFromExecutor @ 6b3fa00747f9dd324ead.js:2
w @ 6b3fa00747f9dd324ead.js:2
speedTest @ 86ca081133c75371e7d9.js:1
(anonymous) @ 30ebd9b5b6eccc956511.js:1
d @ 6b3fa00747f9dd324ead.js:2
w._settlePromiseFromHandler @ 6b3fa00747f9dd324ead.js:2
w._settlePromise @ 6b3fa00747f9dd324ead.js:2
w._settlePromise0 @ 6b3fa00747f9dd324ead.js:2
w._settlePromises @ 6b3fa00747f9dd324ead.js:2
(anonymous) @ 6b3fa00747f9dd324ead.js:2
Promise.then (async)
c @ 6b3fa00747f9dd324ead.js:2
t.hasDevTools.A.settlePromises @ 6b3fa00747f9dd324ead.js:2
w._fulfill @ 6b3fa00747f9dd324ead.js:2
w._resolveCallback @ 6b3fa00747f9dd324ead.js:2
(anonymous) @ 6b3fa00747f9dd324ead.js:2
(anonymous) @ 86ca081133c75371e7d9.js:1
Promise.then (async)
(anonymous) @ 86ca081133c75371e7d9.js:1
O._execute @ 6b3fa00747f9dd324ead.js:2
w._resolveFromExecutor @ 6b3fa00747f9dd324ead.js:2
w @ 6b3fa00747f9dd324ead.js:2
getLineInfoByEnv @ 86ca081133c75371e7d9.js:1
mounted @ 30ebd9b5b6eccc956511.js:1
Qt @ 313b56cf5c96a14844d8.js:2
fn @ 313b56cf5c96a14844d8.js:2
insert @ 313b56cf5c96a14844d8.js:2
T @ 313b56cf5c96a14844d8.js:2
(anonymous) @ 313b56cf5c96a14844d8.js:2
t._update @ 313b56cf5c96a14844d8.js:2
r @ 313b56cf5c96a14844d8.js:2
wn.get @ 313b56cf5c96a14844d8.js:2
wn @ 313b56cf5c96a14844d8.js:2
t @ 313b56cf5c96a14844d8.js:2
Pn.$mount @ 313b56cf5c96a14844d8.js:2
d @ 86ca081133c75371e7d9.js:1
(anonymous) @ 86ca081133c75371e7d9.js:1
j @ 313b56cf5c96a14844d8.js:2
(anonymous) @ 313b56cf5c96a14844d8.js:2
t.<computed> @ 313b56cf5c96a14844d8.js:2
r @ 313b56cf5c96a14844d8.js:2
l @ 313b56cf5c96a14844d8.js:2
Promise.then (async)
r @ 313b56cf5c96a14844d8.js:2
l @ 313b56cf5c96a14844d8.js:2
Promise.then (async)
r @ 313b56cf5c96a14844d8.js:2
l @ 313b56cf5c96a14844d8.js:2
(anonymous) @ 313b56cf5c96a14844d8.js:2
(anonymous) @ 313b56cf5c96a14844d8.js:2
vt @ 86ca081133c75371e7d9.js:1
(anonymous) @ 86ca081133c75371e7d9.js:1
Promise.then (async)
340 @ 86ca081133c75371e7d9.js:1
o @ 51c79211789c856e4191.js:1
255 @ 86ca081133c75371e7d9.js:1
o @ 51c79211789c856e4191.js:1
f @ 51c79211789c856e4191.js:1
c @ 51c79211789c856e4191.js:1
(anonymous) @ 86ca081133c75371e7d9.js:1
main.min.js:1 DragonBones: 5.6.201 2018/01/05
Website: http://dragonbones.com/
Source and Demos: https://github.com/DragonBones/
merged_jdbbase.js:179 [INFO] SmartFox instance ready!
merged_libs_egret5.js:4 ,3,2000, 0
merged_libs_egret5.js:4 ,6,2000, 0
merged_libs_egret5.js:4 ,3,2000, 0
merged_libs_egret5.js:4 ,6,1995, 5
merged_libs_egret5.js:4 ,9,1995, 5
merged_libs_egret5.js:4 ,12,1995, 5
merged_libs_egret5.js:4 ,15,1995, 5
merged_libs_egret5.js:4 ,18,1990, 10
merged_libs_egret5.js:4 ,21,2365, 455
merged_libs_egret5.js:4 ,24,2365, 465
merged_libs_egret5.js:4 ,27,2375, 485
merged_libs_egret5.js:4 ,30,2365, 495
merged_libs_egret5.js:4 ,33,2365, 495
merged_libs_egret5.js:4 ,36,2360, 520
merged_libs_egret5.js:4 ,39,2380, 580
merged_libs_egret5.js:4 ,42,2380, 580
merged_libs_egret5.js:4 ,45,2380, 580
merged_libs_egret5.js:4 ,48,2380, 580
merged_libs_egret5.js:4 ,51,2380, 580
merged_libs_egret5.js:4 ,54,2340, 670
merged_libs_egret5.js:4 ,57,2295, 715
merged_libs_egret5.js:4 ,60,2220, 790
merged_libs_egret5.js:4 ,63,2495, 1185
merged_libs_egret5.js:4 ,66,2450, 1240
merged_libs_egret5.js:4 ,69,2660, 1620
merged_libs_egret5.js:4 ,72,2600, 1690
merged_libs_egret5.js:4 ,75,2545, 1765
merged_libs_egret5.js:4 ,78,2480, 1840
merged_libs_egret5.js:4 ,81,2415, 1905
merged_libs_egret5.js:4 ,84,2340, 1990
merged_libs_egret5.js:4 ,87,2290, 2070
merged_libs_egret5.js:4 ,90,2285, 2175
merged_libs_egret5.js:4 ,93,2530, 2530
merged_libs_egret5.js:4 ,96,2450, 2610
merged_libs_egret5.js:4 ,99,2385, 2685
merged_libs_egret5.js:4 ,102,2420, 2840
merged_libs_egret5.js:4 ,105,2395, 2925
merged_libs_egret5.js:4 ,108,2385, 3045
merged_libs_egret5.js:4 ,111,2375, 3145
merged_libs_egret5.js:4 ,114,2355, 3255
merged_libs_egret5.js:4 ,117,2490, 3520
merged_libs_egret5.js:4 ,120,2635, 3795
merged_libs_egret5.js:4 ,123,2620, 3850
merged_libs_egret5.js:4 ,126,2895, 4125
merged_libs_egret5.js:4 ,129,2895, 4125
merged_libs_egret5.js:4 ,132,2935, 4175
merged_libs_egret5.js:4 ,135,3555, 4895
merged_libs_egret5.js:4 ,138,3555, 4895
merged_libs_egret5.js:4 ,141,3555, 4895
merged_libs_egret5.js:4 ,144,3555, 4895
merged_libs_egret5.js:4 ,147,3555, 4895
merged_libs_egret5.js:4 ,150,3555, 4895
