www.google-analytics.com/analytics.js:1 Failed to load resource: the server responded with a status of 500 ()
6b3fa00747f9dd324ead.js:2 [vue-analytics] An error occured! Please check your connection, if you have any Google Analytics blocker installed in your browser or check your custom resource URL if you have added any.
(anonymous) @ 6b3fa00747f9dd324ead.js:2
www.sqntbw.com/games/7/7999/09c373f/gameConfig.test.js:1 Failed to load resource: the server responded with a status of 404 ()
30ebd9b5b6eccc956511.js:1 Event
radar.cedexis.com/1/23917/radar.js:1 Failed to load resource: the server responded with a status of 500 (Request Blocked)
main.min.js:1 DragonBones: 5.6.201 2018/01/05
Website: http://dragonbones.com/
Source and Demos: https://github.com/DragonBones/
merged_jdbbase.js:179 [INFO] SmartFox instance ready!
merged_libs_egret5.js:4 ,3,2000, 0
merged_libs_egret5.js:4 ,6,1999.5, 0.5
merged_libs_egret5.js:4 ,9,2004.5, 15.5
merged_libs_egret5.js:4 ,12,1959.5, 100.5
merged_libs_egret5.js:4 ,15,1889.5, 170.5
merged_libs_egret5.js:4 ,18,1809.5, 250.5
merged_libs_egret5.js:4 ,21,1769.5, 290.5
merged_libs_egret5.js:4 ,24,1794.5, 485.5
merged_libs_egret5.js:4 ,27,1714.5, 565.5
merged_libs_egret5.js:4 ,30,1684.5, 655.5
merged_libs_egret5.js:4 ,33,2114.5, 1215.5
merged_libs_egret5.js:4 ,36,2554.5, 1775.5
merged_libs_egret5.js:4 ,39,2499.5, 1840.5
merged_libs_egret5.js:8 [Intervention] Ignored attempt to cancel a touchcancel event with cancelable=false, for example because scrolling is in progress and cannot be interrupted.
r.prevent @ merged_libs_egret5.js:8
(anonymous) @ merged_libs_egret5.js:8
merged_libs_egret5.js:4 ,42,2449.5, 1890.5
merged_libs_egret5.js:4 ,45,2449.5, 1890.5
merged_libs_egret5.js:4 ,48,2449.5, 1890.5
merged_libs_egret5.js:4 ,51,2444.5, 1895.5
merged_libs_egret5.js:4 ,54,2444.5, 1895.5
merged_libs_egret5.js:4 ,57,2444.5, 1895.5
merged_libs_egret5.js:8 [Intervention] Ignored attempt to cancel a touchcancel event with cancelable=false, for example because scrolling is in progress and cannot be interrupted.
r.prevent @ merged_libs_egret5.js:8
(anonymous) @ merged_libs_egret5.js:8
merged_libs_egret5.js:4 ,60,2399.5, 1940.5
merged_libs_egret5.js:4 ,63,2484.5, 2065.5
merged_libs_egret5.js:4 ,66,2554.5, 2205.5
merged_libs_egret5.js:4 ,69,2499.5, 2280.5
merged_libs_egret5.js:4 ,72,2484.5, 2385.5
merged_libs_egret5.js:4 ,75,2519.5, 2530.5
merged_libs_egret5.js:4 ,78,2984.5, 3145.5
merged_libs_egret5.js:4 ,81,2959.5, 3220.5
merged_libs_egret5.js:4 ,84,2889.5, 3290.5
merged_libs_egret5.js:4 ,87,2864.5, 3315.5
merged_libs_egret5.js:4 ,90,2864.5, 3315.5
merged_libs_egret5.js:4 ,93,2864.5, 3315.5
merged_libs_egret5.js:4 ,96,2859.5, 3370.5
merged_libs_egret5.js:4 ,99,2894.5, 3455.5
merged_libs_egret5.js:4 ,102,2884.5, 3465.5
merged_libs_egret5.js:4 ,105,2844.5, 3565.5
merged_libs_egret5.js:4 ,108,2774.5, 3635.5
merged_libs_egret5.js:4 ,111,2779.5, 3650.5
merged_libs_egret5.js:4 ,114,2774.5, 3655.5
merged_libs_egret5.js:4 ,117,2789.5, 3670.5
merged_libs_egret5.js:4 ,120,2789.5, 3680.5
merged_libs_egret5.js:4 ,123,2789.5, 3680.5
merged_libs_egret5.js:4 ,126,2794.5, 3685.5
merged_libs_egret5.js:4 ,129,2714.5, 3765.5
merged_libs_egret5.js:4 ,132,2644.5, 3835.5
merged_libs_egret5.js:4 ,135,2574.5, 3915.5
merged_libs_egret5.js:4 ,138,2709.5, 4170.5
merged_libs_egret5.js:4 ,141,2824.5, 4445.5
merged_libs_egret5.js:4 ,144,2759.5, 4510.5
merged_libs_egret5.js:4 ,147,2689.5, 4580.5
merged_libs_egret5.js:4 ,150,2609.5, 4670.5
merged_libs_egret5.js:4 ,153,2679.5, 4780.5
merged_libs_egret5.js:4 ,156,2729.5, 4880.5
merged_libs_egret5.js:4 ,159,2649.5, 4960.5
merged_libs_egret5.js:4 ,162,2589.5, 5030.5
merged_libs_egret5.js:4 ,165,2509.5, 5110.5
merged_libs_egret5.js:4 ,168,2434.5, 5185.5
merged_libs_egret5.js:4 ,171,2929.5, 5810.5
merged_libs_egret5.js:4 ,174,2914.5, 5895.5
merged_libs_egret5.js:4 ,177,2879.5, 6010.5
merged_libs_egret5.js:4 ,180,2804.5, 6085.5
merged_libs_egret5.js:4 ,183,2789.5, 6190.5
merged_libs_egret5.js:4 ,186,2749.5, 6280.5
merged_libs_egret5.js:4 ,189,2669.5, 6360.5
merged_libs_egret5.js:4 ,192,2689.5, 6500.5
merged_libs_egret5.js:4 ,195,2629.5, 6580.5
merged_libs_egret5.js:4 ,198,2589.5, 6660.5
merged_libs_egret5.js:4 ,201,2749.5, 6920.5
merged_libs_egret5.js:4 ,204,2654.5, 7015.5
merged_libs_egret5.js:4 ,207,2579.5, 7090.5
merged_libs_egret5.js:4 ,210,2514.5, 7155.5
merged_libs_egret5.js:4 ,213,2429.5, 7240.5
merged_libs_egret5.js:4 ,216,2554.5, 7505.5
merged_libs_egret5.js:4 ,219,2524.5, 7565.5
merged_libs_egret5.js:4 ,222,2449.5, 7640.5
merged_libs_egret5.js:4 ,225,2414.5, 7755.5
merged_libs_egret5.js:4 ,228,2339.5, 7830.5
merged_libs_egret5.js:4 ,231,3314.5, 8945.5
merged_libs_egret5.js:4 ,234,3249.5, 9010.5
merged_libs_egret5.js:4 ,237,3249.5, 9010.5
merged_libs_egret5.js:4 ,240,3224.5, 9035.5
merged_libs_egret5.js:4 ,243,3224.5, 9035.5
merged_libs_egret5.js:4 ,246,3224.5, 9035.5
merged_libs_egret5.js:4 ,249,3224.5, 9035.5
merged_libs_egret5.js:4 ,252,3224.5, 9035.5
merged_libs_egret5.js:4 ,255,3224.5, 9035.5
merged_libs_egret5.js:4 ,258,3224.5, 9035.5
