www.google-analytics.com/analytics.js:1 Failed to load resource: the server responded with a status of 500 ()
6b3fa00747f9dd324ead.js:2 [vue-analytics] An error occured! Please check your connection, if you have any Google Analytics blocker installed in your browser or check your custom resource URL if you have added any.
(anonymous) @ 6b3fa00747f9dd324ead.js:2
www.sqntbw.com/games/7/7999/09c373f/gameConfig.test.js:1 Failed to load resource: the server responded with a status of 404 ()
30ebd9b5b6eccc956511.js:1 Event
main.min.js:1 DragonBones: 5.6.201 2018/01/05
Website: http://dragonbones.com/
Source and Demos: https://github.com/DragonBones/
radar.cedexis.com/1/23917/radar.js:1 Failed to load resource: the server responded with a status of 500 (Request Blocked)
merged_jdbbase.js:179 [INFO] SmartFox instance ready!
merged_libs_egret5.js:4 ,3,2000, 0
merged_libs_egret5.js:4 ,6,2000, 0
merged_libs_egret5.js:4 ,9,1960, 50
merged_libs_egret5.js:4 ,12,1915, 125
merged_libs_egret5.js:4 ,15,2185, 545
merged_libs_egret5.js:4 ,18,2125, 625
merged_libs_egret5.js:4 ,21,2090, 710
merged_libs_egret5.js:4 ,24,2010, 790
merged_libs_egret5.js:4 ,27,1950, 880
merged_libs_egret5.js:4 ,30,1900, 960
merged_libs_egret5.js:4 ,33,1945, 1095
merged_libs_egret5.js:4 ,36,1855, 1185
merged_libs_egret5.js:4 ,39,1895, 1325
merged_libs_egret5.js:4 ,42,1820, 1420
merged_libs_egret5.js:4 ,45,1825, 1515
merged_libs_egret5.js:4 ,48,1730, 1610
merged_libs_egret5.js:4 ,51,1705, 1635
merged_libs_egret5.js:4 ,54,1650, 1690
merged_libs_egret5.js:4 ,57,1595, 1765
merged_libs_egret5.js:4 ,60,1575, 1835
merged_libs_egret5.js:4 ,63,1500, 1910
merged_libs_egret5.js:4 ,66,1480, 2030
merged_libs_egret5.js:4 ,69,1415, 2095
merged_libs_egret5.js:4 ,72,1330, 2180
merged_libs_egret5.js:4 ,75,1255, 2255
merged_libs_egret5.js:4 ,78,1240, 2380
merged_libs_egret5.js:4 ,81,1185, 2465
merged_libs_egret5.js:4 ,84,1115, 2535
merged_libs_egret5.js:4 ,87,1235, 2805
merged_libs_egret5.js:4 ,90,1160, 2880
merged_libs_egret5.js:4 ,93,1130, 2910
merged_libs_egret5.js:4 ,96,1075, 2985
merged_libs_egret5.js:4 ,99,1015, 3065
merged_libs_egret5.js:4 ,102,1000, 3190
merged_libs_egret5.js:4 ,105,955, 3255
merged_libs_egret5.js:4 ,108,935, 3355
merged_libs_egret5.js:4 ,111,855, 3435
merged_libs_egret5.js:4 ,114,780, 3510
merged_libs_egret5.js:4 ,117,710, 3580
merged_libs_egret5.js:4 ,120,680, 3670
merged_libs_egret5.js:4 ,123,730, 3870
merged_libs_egret5.js:4 ,126,655, 3945
merged_libs_egret5.js:4 ,129,685, 4105
merged_libs_egret5.js:4 ,132,625, 4185
merged_libs_egret5.js:4 ,135,590, 4260
merged_libs_egret5.js:4 ,138,645, 4405
merged_libs_egret5.js:4 ,141,670, 4540
merged_libs_egret5.js:4 ,144,1435, 5455
merged_libs_egret5.js:4 ,147,1735, 5895
merged_libs_egret5.js:4 ,150,1670, 5960
merged_libs_egret5.js:4 ,153,1605, 6045
merged_libs_egret5.js:4 ,156,1550, 6120
merged_libs_egret5.js:4 ,159,1510, 6190
merged_libs_egret5.js:4 ,162,1470, 6280
merged_libs_egret5.js:4 ,165,1430, 6360
merged_libs_egret5.js:4 ,168,1370, 6420
merged_libs_egret5.js:4 ,171,1295, 6515
merged_libs_egret5.js:4 ,174,1240, 6590
merged_libs_egret5.js:4 ,177,1525, 6985
merged_libs_egret5.js:4 ,180,1895, 7465
merged_libs_egret5.js:4 ,183,2095, 7785
merged_libs_egret5.js:4 ,186,2010, 7870
merged_libs_egret5.js:4 ,189,2050, 8030
merged_libs_egret5.js:4 ,192,1960, 8120
merged_libs_egret5.js:4 ,195,1940, 8220
merged_libs_egret5.js:4 ,198,1865, 8295
merged_libs_egret5.js:4 ,201,1810, 8370
merged_libs_egret5.js:4 ,204,1790, 8470
merged_libs_egret5.js:4 ,207,1715, 8545
merged_libs_egret5.js:4 ,210,1660, 8640
merged_libs_egret5.js:4 ,213,1625, 8725
merged_libs_egret5.js:4 ,216,1590, 8830
merged_libs_egret5.js:4 ,219,1590, 8950
merged_libs_egret5.js:4 ,222,1510, 9030
merged_libs_egret5.js:4 ,225,1460, 9150
merged_libs_egret5.js:4 ,228,1485, 9265
merged_libs_egret5.js:4 ,231,1415, 9355
merged_libs_egret5.js:4 ,234,1335, 9435
merged_libs_egret5.js:4 ,237,1290, 9490
merged_libs_egret5.js:4 ,240,1290, 9490
merged_libs_egret5.js:4 ,243,1290, 9490
merged_libs_egret5.js:4 ,246,1290, 9490
merged_libs_egret5.js:4 ,249,1265, 9515
merged_libs_egret5.js:4 ,252,1195, 9585
merged_libs_egret5.js:4 ,255,1185, 9685
merged_libs_egret5.js:4 ,258,1190, 9770
merged_libs_egret5.js:4 ,261,1230, 9850
merged_libs_egret5.js:4 ,264,1295, 9935
merged_libs_egret5.js:4 ,267,1295, 9935
merged_libs_egret5.js:4 ,270,1295, 9935
merged_libs_egret5.js:4 ,273,1295, 9935
merged_libs_egret5.js:4 ,276,1295, 9935
merged_libs_egret5.js:4 ,279,1290, 9940
merged_libs_egret5.js:4 ,282,1220, 10010
merged_libs_egret5.js:4 ,285,1180, 10110
merged_libs_egret5.js:4 ,288,1140, 10210
merged_libs_egret5.js:4 ,291,1075, 10275
merged_libs_egret5.js:4 ,294,1045, 10365
merged_libs_egret5.js:4 ,297,955, 10455
merged_libs_egret5.js:4 ,300,875, 10535
merged_libs_egret5.js:4 ,303,815, 10615
merged_libs_egret5.js:4 ,306,780, 10680
merged_libs_egret5.js:4 ,309,730, 10750
merged_libs_egret5.js:4 ,312,635, 10845
merged_libs_egret5.js:4 ,315,620, 10960
merged_libs_egret5.js:4 ,318,865, 11305
merged_libs_egret5.js:4 ,321,1080, 11630
merged_libs_egret5.js:4 ,324,1000, 11710
merged_libs_egret5.js:4 ,327,925, 11785
merged_libs_egret5.js:4 ,330,865, 11855
merged_libs_egret5.js:4 ,333,805, 11935
merged_libs_egret5.js:4 ,336,810, 11970
merged_libs_egret5.js:4 ,339,840, 12000
merged_libs_egret5.js:4 ,342,940, 12100
merged_libs_egret5.js:4 ,345,1140, 12300
merged_libs_egret5.js:4 ,348,1150, 12310
merged_libs_egret5.js:4 ,351,1150, 12310
merged_libs_egret5.js:4 ,354,1150, 12310
merged_libs_egret5.js:4 ,357,1150, 12310
merged_libs_egret5.js:4 ,360,1150, 12310
merged_libs_egret5.js:4 ,363,1150, 12310
merged_libs_egret5.js:4 ,366,1550, 12710
merged_libs_egret5.js:4 ,369,1550, 12710
merged_libs_egret5.js:4 ,372,2025, 13275
merged_libs_egret5.js:4 ,375,1975, 13325
merged_libs_egret5.js:4 ,378,1900, 13400
merged_libs_egret5.js:4 ,381,2575, 14205
merged_libs_egret5.js:4 ,384,2500, 14280
merged_libs_egret5.js:4 ,387,2425, 14355
merged_libs_egret5.js:4 ,390,2350, 14430
merged_libs_egret5.js:4 ,393,2310, 14490
merged_libs_egret5.js:4 ,396,2265, 14555
merged_libs_egret5.js:4 ,399,2245, 14625
merged_libs_egret5.js:4 ,402,2170, 14700
merged_libs_egret5.js:4 ,405,2095, 14775
merged_libs_egret5.js:4 ,408,2040, 14830
merged_libs_egret5.js:4 ,411,2050, 14970
merged_libs_egret5.js:4 ,414,2000, 15040
merged_libs_egret5.js:4 ,417,2000, 15180
merged_libs_egret5.js:4 ,420,1945, 15255
merged_libs_egret5.js:4 ,423,1920, 15330
merged_libs_egret5.js:4 ,426,1840, 15410
merged_libs_egret5.js:4 ,429,1775, 15485
merged_libs_egret5.js:4 ,432,1695, 15565
merged_libs_egret5.js:4 ,435,1720, 15730
merged_libs_egret5.js:4 ,438,1680, 15790
merged_libs_egret5.js:4 ,441,1595, 15875
merged_libs_egret5.js:4 ,444,1595, 16015
merged_libs_egret5.js:4 ,447,1520, 16090
merged_libs_egret5.js:4 ,450,1455, 16155
merged_libs_egret5.js:4 ,453,1415, 16195
merged_libs_egret5.js:4 ,456,1645, 16555
merged_libs_egret5.js:4 ,459,1570, 16630
merged_libs_egret5.js:4 ,462,1495, 16705
merged_libs_egret5.js:4 ,465,1440, 16760
merged_libs_egret5.js:4 ,468,1970, 17420
merged_libs_egret5.js:4 ,471,1935, 17475
merged_libs_egret5.js:4 ,474,1895, 17515
merged_libs_egret5.js:4 ,477,1835, 17575
merged_libs_egret5.js:4 ,480,1780, 17630
merged_libs_egret5.js:4 ,483,1705, 17705
merged_libs_egret5.js:4 ,486,1705, 17745
merged_libs_egret5.js:4 ,489,1705, 17745
merged_libs_egret5.js:4 ,492,1705, 17745
merged_libs_egret5.js:4 ,495,2005, 18045
merged_libs_egret5.js:4 ,498,2005, 18045
merged_libs_egret5.js:4 ,501,2005, 18045
merged_libs_egret5.js:4 ,504,2470, 18510
merged_libs_egret5.js:4 ,507,2470, 18510
merged_libs_egret5.js:4 ,510,2470, 18510
merged_libs_egret5.js:4 ,513,2470, 18510
merged_libs_egret5.js:4 ,516,2470, 18510
merged_libs_egret5.js:4 ,519,2470, 18510
merged_libs_egret5.js:4 ,522,2470, 18510
merged_libs_egret5.js:4 ,525,2470, 18510
merged_libs_egret5.js:4 ,528,2470, 18510
merged_libs_egret5.js:4 ,531,2470, 18510
merged_libs_egret5.js:4 ,534,2470, 18510
merged_libs_egret5.js:4 ,537,2470, 18510
merged_libs_egret5.js:4 ,540,2470, 18510
merged_libs_egret5.js:4 ,543,2470, 18510
merged_libs_egret5.js:4 ,546,2470, 18510
merged_libs_egret5.js:4 ,549,2470, 18510
merged_libs_egret5.js:4 ,552,3970, 20010
merged_libs_egret5.js:4 ,555,3970, 20010
merged_libs_egret5.js:4 ,558,3970, 20010
merged_libs_egret5.js:4 ,561,3970, 20010
merged_libs_egret5.js:4 ,564,3970, 20010
merged_libs_egret5.js:4 ,567,3970, 20010
merged_libs_egret5.js:4 ,570,3970, 20010
merged_libs_egret5.js:4 ,573,3970, 20010
merged_libs_egret5.js:4 ,576,3970, 20010
merged_libs_egret5.js:4 ,579,3970, 20010
merged_libs_egret5.js:4 ,582,3970, 20010
merged_libs_egret5.js:4 ,585,4220, 20260
merged_libs_egret5.js:4 ,588,4220, 20260
merged_libs_egret5.js:4 ,591,4520, 20560
merged_libs_egret5.js:4 ,594,4520, 20560
merged_libs_egret5.js:4 ,597,4520, 20560
merged_libs_egret5.js:4 ,600,4520, 20560
merged_libs_egret5.js:4 ,603,4520, 20560
merged_libs_egret5.js:4 ,606,4520, 20560
merged_libs_egret5.js:4 ,609,4520, 20560
merged_libs_egret5.js:4 ,612,4520, 20560
merged_libs_egret5.js:4 ,615,4520, 20560
merged_libs_egret5.js:4 ,618,4520, 20560
merged_libs_egret5.js:4 ,621,4520, 20560
merged_libs_egret5.js:4 ,624,4520, 20560
merged_libs_egret5.js:4 ,627,4520, 20560
merged_libs_egret5.js:4 ,630,4520, 20560
merged_libs_egret5.js:4 ,633,4520, 20560
merged_libs_egret5.js:4 ,636,4520, 20560
merged_libs_egret5.js:4 ,639,4520, 20560
merged_libs_egret5.js:4 ,642,4520, 20560
merged_libs_egret5.js:4 ,645,4520, 20560
merged_libs_egret5.js:4 ,648,4520, 20560
merged_libs_egret5.js:4 ,651,4520, 20560
merged_libs_egret5.js:4 ,654,4520, 20560
merged_libs_egret5.js:4 ,657,4520, 20560
merged_libs_egret5.js:4 ,660,4520, 20560
merged_libs_egret5.js:4 ,663,4510, 20570
merged_libs_egret5.js:4 ,666,4360, 20720
merged_libs_egret5.js:4 ,669,4210, 20870
merged_libs_egret5.js:4 ,672,4120, 20980
merged_libs_egret5.js:4 ,675,4100, 21140
merged_libs_egret5.js:4 ,678,4020, 21240
merged_libs_egret5.js:4 ,681,3870, 21390
merged_libs_egret5.js:4 ,684,4920, 22720
merged_libs_egret5.js:4 ,687,4770, 22870
merged_libs_egret5.js:4 ,690,7170, 25530
merged_libs_egret5.js:4 ,693,8070, 26710
merged_libs_egret5.js:4 ,696,8970, 27890
merged_libs_egret5.js:4 ,699,11670, 30870
merged_libs_egret5.js:4 ,702,11530, 31010
merged_libs_egret5.js:4 ,705,11530, 31010
merged_libs_egret5.js:4 ,708,11530, 31010
merged_libs_egret5.js:4 ,711,11530, 31010
merged_libs_egret5.js:4 ,714,11530, 31010
merged_libs_egret5.js:4 ,717,11530, 31010
merged_libs_egret5.js:4 ,720,11530, 31010
merged_libs_egret5.js:4 ,723,11530, 31010
merged_libs_egret5.js:4 ,726,11530, 31010
merged_libs_egret5.js:4 ,729,11530, 31010
merged_libs_egret5.js:4 ,732,11530, 31010
merged_libs_egret5.js:4 ,735,11530, 31010
merged_libs_egret5.js:4 ,738,11530, 31010
merged_libs_egret5.js:4 ,741,11450, 31090
merged_libs_egret5.js:4 ,744,11300, 31240
merged_libs_egret5.js:4 ,747,11150, 31390
merged_libs_egret5.js:4 ,750,11000, 31540
merged_libs_egret5.js:4 ,753,10850, 31690
merged_libs_egret5.js:4 ,756,10800, 31740
merged_libs_egret5.js:4 ,759,10800, 31740
merged_libs_egret5.js:4 ,762,10800, 31740
merged_libs_egret5.js:4 ,765,10800, 31740
merged_libs_egret5.js:4 ,768,10800, 31740
merged_libs_egret5.js:4 ,771,10800, 31740
merged_libs_egret5.js:4 ,774,10800, 31740
merged_libs_egret5.js:4 ,777,10800, 31740
merged_libs_egret5.js:4 ,780,10770, 31770
merged_libs_egret5.js:4 ,783,11670, 32950
merged_libs_egret5.js:4 ,786,11490, 33130
merged_libs_egret5.js:4 ,789,11190, 33430
merged_libs_egret5.js:4 ,792,10890, 33730
merged_libs_egret5.js:4 ,795,11790, 35190
merged_libs_egret5.js:4 ,798,11490, 35490
merged_libs_egret5.js:4 ,801,11150, 35830
merged_libs_egret5.js:4 ,804,11150, 35830
merged_libs_egret5.js:4 ,807,11150, 35830
merged_libs_egret5.js:4 ,810,11150, 35830
merged_libs_egret5.js:4 ,813,11150, 35830
merged_libs_egret5.js:4 ,816,11150, 35830
merged_libs_egret5.js:4 ,819,11150, 35830
merged_libs_egret5.js:4 ,822,11150, 35830
merged_libs_egret5.js:4 ,825,11150, 35830
merged_libs_egret5.js:4 ,828,11150, 35830
merged_libs_egret5.js:4 ,831,11150, 35830
merged_libs_egret5.js:4 ,834,11150, 35830
merged_libs_egret5.js:4 ,837,11150, 35830
merged_libs_egret5.js:4 ,840,11150, 35830
merged_libs_egret5.js:4 ,843,11150, 35830
merged_libs_egret5.js:4 ,846,11150, 35830
merged_libs_egret5.js:4 ,849,11150, 35830
