www.google-analytics.com/analytics.js:1 Failed to load resource: the server responded with a status of 500 ()
6b3fa00747f9dd324ead.js:2 [vue-analytics] An error occured! Please check your connection, if you have any Google Analytics blocker installed in your browser or check your custom resource URL if you have added any.
(anonymous) @ 6b3fa00747f9dd324ead.js:2
radar.cedexis.com/1/23917/radar.js:1 Failed to load resource: the server responded with a status of 500 ()
www.sqntbw.com/games/7/7999/50854b1/gameConfig.test.js:1 Failed to load resource: the server responded with a status of 404 ()
30ebd9b5b6eccc956511.js:1 Event
main.min.js:1 DragonBones: 5.6.201 2018/01/05
Website: http://dragonbones.com/
Source and Demos: https://github.com/DragonBones/
merged_jdbbase.js:179 [INFO] SmartFox instance ready!
merged_libs_egret5.js:4 ,3,2000, 0
merged_libs_egret5.js:4 ,6,2010, 10
merged_libs_egret5.js:4 ,9,2055, 95
merged_libs_egret5.js:4 ,12,1995, 185
merged_libs_egret5.js:4 ,15,2000, 310
merged_libs_egret5.js:4 ,18,1950, 400
merged_libs_egret5.js:4 ,21,1885, 485
merged_libs_egret5.js:4 ,24,1815, 555
merged_libs_egret5.js:4 ,27,1775, 635
merged_libs_egret5.js:4 ,30,1700, 710
merged_libs_egret5.js:4 ,33,1630, 800
merged_libs_egret5.js:4 ,36,1670, 950
merged_libs_egret5.js:4 ,39,1640, 1030
merged_libs_egret5.js:4 ,42,1575, 1125
merged_libs_egret5.js:4 ,45,1500, 1200
merged_libs_egret5.js:4 ,48,1435, 1275
merged_libs_egret5.js:4 ,51,1505, 1435
merged_libs_egret5.js:4 ,54,1440, 1520
merged_libs_egret5.js:4 ,57,1360, 1600
merged_libs_egret5.js:4 ,60,1285, 1675
merged_libs_egret5.js:4 ,63,1270, 1770
merged_libs_egret5.js:4 ,66,1230, 1880
merged_libs_egret5.js:4 ,69,1225, 1985
merged_libs_egret5.js:4 ,72,1150, 2060
merged_libs_egret5.js:4 ,75,1095, 2125
merged_libs_egret5.js:4 ,78,1035, 2215
merged_libs_egret5.js:4 ,81,985, 2305
merged_libs_egret5.js:4 ,84,1000, 2450
merged_libs_egret5.js:4 ,87,1040, 2600
merged_libs_egret5.js:4 ,90,960, 2680
merged_libs_egret5.js:4 ,93,885, 2755
merged_libs_egret5.js:4 ,96,1310, 3320
merged_libs_egret5.js:4 ,99,1345, 3475
merged_libs_egret5.js:4 ,102,1345, 3515
merged_libs_egret5.js:4 ,105,1345, 3515
merged_libs_egret5.js:4 ,108,1350, 3530
merged_libs_egret5.js:4 ,111,1355, 3625
merged_libs_egret5.js:4 ,114,1295, 3725
merged_libs_egret5.js:4 ,117,1325, 3825
merged_libs_egret5.js:4 ,120,1305, 3905
merged_libs_egret5.js:4 ,123,1285, 3975
merged_libs_egret5.js:4 ,126,1280, 4060
merged_libs_egret5.js:4 ,129,1270, 4140
merged_libs_egret5.js:4 ,132,1275, 4215
merged_libs_egret5.js:4 ,135,1210, 4300
merged_libs_egret5.js:4 ,138,1215, 4395
merged_libs_egret5.js:4 ,141,1200, 4490
merged_libs_egret5.js:4 ,144,1170, 4590
merged_libs_egret5.js:4 ,147,1100, 4660
merged_libs_egret5.js:4 ,150,1120, 4830
merged_libs_egret5.js:4 ,153,1370, 5160
merged_libs_egret5.js:4 ,156,1310, 5220
merged_libs_egret5.js:4 ,159,1225, 5305
merged_libs_egret5.js:4 ,162,1145, 5385
merged_libs_egret5.js:4 ,165,1065, 5465
merged_libs_egret5.js:4 ,168,1040, 5550
merged_libs_egret5.js:4 ,171,1010, 5610
merged_libs_egret5.js:4 ,174,930, 5690
merged_libs_egret5.js:4 ,177,955, 5845
merged_libs_egret5.js:4 ,180,880, 5930
merged_libs_egret5.js:4 ,183,895, 6055
merged_libs_egret5.js:4 ,186,860, 6100
merged_libs_egret5.js:4 ,189,820, 6220
merged_libs_egret5.js:4 ,192,780, 6350
merged_libs_egret5.js:4 ,195,735, 6425
merged_libs_egret5.js:4 ,198,650, 6510
merged_libs_egret5.js:4 ,201,850, 6830
merged_libs_egret5.js:4 ,204,795, 6915
merged_libs_egret5.js:4 ,207,1360, 7610
merged_libs_egret5.js:4 ,210,1300, 7680
merged_libs_egret5.js:4 ,213,1450, 7860
merged_libs_egret5.js:4 ,216,1690, 8100
merged_libs_egret5.js:4 ,219,1835, 8245
merged_libs_egret5.js:4 ,222,1790, 8310
merged_libs_egret5.js:4 ,225,1720, 8390
merged_libs_egret5.js:4 ,228,1730, 8540
merged_libs_egret5.js:4 ,231,1665, 8605
merged_libs_egret5.js:4 ,234,1585, 8685
merged_libs_egret5.js:4 ,237,1510, 8760
merged_libs_egret5.js:4 ,240,1510, 8890
merged_libs_egret5.js:4 ,243,1480, 8990
merged_libs_egret5.js:4 ,246,1405, 9065
merged_libs_egret5.js:4 ,249,1500, 9290
merged_libs_egret5.js:4 ,252,1450, 9360
merged_libs_egret5.js:4 ,255,1385, 9455
merged_libs_egret5.js:4 ,258,1360, 9550
merged_libs_egret5.js:4 ,261,1320, 9630
merged_libs_egret5.js:4 ,264,1245, 9705
merged_libs_egret5.js:4 ,267,1170, 9780
merged_libs_egret5.js:4 ,270,1095, 9855
merged_libs_egret5.js:4 ,273,1050, 9940
merged_libs_egret5.js:4 ,276,965, 10025
merged_libs_egret5.js:4 ,279,895, 10095
merged_libs_egret5.js:4 ,282,820, 10170
merged_libs_egret5.js:4 ,285,740, 10250
merged_libs_egret5.js:4 ,288,675, 10315
merged_libs_egret5.js:4 ,291,620, 10390
merged_libs_egret5.js:4 ,294,610, 10530
merged_libs_egret5.js:4 ,297,570, 10630
merged_libs_egret5.js:4 ,300,500, 10700
merged_libs_egret5.js:4 ,303,450, 10790
merged_libs_egret5.js:4 ,306,385, 10865
merged_libs_egret5.js:4 ,309,305, 10945
merged_libs_egret5.js:4 ,312,1250, 12000
merged_libs_egret5.js:4 ,315,1170, 12080
merged_libs_egret5.js:4 ,318,1110, 12150
merged_libs_egret5.js:4 ,321,1345, 12505
merged_libs_egret5.js:4 ,324,1375, 12665
merged_libs_egret5.js:4 ,327,1355, 12765
merged_libs_egret5.js:4 ,330,1315, 12855
merged_libs_egret5.js:4 ,333,1245, 12925
merged_libs_egret5.js:4 ,336,1210, 13020
merged_libs_egret5.js:4 ,339,1220, 13130
merged_libs_egret5.js:4 ,342,1170, 13220
merged_libs_egret5.js:4 ,345,1145, 13345
merged_libs_egret5.js:4 ,348,1080, 13420
merged_libs_egret5.js:4 ,351,1005, 13495
merged_libs_egret5.js:4 ,354,935, 13575
merged_libs_egret5.js:4 ,357,870, 13640
merged_libs_egret5.js:4 ,360,830, 13740
merged_libs_egret5.js:4 ,363,770, 13810
merged_libs_egret5.js:4 ,366,685, 13895
merged_libs_egret5.js:4 ,369,640, 13950
merged_libs_egret5.js:4 ,372,650, 14130
merged_libs_egret5.js:4 ,375,580, 14200
merged_libs_egret5.js:4 ,378,505, 14285
merged_libs_egret5.js:4 ,381,495, 14385
merged_libs_egret5.js:4 ,384,425, 14465
merged_libs_egret5.js:4 ,387,415, 14585
merged_libs_egret5.js:4 ,390,355, 14665
merged_libs_egret5.js:4 ,393,295, 14745
merged_libs_egret5.js:4 ,396,240, 14820
merged_libs_egret5.js:4 ,399,180, 14880
merged_libs_egret5.js:4 ,402,185, 14915
merged_libs_egret5.js:4 ,405,190, 14930
merged_libs_egret5.js:4 ,408,195, 15005
merged_libs_egret5.js:4 ,411,195, 15075
merged_libs_egret5.js:4 ,414,170, 15170
merged_libs_egret5.js:4 ,417,120, 15250
merged_libs_egret5.js:4 ,420,140, 15320
merged_libs_egret5.js:4 ,423,160, 15390
merged_libs_egret5.js:4 ,426,175, 15455
merged_libs_egret5.js:4 ,429,170, 15540
merged_libs_egret5.js:4 ,432,175, 15625
merged_libs_egret5.js:4 ,435,195, 15735
merged_libs_egret5.js:4 ,438,155, 15835
merged_libs_egret5.js:4 ,441,165, 15945
merged_libs_egret5.js:4 ,444,115, 16015
merged_libs_egret5.js:4 ,447,30, 16100
merged_libs_egret5.js:4 ,450,0, 16130
merged_libs_egret5.js:4 ,453,0, 16130
merged_libs_egret5.js:4 ,456,0, 16130
