www.google-analytics.com/analytics.js:1 Failed to load resource: the server responded with a status of 500 ()
6b3fa00747f9dd324ead.js:2 [vue-analytics] An error occured! Please check your connection, if you have any Google Analytics blocker installed in your browser or check your custom resource URL if you have added any.
(anonymous) @ 6b3fa00747f9dd324ead.js:2
radar.cedexis.com/1/23917/radar.js:1 Failed to load resource: the server responded with a status of 500 ()
www.sqntbw.com/games/7/7999/50854b1/gameConfig.test.js:1 Failed to load resource: the server responded with a status of 404 ()
30ebd9b5b6eccc956511.js:1 Event
main.min.js:1 DragonBones: 5.6.201 2018/01/05
Website: http://dragonbones.com/
Source and Demos: https://github.com/DragonBones/
merged_jdbbase.js:179 [INFO] SmartFox instance ready!
merged_libs_egret5.js:4 ,3,2001.5, 2.5
merged_libs_egret5.js:4 ,6,2002, 11
merged_libs_egret5.js:4 ,9,2001, 12
merged_libs_egret5.js:4 ,12,1956, 57
merged_libs_egret5.js:4 ,15,1876, 137
merged_libs_egret5.js:4 ,18,1841, 222
merged_libs_egret5.js:4 ,21,1821, 302
merged_libs_egret5.js:4 ,24,1826, 417
merged_libs_egret5.js:4 ,27,1746, 497
merged_libs_egret5.js:4 ,30,1936, 787
merged_libs_egret5.js:4 ,33,1846, 877
merged_libs_egret5.js:4 ,36,1781, 942
merged_libs_egret5.js:4 ,39,1801, 1002
merged_libs_egret5.js:4 ,42,1956, 1157
merged_libs_egret5.js:4 ,45,2241, 1442
merged_libs_egret5.js:4 ,48,2186, 1497
merged_libs_egret5.js:4 ,51,2156, 1617
merged_libs_egret5.js:4 ,54,2081, 1692
merged_libs_egret5.js:4 ,57,2056, 1747
merged_libs_egret5.js:4 ,60,2311, 2122
merged_libs_egret5.js:4 ,63,2271, 2202
merged_libs_egret5.js:4 ,66,2271, 2342
merged_libs_egret5.js:4 ,69,2206, 2427
merged_libs_egret5.js:4 ,72,2166, 2517
merged_libs_egret5.js:4 ,75,2106, 2627
merged_libs_egret5.js:4 ,78,2031, 2702
merged_libs_egret5.js:4 ,81,1966, 2767
merged_libs_egret5.js:4 ,84,1936, 2877
merged_libs_egret5.js:4 ,87,1876, 2957
merged_libs_egret5.js:4 ,90,1816, 3037
merged_libs_egret5.js:4 ,93,1741, 3122
merged_libs_egret5.js:4 ,96,1686, 3187
merged_libs_egret5.js:4 ,99,1821, 3452
merged_libs_egret5.js:4 ,102,1851, 3552
merged_libs_egret5.js:4 ,105,1846, 3697
merged_libs_egret5.js:4 ,108,1766, 3777
merged_libs_egret5.js:4 ,111,1701, 3842
merged_libs_egret5.js:4 ,114,1716, 3957
merged_libs_egret5.js:4 ,117,2121, 4542
merged_libs_egret5.js:4 ,120,2751, 5292
merged_libs_egret5.js:4 ,123,2716, 5327
merged_libs_egret5.js:4 ,126,2716, 5327
merged_libs_egret5.js:4 ,129,2716, 5327
merged_libs_egret5.js:4 ,132,2701, 5402
merged_libs_egret5.js:4 ,135,2656, 5507
merged_libs_egret5.js:4 ,138,2611, 5582
merged_libs_egret5.js:4 ,141,2621, 5682
merged_libs_egret5.js:4 ,144,2576, 5757
merged_libs_egret5.js:4 ,147,2581, 5832
merged_libs_egret5.js:4 ,150,2581, 5912
merged_libs_egret5.js:4 ,153,2571, 6002
merged_libs_egret5.js:4 ,156,2606, 6107
merged_libs_egret5.js:4 ,159,2616, 6197
merged_libs_egret5.js:4 ,162,2596, 6287
merged_libs_egret5.js:4 ,165,2516, 6397
merged_libs_egret5.js:4 ,168,2441, 6472
merged_libs_egret5.js:4 ,171,2391, 6542
merged_libs_egret5.js:4 ,174,2711, 6902
merged_libs_egret5.js:4 ,177,2771, 7132
merged_libs_egret5.js:4 ,180,2861, 7332
merged_libs_egret5.js:4 ,183,2791, 7422
merged_libs_egret5.js:4 ,186,2731, 7512
merged_libs_egret5.js:4 ,189,2686, 7557
merged_libs_egret5.js:4 ,192,2641, 7612
merged_libs_egret5.js:4 ,195,2616, 7747
merged_libs_egret5.js:4 ,198,2681, 7962
merged_libs_egret5.js:4 ,201,3106, 8527
merged_libs_egret5.js:4 ,204,3101, 8532
merged_libs_egret5.js:4 ,207,3101, 8532
merged_libs_egret5.js:4 ,210,3051, 8582
merged_libs_egret5.js:4 ,213,3001, 8632
merged_libs_egret5.js:4 ,216,3001, 8632
