www.google-analytics.com/analytics.js:1 Failed to load resource: the server responded with a status of 500 ()
6b3fa00747f9dd324ead.js:2 [vue-analytics] An error occured! Please check your connection, if you have any Google Analytics blocker installed in your browser or check your custom resource URL if you have added any.
(anonymous) @ 6b3fa00747f9dd324ead.js:2
www.sqntbw.com/games/7/7999/09c373f/gameConfig.test.js:1 Failed to load resource: the server responded with a status of 404 ()
30ebd9b5b6eccc956511.js:1 Event
main.min.js:1 DragonBones: 5.6.201 2018/01/05
Website: http://dragonbones.com/
Source and Demos: https://github.com/DragonBones/
radar.cedexis.com/1/23917/radar.js:1 Failed to load resource: the server responded with a status of 500 (Request Blocked)
merged_jdbbase.js:179 [INFO] SmartFox instance ready!
merged_libs_egret5.js:4 ,3,2000, 0
merged_libs_egret5.js:4 ,6,2000, 0
merged_libs_egret5.js:4 ,9,2000, 0
merged_libs_egret5.js:4 ,12,2000, 0
merged_libs_egret5.js:4 ,15,1995, 5
merged_libs_egret5.js:4 ,18,2005, 65
merged_libs_egret5.js:4 ,21,2005, 95
merged_libs_egret5.js:4 ,24,1940, 190
merged_libs_egret5.js:4 ,27,1915, 285
merged_libs_egret5.js:4 ,30,1920, 330
merged_libs_egret5.js:4 ,33,1915, 335
merged_libs_egret5.js:4 ,36,1915, 335
merged_libs_egret5.js:4 ,39,1915, 335
merged_libs_egret5.js:4 ,42,1900, 390
merged_libs_egret5.js:4 ,45,1915, 415
merged_libs_egret5.js:4 ,48,1915, 415
merged_libs_egret5.js:4 ,51,1985, 555
merged_libs_egret5.js:4 ,54,1900, 640
merged_libs_egret5.js:4 ,57,1995, 825
merged_libs_egret5.js:4 ,60,1925, 895
merged_libs_egret5.js:4 ,63,1880, 980
merged_libs_egret5.js:4 ,66,1825, 1055
merged_libs_egret5.js:4 ,69,1735, 1145
merged_libs_egret5.js:4 ,72,1905, 1465
merged_libs_egret5.js:4 ,75,1835, 1535
merged_libs_egret5.js:4 ,78,1970, 1800
merged_libs_egret5.js:4 ,81,1890, 1880
merged_libs_egret5.js:4 ,84,1815, 1955
merged_libs_egret5.js:4 ,87,1790, 2060
merged_libs_egret5.js:4 ,90,1755, 2115
merged_libs_egret5.js:4 ,93,1715, 2245
merged_libs_egret5.js:4 ,96,2000, 2640
merged_libs_egret5.js:4 ,99,1945, 2725
merged_libs_egret5.js:4 ,102,1980, 2870
merged_libs_egret5.js:4 ,105,1920, 2950
merged_libs_egret5.js:4 ,108,1860, 3030
merged_libs_egret5.js:4 ,111,1875, 3125
merged_libs_egret5.js:4 ,114,1820, 3260
merged_libs_egret5.js:4 ,117,1745, 3335
merged_libs_egret5.js:4 ,120,1675, 3405
merged_libs_egret5.js:4 ,123,1650, 3430
merged_libs_egret5.js:4 ,126,1625, 3535
merged_libs_egret5.js:4 ,129,1605, 3605
merged_libs_egret5.js:4 ,132,1900, 4050
merged_libs_egret5.js:4 ,135,1845, 4125
merged_libs_egret5.js:4 ,138,1970, 4390
merged_libs_egret5.js:4 ,141,2425, 4945
merged_libs_egret5.js:4 ,144,2375, 5045
merged_libs_egret5.js:4 ,147,2300, 5120
merged_libs_egret5.js:4 ,150,2225, 5195
merged_libs_egret5.js:4 ,153,2340, 5400
merged_libs_egret5.js:4 ,156,2260, 5480
merged_libs_egret5.js:4 ,159,2215, 5575
merged_libs_egret5.js:4 ,162,2180, 5680
merged_libs_egret5.js:4 ,165,2160, 5780
merged_libs_egret5.js:4 ,168,2085, 5855
merged_libs_egret5.js:4 ,171,2010, 5930
merged_libs_egret5.js:4 ,174,1955, 6005
merged_libs_egret5.js:4 ,177,1880, 6080
merged_libs_egret5.js:4 ,180,1815, 6145
merged_libs_egret5.js:4 ,183,1830, 6320
merged_libs_egret5.js:4 ,186,1800, 6390
merged_libs_egret5.js:4 ,189,2240, 6950
merged_libs_egret5.js:4 ,192,2215, 7065
merged_libs_egret5.js:4 ,195,2155, 7155
merged_libs_egret5.js:4 ,198,2140, 7260
merged_libs_egret5.js:4 ,201,2080, 7340
merged_libs_egret5.js:4 ,204,2030, 7410
merged_libs_egret5.js:4 ,207,1970, 7490
merged_libs_egret5.js:4 ,210,1900, 7560
merged_libs_egret5.js:4 ,213,1820, 7640
merged_libs_egret5.js:4 ,216,1830, 7770
merged_libs_egret5.js:4 ,219,1805, 7855
merged_libs_egret5.js:4 ,222,1740, 7930
merged_libs_egret5.js:4 ,225,1665, 8005
merged_libs_egret5.js:4 ,228,1620, 8080
merged_libs_egret5.js:4 ,231,1675, 8245
merged_libs_egret5.js:4 ,234,1605, 8325
merged_libs_egret5.js:4 ,237,1570, 8380
merged_libs_egret5.js:4 ,240,1630, 8610
merged_libs_egret5.js:4 ,243,1570, 8700
merged_libs_egret5.js:4 ,246,1540, 8770
merged_libs_egret5.js:4 ,249,1465, 8845
merged_libs_egret5.js:4 ,252,1410, 8930
merged_libs_egret5.js:4 ,255,1450, 9080
merged_libs_egret5.js:4 ,258,1370, 9160
merged_libs_egret5.js:4 ,261,1290, 9240
merged_libs_egret5.js:4 ,264,1215, 9315
merged_libs_egret5.js:4 ,267,1145, 9385
merged_libs_egret5.js:4 ,270,1070, 9460
merged_libs_egret5.js:4 ,273,1050, 9570
merged_libs_egret5.js:4 ,276,995, 9645
merged_libs_egret5.js:4 ,279,955, 9725
merged_libs_egret5.js:4 ,282,910, 9810
merged_libs_egret5.js:4 ,285,835, 9885
merged_libs_egret5.js:4 ,288,780, 9960
merged_libs_egret5.js:4 ,291,745, 10035
merged_libs_egret5.js:4 ,294,670, 10110
merged_libs_egret5.js:4 ,297,905, 10475
merged_libs_egret5.js:4 ,300,900, 10590
merged_libs_egret5.js:4 ,303,825, 10665
merged_libs_egret5.js:4 ,306,850, 10830
merged_libs_egret5.js:4 ,309,815, 10865
merged_libs_egret5.js:4 ,312,815, 10865
merged_libs_egret5.js:4 ,315,815, 10865
merged_libs_egret5.js:4 ,318,815, 10865
merged_libs_egret5.js:4 ,321,820, 10890
merged_libs_egret5.js:4 ,324,770, 11000
merged_libs_egret5.js:4 ,327,800, 11120
merged_libs_egret5.js:4 ,330,845, 11165
merged_libs_egret5.js:4 ,333,845, 11165
merged_libs_egret5.js:4 ,336,840, 11170
merged_libs_egret5.js:4 ,339,875, 11215
merged_libs_egret5.js:4 ,342,870, 11220
merged_libs_egret5.js:4 ,345,885, 11245
merged_libs_egret5.js:4 ,348,885, 11245
merged_libs_egret5.js:4 ,351,860, 11310
merged_libs_egret5.js:4 ,354,790, 11380
merged_libs_egret5.js:4 ,357,805, 11485
merged_libs_egret5.js:4 ,360,735, 11555
merged_libs_egret5.js:4 ,363,660, 11630
merged_libs_egret5.js:4 ,366,1035, 12095
merged_libs_egret5.js:4 ,369,1175, 12395
merged_libs_egret5.js:4 ,372,1095, 12475
merged_libs_egret5.js:4 ,375,1220, 12740
merged_libs_egret5.js:4 ,378,1155, 12805
merged_libs_egret5.js:4 ,381,1070, 12890
merged_libs_egret5.js:4 ,384,1085, 13015
merged_libs_egret5.js:4 ,387,1130, 13060
merged_libs_egret5.js:4 ,390,1130, 13060
merged_libs_egret5.js:4 ,393,1130, 13060
merged_libs_egret5.js:4 ,396,1055, 13135
merged_libs_egret5.js:4 ,399,1075, 13245
merged_libs_egret5.js:4 ,402,1460, 13770
merged_libs_egret5.js:4 ,405,1405, 13825
merged_libs_egret5.js:4 ,408,1350, 13890
merged_libs_egret5.js:4 ,411,1265, 13975
merged_libs_egret5.js:4 ,414,1250, 14100
merged_libs_egret5.js:4 ,417,1540, 14470
merged_libs_egret5.js:4 ,420,1480, 14550
merged_libs_egret5.js:4 ,423,1410, 14630
merged_libs_egret5.js:4 ,426,1380, 14740
merged_libs_egret5.js:4 ,429,1310, 14810
merged_libs_egret5.js:4 ,432,1325, 14925
merged_libs_egret5.js:4 ,435,1275, 15015
merged_libs_egret5.js:4 ,438,1225, 15095
merged_libs_egret5.js:4 ,441,1900, 15870
merged_libs_egret5.js:4 ,444,1845, 15925
merged_libs_egret5.js:4 ,447,1815, 16045
merged_libs_egret5.js:4 ,450,1740, 16120
merged_libs_egret5.js:4 ,453,1700, 16180
merged_libs_egret5.js:4 ,456,1635, 16265
merged_libs_egret5.js:4 ,459,1555, 16345
merged_libs_egret5.js:4 ,462,2090, 17000
merged_libs_egret5.js:4 ,465,2045, 17045
merged_libs_egret5.js:4 ,468,2345, 17485
merged_libs_egret5.js:4 ,471,2270, 17560
merged_libs_egret5.js:4 ,474,2200, 17630
merged_libs_egret5.js:4 ,477,2145, 17685
merged_libs_egret5.js:4 ,480,2095, 17765
merged_libs_egret5.js:4 ,483,2110, 17810
merged_libs_egret5.js:4 ,486,2040, 17910
merged_libs_egret5.js:4 ,489,1970, 17980
merged_libs_egret5.js:4 ,492,1925, 18075
merged_libs_egret5.js:4 ,495,1880, 18150
merged_libs_egret5.js:4 ,498,1810, 18220
merged_libs_egret5.js:4 ,501,1730, 18300
merged_libs_egret5.js:4 ,504,1755, 18415
merged_libs_egret5.js:4 ,507,2080, 18880
merged_libs_egret5.js:4 ,510,2055, 18975
merged_libs_egret5.js:4 ,513,2000, 19040
merged_libs_egret5.js:4 ,516,1940, 19120
merged_libs_egret5.js:4 ,519,1895, 19185
merged_libs_egret5.js:4 ,522,1845, 19295
merged_libs_egret5.js:4 ,525,1785, 19375
merged_libs_egret5.js:4 ,528,1715, 19445
merged_libs_egret5.js:4 ,531,1670, 19530
merged_libs_egret5.js:4 ,534,1595, 19605
merged_libs_egret5.js:4 ,537,1540, 19680
merged_libs_egret5.js:4 ,540,1520, 19790
merged_libs_egret5.js:4 ,543,1480, 19880
merged_libs_egret5.js:4 ,546,1430, 19960
merged_libs_egret5.js:4 ,549,1355, 20035
merged_libs_egret5.js:4 ,552,1305, 20135
merged_libs_egret5.js:4 ,555,1735, 20675
merged_libs_egret5.js:4 ,558,1700, 20760
merged_libs_egret5.js:4 ,561,1635, 20825
merged_libs_egret5.js:4 ,564,1560, 20900
merged_libs_egret5.js:4 ,567,2185, 21615
merged_libs_egret5.js:4 ,570,2115, 21685
merged_libs_egret5.js:4 ,573,2040, 21760
merged_libs_egret5.js:4 ,576,1995, 21815
merged_libs_egret5.js:4 ,579,1980, 21850
merged_libs_egret5.js:4 ,582,2580, 22590
merged_libs_egret5.js:4 ,585,2505, 22665
merged_libs_egret5.js:4 ,588,2485, 22685
merged_libs_egret5.js:4 ,591,2410, 22760
merged_libs_egret5.js:4 ,594,2375, 22855
merged_libs_egret5.js:4 ,597,2890, 23450
merged_libs_egret5.js:4 ,600,2830, 23530
merged_libs_egret5.js:4 ,603,2785, 23625
merged_libs_egret5.js:4 ,606,2820, 23790
merged_libs_egret5.js:4 ,609,2785, 23825
merged_libs_egret5.js:4 ,612,2785, 23825
merged_libs_egret5.js:4 ,615,2785, 23835
merged_libs_egret5.js:4 ,618,2770, 23860
merged_libs_egret5.js:4 ,621,2750, 23880
merged_libs_egret5.js:4 ,624,2750, 23920
merged_libs_egret5.js:4 ,627,2745, 23925
merged_libs_egret5.js:4 ,630,2690, 23980
merged_libs_egret5.js:4 ,633,2690, 24020
merged_libs_egret5.js:4 ,636,2685, 24035
merged_libs_egret5.js:4 ,639,2680, 24050
merged_libs_egret5.js:4 ,642,2670, 24070
merged_libs_egret5.js:4 ,645,2675, 24105
merged_libs_egret5.js:4 ,648,2680, 24110
merged_libs_egret5.js:4 ,651,2665, 24125
merged_libs_egret5.js:4 ,654,2590, 24200
merged_libs_egret5.js:4 ,657,2560, 24230
merged_libs_egret5.js:4 ,660,2505, 24285
merged_libs_egret5.js:4 ,663,2440, 24350
merged_libs_egret5.js:4 ,666,2390, 24400
merged_libs_egret5.js:4 ,669,2400, 24500
merged_libs_egret5.js:4 ,672,2340, 24580
merged_libs_egret5.js:4 ,675,2285, 24655
merged_libs_egret5.js:4 ,678,2250, 24740
merged_libs_egret5.js:4 ,681,2175, 24815
merged_libs_egret5.js:4 ,684,2115, 24895
merged_libs_egret5.js:4 ,687,2290, 25210
merged_libs_egret5.js:4 ,690,2270, 25230
merged_libs_egret5.js:4 ,693,2205, 25295
merged_libs_egret5.js:4 ,696,2150, 25370
merged_libs_egret5.js:4 ,699,2075, 25445
merged_libs_egret5.js:4 ,702,2040, 25540
merged_libs_egret5.js:4 ,705,2485, 26115
merged_libs_egret5.js:4 ,708,2420, 26200
merged_libs_egret5.js:4 ,711,2345, 26275
merged_libs_egret5.js:4 ,714,2360, 26400
merged_libs_egret5.js:4 ,717,2285, 26475
merged_libs_egret5.js:4 ,720,2300, 26620
merged_libs_egret5.js:4 ,723,2245, 26705
merged_libs_egret5.js:4 ,726,2205, 26775
merged_libs_egret5.js:4 ,729,2155, 26865
merged_libs_egret5.js:4 ,732,2075, 26945
merged_libs_egret5.js:4 ,735,2000, 27020
merged_libs_egret5.js:4 ,738,1930, 27090
merged_libs_egret5.js:4 ,741,1850, 27170
merged_libs_egret5.js:4 ,744,1840, 27270
merged_libs_egret5.js:4 ,747,1825, 27365
merged_libs_egret5.js:4 ,750,2200, 27870
merged_libs_egret5.js:4 ,753,2125, 27945
merged_libs_egret5.js:4 ,756,2725, 28685
merged_libs_egret5.js:4 ,759,2655, 28755
merged_libs_egret5.js:4 ,762,3580, 29810
merged_libs_egret5.js:4 ,765,3590, 29850
merged_libs_egret5.js:4 ,768,3590, 29850
