merged_libs_egret5.js:4 ,216,2295, 8685
merged_libs_egret5.js:4 ,219,2490, 9000
merged_libs_egret5.js:4 ,222,2600, 9230
merged_libs_egret5.js:4 ,225,2760, 9500
merged_libs_egret5.js:4 ,228,2720, 9630
merged_libs_egret5.js:4 ,231,2665, 9685
merged_libs_egret5.js:4 ,234,2640, 9710
merged_libs_egret5.js:4 ,237,2640, 9710
merged_libs_egret5.js:4 ,240,2635, 9725
merged_libs_egret5.js:4 ,243,2640, 9830
merged_libs_egret5.js:4 ,246,2615, 9915
merged_libs_egret5.js:4 ,249,2625, 10025
merged_libs_egret5.js:4 ,252,2590, 10110
merged_libs_egret5.js:4 ,255,2570, 10170
merged_libs_egret5.js:4 ,258,2535, 10245
merged_libs_egret5.js:4 ,261,2535, 10325
merged_libs_egret5.js:4 ,264,2520, 10410
merged_libs_egret5.js:4 ,267,2460, 10500
merged_libs_egret5.js:4 ,270,2470, 10560
merged_libs_egret5.js:4 ,273,2445, 10695
merged_libs_egret5.js:4 ,276,2655, 11005
merged_libs_egret5.js:4 ,279,2605, 11095
merged_libs_egret5.js:4 ,282,2530, 11170
merged_libs_egret5.js:4 ,285,2575, 11315
merged_libs_egret5.js:4 ,288,2495, 11395
merged_libs_egret5.js:4 ,291,2505, 11575
merged_libs_egret5.js:4 ,294,2465, 11635
merged_libs_egret5.js:4 ,297,2760, 12050
merged_libs_egret5.js:4 ,300,3130, 12520
merged_libs_egret5.js:4 ,303,3135, 12645
merged_libs_egret5.js:4 ,306,3060, 12720
merged_libs_egret5.js:4 ,309,3055, 12835
merged_libs_egret5.js:4 ,312,2970, 12920
merged_libs_egret5.js:4 ,315,3405, 13485
merged_libs_egret5.js:4 ,318,3330, 13560
merged_libs_egret5.js:4 ,321,3290, 13620
merged_libs_egret5.js:4 ,324,3205, 13705
merged_libs_egret5.js:4 ,327,3165, 13805
merged_libs_egret5.js:4 ,330,3135, 13885
merged_libs_egret5.js:4 ,333,3065, 13975
merged_libs_egret5.js:4 ,336,2995, 14045
merged_libs_egret5.js:4 ,339,3020, 14210
merged_libs_egret5.js:4 ,342,2985, 14295
merged_libs_egret5.js:4 ,345,2890, 14390
merged_libs_egret5.js:4 ,348,2840, 14460
merged_libs_egret5.js:4 ,351,2770, 14540
merged_libs_egret5.js:4 ,354,2715, 14625
merged_libs_egret5.js:4 ,357,2700, 14750
merged_libs_egret5.js:4 ,360,2660, 14820
merged_libs_egret5.js:4 ,363,2570, 14910
merged_libs_egret5.js:4 ,366,2900, 15370
merged_libs_egret5.js:4 ,369,3280, 15840
merged_libs_egret5.js:4 ,372,3205, 15915
merged_libs_egret5.js:4 ,375,3155, 16015
merged_libs_egret5.js:4 ,378,3120, 16100
merged_libs_egret5.js:4 ,381,3160, 16260
merged_libs_egret5.js:4 ,384,3170, 16440
merged_libs_egret5.js:4 ,387,3155, 16555
merged_libs_egret5.js:4 ,390,3095, 16635
merged_libs_egret5.js:4 ,393,3045, 16725
merged_libs_egret5.js:4 ,396,2995, 16815
merged_libs_egret5.js:4 ,399,2980, 16890
merged_libs_egret5.js:4 ,402,2945, 17015
merged_libs_egret5.js:4 ,405,2875, 17085
merged_libs_egret5.js:4 ,408,2810, 17170
merged_libs_egret5.js:4 ,411,2735, 17245
merged_libs_egret5.js:4 ,414,2660, 17320
merged_libs_egret5.js:4 ,417,2595, 17385
merged_libs_egret5.js:4 ,420,2580, 17510
merged_libs_egret5.js:4 ,423,2495, 17595
merged_libs_egret5.js:4 ,426,2435, 17655
merged_libs_egret5.js:4 ,429,2425, 17735
merged_libs_egret5.js:4 ,432,2350, 17840
merged_libs_egret5.js:4 ,435,2300, 17930
merged_libs_egret5.js:4 ,438,2700, 18410
merged_libs_egret5.js:4 ,441,2650, 18490
merged_libs_egret5.js:4 ,444,2640, 18600
merged_libs_egret5.js:4 ,447,2565, 18695
merged_libs_egret5.js:4 ,450,2910, 19140
merged_libs_egret5.js:4 ,453,2860, 19220
merged_libs_egret5.js:4 ,456,2780, 19300
merged_libs_egret5.js:4 ,459,2720, 19380
merged_libs_egret5.js:4 ,462,2675, 19495
merged_libs_egret5.js:4 ,465,2610, 19560
merged_libs_egret5.js:4 ,468,2530, 19640
merged_libs_egret5.js:4 ,471,2655, 19905
merged_libs_egret5.js:4 ,474,2575, 19985
merged_libs_egret5.js:4 ,477,2545, 20075
merged_libs_egret5.js:4 ,480,2525, 20155
merged_libs_egret5.js:4 ,483,2490, 20250
merged_libs_egret5.js:4 ,486,2410, 20350
merged_libs_egret5.js:4 ,489,2340, 20420
merged_libs_egret5.js:4 ,492,2270, 20490
merged_libs_egret5.js:4 ,495,2195, 20565
merged_libs_egret5.js:4 ,498,2430, 20930
merged_libs_egret5.js:4 ,501,2800, 21390
merged_libs_egret5.js:4 ,504,2775, 21495
merged_libs_egret5.js:4 ,507,2755, 21595
merged_libs_egret5.js:4 ,510,2695, 21675
merged_libs_egret5.js:4 ,513,2620, 21760
merged_libs_egret5.js:4 ,516,2545, 21845
merged_libs_egret5.js:4 ,519,2490, 21910
merged_libs_egret5.js:4 ,522,2415, 21985
merged_libs_egret5.js:4 ,525,2420, 22080
merged_libs_egret5.js:4 ,528,2345, 22155
merged_libs_egret5.js:4 ,531,2290, 22210
merged_libs_egret5.js:4 ,534,2285, 22215
merged_libs_egret5.js:4 ,537,2265, 22245
merged_libs_egret5.js:4 ,540,2280, 22320
merged_libs_egret5.js:4 ,543,2290, 22390
merged_libs_egret5.js:4 ,546,2255, 22495
merged_libs_egret5.js:4 ,549,2190, 22570
merged_libs_egret5.js:4 ,552,2165, 22645
merged_libs_egret5.js:4 ,555,2130, 22720
merged_libs_egret5.js:4 ,558,2110, 22780
merged_libs_egret5.js:4 ,561,2110, 22880
merged_libs_egret5.js:4 ,564,2080, 22970
merged_libs_egret5.js:4 ,567,2040, 23050
merged_libs_egret5.js:4 ,570,2035, 23155
merged_libs_egret5.js:4 ,573,1990, 23240
merged_libs_egret5.js:4 ,576,2190, 23550
merged_libs_egret5.js:4 ,579,2105, 23635
merged_libs_egret5.js:4 ,582,2025, 23715
merged_libs_egret5.js:4 ,585,2425, 24195
merged_libs_egret5.js:4 ,588,2685, 24615
merged_libs_egret5.js:4 ,591,2790, 24820
merged_libs_egret5.js:4 ,594,2690, 24920
merged_libs_egret5.js:4 ,597,2650, 24980
merged_libs_egret5.js:4 ,600,2615, 25085
merged_libs_egret5.js:4 ,603,2530, 25170
merged_libs_egret5.js:4 ,606,2495, 25245
merged_libs_egret5.js:4 ,609,2405, 25335
merged_libs_egret5.js:4 ,612,2325, 25415
merged_libs_egret5.js:4 ,615,2265, 25475
merged_libs_egret5.js:4 ,618,2235, 25585
merged_libs_egret5.js:4 ,621,2180, 25690
merged_libs_egret5.js:4 ,624,2170, 25790
merged_libs_egret5.js:4 ,627,2095, 25875
merged_libs_egret5.js:4 ,630,2025, 25945
merged_libs_egret5.js:4 ,633,1950, 26020
merged_libs_egret5.js:4 ,636,2400, 26570
merged_libs_egret5.js:4 ,639,2350, 26650
merged_libs_egret5.js:4 ,642,2310, 26740
merged_libs_egret5.js:4 ,645,2230, 26820
merged_libs_egret5.js:4 ,648,2155, 26895
merged_libs_egret5.js:4 ,651,2085, 26965
merged_libs_egret5.js:4 ,654,2035, 27075
merged_libs_egret5.js:4 ,657,1975, 27135
merged_libs_egret5.js:4 ,660,1975, 27255
merged_libs_egret5.js:4 ,663,1895, 27335
merged_libs_egret5.js:4 ,666,1895, 27455
merged_libs_egret5.js:4 ,669,1855, 27545
merged_libs_egret5.js:4 ,672,1800, 27620
merged_libs_egret5.js:4 ,675,1720, 27700
merged_libs_egret5.js:4 ,678,1800, 27910
merged_libs_egret5.js:4 ,681,1740, 27970
merged_libs_egret5.js:4 ,684,1670, 28080
merged_libs_egret5.js:4 ,687,1615, 28165
merged_libs_egret5.js:4 ,690,1550, 28230
merged_libs_egret5.js:4 ,693,1550, 28360
merged_libs_egret5.js:4 ,696,1485, 28435
merged_libs_egret5.js:4 ,699,1440, 28510
merged_libs_egret5.js:4 ,702,1370, 28580
merged_libs_egret5.js:4 ,705,1315, 28695
merged_libs_egret5.js:4 ,708,1260, 28780
merged_libs_egret5.js:4 ,711,1210, 28850
merged_libs_egret5.js:4 ,714,1140, 28920
merged_libs_egret5.js:4 ,717,1155, 29065
merged_libs_egret5.js:4 ,720,1070, 29150
merged_libs_egret5.js:4 ,723,995, 29225
merged_libs_egret5.js:4 ,726,970, 29320
merged_libs_egret5.js:4 ,729,915, 29395
merged_libs_egret5.js:4 ,732,850, 29480
merged_libs_egret5.js:4 ,735,780, 29550
merged_libs_egret5.js:4 ,738,1220, 30110
merged_libs_egret5.js:4 ,741,1165, 30205
merged_libs_egret5.js:4 ,744,1085, 30285
merged_libs_egret5.js:4 ,747,1015, 30355
merged_libs_egret5.js:4 ,750,940, 30430
merged_libs_egret5.js:4 ,753,860, 30510
merged_libs_egret5.js:4 ,756,825, 30605
merged_libs_egret5.js:4 ,759,755, 30675
merged_libs_egret5.js:4 ,762,715, 30765
merged_libs_egret5.js:4 ,765,1045, 31225
merged_libs_egret5.js:4 ,768,1150, 31450
merged_libs_egret5.js:4 ,771,1095, 31545
merged_libs_egret5.js:4 ,774,1085, 31635
merged_libs_egret5.js:4 ,777,1105, 31805
merged_libs_egret5.js:4 ,780,1050, 31900
merged_libs_egret5.js:4 ,783,975, 31975
merged_libs_egret5.js:4 ,786,945, 32085
merged_libs_egret5.js:4 ,789,2115, 33345
merged_libs_egret5.js:4 ,792,2075, 33435
merged_libs_egret5.js:4 ,795,2225, 33585
merged_libs_egret5.js:4 ,798,2335, 33695
merged_libs_egret5.js:4 ,801,2725, 34085
merged_libs_egret5.js:4 ,804,2655, 34165
merged_libs_egret5.js:4 ,807,2630, 34260
merged_libs_egret5.js:4 ,810,10665, 42425
merged_libs_egret5.js:4 ,813,10675, 42545
merged_libs_egret5.js:4 ,1401,10100, 64350
merged_libs_egret5.js:4 ,1404,10030, 64440
merged_libs_egret5.js:4 ,1407,10005, 64535
merged_libs_egret5.js:4 ,1410,9960, 64600
merged_libs_egret5.js:4 ,1413,9965, 64755
merged_libs_egret5.js:4 ,1416,9975, 64835
merged_libs_egret5.js:4 ,1419,9885, 64925
merged_libs_egret5.js:4 ,1422,9825, 65035
merged_libs_egret5.js:4 ,1425,9750, 65110
merged_libs_egret5.js:4 ,1428,9710, 65200
merged_libs_egret5.js:4 ,1431,9710, 65200
merged_libs_egret5.js:4 ,1434,9710, 65200
merged_libs_egret5.js:4 ,1437,9700, 65220
merged_libs_egret5.js:4 ,1440,9730, 65340
merged_libs_egret5.js:4 ,1443,9690, 65420
merged_libs_egret5.js:4 ,1446,9700, 65520
merged_libs_egret5.js:4 ,1449,9675, 65595
merged_libs_egret5.js:4 ,1452,9625, 65665
merged_libs_egret5.js:4 ,1455,9630, 65730
merged_libs_egret5.js:4 ,1458,9630, 65820
merged_libs_egret5.js:4 ,1461,9615, 65915
merged_libs_egret5.js:4 ,1464,9615, 66005
merged_libs_egret5.js:4 ,1467,9630, 66090
merged_libs_egret5.js:4 ,1470,9640, 66210
merged_libs_egret5.js:4 ,1473,9560, 66290
merged_libs_egret5.js:4 ,1476,9500, 66360
merged_libs_egret5.js:4 ,1479,9425, 66435
merged_libs_egret5.js:4 ,1482,9365, 66495
merged_libs_egret5.js:4 ,1485,9425, 66725
merged_libs_egret5.js:4 ,1488,9355, 66795
merged_libs_egret5.js:4 ,1491,9400, 66990
merged_libs_egret5.js:4 ,1494,9335, 67055
merged_libs_egret5.js:4 ,1497,9315, 67085
merged_libs_egret5.js:4 ,1500,9415, 67275
merged_libs_egret5.js:4 ,1503,9340, 67350
merged_libs_egret5.js:4 ,1506,9340, 67500
merged_libs_egret5.js:4 ,1509,9250, 67590
merged_libs_egret5.js:4 ,1512,9175, 67665
merged_libs_egret5.js:4 ,1515,9405, 68025
merged_libs_egret5.js:4 ,1518,9420, 68150
merged_libs_egret5.js:4 ,1521,9365, 68225
merged_libs_egret5.js:4 ,1524,9315, 68335
merged_libs_egret5.js:4 ,1527,9305, 68425
merged_libs_egret5.js:4 ,1530,9225, 68505
merged_libs_egret5.js:4 ,1533,9195, 68615
merged_libs_egret5.js:4 ,1536,9195, 68755
merged_libs_egret5.js:4 ,1539,9125, 68825
merged_libs_egret5.js:4 ,1542,9170, 68990
merged_libs_egret5.js:4 ,1545,9130, 69070
merged_libs_egret5.js:4 ,1548,9075, 69145
merged_libs_egret5.js:4 ,1551,9040, 69230
merged_libs_egret5.js:4 ,1554,9000, 69300
merged_libs_egret5.js:4 ,1557,8955, 69385
merged_libs_egret5.js:4 ,1560,8910, 69460
merged_libs_egret5.js:4 ,1563,8845, 69545
merged_libs_egret5.js:4 ,1566,8760, 69630
merged_libs_egret5.js:4 ,1569,8720, 69720
merged_libs_egret5.js:4 ,1572,8635, 69805
merged_libs_egret5.js:4 ,1575,8615, 69905
merged_libs_egret5.js:4 ,1578,8555, 69985
merged_libs_egret5.js:4 ,1581,8510, 70080
merged_libs_egret5.js:4 ,1584,8445, 70165
merged_libs_egret5.js:4 ,1587,8395, 70245
merged_libs_egret5.js:4 ,1590,8460, 70470
merged_libs_egret5.js:4 ,1593,8420, 70560
merged_libs_egret5.js:4 ,1596,8380, 70630
merged_libs_egret5.js:4 ,1599,8315, 70695
merged_libs_egret5.js:4 ,1602,8325, 70835
merged_libs_egret5.js:4 ,1605,8260, 70900
merged_libs_egret5.js:4 ,1608,8175, 70985
merged_libs_egret5.js:4 ,1611,8100, 71060
merged_libs_egret5.js:4 ,1614,8040, 71120
merged_libs_egret5.js:4 ,1617,8265, 71495
merged_libs_egret5.js:4 ,1620,8210, 71570
merged_libs_egret5.js:4 ,1623,8145, 71635
merged_libs_egret5.js:4 ,1626,8065, 71715
merged_libs_egret5.js:4 ,1629,8045, 71825
merged_libs_egret5.js:4 ,1632,8075, 71995
merged_libs_egret5.js:4 ,1635,8050, 72080
merged_libs_egret5.js:4 ,1638,7960, 72170
merged_libs_egret5.js:4 ,1641,7995, 72325
merged_libs_egret5.js:4 ,1644,7925, 72395
merged_libs_egret5.js:4 ,1647,7855, 72475
merged_libs_egret5.js:4 ,1650,7845, 72595
merged_libs_egret5.js:4 ,1653,7820, 72670
merged_libs_egret5.js:4 ,1656,7770, 72750
merged_libs_egret5.js:4 ,1659,7735, 72865
merged_libs_egret5.js:4 ,1662,7690, 72940
merged_libs_egret5.js:4 ,1665,7630, 73030
merged_libs_egret5.js:4 ,1668,7570, 73140
merged_libs_egret5.js:4 ,1671,7565, 73235
merged_libs_egret5.js:4 ,1674,7570, 73340
merged_libs_egret5.js:4 ,1677,7515, 73415
merged_libs_egret5.js:4 ,1680,7495, 73525
merged_libs_egret5.js:4 ,1683,7430, 73600
merged_libs_egret5.js:4 ,1686,7435, 73705
merged_libs_egret5.js:4 ,1689,7395, 73815
merged_libs_egret5.js:4 ,1692,7915, 74435
merged_libs_egret5.js:4 ,1695,7845, 74515
merged_libs_egret5.js:4 ,1698,7775, 74585
merged_libs_egret5.js:4 ,1701,7715, 74665
merged_libs_egret5.js:4 ,1704,7750, 74800
merged_libs_egret5.js:4 ,1707,7710, 74910
merged_libs_egret5.js:4 ,1710,7745, 75065
merged_libs_egret5.js:4 ,1713,7665, 75145
merged_libs_egret5.js:4 ,1716,7900, 75460
merged_libs_egret5.js:4 ,1719,7845, 75565
merged_libs_egret5.js:4 ,1722,7810, 75660
merged_libs_egret5.js:4 ,1725,7740, 75730
merged_libs_egret5.js:4 ,1728,7740, 75820
merged_libs_egret5.js:4 ,1731,7740, 75820
merged_libs_egret5.js:4 ,1734,7755, 75875
merged_libs_egret5.js:4 ,1737,7770, 75950
merged_libs_egret5.js:4 ,1740,7790, 76030
merged_libs_egret5.js:4 ,1743,7755, 76105
merged_libs_egret5.js:4 ,1746,7700, 76190
merged_libs_egret5.js:4 ,1749,7710, 76250
merged_libs_egret5.js:4 ,1752,7725, 76325
merged_libs_egret5.js:4 ,1755,7730, 76390
merged_libs_egret5.js:4 ,1758,7690, 76490
merged_libs_egret5.js:4 ,1761,7680, 76580
merged_libs_egret5.js:4 ,1764,7625, 76675
merged_libs_egret5.js:4 ,1767,7615, 76765
merged_libs_egret5.js:4 ,1770,7580, 76840
merged_libs_egret5.js:4 ,1773,7520, 76920
merged_libs_egret5.js:4 ,1776,7440, 77000
merged_libs_egret5.js:4 ,1779,7475, 77155
merged_libs_egret5.js:4 ,1782,7390, 77240
merged_libs_egret5.js:4 ,1785,7325, 77305
merged_libs_egret5.js:4 ,1788,7265, 77365
merged_libs_egret5.js:4 ,1791,7185, 77465
merged_libs_egret5.js:4 ,1794,7150, 77540
merged_libs_egret5.js:4 ,1797,7090, 77600
merged_libs_egret5.js:4 ,1800,7220, 77880
merged_libs_egret5.js:4 ,1803,7140, 77960
merged_libs_egret5.js:4 ,1806,7070, 78050
merged_libs_egret5.js:4 ,1809,7255, 78355
merged_libs_egret5.js:4 ,1812,7180, 78430
merged_libs_egret5.js:4 ,1815,7120, 78510
merged_libs_egret5.js:4 ,1818,7070, 78580
merged_libs_egret5.js:4 ,1821,7025, 78645
merged_libs_egret5.js:4 ,1824,6960, 78730
merged_libs_egret5.js:4 ,1827,6905, 78805
merged_libs_egret5.js:4 ,1830,6895, 78915
merged_libs_egret5.js:4 ,1833,6830, 79000
merged_libs_egret5.js:4 ,1836,6760, 79070
merged_libs_egret5.js:4 ,1839,6790, 79210
merged_libs_egret5.js:4 ,1842,6790, 79210
merged_libs_egret5.js:4 ,1845,6790, 79210
merged_libs_egret5.js:4 ,1848,6790, 79210
merged_libs_egret5.js:4 ,1851,6990, 79410
merged_libs_egret5.js:4 ,1854,6990, 79410
merged_libs_egret5.js:4 ,1857,7150, 79570
merged_libs_egret5.js:4 ,1860,7225, 79645
merged_libs_egret5.js:4 ,1863,7225, 79645
merged_libs_egret5.js:4 ,1866,7235, 79685
merged_libs_egret5.js:4 ,1869,7160, 79760
merged_libs_egret5.js:4 ,1872,7140, 79870
merged_libs_egret5.js:4 ,1875,7300, 80160
merged_libs_egret5.js:4 ,1878,7235, 80225
merged_libs_egret5.js:4 ,1881,7185, 80295
merged_libs_egret5.js:4 ,1884,7540, 80770
merged_libs_egret5.js:4 ,1887,7470, 80840
merged_libs_egret5.js:4 ,1890,7425, 80915
merged_libs_egret5.js:4 ,1893,7365, 80995
merged_libs_egret5.js:4 ,1896,7310, 81060
merged_libs_egret5.js:4 ,1899,7735, 81635
merged_libs_egret5.js:4 ,1902,7680, 81720
merged_libs_egret5.js:4 ,1905,7645, 81805
merged_libs_egret5.js:4 ,1908,7690, 81980
merged_libs_egret5.js:4 ,1911,7610, 82060
merged_libs_egret5.js:4 ,1914,7540, 82130
merged_libs_egret5.js:4 ,1917,7465, 82205
merged_libs_egret5.js:4 ,1920,7430, 82300
merged_libs_egret5.js:4 ,1923,7395, 82365
merged_libs_egret5.js:4 ,1926,7345, 82445
merged_libs_egret5.js:4 ,1929,7270, 82530
merged_libs_egret5.js:4 ,1932,7185, 82615
merged_libs_egret5.js:4 ,1935,7165, 82695
merged_libs_egret5.js:4 ,1938,7090, 82770
merged_libs_egret5.js:4 ,1941,7010, 82850
merged_libs_egret5.js:4 ,1944,7025, 82995
merged_libs_egret5.js:4 ,1947,7455, 83555
merged_libs_egret5.js:4 ,1950,7385, 83625
merged_libs_egret5.js:4 ,1953,7420, 83780
merged_libs_egret5.js:4 ,1956,7345, 83855
merged_libs_egret5.js:4 ,1959,7280, 83940
merged_libs_egret5.js:4 ,1962,7210, 84010
merged_libs_egret5.js:4 ,1965,7215, 84175
merged_libs_egret5.js:4 ,1968,7150, 84240
merged_libs_egret5.js:4 ,1971,7095, 84325
merged_libs_egret5.js:4 ,1974,7085, 84425
merged_libs_egret5.js:4 ,1977,7030, 84500
merged_libs_egret5.js:4 ,1980,6970, 84600
merged_libs_egret5.js:4 ,2568,2485, 104395
merged_libs_egret5.js:4 ,2571,2490, 104430
merged_libs_egret5.js:4 ,2574,2720, 104660
merged_libs_egret5.js:4 ,2577,3060, 105000
merged_libs_egret5.js:4 ,2580,3055, 105085
merged_libs_egret5.js:4 ,2583,2960, 105180
merged_libs_egret5.js:4 ,2586,2905, 105265
merged_libs_egret5.js:4 ,2589,2850, 105350
merged_libs_egret5.js:4 ,2592,2865, 105375
merged_libs_egret5.js:4 ,2595,2985, 105495
merged_libs_egret5.js:4 ,2598,3260, 105770
merged_libs_egret5.js:4 ,2601,3260, 105850
merged_libs_egret5.js:4 ,2604,3190, 105930
merged_libs_egret5.js:4 ,2607,3115, 106005
merged_libs_egret5.js:4 ,2610,3050, 106070
merged_libs_egret5.js:4 ,2613,2980, 106160
merged_libs_egret5.js:4 ,2616,2925, 106245
merged_libs_egret5.js:4 ,2619,2850, 106320
merged_libs_egret5.js:4 ,2622,2775, 106395
merged_libs_egret5.js:4 ,2625,2740, 106430
merged_libs_egret5.js:4 ,2628,2740, 106430
merged_libs_egret5.js:4 ,2631,2740, 106430
merged_libs_egret5.js:4 ,2634,2725, 106495
merged_libs_egret5.js:4 ,2637,2695, 106595
merged_libs_egret5.js:4 ,2640,2670, 106710
merged_libs_egret5.js:4 ,2643,2630, 106780
merged_libs_egret5.js:4 ,2646,2575, 106855
merged_libs_egret5.js:4 ,2649,2520, 106920
merged_libs_egret5.js:4 ,2652,2560, 106990
merged_libs_egret5.js:4 ,2655,2560, 107090
merged_libs_egret5.js:4 ,2658,2520, 107180
merged_libs_egret5.js:4 ,2661,2485, 107255
merged_libs_egret5.js:4 ,2664,2490, 107340
merged_libs_egret5.js:4 ,2667,2485, 107455
merged_libs_egret5.js:4 ,2670,2415, 107525
merged_libs_egret5.js:4 ,2673,2585, 107845
merged_libs_egret5.js:4 ,2676,2535, 107895
merged_libs_egret5.js:4 ,2679,2690, 108230
merged_libs_egret5.js:4 ,2682,2620, 108300
merged_libs_egret5.js:4 ,2685,2670, 108460
merged_libs_egret5.js:4 ,2688,2580, 108550
merged_libs_egret5.js:4 ,2691,2535, 108615
merged_libs_egret5.js:4 ,2694,2530, 108730
merged_libs_egret5.js:4 ,2697,2825, 109145
merged_libs_egret5.js:4 ,2700,2825, 109255
merged_libs_egret5.js:4 ,2703,2760, 109360
merged_libs_egret5.js:4 ,2706,2715, 109425
merged_libs_egret5.js:4 ,2709,2710, 109500
merged_libs_egret5.js:4 ,2712,2635, 109575
merged_libs_egret5.js:4 ,2715,2605, 109715
merged_libs_egret5.js:4 ,2718,2845, 110095
merged_libs_egret5.js:4 ,2721,2770, 110170
merged_libs_egret5.js:4 ,2724,2720, 110250
merged_libs_egret5.js:4 ,2727,2660, 110350
merged_libs_egret5.js:4 ,2730,2590, 110420
merged_libs_egret5.js:4 ,2733,2515, 110505
merged_libs_egret5.js:4 ,2736,2435, 110585
merged_libs_egret5.js:4 ,2739,2385, 110655
merged_libs_egret5.js:4 ,2742,2335, 110745
merged_libs_egret5.js:4 ,2745,2265, 110815
merged_libs_egret5.js:4 ,2748,2190, 110890
merged_libs_egret5.js:4 ,2751,2165, 111005
merged_libs_egret5.js:4 ,2754,2615, 111595
merged_libs_egret5.js:4 ,2757,2650, 111750
merged_libs_egret5.js:4 ,2760,2565, 111835
merged_libs_egret5.js:4 ,2763,2500, 111910
merged_libs_egret5.js:4 ,2766,2435, 111985
merged_libs_egret5.js:4 ,2769,2390, 112080
merged_libs_egret5.js:4 ,2772,2365, 112145
merged_libs_egret5.js:4 ,2775,2375, 112255
merged_libs_egret5.js:4 ,2778,2290, 112340
merged_libs_egret5.js:4 ,2781,2220, 112420
merged_libs_egret5.js:4 ,2784,2175, 112505
merged_libs_egret5.js:4 ,2787,2110, 112580
merged_libs_egret5.js:4 ,2790,2060, 112670
merged_libs_egret5.js:4 ,2793,2420, 113170
merged_libs_egret5.js:4 ,2796,2370, 113240
merged_libs_egret5.js:4 ,2799,2355, 113345
merged_libs_egret5.js:4 ,2802,2310, 113400
merged_libs_egret5.js:4 ,2805,2355, 113535
merged_libs_egret5.js:4 ,2808,2700, 114010
merged_libs_egret5.js:4 ,2811,2675, 114125
merged_libs_egret5.js:4 ,2814,2795, 114395
merged_libs_egret5.js:4 ,2817,2785, 114485
merged_libs_egret5.js:4 ,2820,2720, 114550
merged_libs_egret5.js:4 ,2823,2695, 114645
merged_libs_egret5.js:4 ,2826,2650, 114740
merged_libs_egret5.js:4 ,2829,2725, 114945
merged_libs_egret5.js:4 ,2832,2790, 115070
merged_libs_egret5.js:4 ,2835,2960, 115310
merged_libs_egret5.js:4 ,2838,2900, 115370
merged_libs_egret5.js:4 ,2841,2830, 115460
merged_libs_egret5.js:4 ,2844,2780, 115550
merged_libs_egret5.js:4 ,2847,2695, 115635
merged_libs_egret5.js:4 ,2850,2645, 115725
merged_libs_egret5.js:4 ,2853,2565, 115805
merged_libs_egret5.js:4 ,2856,2490, 115880
merged_libs_egret5.js:4 ,2859,2420, 115950
merged_libs_egret5.js:4 ,2862,2370, 116030
merged_libs_egret5.js:4 ,2865,2315, 116095
merged_libs_egret5.js:4 ,2868,2285, 116195
merged_libs_egret5.js:4 ,2871,2225, 116265
merged_libs_egret5.js:4 ,2874,2145, 116345
merged_libs_egret5.js:4 ,2877,2080, 116410
merged_libs_egret5.js:4 ,2880,2015, 116485
merged_libs_egret5.js:4 ,2883,1955, 116555
merged_libs_egret5.js:4 ,2886,1870, 116640
merged_libs_egret5.js:4 ,2889,1940, 116830
merged_libs_egret5.js:4 ,2892,1885, 116905
merged_libs_egret5.js:4 ,2895,1860, 117000
merged_libs_egret5.js:4 ,2898,1805, 117085
merged_libs_egret5.js:4 ,2901,1765, 117155
merged_libs_egret5.js:4 ,2904,1735, 117255
merged_libs_egret5.js:4 ,2907,1675, 117335
merged_libs_egret5.js:4 ,2910,1675, 117455
merged_libs_egret5.js:4 ,2913,1600, 117530
merged_libs_egret5.js:4 ,2916,1555, 117645
merged_libs_egret5.js:4 ,2919,1485, 117715
merged_libs_egret5.js:4 ,2922,1490, 117850
merged_libs_egret5.js:4 ,2925,1480, 117860
merged_libs_egret5.js:4 ,2928,1475, 117895
merged_libs_egret5.js:4 ,2931,1475, 117975
merged_libs_egret5.js:4 ,2934,1475, 118035
merged_libs_egret5.js:4 ,2937,1425, 118125
merged_libs_egret5.js:4 ,2940,1380, 118210
merged_libs_egret5.js:4 ,2943,1360, 118270
merged_libs_egret5.js:4 ,2946,1360, 118270
merged_libs_egret5.js:4 ,2949,1360, 118270
merged_libs_egret5.js:4 ,2952,1355, 118275
merged_libs_egret5.js:4 ,2955,1350, 118370
merged_libs_egret5.js:4 ,2958,1325, 118455
merged_libs_egret5.js:4 ,2961,1325, 118555
merged_libs_egret5.js:4 ,2964,1280, 118640
merged_libs_egret5.js:4 ,2967,1230, 118710
merged_libs_egret5.js:4 ,2970,1350, 118980
merged_libs_egret5.js:4 ,2973,1270, 119060
merged_libs_egret5.js:4 ,2976,1205, 119125
merged_libs_egret5.js:4 ,2979,1280, 119340
merged_libs_egret5.js:4 ,2982,1375, 119535
merged_libs_egret5.js:4 ,2985,1325, 119645
merged_libs_egret5.js:4 ,2988,1260, 119720
merged_libs_egret5.js:4 ,2991,1255, 119825
merged_libs_egret5.js:4 ,2994,1320, 120010
merged_libs_egret5.js:4 ,2997,1275, 120065
merged_libs_egret5.js:4 ,3000,1185, 120165
merged_libs_egret5.js:4 ,3003,1100, 120250
merged_libs_egret5.js:4 ,3006,1035, 120315
merged_libs_egret5.js:4 ,3009,960, 120390
merged_libs_egret5.js:4 ,3012,880, 120470
merged_libs_egret5.js:4 ,3015,840, 120560
merged_libs_egret5.js:4 ,3018,770, 120630
merged_libs_egret5.js:4 ,3021,1065, 121055
merged_libs_egret5.js:4 ,3024,1160, 121240
merged_libs_egret5.js:4 ,3027,1210, 121430
merged_libs_egret5.js:4 ,3030,1200, 121520
merged_libs_egret5.js:4 ,3033,1170, 121610
merged_libs_egret5.js:4 ,3036,1135, 121685
merged_libs_egret5.js:4 ,3039,1060, 121760
merged_libs_egret5.js:4 ,3042,1015, 121845
merged_libs_egret5.js:4 ,3045,970, 121910
merged_libs_egret5.js:4 ,3048,945, 122015
merged_libs_egret5.js:4 ,3051,850, 122110
merged_libs_egret5.js:4 ,3054,795, 122175
merged_libs_egret5.js:4 ,3057,735, 122255
merged_libs_egret5.js:4 ,3060,860, 122520
merged_libs_egret5.js:4 ,3063,775, 122605
merged_libs_egret5.js:4 ,3066,765, 122725
merged_libs_egret5.js:4 ,3069,735, 122835
merged_libs_egret5.js:4 ,3072,945, 123155
merged_libs_egret5.js:4 ,3075,865, 123235
merged_libs_egret5.js:4 ,3078,855, 123335
merged_libs_egret5.js:4 ,3081,1125, 123735
merged_libs_egret5.js:4 ,3084,1100, 123830
merged_libs_egret5.js:4 ,3087,1025, 123905
merged_libs_egret5.js:4 ,3090,975, 123995
merged_libs_egret5.js:4 ,3093,910, 124060
merged_libs_egret5.js:4 ,3096,835, 124135
merged_libs_egret5.js:4 ,3099,765, 124205
merged_libs_egret5.js:4 ,3102,690, 124280
merged_libs_egret5.js:4 ,3105,615, 124355
merged_libs_egret5.js:4 ,3108,540, 124430
merged_libs_egret5.js:4 ,3111,460, 124510
merged_libs_egret5.js:4 ,3114,385, 124585
merged_libs_egret5.js:4 ,3117,320, 124650
merged_libs_egret5.js:4 ,3120,280, 124740
merged_libs_egret5.js:4 ,3123,325, 124885
merged_libs_egret5.js:4 ,3126,255, 124965
merged_libs_egret5.js:4 ,3129,185, 125035
merged_libs_egret5.js:4 ,3132,110, 125110
merged_libs_egret5.js:4 ,3135,35, 125185