www.google-analytics.com/analytics.js:1 Failed to load resource: the server responded with a status of 500 ()
6b3fa00747f9dd324ead.js:2 [vue-analytics] An error occured! Please check your connection, if you have any Google Analytics blocker installed in your browser or check your custom resource URL if you have added any.
(anonymous) @ 6b3fa00747f9dd324ead.js:2
radar.cedexis.com/1/23917/radar.js:1 Failed to load resource: the server responded with a status of 500 ()
www.sqntbw.com/games/7/7999/50854b1/gameConfig.test.js:1 Failed to load resource: the server responded with a status of 404 ()
30ebd9b5b6eccc956511.js:1 Event
main.min.js:1 DragonBones: 5.6.201 2018/01/05
Website: http://dragonbones.com/
Source and Demos: https://github.com/DragonBones/
merged_jdbbase.js:179 [INFO] SmartFox instance ready!
merged_libs_egret5.js:4 ,3,2000, 0
merged_libs_egret5.js:4 ,6,2000, 0
merged_libs_egret5.js:4 ,9,2000, 0
merged_libs_egret5.js:4 ,12,2000, 0
merged_libs_egret5.js:4 ,15,2210, 260
merged_libs_egret5.js:4 ,18,2165, 345
merged_libs_egret5.js:4 ,21,2415, 685
merged_libs_egret5.js:4 ,24,2415, 685
merged_libs_egret5.js:4 ,27,2385, 745
merged_libs_egret5.js:4 ,30,2370, 830
merged_libs_egret5.js:4 ,33,2345, 905
merged_libs_egret5.js:4 ,36,2320, 990
merged_libs_egret5.js:4 ,39,2305, 1065
merged_libs_egret5.js:4 ,42,2355, 1125
merged_libs_egret5.js:4 ,45,2405, 1185
merged_libs_egret5.js:4 ,48,2370, 1260
merged_libs_egret5.js:4 ,51,2360, 1360
merged_libs_egret5.js:4 ,54,2340, 1440
merged_libs_egret5.js:4 ,57,2380, 1560
merged_libs_egret5.js:4 ,60,2405, 1675
merged_libs_egret5.js:4 ,63,2385, 1775
merged_libs_egret5.js:4 ,66,2300, 1860
merged_libs_egret5.js:4 ,69,2575, 2265
merged_libs_egret5.js:4 ,72,2515, 2325
merged_libs_egret5.js:4 ,75,2540, 2490
merged_libs_egret5.js:4 ,78,2460, 2570
merged_libs_egret5.js:4 ,81,2405, 2625
merged_libs_egret5.js:4 ,84,2850, 3220
merged_libs_egret5.js:4 ,87,2930, 3350
merged_libs_egret5.js:4 ,90,2915, 3385
merged_libs_egret5.js:4 ,93,2845, 3475
merged_libs_egret5.js:4 ,96,2795, 3545
merged_libs_egret5.js:4 ,99,2700, 3640
merged_libs_egret5.js:4 ,102,2630, 3710
merged_libs_egret5.js:4 ,105,2560, 3790
merged_libs_egret5.js:4 ,108,2490, 3860
merged_libs_egret5.js:4 ,111,2410, 3940
merged_libs_egret5.js:4 ,114,2330, 4020
merged_libs_egret5.js:4 ,117,2280, 4100
merged_libs_egret5.js:4 ,120,2210, 4170
merged_libs_egret5.js:4 ,123,2135, 4245
merged_libs_egret5.js:4 ,126,2085, 4325
merged_libs_egret5.js:4 ,129,2010, 4420
merged_libs_egret5.js:4 ,132,1935, 4495
merged_libs_egret5.js:4 ,135,1875, 4565
merged_libs_egret5.js:4 ,138,1840, 4660
merged_libs_egret5.js:4 ,141,1830, 4740
merged_libs_egret5.js:4 ,144,1750, 4820
merged_libs_egret5.js:4 ,147,1715, 4905
merged_libs_egret5.js:4 ,150,1655, 4975
merged_libs_egret5.js:4 ,153,2075, 5545
merged_libs_egret5.js:4 ,156,2005, 5615
merged_libs_egret5.js:4 ,159,1950, 5690
merged_libs_egret5.js:4 ,162,1880, 5760
merged_libs_egret5.js:4 ,165,1880, 5890
merged_libs_egret5.js:4 ,168,1830, 5970
merged_libs_egret5.js:4 ,171,1810, 6070
merged_libs_egret5.js:4 ,174,2255, 6665
merged_libs_egret5.js:4 ,177,2205, 6725
merged_libs_egret5.js:4 ,180,2150, 6810
merged_libs_egret5.js:4 ,183,2395, 7195
merged_libs_egret5.js:4 ,186,2350, 7300
merged_libs_egret5.js:4 ,189,2340, 7390
merged_libs_egret5.js:4 ,192,2320, 7490
merged_libs_egret5.js:4 ,195,2270, 7610
merged_libs_egret5.js:4 ,198,2195, 7685
merged_libs_egret5.js:4 ,201,2170, 7750
merged_libs_egret5.js:4 ,204,2230, 7810
merged_libs_egret5.js:4 ,207,2230, 7810
merged_libs_egret5.js:4 ,210,2230, 7810
merged_libs_egret5.js:4 ,213,2230, 7810
merged_libs_egret5.js:4 ,216,2230, 7810
merged_libs_egret5.js:4 ,219,2230, 7810
merged_libs_egret5.js:4 ,222,2280, 7860
merged_libs_egret5.js:4 ,225,2280, 7860
merged_libs_egret5.js:4 ,228,2235, 7915
merged_libs_egret5.js:4 ,231,2180, 7990
merged_libs_egret5.js:4 ,234,2430, 8340
merged_libs_egret5.js:4 ,237,2345, 8435
merged_libs_egret5.js:4 ,240,2275, 8505
merged_libs_egret5.js:4 ,243,2280, 8640
merged_libs_egret5.js:4 ,246,2225, 8715
merged_libs_egret5.js:4 ,249,2265, 8875
merged_libs_egret5.js:4 ,252,2300, 9010
merged_libs_egret5.js:4 ,255,2245, 9095
merged_libs_egret5.js:4 ,258,2235, 9235
merged_libs_egret5.js:4 ,261,2230, 9310
merged_libs_egret5.js:4 ,264,2155, 9425
merged_libs_egret5.js:4 ,267,2105, 9505
merged_libs_egret5.js:4 ,270,3180, 10710
merged_libs_egret5.js:4 ,273,3100, 10790
merged_libs_egret5.js:4 ,276,3090, 10800
merged_libs_egret5.js:4 ,279,3090, 10800
merged_libs_egret5.js:4 ,282,3090, 10800
merged_libs_egret5.js:4 ,285,3090, 10800
merged_libs_egret5.js:4 ,288,3090, 10800
merged_libs_egret5.js:4 ,291,3090, 10800
merged_libs_egret5.js:4 ,294,3090, 10800
