6b3fa00747f9dd324ead.js:2 GET https://www.google-analytics.com/analytics.js net::ERR_ABORTED 500
(anonymous) @ 6b3fa00747f9dd324ead.js:2
(anonymous) @ 6b3fa00747f9dd324ead.js:2
T @ 6b3fa00747f9dd324ead.js:2
z.default @ 6b3fa00747f9dd324ead.js:2
t.use @ 313b56cf5c96a14844d8.js:2
(anonymous) @ c61eb68836002d632372.js:1
j @ 313b56cf5c96a14844d8.js:2
(anonymous) @ 313b56cf5c96a14844d8.js:2
t.<computed> @ 313b56cf5c96a14844d8.js:2
r @ 313b56cf5c96a14844d8.js:2
l @ 313b56cf5c96a14844d8.js:2
(anonymous) @ 313b56cf5c96a14844d8.js:2
(anonymous) @ 313b56cf5c96a14844d8.js:2
Ne @ c61eb68836002d632372.js:1
Te @ c61eb68836002d632372.js:1
(anonymous) @ c61eb68836002d632372.js:1
j @ 313b56cf5c96a14844d8.js:2
(anonymous) @ 313b56cf5c96a14844d8.js:2
t.<computed> @ 313b56cf5c96a14844d8.js:2
r @ 313b56cf5c96a14844d8.js:2
l @ 313b56cf5c96a14844d8.js:2
Promise.then (async)
r @ 313b56cf5c96a14844d8.js:2
l @ 313b56cf5c96a14844d8.js:2
Promise.then (async)
r @ 313b56cf5c96a14844d8.js:2
l @ 313b56cf5c96a14844d8.js:2
Promise.then (async)
r @ 313b56cf5c96a14844d8.js:2
l @ 313b56cf5c96a14844d8.js:2
Promise.then (async)
r @ 313b56cf5c96a14844d8.js:2
l @ 313b56cf5c96a14844d8.js:2
(anonymous) @ 313b56cf5c96a14844d8.js:2
(anonymous) @ 313b56cf5c96a14844d8.js:2
Ve @ c61eb68836002d632372.js:1
(anonymous) @ c61eb68836002d632372.js:1
340 @ c61eb68836002d632372.js:1
o @ bb1b3709d3c79e1eee8b.js:1
255 @ c61eb68836002d632372.js:1
o @ bb1b3709d3c79e1eee8b.js:1
d @ bb1b3709d3c79e1eee8b.js:1
c @ bb1b3709d3c79e1eee8b.js:1
(anonymous) @ c61eb68836002d632372.js:1
6b3fa00747f9dd324ead.js:2 [vue-analytics] An error occured! Please check your connection, if you have any Google Analytics blocker installed in your browser or check your custom resource URL if you have added any.
(anonymous) @ 6b3fa00747f9dd324ead.js:2
Promise.catch (async)
T @ 6b3fa00747f9dd324ead.js:2
z.default @ 6b3fa00747f9dd324ead.js:2
t.use @ 313b56cf5c96a14844d8.js:2
(anonymous) @ c61eb68836002d632372.js:1
j @ 313b56cf5c96a14844d8.js:2
(anonymous) @ 313b56cf5c96a14844d8.js:2
t.<computed> @ 313b56cf5c96a14844d8.js:2
r @ 313b56cf5c96a14844d8.js:2
l @ 313b56cf5c96a14844d8.js:2
(anonymous) @ 313b56cf5c96a14844d8.js:2
(anonymous) @ 313b56cf5c96a14844d8.js:2
Ne @ c61eb68836002d632372.js:1
Te @ c61eb68836002d632372.js:1
(anonymous) @ c61eb68836002d632372.js:1
j @ 313b56cf5c96a14844d8.js:2
(anonymous) @ 313b56cf5c96a14844d8.js:2
t.<computed> @ 313b56cf5c96a14844d8.js:2
r @ 313b56cf5c96a14844d8.js:2
l @ 313b56cf5c96a14844d8.js:2
Promise.then (async)
r @ 313b56cf5c96a14844d8.js:2
l @ 313b56cf5c96a14844d8.js:2
Promise.then (async)
r @ 313b56cf5c96a14844d8.js:2
l @ 313b56cf5c96a14844d8.js:2
Promise.then (async)
r @ 313b56cf5c96a14844d8.js:2
l @ 313b56cf5c96a14844d8.js:2
Promise.then (async)
r @ 313b56cf5c96a14844d8.js:2
l @ 313b56cf5c96a14844d8.js:2
(anonymous) @ 313b56cf5c96a14844d8.js:2
(anonymous) @ 313b56cf5c96a14844d8.js:2
Ve @ c61eb68836002d632372.js:1
(anonymous) @ c61eb68836002d632372.js:1
340 @ c61eb68836002d632372.js:1
o @ bb1b3709d3c79e1eee8b.js:1
255 @ c61eb68836002d632372.js:1
o @ bb1b3709d3c79e1eee8b.js:1
d @ bb1b3709d3c79e1eee8b.js:1
c @ bb1b3709d3c79e1eee8b.js:1
(anonymous) @ c61eb68836002d632372.js:1
30ebd9b5b6eccc956511.js:1 GET https://www.sqntbw.com/games/7/7999/50854b1/gameConfig.test.js net::ERR_ABORTED 404
(anonymous) @ 30ebd9b5b6eccc956511.js:1
url @ 30ebd9b5b6eccc956511.js:1
(anonymous) @ 30ebd9b5b6eccc956511.js:1
j @ 313b56cf5c96a14844d8.js:2
(anonymous) @ 313b56cf5c96a14844d8.js:2
t.<computed> @ 313b56cf5c96a14844d8.js:2
r @ 313b56cf5c96a14844d8.js:2
l @ 313b56cf5c96a14844d8.js:2
(anonymous) @ 313b56cf5c96a14844d8.js:2
(anonymous) @ 313b56cf5c96a14844d8.js:2
(anonymous) @ 30ebd9b5b6eccc956511.js:1
(anonymous) @ 30ebd9b5b6eccc956511.js:1
Promise.then (async)
initGames @ 30ebd9b5b6eccc956511.js:1
(anonymous) @ 30ebd9b5b6eccc956511.js:1
Promise.then (async)
(anonymous) @ 30ebd9b5b6eccc956511.js:1
Promise.then (async)
(anonymous) @ 30ebd9b5b6eccc956511.js:1
Promise.then (async)
initWeb @ 30ebd9b5b6eccc956511.js:1
(anonymous) @ 30ebd9b5b6eccc956511.js:1
Promise.then (async)
(anonymous) @ 30ebd9b5b6eccc956511.js:1
d @ 6b3fa00747f9dd324ead.js:2
w._settlePromiseFromHandler @ 6b3fa00747f9dd324ead.js:2
w._settlePromise @ 6b3fa00747f9dd324ead.js:2
w._settlePromise0 @ 6b3fa00747f9dd324ead.js:2
w._settlePromises @ 6b3fa00747f9dd324ead.js:2
(anonymous) @ 6b3fa00747f9dd324ead.js:2
Promise.then (async)
c @ 6b3fa00747f9dd324ead.js:2
t.hasDevTools.A.settlePromises @ 6b3fa00747f9dd324ead.js:2
w._fulfill @ 6b3fa00747f9dd324ead.js:2
w._resolveCallback @ 6b3fa00747f9dd324ead.js:2
(anonymous) @ 6b3fa00747f9dd324ead.js:2
(anonymous) @ c61eb68836002d632372.js:1
d @ 6b3fa00747f9dd324ead.js:2
w._settlePromiseFromHandler @ 6b3fa00747f9dd324ead.js:2
w._settlePromise @ 6b3fa00747f9dd324ead.js:2
w._settlePromise0 @ 6b3fa00747f9dd324ead.js:2
w._settlePromises @ 6b3fa00747f9dd324ead.js:2
w._fulfill @ 6b3fa00747f9dd324ead.js:2
t._resolve @ 6b3fa00747f9dd324ead.js:2
r._promiseFulfilled @ 6b3fa00747f9dd324ead.js:2
w._settlePromise @ 6b3fa00747f9dd324ead.js:2
w._settlePromise0 @ 6b3fa00747f9dd324ead.js:2
w._settlePromises @ 6b3fa00747f9dd324ead.js:2
(anonymous) @ 6b3fa00747f9dd324ead.js:2
Promise.then (async)
c @ 6b3fa00747f9dd324ead.js:2
t.hasDevTools.A.settlePromises @ 6b3fa00747f9dd324ead.js:2
w._fulfill @ 6b3fa00747f9dd324ead.js:2
w._resolveCallback @ 6b3fa00747f9dd324ead.js:2
(anonymous) @ 6b3fa00747f9dd324ead.js:2
Promise.then (async)
d @ 6b3fa00747f9dd324ead.js:2
(anonymous) @ 6b3fa00747f9dd324ead.js:2
(anonymous) @ 6b3fa00747f9dd324ead.js:2
t._iterate @ 6b3fa00747f9dd324ead.js:2
M @ 6b3fa00747f9dd324ead.js:2
r._init @ 6b3fa00747f9dd324ead.js:2
r.init @ 6b3fa00747f9dd324ead.js:2
d @ 6b3fa00747f9dd324ead.js:2
z.some @ 6b3fa00747f9dd324ead.js:2
race @ c61eb68836002d632372.js:1
(anonymous) @ c61eb68836002d632372.js:1
O._execute @ 6b3fa00747f9dd324ead.js:2
w._resolveFromExecutor @ 6b3fa00747f9dd324ead.js:2
w @ 6b3fa00747f9dd324ead.js:2
speedTest @ c61eb68836002d632372.js:1
(anonymous) @ 30ebd9b5b6eccc956511.js:1
d @ 6b3fa00747f9dd324ead.js:2
w._settlePromiseFromHandler @ 6b3fa00747f9dd324ead.js:2
w._settlePromise @ 6b3fa00747f9dd324ead.js:2
w._settlePromise0 @ 6b3fa00747f9dd324ead.js:2
w._settlePromises @ 6b3fa00747f9dd324ead.js:2
(anonymous) @ 6b3fa00747f9dd324ead.js:2
Promise.then (async)
c @ 6b3fa00747f9dd324ead.js:2
t.hasDevTools.A.settlePromises @ 6b3fa00747f9dd324ead.js:2
w._fulfill @ 6b3fa00747f9dd324ead.js:2
w._resolveCallback @ 6b3fa00747f9dd324ead.js:2
(anonymous) @ 6b3fa00747f9dd324ead.js:2
(anonymous) @ c61eb68836002d632372.js:1
Promise.then (async)
(anonymous) @ c61eb68836002d632372.js:1
O._execute @ 6b3fa00747f9dd324ead.js:2
w._resolveFromExecutor @ 6b3fa00747f9dd324ead.js:2
w @ 6b3fa00747f9dd324ead.js:2
getLineInfoByEnv @ c61eb68836002d632372.js:1
mounted @ 30ebd9b5b6eccc956511.js:1
Qt @ 313b56cf5c96a14844d8.js:2
fn @ 313b56cf5c96a14844d8.js:2
insert @ 313b56cf5c96a14844d8.js:2
T @ 313b56cf5c96a14844d8.js:2
(anonymous) @ 313b56cf5c96a14844d8.js:2
t._update @ 313b56cf5c96a14844d8.js:2
r @ 313b56cf5c96a14844d8.js:2
wn.get @ 313b56cf5c96a14844d8.js:2
wn @ 313b56cf5c96a14844d8.js:2
t @ 313b56cf5c96a14844d8.js:2
Pn.$mount @ 313b56cf5c96a14844d8.js:2
d @ c61eb68836002d632372.js:1
(anonymous) @ c61eb68836002d632372.js:1
j @ 313b56cf5c96a14844d8.js:2
(anonymous) @ 313b56cf5c96a14844d8.js:2
t.<computed> @ 313b56cf5c96a14844d8.js:2
r @ 313b56cf5c96a14844d8.js:2
l @ 313b56cf5c96a14844d8.js:2
Promise.then (async)
r @ 313b56cf5c96a14844d8.js:2
l @ 313b56cf5c96a14844d8.js:2
Promise.then (async)
r @ 313b56cf5c96a14844d8.js:2
l @ 313b56cf5c96a14844d8.js:2
(anonymous) @ 313b56cf5c96a14844d8.js:2
(anonymous) @ 313b56cf5c96a14844d8.js:2
vt @ c61eb68836002d632372.js:1
(anonymous) @ c61eb68836002d632372.js:1
Promise.then (async)
340 @ c61eb68836002d632372.js:1
o @ bb1b3709d3c79e1eee8b.js:1
255 @ c61eb68836002d632372.js:1
o @ bb1b3709d3c79e1eee8b.js:1
d @ bb1b3709d3c79e1eee8b.js:1
c @ bb1b3709d3c79e1eee8b.js:1
(anonymous) @ c61eb68836002d632372.js:1
30ebd9b5b6eccc956511.js:1 Event {isTrusted: true, type: "error", target: script, currentTarget: script, eventPhase: 2, …}
313b56cf5c96a14844d8.js:2 GET https://radar.cedexis.com/1/23917/radar.js net::ERR_ABORTED 500 (Request Blocked)
(anonymous) @ 313b56cf5c96a14844d8.js:2
(anonymous) @ 313b56cf5c96a14844d8.js:2
(anonymous) @ 313b56cf5c96a14844d8.js:2
(anonymous) @ 313b56cf5c96a14844d8.js:2
(anonymous) @ 313b56cf5c96a14844d8.js:2
(anonymous) @ 313b56cf5c96a14844d8.js:2
(anonymous) @ 313b56cf5c96a14844d8.js:2
requestAnimationFrame (async)
Y @ 313b56cf5c96a14844d8.js:2
(anonymous) @ 313b56cf5c96a14844d8.js:2
wn.run @ 313b56cf5c96a14844d8.js:2
bn @ 313b56cf5c96a14844d8.js:2
(anonymous) @ 313b56cf5c96a14844d8.js:2
ie @ 313b56cf5c96a14844d8.js:2
Promise.then (async)
ee @ 313b56cf5c96a14844d8.js:2
ue @ 313b56cf5c96a14844d8.js:2
(anonymous) @ 313b56cf5c96a14844d8.js:2
wn.update @ 313b56cf5c96a14844d8.js:2
wt.notify @ 313b56cf5c96a14844d8.js:2
(anonymous) @ 313b56cf5c96a14844d8.js:2
addLog @ c61eb68836002d632372.js:1
(anonymous) @ 313b56cf5c96a14844d8.js:2
(anonymous) @ 313b56cf5c96a14844d8.js:2
(anonymous) @ 313b56cf5c96a14844d8.js:2
d._withCommit @ 313b56cf5c96a14844d8.js:2
d.commit @ 313b56cf5c96a14844d8.js:2
commit @ 313b56cf5c96a14844d8.js:2
r.commit @ 313b56cf5c96a14844d8.js:2
setLog @ c61eb68836002d632372.js:1
(anonymous) @ 313b56cf5c96a14844d8.js:2
d.dispatch @ 313b56cf5c96a14844d8.js:2
dispatch @ 313b56cf5c96a14844d8.js:2
(anonymous) @ 30ebd9b5b6eccc956511.js:1
Promise.then (async)
(anonymous) @ 30ebd9b5b6eccc956511.js:1
Promise.then (async)
(anonymous) @ 30ebd9b5b6eccc956511.js:1
Promise.then (async)
initWeb @ 30ebd9b5b6eccc956511.js:1
(anonymous) @ 30ebd9b5b6eccc956511.js:1
Promise.then (async)
(anonymous) @ 30ebd9b5b6eccc956511.js:1
d @ 6b3fa00747f9dd324ead.js:2
w._settlePromiseFromHandler @ 6b3fa00747f9dd324ead.js:2
w._settlePromise @ 6b3fa00747f9dd324ead.js:2
w._settlePromise0 @ 6b3fa00747f9dd324ead.js:2
w._settlePromises @ 6b3fa00747f9dd324ead.js:2
(anonymous) @ 6b3fa00747f9dd324ead.js:2
Promise.then (async)
c @ 6b3fa00747f9dd324ead.js:2
t.hasDevTools.A.settlePromises @ 6b3fa00747f9dd324ead.js:2
w._fulfill @ 6b3fa00747f9dd324ead.js:2
w._resolveCallback @ 6b3fa00747f9dd324ead.js:2
(anonymous) @ 6b3fa00747f9dd324ead.js:2
(anonymous) @ c61eb68836002d632372.js:1
d @ 6b3fa00747f9dd324ead.js:2
w._settlePromiseFromHandler @ 6b3fa00747f9dd324ead.js:2
w._settlePromise @ 6b3fa00747f9dd324ead.js:2
w._settlePromise0 @ 6b3fa00747f9dd324ead.js:2
w._settlePromises @ 6b3fa00747f9dd324ead.js:2
w._fulfill @ 6b3fa00747f9dd324ead.js:2
t._resolve @ 6b3fa00747f9dd324ead.js:2
r._promiseFulfilled @ 6b3fa00747f9dd324ead.js:2
w._settlePromise @ 6b3fa00747f9dd324ead.js:2
w._settlePromise0 @ 6b3fa00747f9dd324ead.js:2
w._settlePromises @ 6b3fa00747f9dd324ead.js:2
(anonymous) @ 6b3fa00747f9dd324ead.js:2
Promise.then (async)
c @ 6b3fa00747f9dd324ead.js:2
t.hasDevTools.A.settlePromises @ 6b3fa00747f9dd324ead.js:2
w._fulfill @ 6b3fa00747f9dd324ead.js:2
w._resolveCallback @ 6b3fa00747f9dd324ead.js:2
(anonymous) @ 6b3fa00747f9dd324ead.js:2
Promise.then (async)
d @ 6b3fa00747f9dd324ead.js:2
(anonymous) @ 6b3fa00747f9dd324ead.js:2
(anonymous) @ 6b3fa00747f9dd324ead.js:2
t._iterate @ 6b3fa00747f9dd324ead.js:2
M @ 6b3fa00747f9dd324ead.js:2
r._init @ 6b3fa00747f9dd324ead.js:2
r.init @ 6b3fa00747f9dd324ead.js:2
d @ 6b3fa00747f9dd324ead.js:2
z.some @ 6b3fa00747f9dd324ead.js:2
race @ c61eb68836002d632372.js:1
(anonymous) @ c61eb68836002d632372.js:1
O._execute @ 6b3fa00747f9dd324ead.js:2
w._resolveFromExecutor @ 6b3fa00747f9dd324ead.js:2
w @ 6b3fa00747f9dd324ead.js:2
speedTest @ c61eb68836002d632372.js:1
(anonymous) @ 30ebd9b5b6eccc956511.js:1
d @ 6b3fa00747f9dd324ead.js:2
w._settlePromiseFromHandler @ 6b3fa00747f9dd324ead.js:2
w._settlePromise @ 6b3fa00747f9dd324ead.js:2
w._settlePromise0 @ 6b3fa00747f9dd324ead.js:2
w._settlePromises @ 6b3fa00747f9dd324ead.js:2
(anonymous) @ 6b3fa00747f9dd324ead.js:2
Promise.then (async)
c @ 6b3fa00747f9dd324ead.js:2
t.hasDevTools.A.settlePromises @ 6b3fa00747f9dd324ead.js:2
w._fulfill @ 6b3fa00747f9dd324ead.js:2
w._resolveCallback @ 6b3fa00747f9dd324ead.js:2
(anonymous) @ 6b3fa00747f9dd324ead.js:2
(anonymous) @ c61eb68836002d632372.js:1
Promise.then (async)
(anonymous) @ c61eb68836002d632372.js:1
O._execute @ 6b3fa00747f9dd324ead.js:2
w._resolveFromExecutor @ 6b3fa00747f9dd324ead.js:2
w @ 6b3fa00747f9dd324ead.js:2
getLineInfoByEnv @ c61eb68836002d632372.js:1
mounted @ 30ebd9b5b6eccc956511.js:1
Qt @ 313b56cf5c96a14844d8.js:2
fn @ 313b56cf5c96a14844d8.js:2
insert @ 313b56cf5c96a14844d8.js:2
T @ 313b56cf5c96a14844d8.js:2
(anonymous) @ 313b56cf5c96a14844d8.js:2
t._update @ 313b56cf5c96a14844d8.js:2
r @ 313b56cf5c96a14844d8.js:2
wn.get @ 313b56cf5c96a14844d8.js:2
wn @ 313b56cf5c96a14844d8.js:2
t @ 313b56cf5c96a14844d8.js:2
Pn.$mount @ 313b56cf5c96a14844d8.js:2
d @ c61eb68836002d632372.js:1
(anonymous) @ c61eb68836002d632372.js:1
j @ 313b56cf5c96a14844d8.js:2
(anonymous) @ 313b56cf5c96a14844d8.js:2
t.<computed> @ 313b56cf5c96a14844d8.js:2
r @ 313b56cf5c96a14844d8.js:2
l @ 313b56cf5c96a14844d8.js:2
Promise.then (async)
r @ 313b56cf5c96a14844d8.js:2
l @ 313b56cf5c96a14844d8.js:2
Promise.then (async)
r @ 313b56cf5c96a14844d8.js:2
l @ 313b56cf5c96a14844d8.js:2
(anonymous) @ 313b56cf5c96a14844d8.js:2
(anonymous) @ 313b56cf5c96a14844d8.js:2
vt @ c61eb68836002d632372.js:1
(anonymous) @ c61eb68836002d632372.js:1
Promise.then (async)
340 @ c61eb68836002d632372.js:1
o @ bb1b3709d3c79e1eee8b.js:1
255 @ c61eb68836002d632372.js:1
o @ bb1b3709d3c79e1eee8b.js:1
d @ bb1b3709d3c79e1eee8b.js:1
c @ bb1b3709d3c79e1eee8b.js:1
(anonymous) @ c61eb68836002d632372.js:1
main.min.js:1 DragonBones: 5.6.201 2018/01/05
Website: http://dragonbones.com/
Source and Demos: https://github.com/DragonBones/
merged_jdbbase.js:179 [INFO] SmartFox instance ready!
merged_libs_egret5.js:4 ,3,2000, 0
merged_libs_egret5.js:4 ,6,2000, 0
merged_libs_egret5.js:4 ,9,1985, 25
merged_libs_egret5.js:4 ,12,1930, 100
merged_libs_egret5.js:4 ,15,1875, 165
merged_libs_egret5.js:4 ,18,2300, 740
merged_libs_egret5.js:4 ,21,2250, 820
merged_libs_egret5.js:4 ,24,2230, 890
merged_libs_egret5.js:4 ,27,2185, 965
merged_libs_egret5.js:4 ,30,2245, 1155
merged_libs_egret5.js:4 ,33,2250, 1300
merged_libs_egret5.js:4 ,36,2170, 1380
merged_libs_egret5.js:4 ,39,2140, 1450
merged_libs_egret5.js:4 ,42,2085, 1515
merged_libs_egret5.js:4 ,45,2105, 1645
merged_libs_egret5.js:4 ,48,2100, 1790
merged_libs_egret5.js:4 ,51,2585, 2415
merged_libs_egret5.js:4 ,54,2630, 2590
merged_libs_egret5.js:4 ,57,2655, 2755
merged_libs_egret5.js:4 ,60,2585, 2825
merged_libs_egret5.js:4 ,63,2625, 2875
merged_libs_egret5.js:4 ,66,2925, 3175
merged_libs_egret5.js:4 ,69,2925, 3175
merged_libs_egret5.js:4 ,72,2925, 3175
merged_libs_egret5.js:4 ,75,2975, 3225
merged_libs_egret5.js:4 ,78,2975, 3225
merged_libs_egret5.js:4 ,81,2975, 3225
merged_libs_egret5.js:4 ,84,2985, 3235
merged_libs_egret5.js:4 ,87,2985, 3235
merged_libs_egret5.js:4 ,90,2915, 3305
merged_libs_egret5.js:4 ,93,2890, 3390
merged_libs_egret5.js:4 ,96,4315, 4965
merged_libs_egret5.js:4 ,99,4260, 5030
merged_libs_egret5.js:4 ,102,4180, 5110
merged_libs_egret5.js:4 ,105,4165, 5205
merged_libs_egret5.js:4 ,108,4090, 5280
merged_libs_egret5.js:4 ,111,4065, 5395
merged_libs_egret5.js:4 ,114,4005, 5455
merged_libs_egret5.js:4 ,117,3925, 5555
merged_libs_egret5.js:4 ,120,3920, 5560
merged_libs_egret5.js:4 ,123,3920, 5560
merged_libs_egret5.js:4 ,126,3920, 5560
merged_libs_egret5.js:4 ,129,3920, 5560
merged_libs_egret5.js:4 ,132,3920, 5560
merged_libs_egret5.js:4 ,135,3920, 5560
