www.google-analytics.com/analytics.js:1 Failed to load resource: the server responded with a status of 500 ()
6b3fa00747f9dd324ead.js:2 [vue-analytics] An error occured! Please check your connection, if you have any Google Analytics blocker installed in your browser or check your custom resource URL if you have added any.
(anonymous) @ 6b3fa00747f9dd324ead.js:2
radar.cedexis.com/1/23917/radar.js:1 Failed to load resource: the server responded with a status of 500 ()
www.sqntbw.com/games/7/7999/09c373f/gameConfig.test.js:1 Failed to load resource: the server responded with a status of 404 ()
30ebd9b5b6eccc956511.js:1 Event
main.min.js:1 DragonBones: 5.6.201 2018/01/05
Website: http://dragonbones.com/
Source and Demos: https://github.com/DragonBones/
merged_jdbbase.js:179 [INFO] SmartFox instance ready!
merged_libs_egret5.js:4 ,3,2000, 0
merged_libs_egret5.js:4 ,6,2000, 0
merged_libs_egret5.js:4 ,9,2000, 0
merged_libs_egret5.js:4 ,12,2000, 0
merged_libs_egret5.js:4 ,15,2000, 0
merged_libs_egret5.js:4 ,18,2000, 0
merged_libs_egret5.js:4 ,21,2000, 0
merged_libs_egret5.js:4 ,24,1920, 80
merged_libs_egret5.js:4 ,27,1855, 145
merged_libs_egret5.js:4 ,30,1795, 205
merged_libs_egret5.js:4 ,33,1715, 285
merged_libs_egret5.js:4 ,36,1685, 335
merged_libs_egret5.js:4 ,39,1685, 335
merged_libs_egret5.js:4 ,42,1650, 390
merged_libs_egret5.js:4 ,45,1650, 390
merged_libs_egret5.js:4 ,48,1645, 395
merged_libs_egret5.js:4 ,51,1595, 455
merged_libs_egret5.js:4 ,54,1650, 590
merged_libs_egret5.js:4 ,57,1720, 830
merged_libs_egret5.js:4 ,60,1650, 910
merged_libs_egret5.js:4 ,63,2095, 1455
merged_libs_egret5.js:4 ,66,2010, 1540
merged_libs_egret5.js:4 ,69,2045, 1695
merged_libs_egret5.js:4 ,72,1955, 1785
merged_libs_egret5.js:4 ,75,1915, 1855
merged_libs_egret5.js:4 ,78,1985, 2005
merged_libs_egret5.js:4 ,81,1955, 2035
merged_libs_egret5.js:4 ,84,1920, 2130
merged_libs_egret5.js:4 ,87,1875, 2235
merged_libs_egret5.js:4 ,90,1845, 2325
merged_libs_egret5.js:4 ,93,1845, 2325
merged_libs_egret5.js:4 ,96,1845, 2325
merged_libs_egret5.js:4 ,99,2295, 2775
merged_libs_egret5.js:4 ,102,2240, 2830
merged_libs_egret5.js:4 ,105,2165, 2905
merged_libs_egret5.js:4 ,108,2300, 3160
merged_libs_egret5.js:4 ,111,2395, 3375
merged_libs_egret5.js:4 ,114,2320, 3450
merged_libs_egret5.js:4 ,117,2270, 3540
merged_libs_egret5.js:4 ,120,2345, 3755
merged_libs_egret5.js:4 ,123,2355, 3895
merged_libs_egret5.js:4 ,126,2505, 4045
merged_libs_egret5.js:4 ,129,2655, 4195
merged_libs_egret5.js:4 ,132,2685, 4225
merged_libs_egret5.js:4 ,135,2660, 4250
merged_libs_egret5.js:4 ,138,2610, 4350
merged_libs_egret5.js:4 ,141,2540, 4420
merged_libs_egret5.js:4 ,144,2485, 4495
merged_libs_egret5.js:4 ,147,2430, 4560
merged_libs_egret5.js:4 ,150,2380, 4660
merged_libs_egret5.js:4 ,153,2330, 4760
merged_libs_egret5.js:4 ,156,2260, 4830
merged_libs_egret5.js:4 ,159,2275, 4985
merged_libs_egret5.js:4 ,162,2225, 5065
merged_libs_egret5.js:4 ,165,2180, 5140
merged_libs_egret5.js:4 ,168,2115, 5225
merged_libs_egret5.js:4 ,171,2260, 5490
merged_libs_egret5.js:4 ,174,2175, 5575
merged_libs_egret5.js:4 ,177,2125, 5625
merged_libs_egret5.js:4 ,180,2095, 5675
merged_libs_egret5.js:4 ,183,2135, 5825
merged_libs_egret5.js:4 ,186,2090, 5890
merged_libs_egret5.js:4 ,189,2205, 6175
merged_libs_egret5.js:4 ,192,2130, 6250
merged_libs_egret5.js:4 ,195,2065, 6315
merged_libs_egret5.js:4 ,198,1985, 6395
merged_libs_egret5.js:4 ,201,1915, 6465
merged_libs_egret5.js:4 ,204,1850, 6550
merged_libs_egret5.js:4 ,207,1820, 6640
merged_libs_egret5.js:4 ,210,1755, 6735
merged_libs_egret5.js:4 ,213,1695, 6795
merged_libs_egret5.js:4 ,216,1640, 6860
merged_libs_egret5.js:4 ,219,1645, 7015
merged_libs_egret5.js:4 ,222,1625, 7105
merged_libs_egret5.js:4 ,225,1560, 7200
merged_libs_egret5.js:4 ,228,1520, 7280
merged_libs_egret5.js:4 ,231,1445, 7355
merged_libs_egret5.js:4 ,234,1370, 7430
merged_libs_egret5.js:4 ,237,1605, 7815
merged_libs_egret5.js:4 ,240,1530, 7890
merged_libs_egret5.js:4 ,243,1455, 7965
merged_libs_egret5.js:4 ,246,1410, 8040
merged_libs_egret5.js:4 ,249,1435, 8205
merged_libs_egret5.js:4 ,252,1385, 8255
merged_libs_egret5.js:4 ,255,1300, 8340
merged_libs_egret5.js:4 ,258,1230, 8410
merged_libs_egret5.js:4 ,261,1190, 8510
merged_libs_egret5.js:4 ,264,1240, 8670
merged_libs_egret5.js:4 ,267,1195, 8735
merged_libs_egret5.js:4 ,270,1105, 8825
merged_libs_egret5.js:4 ,273,1165, 8965
merged_libs_egret5.js:4 ,276,1070, 9060
merged_libs_egret5.js:4 ,279,995, 9135
merged_libs_egret5.js:4 ,282,1005, 9175
merged_libs_egret5.js:4 ,285,1005, 9175
merged_libs_egret5.js:4 ,288,1005, 9175
merged_libs_egret5.js:4 ,291,995, 9205
merged_libs_egret5.js:4 ,294,985, 9235
merged_libs_egret5.js:4 ,297,930, 9320
merged_libs_egret5.js:4 ,300,895, 9375
merged_libs_egret5.js:4 ,303,855, 9485
merged_libs_egret5.js:4 ,306,855, 9555
merged_libs_egret5.js:4 ,309,765, 9645
merged_libs_egret5.js:4 ,312,745, 9745
merged_libs_egret5.js:4 ,315,720, 9850
merged_libs_egret5.js:4 ,318,695, 9925
merged_libs_egret5.js:4 ,321,745, 10015
merged_libs_egret5.js:4 ,324,735, 10025
merged_libs_egret5.js:4 ,327,680, 10080
merged_libs_egret5.js:4 ,330,600, 10160
merged_libs_egret5.js:4 ,333,625, 10295
merged_libs_egret5.js:4 ,336,1235, 11025
merged_libs_egret5.js:4 ,339,1205, 11135
merged_libs_egret5.js:4 ,342,1165, 11195
merged_libs_egret5.js:4 ,345,1085, 11285
merged_libs_egret5.js:4 ,348,1050, 11340
merged_libs_egret5.js:4 ,351,970, 11420
merged_libs_egret5.js:4 ,354,935, 11515
merged_libs_egret5.js:4 ,357,855, 11595
merged_libs_egret5.js:4 ,360,805, 11665
merged_libs_egret5.js:4 ,363,755, 11765
merged_libs_egret5.js:4 ,366,715, 11825
merged_libs_egret5.js:4 ,369,665, 11945
merged_libs_egret5.js:4 ,372,790, 12210
merged_libs_egret5.js:4 ,375,715, 12285
merged_libs_egret5.js:4 ,378,690, 12390
merged_libs_egret5.js:4 ,381,655, 12455
merged_libs_egret5.js:4 ,384,585, 12555
merged_libs_egret5.js:4 ,387,590, 12650
merged_libs_egret5.js:4 ,390,610, 12670
merged_libs_egret5.js:4 ,393,610, 12670
merged_libs_egret5.js:4 ,396,610, 12670
merged_libs_egret5.js:4 ,399,610, 12670
merged_libs_egret5.js:4 ,402,610, 12670
merged_libs_egret5.js:4 ,405,610, 12670
merged_libs_egret5.js:4 ,408,610, 12670
merged_libs_egret5.js:4 ,411,1135, 13195
merged_libs_egret5.js:4 ,414,1085, 13245
merged_libs_egret5.js:4 ,417,1045, 13325
merged_libs_egret5.js:4 ,420,1050, 13360
merged_libs_egret5.js:4 ,423,1050, 13360
merged_libs_egret5.js:4 ,426,1050, 13360
merged_libs_egret5.js:4 ,429,1040, 13480
merged_libs_egret5.js:4 ,432,995, 13545
merged_libs_egret5.js:4 ,435,1410, 14120
merged_libs_egret5.js:4 ,438,1355, 14195
merged_libs_egret5.js:4 ,441,1955, 14905
merged_libs_egret5.js:4 ,444,2195, 15275
merged_libs_egret5.js:4 ,447,2155, 15345
merged_libs_egret5.js:4 ,450,2105, 15435
merged_libs_egret5.js:4 ,453,2035, 15505
merged_libs_egret5.js:4 ,456,1955, 15585
merged_libs_egret5.js:4 ,459,1900, 15640
merged_libs_egret5.js:4 ,462,1890, 15730
merged_libs_egret5.js:4 ,465,1890, 15730
merged_libs_egret5.js:4 ,468,1890, 15730
merged_libs_egret5.js:4 ,471,1890, 15730
merged_libs_egret5.js:4 ,474,1890, 15730
merged_libs_egret5.js:4 ,477,1890, 15730
merged_libs_egret5.js:4 ,480,1890, 15730
merged_libs_egret5.js:4 ,483,1890, 15730
merged_libs_egret5.js:4 ,486,1890, 15730
merged_libs_egret5.js:4 ,489,1880, 15740
merged_libs_egret5.js:4 ,492,1810, 15810
merged_libs_egret5.js:4 ,495,1755, 15905
merged_libs_egret5.js:4 ,498,1680, 15980
merged_libs_egret5.js:4 ,501,1610, 16050
merged_libs_egret5.js:4 ,504,1735, 16315
merged_libs_egret5.js:4 ,507,1865, 16575
merged_libs_egret5.js:4 ,510,2490, 17340
merged_libs_egret5.js:4 ,513,2415, 17415
merged_libs_egret5.js:4 ,516,2350, 17490
merged_libs_egret5.js:4 ,519,2305, 17555
merged_libs_egret5.js:4 ,522,2225, 17635
merged_libs_egret5.js:4 ,525,2165, 17715
merged_libs_egret5.js:4 ,528,2405, 18065
merged_libs_egret5.js:4 ,531,2425, 18145
merged_libs_egret5.js:4 ,534,2425, 18145
merged_libs_egret5.js:4 ,537,3150, 18870
merged_libs_egret5.js:4 ,540,3650, 19370
merged_libs_egret5.js:4 ,543,3775, 19495
merged_libs_egret5.js:4 ,546,3775, 19495
merged_libs_egret5.js:4 ,549,3725, 19545
merged_libs_egret5.js:4 ,552,3655, 19635
merged_libs_egret5.js:4 ,555,3575, 19715
merged_libs_egret5.js:4 ,558,3920, 20200
merged_libs_egret5.js:4 ,561,3920, 20200
merged_libs_egret5.js:4 ,564,3920, 20200
merged_libs_egret5.js:4 ,567,3920, 20200
merged_libs_egret5.js:4 ,570,3920, 20200
merged_libs_egret5.js:4 ,573,3920, 20200
merged_libs_egret5.js:4 ,576,3920, 20200
merged_libs_egret5.js:4 ,579,3920, 20200
merged_libs_egret5.js:4 ,582,3920, 20200
