www.google-analytics.com/analytics.js:1 Failed to load resource: the server responded with a status of 500 ()
6b3fa00747f9dd324ead.js:2 [vue-analytics] An error occured! Please check your connection, if you have any Google Analytics blocker installed in your browser or check your custom resource URL if you have added any.
(anonymous) @ 6b3fa00747f9dd324ead.js:2
www.sqntbw.com/games/7/7999/09c373f/gameConfig.test.js:1 Failed to load resource: the server responded with a status of 404 ()
30ebd9b5b6eccc956511.js:1 Event
main.min.js:1 DragonBones: 5.6.201 2018/01/05
Website: http://dragonbones.com/
Source and Demos: https://github.com/DragonBones/
radar.cedexis.com/1/23917/radar.js:1 Failed to load resource: the server responded with a status of 500 (Request Blocked)
merged_jdbbase.js:179 [INFO] SmartFox instance ready!
merged_libs_egret5.js:4 ,3,2000, 0
merged_libs_egret5.js:4 ,6,2000, 0
merged_libs_egret5.js:4 ,9,2000, 0
merged_libs_egret5.js:4 ,12,1945, 85
merged_libs_egret5.js:4 ,15,1900, 150
merged_libs_egret5.js:4 ,18,1910, 190
merged_libs_egret5.js:4 ,21,1910, 190
merged_libs_egret5.js:4 ,24,1910, 190
merged_libs_egret5.js:4 ,27,1910, 190
merged_libs_egret5.js:4 ,30,1910, 190
merged_libs_egret5.js:4 ,33,1910, 190
merged_libs_egret5.js:4 ,36,1910, 190
merged_libs_egret5.js:4 ,39,1910, 190
merged_libs_egret5.js:4 ,42,1880, 220
merged_libs_egret5.js:4 ,45,1805, 295
merged_libs_egret5.js:4 ,48,2035, 655
merged_libs_egret5.js:4 ,51,2345, 1015
merged_libs_egret5.js:4 ,54,2350, 1090
merged_libs_egret5.js:4 ,57,2315, 1125
merged_libs_egret5.js:4 ,60,2275, 1165
merged_libs_egret5.js:4 ,63,2275, 1165
merged_libs_egret5.js:4 ,66,2275, 1165
merged_libs_egret5.js:4 ,69,2275, 1165
merged_libs_egret5.js:4 ,72,2275, 1165
merged_libs_egret5.js:4 ,75,2280, 1180
merged_libs_egret5.js:4 ,78,2205, 1255
merged_libs_egret5.js:4 ,81,2130, 1330
merged_libs_egret5.js:4 ,84,2060, 1400
merged_libs_egret5.js:4 ,87,2045, 1445
merged_libs_egret5.js:4 ,90,2010, 1480
merged_libs_egret5.js:4 ,93,1940, 1560
merged_libs_egret5.js:4 ,96,1925, 1605
merged_libs_egret5.js:4 ,99,1845, 1685
merged_libs_egret5.js:4 ,102,1775, 1755
merged_libs_egret5.js:4 ,105,1750, 1780
merged_libs_egret5.js:4 ,108,1720, 1850
merged_libs_egret5.js:4 ,111,1665, 1915
merged_libs_egret5.js:4 ,114,1610, 1970
merged_libs_egret5.js:4 ,117,1600, 2040
merged_libs_egret5.js:4 ,120,1545, 2115
merged_libs_egret5.js:4 ,123,1495, 2185
merged_libs_egret5.js:4 ,126,1520, 2300
merged_libs_egret5.js:4 ,129,1460, 2380
merged_libs_egret5.js:4 ,132,1385, 2455
merged_libs_egret5.js:4 ,135,1330, 2530
merged_libs_egret5.js:4 ,138,1275, 2605
merged_libs_egret5.js:4 ,141,1320, 2770
merged_libs_egret5.js:4 ,144,1260, 2870
merged_libs_egret5.js:4 ,147,1210, 2930
merged_libs_egret5.js:4 ,150,1140, 3020
merged_libs_egret5.js:4 ,153,1140, 3160
merged_libs_egret5.js:4 ,156,1065, 3235
merged_libs_egret5.js:4 ,159,1030, 3310
merged_libs_egret5.js:4 ,162,960, 3380
merged_libs_egret5.js:4 ,165,1065, 3605
merged_libs_egret5.js:4 ,168,985, 3685
merged_libs_egret5.js:4 ,171,930, 3770
merged_libs_egret5.js:4 ,174,850, 3850
merged_libs_egret5.js:4 ,177,790, 3930
merged_libs_egret5.js:4 ,180,775, 3965
merged_libs_egret5.js:4 ,183,890, 4240
merged_libs_egret5.js:4 ,186,835, 4345
merged_libs_egret5.js:4 ,189,785, 4395
merged_libs_egret5.js:4 ,192,740, 4460
merged_libs_egret5.js:4 ,195,805, 4685
merged_libs_egret5.js:4 ,198,740, 4750
merged_libs_egret5.js:4 ,201,680, 4830
merged_libs_egret5.js:4 ,204,605, 4905
merged_libs_egret5.js:4 ,207,575, 4995
merged_libs_egret5.js:4 ,210,590, 5150
merged_libs_egret5.js:4 ,213,555, 5215
merged_libs_egret5.js:4 ,216,815, 5625
merged_libs_egret5.js:4 ,219,780, 5710
merged_libs_egret5.js:4 ,222,825, 5905
merged_libs_egret5.js:4 ,225,755, 5975
merged_libs_egret5.js:4 ,228,740, 6090
merged_libs_egret5.js:4 ,231,745, 6225
merged_libs_egret5.js:4 ,234,725, 6345
merged_libs_egret5.js:4 ,237,650, 6420
merged_libs_egret5.js:4 ,240,575, 6495
merged_libs_egret5.js:4 ,243,505, 6565
merged_libs_egret5.js:4 ,246,430, 6640
merged_libs_egret5.js:4 ,249,420, 6770
merged_libs_egret5.js:4 ,252,385, 6845
merged_libs_egret5.js:4 ,255,340, 6930
merged_libs_egret5.js:4 ,258,265, 7005
merged_libs_egret5.js:4 ,261,210, 7090
merged_libs_egret5.js:4 ,264,140, 7160
merged_libs_egret5.js:4 ,267,65, 7235
merged_libs_egret5.js:4 ,270,0, 7300
merged_libs_egret5.js:4 ,273,0, 7300
merged_libs_egret5.js:4 ,276,0, 7300
merged_libs_egret5.js:4 ,279,0, 7300
merged_libs_egret5.js:4 ,282,0, 7300
merged_libs_egret5.js:4 ,285,0, 7300
