30ebd9b5b6eccc956511.js:1 Event
main.min.js:1 DragonBones: 5.6.201 2018/01/05
Website: http://dragonbones.com/
Source and Demos: https://github.com/DragonBones/
merged_jdbbase.js:179 [INFO] SmartFox instance ready!
merged_libs_egret5.js:4 ,3,2000, 0
merged_libs_egret5.js:4 ,6,2000, 0
merged_libs_egret5.js:4 ,9,2000, 0
merged_libs_egret5.js:4 ,12,1999.4, 0.6
merged_libs_egret5.js:4 ,15,1999.4, 0.6
merged_libs_egret5.js:4 ,18,1979.4, 60.6
merged_libs_egret5.js:4 ,21,1904.4, 135.6
merged_libs_egret5.js:4 ,24,1889.4, 150.6
merged_libs_egret5.js:4 ,27,1889.4, 150.6
merged_libs_egret5.js:4 ,30,1889.4, 150.6
merged_libs_egret5.js:4 ,33,1899.4, 170.6
merged_libs_egret5.js:4 ,36,1849.4, 260.6
merged_libs_egret5.js:4 ,39,2339.4, 820.6
merged_libs_egret5.js:4 ,42,2314.4, 905.6
merged_libs_egret5.js:4 ,45,2279.4, 990.6
merged_libs_egret5.js:4 ,48,2274.4, 1085.6
merged_libs_egret5.js:4 ,51,2249.4, 1170.6
merged_libs_egret5.js:4 ,54,2179.4, 1260.6
merged_libs_egret5.js:4 ,57,2169.4, 1370.6
merged_libs_egret5.js:4 ,60,2119.4, 1460.6
merged_libs_egret5.js:4 ,63,2099.4, 1570.6
merged_libs_egret5.js:4 ,66,2104.4, 1685.6
merged_libs_egret5.js:4 ,69,2434.4, 2125.6
merged_libs_egret5.js:4 ,72,2504.4, 2305.6
merged_libs_egret5.js:4 ,75,2814.4, 2715.6
merged_libs_egret5.js:4 ,78,2834.4, 2855.6
merged_libs_egret5.js:4 ,81,2769.4, 2920.6
merged_libs_egret5.js:4 ,84,2684.4, 3005.6
merged_libs_egret5.js:4 ,87,2599.4, 3090.6
merged_libs_egret5.js:4 ,90,3454.4, 4045.6
merged_libs_egret5.js:4 ,93,3424.4, 4075.6
merged_libs_egret5.js:4 ,96,3419.4, 4080.6
merged_libs_egret5.js:4 ,99,3419.4, 4080.6
merged_libs_egret5.js:4 ,102,3419.4, 4080.6
merged_libs_egret5.js:4 ,105,3419.4, 4080.6
merged_libs_egret5.js:4 ,108,3419.4, 4080.6
merged_libs_egret5.js:4 ,111,3419.4, 4080.6
merged_libs_egret5.js:4 ,114,3419.4, 4080.6
merged_libs_egret5.js:4 ,117,3419.4, 4080.6
merged_libs_egret5.js:4 ,120,3419.4, 4080.6
merged_libs_egret5.js:4 ,123,3419.4, 4080.6
merged_libs_egret5.js:4 ,126,3419.4, 4080.6
merged_libs_egret5.js:4 ,129,3419.4, 4080.6
merged_libs_egret5.js:4 ,132,3419.4, 4080.6
merged_libs_egret5.js:4 ,135,3419.4, 4080.6
merged_libs_egret5.js:4 ,138,3419.4, 4080.6
