www.google-analytics.com/analytics.js:1 Failed to load resource: the server responded with a status of 500 ()
6b3fa00747f9dd324ead.js:2 [vue-analytics] An error occured! Please check your connection, if you have any Google Analytics blocker installed in your browser or check your custom resource URL if you have added any.
(anonymous) @ 6b3fa00747f9dd324ead.js:2
radar.cedexis.com/1/23917/radar.js:1 Failed to load resource: the server responded with a status of 500 ()
www.sqntbw.com/games/7/7999/50854b1/gameConfig.test.js:1 Failed to load resource: the server responded with a status of 404 ()
30ebd9b5b6eccc956511.js:1 Event
main.min.js:1 DragonBones: 5.6.201 2018/01/05
Website: http://dragonbones.com/
Source and Demos: https://github.com/DragonBones/
merged_jdbbase.js:179 [INFO] SmartFox instance ready!
merged_libs_egret5.js:4 ,3,2000, 0
merged_libs_egret5.js:4 ,6,2000, 0
merged_libs_egret5.js:4 ,9,2000, 0
merged_libs_egret5.js:4 ,12,1985, 35
merged_libs_egret5.js:4 ,15,1910, 130
merged_libs_egret5.js:4 ,18,1840, 200
merged_libs_egret5.js:4 ,21,1765, 275
merged_libs_egret5.js:4 ,24,1690, 350
merged_libs_egret5.js:4 ,27,1695, 455
merged_libs_egret5.js:4 ,30,1635, 535
merged_libs_egret5.js:4 ,33,2030, 1030
merged_libs_egret5.js:4 ,36,2030, 1170
merged_libs_egret5.js:4 ,39,2035, 1295
merged_libs_egret5.js:4 ,42,2035, 1395
merged_libs_egret5.js:4 ,45,1940, 1490
merged_libs_egret5.js:4 ,48,1905, 1585
merged_libs_egret5.js:4 ,51,1975, 1755
merged_libs_egret5.js:4 ,54,1920, 1860
merged_libs_egret5.js:4 ,57,1920, 1900
merged_libs_egret5.js:4 ,60,1940, 1920
merged_libs_egret5.js:4 ,63,1940, 1920
merged_libs_egret5.js:4 ,66,1940, 1920
merged_libs_egret5.js:4 ,69,1975, 1955
merged_libs_egret5.js:4 ,72,1975, 1955
merged_libs_egret5.js:4 ,75,1975, 1955
merged_libs_egret5.js:4 ,78,2000, 1980
merged_libs_egret5.js:4 ,81,2000, 1980
merged_libs_egret5.js:4 ,84,2015, 1995
merged_libs_egret5.js:4 ,87,2015, 1995
merged_libs_egret5.js:4 ,90,1990, 2050
merged_libs_egret5.js:4 ,93,1980, 2170
merged_libs_egret5.js:4 ,96,1900, 2250
merged_libs_egret5.js:4 ,99,1825, 2325
merged_libs_egret5.js:4 ,102,1785, 2425
merged_libs_egret5.js:4 ,105,1770, 2530
merged_libs_egret5.js:4 ,108,1710, 2620
merged_libs_egret5.js:4 ,111,1655, 2695
merged_libs_egret5.js:4 ,114,1600, 2770
merged_libs_egret5.js:4 ,117,1580, 2880
merged_libs_egret5.js:4 ,120,1775, 3175
merged_libs_egret5.js:4 ,123,2170, 3660
merged_libs_egret5.js:4 ,126,2170, 3660
merged_libs_egret5.js:4 ,129,2170, 3660
merged_libs_egret5.js:4 ,132,2155, 3705
merged_libs_egret5.js:4 ,135,2120, 3800
merged_libs_egret5.js:4 ,138,2035, 3895
merged_libs_egret5.js:4 ,141,2225, 4225
merged_libs_egret5.js:4 ,144,2210, 4300
merged_libs_egret5.js:4 ,147,2245, 4395
merged_libs_egret5.js:4 ,150,2240, 4470
merged_libs_egret5.js:4 ,153,2295, 4595
merged_libs_egret5.js:4 ,156,2260, 4680
merged_libs_egret5.js:4 ,159,2230, 4790
merged_libs_egret5.js:4 ,162,2180, 4880
merged_libs_egret5.js:4 ,165,2130, 4980
merged_libs_egret5.js:4 ,168,2095, 5055
merged_libs_egret5.js:4 ,171,2110, 5160
merged_libs_egret5.js:4 ,174,2055, 5255
merged_libs_egret5.js:4 ,177,2010, 5350
merged_libs_egret5.js:4 ,180,1930, 5430
merged_libs_egret5.js:4 ,183,2160, 5770
merged_libs_egret5.js:4 ,186,2145, 5875
merged_libs_egret5.js:4 ,189,2105, 6005
merged_libs_egret5.js:4 ,192,2095, 6095
merged_libs_egret5.js:4 ,195,2045, 6175
merged_libs_egret5.js:4 ,198,2090, 6340
merged_libs_egret5.js:4 ,201,2080, 6480
merged_libs_egret5.js:4 ,204,2010, 6550
merged_libs_egret5.js:4 ,207,1960, 6640
merged_libs_egret5.js:4 ,210,1885, 6715
merged_libs_egret5.js:4 ,213,1880, 6800
merged_libs_egret5.js:4 ,216,1830, 6920
merged_libs_egret5.js:4 ,219,1795, 7035
merged_libs_egret5.js:4 ,222,1730, 7100
merged_libs_egret5.js:4 ,225,1680, 7190
merged_libs_egret5.js:4 ,228,1620, 7250
merged_libs_egret5.js:4 ,231,1565, 7355
merged_libs_egret5.js:4 ,234,1675, 7565
merged_libs_egret5.js:4 ,237,1660, 7660
merged_libs_egret5.js:4 ,240,1610, 7750
merged_libs_egret5.js:4 ,243,1580, 7850
merged_libs_egret5.js:4 ,246,1500, 7930
merged_libs_egret5.js:4 ,249,1435, 7995
merged_libs_egret5.js:4 ,252,1385, 8075
merged_libs_egret5.js:4 ,255,1315, 8155
merged_libs_egret5.js:4 ,258,1235, 8235
merged_libs_egret5.js:4 ,261,1235, 8345
merged_libs_egret5.js:4 ,264,1170, 8440
merged_libs_egret5.js:4 ,267,1115, 8515
merged_libs_egret5.js:4 ,270,1535, 9085
merged_libs_egret5.js:4 ,273,1695, 9355
merged_libs_egret5.js:4 ,276,1645, 9425
merged_libs_egret5.js:4 ,279,1685, 9575
merged_libs_egret5.js:4 ,282,1620, 9670
merged_libs_egret5.js:4 ,285,1840, 10040
merged_libs_egret5.js:4 ,288,1770, 10130
merged_libs_egret5.js:4 ,291,1730, 10210
merged_libs_egret5.js:4 ,294,1670, 10270
merged_libs_egret5.js:4 ,297,1640, 10350
merged_libs_egret5.js:4 ,300,1640, 10350
merged_libs_egret5.js:4 ,303,1650, 10360
merged_libs_egret5.js:4 ,306,1650, 10360
merged_libs_egret5.js:4 ,309,1650, 10360
merged_libs_egret5.js:4 ,312,1650, 10360
merged_libs_egret5.js:4 ,315,1650, 10360
merged_libs_egret5.js:4 ,318,1585, 10425
merged_libs_egret5.js:4 ,321,1560, 10520
merged_libs_egret5.js:4 ,324,1500, 10600
merged_libs_egret5.js:4 ,327,1450, 10670
merged_libs_egret5.js:4 ,330,1395, 10765
merged_libs_egret5.js:4 ,333,1400, 10900
merged_libs_egret5.js:4 ,336,1325, 10975
merged_libs_egret5.js:4 ,339,1255, 11045
merged_libs_egret5.js:4 ,342,1585, 11455
merged_libs_egret5.js:4 ,345,1530, 11560
merged_libs_egret5.js:4 ,348,1450, 11640
merged_libs_egret5.js:4 ,351,1450, 11760
merged_libs_egret5.js:4 ,354,1385, 11835
merged_libs_egret5.js:4 ,357,1315, 11905
merged_libs_egret5.js:4 ,360,1320, 12030
merged_libs_egret5.js:4 ,363,1235, 12115
merged_libs_egret5.js:4 ,366,1250, 12260
merged_libs_egret5.js:4 ,369,1200, 12330
merged_libs_egret5.js:4 ,372,1120, 12410
merged_libs_egret5.js:4 ,375,1055, 12475
merged_libs_egret5.js:4 ,378,975, 12555
merged_libs_egret5.js:4 ,381,895, 12635
merged_libs_egret5.js:4 ,384,825, 12705
merged_libs_egret5.js:4 ,387,750, 12780
merged_libs_egret5.js:4 ,390,920, 13080
merged_libs_egret5.js:4 ,393,880, 13170
merged_libs_egret5.js:4 ,396,825, 13225
merged_libs_egret5.js:4 ,399,790, 13310
merged_libs_egret5.js:4 ,402,750, 13420
merged_libs_egret5.js:4 ,405,715, 13505
merged_libs_egret5.js:4 ,408,670, 13570
merged_libs_egret5.js:4 ,411,820, 13850
merged_libs_egret5.js:4 ,414,740, 13930
merged_libs_egret5.js:4 ,417,665, 14005
merged_libs_egret5.js:4 ,420,1150, 14610
merged_libs_egret5.js:4 ,423,1115, 14675
merged_libs_egret5.js:4 ,426,1115, 14675
merged_libs_egret5.js:4 ,429,1115, 14675
merged_libs_egret5.js:4 ,432,1115, 14675
merged_libs_egret5.js:4 ,435,2095, 15685
merged_libs_egret5.js:4 ,438,2115, 15815
merged_libs_egret5.js:4 ,441,2125, 15925
merged_libs_egret5.js:4 ,444,2125, 16045
merged_libs_egret5.js:4 ,447,2140, 16120
merged_libs_egret5.js:4 ,450,2120, 16220
merged_libs_egret5.js:4 ,453,2130, 16370
merged_libs_egret5.js:4 ,456,2200, 16540
merged_libs_egret5.js:4 ,459,2140, 16600
merged_libs_egret5.js:4 ,462,2155, 16745
merged_libs_egret5.js:4 ,465,2130, 16870
merged_libs_egret5.js:4 ,468,2065, 16935
merged_libs_egret5.js:4 ,471,2015, 17045
merged_libs_egret5.js:4 ,474,1995, 17125
merged_libs_egret5.js:4 ,477,1910, 17210
merged_libs_egret5.js:4 ,480,2030, 17480
merged_libs_egret5.js:4 ,483,1985, 17545
merged_libs_egret5.js:4 ,486,2110, 17810
merged_libs_egret5.js:4 ,489,2580, 18420
merged_libs_egret5.js:4 ,492,2525, 18495
merged_libs_egret5.js:4 ,495,2450, 18570
merged_libs_egret5.js:4 ,498,2385, 18645
merged_libs_egret5.js:4 ,501,2315, 18755
merged_libs_egret5.js:4 ,504,2240, 18830
merged_libs_egret5.js:4 ,507,2380, 19090
merged_libs_egret5.js:4 ,510,2630, 19440
merged_libs_egret5.js:4 ,513,2755, 19705
merged_libs_egret5.js:4 ,516,2985, 20075
merged_libs_egret5.js:4 ,519,2935, 20165
merged_libs_egret5.js:4 ,522,2900, 20270
merged_libs_egret5.js:4 ,525,2840, 20330
merged_libs_egret5.js:4 ,528,2750, 20420
merged_libs_egret5.js:4 ,531,2690, 20480
merged_libs_egret5.js:4 ,534,2610, 20560
merged_libs_egret5.js:4 ,537,2625, 20705
merged_libs_egret5.js:4 ,540,2580, 20780
merged_libs_egret5.js:4 ,543,2520, 20870
merged_libs_egret5.js:4 ,546,2455, 20935
merged_libs_egret5.js:4 ,549,2375, 21015
merged_libs_egret5.js:4 ,552,2355, 21115
merged_libs_egret5.js:4 ,555,2300, 21190
merged_libs_egret5.js:4 ,558,2240, 21260
merged_libs_egret5.js:4 ,561,2520, 21670
merged_libs_egret5.js:4 ,564,2480, 21760
merged_libs_egret5.js:4 ,567,2450, 21870
merged_libs_egret5.js:4 ,570,2380, 21950
merged_libs_egret5.js:4 ,573,2320, 22020
merged_libs_egret5.js:4 ,576,2290, 22140
merged_libs_egret5.js:4 ,579,2275, 22215
merged_libs_egret5.js:4 ,582,2630, 22710
merged_libs_egret5.js:4 ,585,2580, 22800
merged_libs_egret5.js:4 ,588,2525, 22875
merged_libs_egret5.js:4 ,591,2475, 22955
merged_libs_egret5.js:4 ,594,2410, 23030
merged_libs_egret5.js:4 ,597,2330, 23110
merged_libs_egret5.js:4 ,600,3655, 24565
merged_libs_egret5.js:4 ,603,3585, 24635
merged_libs_egret5.js:4 ,606,3550, 24670
merged_libs_egret5.js:4 ,609,3550, 24670
merged_libs_egret5.js:4 ,612,3550, 24670
