www.google-analytics.com/analytics.js:1 Failed to load resource: the server responded with a status of 500 ()
6b3fa00747f9dd324ead.js:2 [vue-analytics] An error occured! Please check your connection, if you have any Google Analytics blocker installed in your browser or check your custom resource URL if you have added any.
(anonymous) @ 6b3fa00747f9dd324ead.js:2
radar.cedexis.com/1/23917/radar.js:1 Failed to load resource: the server responded with a status of 500 ()
www.sqntbw.com/games/7/7999/50854b1/gameConfig.test.js:1 Failed to load resource: the server responded with a status of 404 ()
30ebd9b5b6eccc956511.js:1 Event
main.min.js:1 DragonBones: 5.6.201 2018/01/05
Website: http://dragonbones.com/
Source and Demos: https://github.com/DragonBones/
merged_jdbbase.js:179 [INFO] SmartFox instance ready!
merged_libs_egret5.js:4 ,3,2000, 0
merged_libs_egret5.js:4 ,6,2000, 0
merged_libs_egret5.js:4 ,9,1975, 55
merged_libs_egret5.js:4 ,12,1935, 125
merged_libs_egret5.js:4 ,15,1910, 200
merged_libs_egret5.js:4 ,18,1845, 285
merged_libs_egret5.js:4 ,21,1810, 380
merged_libs_egret5.js:4 ,24,1810, 510
merged_libs_egret5.js:4 ,27,1755, 585
merged_libs_egret5.js:4 ,30,1680, 660
merged_libs_egret5.js:4 ,33,1815, 935
merged_libs_egret5.js:4 ,36,1775, 1015
merged_libs_egret5.js:4 ,39,1705, 1085
merged_libs_egret5.js:4 ,42,1725, 1215
merged_libs_egret5.js:4 ,45,1665, 1295
merged_libs_egret5.js:4 ,48,1600, 1370
merged_libs_egret5.js:4 ,51,1535, 1455
merged_libs_egret5.js:4 ,54,1460, 1530
merged_libs_egret5.js:4 ,57,1380, 1610
merged_libs_egret5.js:4 ,60,1420, 1760
merged_libs_egret5.js:4 ,63,1360, 1850
merged_libs_egret5.js:4 ,66,1310, 1930
merged_libs_egret5.js:4 ,69,1270, 2020
merged_libs_egret5.js:4 ,72,1185, 2105
merged_libs_egret5.js:4 ,75,1105, 2185
merged_libs_egret5.js:4 ,78,1230, 2450
merged_libs_egret5.js:4 ,81,1155, 2525
merged_libs_egret5.js:4 ,84,1140, 2620
merged_libs_egret5.js:4 ,87,1075, 2695
merged_libs_egret5.js:4 ,90,1000, 2770
merged_libs_egret5.js:4 ,93,940, 2840
merged_libs_egret5.js:4 ,96,890, 2910
merged_libs_egret5.js:4 ,99,825, 2985
merged_libs_egret5.js:4 ,102,795, 3095
merged_libs_egret5.js:4 ,105,730, 3170
merged_libs_egret5.js:4 ,108,695, 3255
merged_libs_egret5.js:4 ,111,700, 3400
merged_libs_egret5.js:4 ,114,645, 3455
merged_libs_egret5.js:4 ,117,550, 3550
merged_libs_egret5.js:4 ,120,560, 3690
merged_libs_egret5.js:4 ,123,985, 4255
merged_libs_egret5.js:4 ,126,955, 4355
merged_libs_egret5.js:4 ,129,875, 4435
merged_libs_egret5.js:4 ,132,865, 4555
merged_libs_egret5.js:4 ,135,805, 4615
merged_libs_egret5.js:4 ,138,955, 4875
merged_libs_egret5.js:4 ,141,945, 5015
merged_libs_egret5.js:4 ,144,965, 5155
merged_libs_egret5.js:4 ,147,1240, 5560
merged_libs_egret5.js:4 ,150,1185, 5615
merged_libs_egret5.js:4 ,153,1195, 5735
merged_libs_egret5.js:4 ,156,1875, 6585
merged_libs_egret5.js:4 ,159,1845, 6705
merged_libs_egret5.js:4 ,162,1780, 6790
merged_libs_egret5.js:4 ,165,1705, 6865
merged_libs_egret5.js:4 ,168,1635, 6935
merged_libs_egret5.js:4 ,171,1580, 6990
merged_libs_egret5.js:4 ,174,1505, 7085
merged_libs_egret5.js:4 ,177,1430, 7160
merged_libs_egret5.js:4 ,180,1430, 7260
merged_libs_egret5.js:4 ,183,1505, 7455
merged_libs_egret5.js:4 ,186,1765, 7805
merged_libs_egret5.js:4 ,189,1730, 7900
merged_libs_egret5.js:4 ,192,1685, 7985
merged_libs_egret5.js:4 ,195,1595, 8075
merged_libs_egret5.js:4 ,198,1540, 8140
merged_libs_egret5.js:4 ,201,1535, 8165
merged_libs_egret5.js:4 ,204,1530, 8170
merged_libs_egret5.js:4 ,207,1515, 8235
merged_libs_egret5.js:4 ,210,1505, 8335
merged_libs_egret5.js:4 ,213,1525, 8405
merged_libs_egret5.js:4 ,216,1455, 8485
merged_libs_egret5.js:4 ,219,1415, 8565
merged_libs_egret5.js:4 ,222,1405, 8635
merged_libs_egret5.js:4 ,225,1440, 8710
merged_libs_egret5.js:4 ,228,1435, 8775
merged_libs_egret5.js:4 ,231,1440, 8880
merged_libs_egret5.js:4 ,234,1400, 8980
merged_libs_egret5.js:4 ,237,1425, 9095
merged_libs_egret5.js:4 ,240,1430, 9170
merged_libs_egret5.js:4 ,243,1370, 9250
merged_libs_egret5.js:4 ,246,1270, 9350
merged_libs_egret5.js:4 ,249,1405, 9605
merged_libs_egret5.js:4 ,252,1330, 9680
merged_libs_egret5.js:4 ,255,1615, 10075
merged_libs_egret5.js:4 ,258,1960, 10520
merged_libs_egret5.js:4 ,261,1910, 10580
merged_libs_egret5.js:4 ,264,1820, 10670
merged_libs_egret5.js:4 ,267,1805, 10725
merged_libs_egret5.js:4 ,270,1820, 10800
merged_libs_egret5.js:4 ,273,1755, 10875
merged_libs_egret5.js:4 ,276,1675, 10955
merged_libs_egret5.js:4 ,279,1600, 11060
merged_libs_egret5.js:4 ,282,1545, 11145
merged_libs_egret5.js:4 ,285,1475, 11215
merged_libs_egret5.js:4 ,288,1450, 11320
merged_libs_egret5.js:4 ,291,1390, 11390
merged_libs_egret5.js:4 ,294,1345, 11475
merged_libs_egret5.js:4 ,297,1280, 11580
merged_libs_egret5.js:4 ,300,1235, 11665
merged_libs_egret5.js:4 ,303,1165, 11735
merged_libs_egret5.js:4 ,306,1115, 11825
merged_libs_egret5.js:4 ,309,1035, 11905
merged_libs_egret5.js:4 ,312,1035, 12015
merged_libs_egret5.js:4 ,315,1080, 12060
merged_libs_egret5.js:4 ,318,1080, 12060
merged_libs_egret5.js:4 ,321,1155, 12135
merged_libs_egret5.js:4 ,324,1155, 12135
merged_libs_egret5.js:4 ,327,1195, 12175
merged_libs_egret5.js:4 ,330,1195, 12175
merged_libs_egret5.js:4 ,333,1205, 12185
merged_libs_egret5.js:4 ,336,1205, 12185
merged_libs_egret5.js:4 ,339,1205, 12185
merged_libs_egret5.js:4 ,342,1135, 12255
merged_libs_egret5.js:4 ,345,1070, 12320
merged_libs_egret5.js:4 ,348,1015, 12405
merged_libs_egret5.js:4 ,351,970, 12480
merged_libs_egret5.js:4 ,354,900, 12560
merged_libs_egret5.js:4 ,357,825, 12635
merged_libs_egret5.js:4 ,360,755, 12705
merged_libs_egret5.js:4 ,363,680, 12780
merged_libs_egret5.js:4 ,366,595, 12865
merged_libs_egret5.js:4 ,369,720, 13130
merged_libs_egret5.js:4 ,372,645, 13205
merged_libs_egret5.js:4 ,375,615, 13315
merged_libs_egret5.js:4 ,378,555, 13385
merged_libs_egret5.js:4 ,381,885, 13845
merged_libs_egret5.js:4 ,384,1440, 14510
merged_libs_egret5.js:4 ,387,1400, 14570
merged_libs_egret5.js:4 ,390,1360, 14660
merged_libs_egret5.js:4 ,393,1275, 14745
merged_libs_egret5.js:4 ,396,1715, 15305
merged_libs_egret5.js:4 ,399,1735, 15455
merged_libs_egret5.js:4 ,402,1665, 15525
merged_libs_egret5.js:4 ,405,1625, 15595
merged_libs_egret5.js:4 ,408,1585, 15665
merged_libs_egret5.js:4 ,411,1575, 15805
merged_libs_egret5.js:4 ,414,1665, 16025
merged_libs_egret5.js:4 ,417,1585, 16105
merged_libs_egret5.js:4 ,420,1510, 16180
merged_libs_egret5.js:4 ,423,1505, 16325
merged_libs_egret5.js:4 ,426,1470, 16410
merged_libs_egret5.js:4 ,429,1470, 16410
merged_libs_egret5.js:4 ,432,1470, 16410
merged_libs_egret5.js:4 ,435,1470, 16410
merged_libs_egret5.js:4 ,438,1470, 16410
merged_libs_egret5.js:4 ,441,1670, 16610
merged_libs_egret5.js:4 ,444,1630, 16650
merged_libs_egret5.js:4 ,447,1745, 16855
merged_libs_egret5.js:4 ,450,1795, 17035
merged_libs_egret5.js:4 ,453,1775, 17155
merged_libs_egret5.js:4 ,456,1775, 17195
merged_libs_egret5.js:4 ,459,1775, 17195
merged_libs_egret5.js:4 ,462,1805, 17225
merged_libs_egret5.js:4 ,465,1835, 17255
merged_libs_egret5.js:4 ,468,1820, 17290
merged_libs_egret5.js:4 ,471,1820, 17430
merged_libs_egret5.js:4 ,474,1790, 17540
merged_libs_egret5.js:4 ,477,1725, 17605
merged_libs_egret5.js:4 ,480,1705, 17695
merged_libs_egret5.js:4 ,483,1655, 17805
merged_libs_egret5.js:4 ,486,1610, 17860
merged_libs_egret5.js:4 ,489,1585, 18025
merged_libs_egret5.js:4 ,492,1575, 18145
merged_libs_egret5.js:4 ,495,1520, 18240
merged_libs_egret5.js:4 ,498,1460, 18300
merged_libs_egret5.js:4 ,501,1420, 18340
merged_libs_egret5.js:4 ,504,1420, 18340
merged_libs_egret5.js:4 ,507,1420, 18340
merged_libs_egret5.js:4 ,510,1460, 18380
merged_libs_egret5.js:4 ,513,1400, 18440
merged_libs_egret5.js:4 ,516,1705, 18885
merged_libs_egret5.js:4 ,519,1675, 18995
merged_libs_egret5.js:4 ,522,1700, 19130
merged_libs_egret5.js:4 ,525,1615, 19215
merged_libs_egret5.js:4 ,528,1590, 19320
merged_libs_egret5.js:4 ,531,1505, 19405
merged_libs_egret5.js:4 ,534,1420, 19490
merged_libs_egret5.js:4 ,537,1385, 19585
merged_libs_egret5.js:4 ,540,1335, 19635
merged_libs_egret5.js:4 ,543,1285, 19725
merged_libs_egret5.js:4 ,546,1205, 19805
merged_libs_egret5.js:4 ,549,1120, 19890
merged_libs_egret5.js:4 ,552,1090, 20010
merged_libs_egret5.js:4 ,555,1050, 20090
merged_libs_egret5.js:4 ,558,1000, 20170
merged_libs_egret5.js:4 ,561,1055, 20345
merged_libs_egret5.js:4 ,564,965, 20435
merged_libs_egret5.js:4 ,567,915, 20485
merged_libs_egret5.js:4 ,570,935, 20635
merged_libs_egret5.js:4 ,573,920, 20750
merged_libs_egret5.js:4 ,576,885, 20815
merged_libs_egret5.js:4 ,579,1250, 21310
merged_libs_egret5.js:4 ,582,1155, 21405
merged_libs_egret5.js:4 ,585,1130, 21480
merged_libs_egret5.js:4 ,588,1040, 21570
merged_libs_egret5.js:4 ,591,980, 21640
merged_libs_egret5.js:4 ,594,945, 21725
merged_libs_egret5.js:4 ,597,920, 21790
merged_libs_egret5.js:4 ,600,1225, 22095
merged_libs_egret5.js:4 ,603,1600, 22470
merged_libs_egret5.js:4 ,606,2305, 23175
merged_libs_egret5.js:4 ,609,2250, 23230
merged_libs_egret5.js:4 ,612,2205, 23275
merged_libs_egret5.js:4 ,615,2155, 23325
merged_libs_egret5.js:4 ,618,2105, 23385
merged_libs_egret5.js:4 ,621,2085, 23445
merged_libs_egret5.js:4 ,624,2025, 23515
merged_libs_egret5.js:4 ,627,1940, 23600
merged_libs_egret5.js:4 ,630,1890, 23680
merged_libs_egret5.js:4 ,633,1830, 23770
merged_libs_egret5.js:4 ,636,1805, 23875
merged_libs_egret5.js:4 ,639,1835, 24035
merged_libs_egret5.js:4 ,642,1785, 24115
merged_libs_egret5.js:4 ,645,1735, 24215
merged_libs_egret5.js:4 ,648,1670, 24280
merged_libs_egret5.js:4 ,651,1620, 24400
merged_libs_egret5.js:4 ,654,1545, 24475
merged_libs_egret5.js:4 ,657,1800, 24830
merged_libs_egret5.js:4 ,660,1810, 24950
merged_libs_egret5.js:4 ,663,1760, 25050
merged_libs_egret5.js:4 ,666,1715, 25135
merged_libs_egret5.js:4 ,669,2045, 25605
merged_libs_egret5.js:4 ,672,2045, 25725
merged_libs_egret5.js:4 ,675,1990, 25790
merged_libs_egret5.js:4 ,678,2405, 26345
merged_libs_egret5.js:4 ,681,2410, 26480
merged_libs_egret5.js:4 ,684,2395, 26595
merged_libs_egret5.js:4 ,687,2325, 26665
merged_libs_egret5.js:4 ,690,2285, 26735
merged_libs_egret5.js:4 ,693,2245, 26835
merged_libs_egret5.js:4 ,696,2195, 26905
merged_libs_egret5.js:4 ,699,2125, 26975
merged_libs_egret5.js:4 ,702,2070, 27080
merged_libs_egret5.js:4 ,705,2085, 27205
merged_libs_egret5.js:4 ,708,2000, 27290
merged_libs_egret5.js:4 ,711,1940, 27370
merged_libs_egret5.js:4 ,714,1935, 27475
merged_libs_egret5.js:4 ,717,2085, 27765
merged_libs_egret5.js:4 ,720,2010, 27840
merged_libs_egret5.js:4 ,723,1950, 27910
merged_libs_egret5.js:4 ,726,1885, 27985
merged_libs_egret5.js:4 ,729,1805, 28065
merged_libs_egret5.js:4 ,732,1740, 28140
merged_libs_egret5.js:4 ,735,1670, 28220
merged_libs_egret5.js:4 ,738,1610, 28290
merged_libs_egret5.js:4 ,741,1550, 28350
merged_libs_egret5.js:4 ,744,1515, 28455
merged_libs_egret5.js:4 ,747,1455, 28515
merged_libs_egret5.js:4 ,750,1435, 28675
merged_libs_egret5.js:4 ,753,1385, 28745
merged_libs_egret5.js:4 ,756,1355, 28865
merged_libs_egret5.js:4 ,759,1270, 28950
merged_libs_egret5.js:4 ,762,1195, 29025
merged_libs_egret5.js:4 ,765,1120, 29100
merged_libs_egret5.js:4 ,768,1090, 29180
merged_libs_egret5.js:4 ,771,1075, 29195
merged_libs_egret5.js:4 ,774,1075, 29195
merged_libs_egret5.js:4 ,777,1080, 29220
merged_libs_egret5.js:4 ,780,1090, 29280
merged_libs_egret5.js:4 ,783,1025, 29355
merged_libs_egret5.js:4 ,786,1030, 29420
merged_libs_egret5.js:4 ,789,1010, 29450
merged_libs_egret5.js:4 ,792,995, 29525
merged_libs_egret5.js:4 ,795,960, 29610
merged_libs_egret5.js:4 ,798,930, 29690
merged_libs_egret5.js:4 ,801,930, 29780
merged_libs_egret5.js:4 ,804,925, 29845
merged_libs_egret5.js:4 ,807,975, 29965
merged_libs_egret5.js:4 ,810,945, 30045
merged_libs_egret5.js:4 ,813,880, 30150
merged_libs_egret5.js:4 ,816,830, 30220
merged_libs_egret5.js:4 ,819,830, 30320
merged_libs_egret5.js:4 ,822,1025, 30655
merged_libs_egret5.js:4 ,825,950, 30730
merged_libs_egret5.js:4 ,828,990, 30880
merged_libs_egret5.js:4 ,831,1155, 31205
merged_libs_egret5.js:4 ,834,1070, 31290
merged_libs_egret5.js:4 ,837,1010, 31370
merged_libs_egret5.js:4 ,840,965, 31465
merged_libs_egret5.js:4 ,843,1005, 31615
merged_libs_egret5.js:4 ,846,1240, 31970
merged_libs_egret5.js:4 ,849,1665, 32535
merged_libs_egret5.js:4 ,852,1655, 32675
merged_libs_egret5.js:4 ,855,1595, 32755
merged_libs_egret5.js:4 ,858,1570, 32840
merged_libs_egret5.js:4 ,861,1685, 33115
merged_libs_egret5.js:4 ,864,1640, 33220
merged_libs_egret5.js:4 ,867,1560, 33300
merged_libs_egret5.js:4 ,870,1485, 33375
merged_libs_egret5.js:4 ,873,1425, 33435
merged_libs_egret5.js:4 ,876,1360, 33520
merged_libs_egret5.js:4 ,879,1275, 33605
merged_libs_egret5.js:4 ,882,1220, 33680
merged_libs_egret5.js:4 ,885,1170, 33740
merged_libs_egret5.js:4 ,888,1085, 33825
merged_libs_egret5.js:4 ,891,1170, 34040
merged_libs_egret5.js:4 ,894,1120, 34120
merged_libs_egret5.js:4 ,897,1050, 34190
merged_libs_egret5.js:4 ,900,1035, 34315
merged_libs_egret5.js:4 ,903,960, 34390
merged_libs_egret5.js:4 ,906,950, 34480
merged_libs_egret5.js:4 ,909,965, 34655
merged_libs_egret5.js:4 ,912,885, 34735
merged_libs_egret5.js:4 ,915,1030, 35010
merged_libs_egret5.js:4 ,918,1000, 35100
merged_libs_egret5.js:4 ,921,925, 35175
merged_libs_egret5.js:4 ,924,860, 35260
merged_libs_egret5.js:4 ,927,785, 35335
merged_libs_egret5.js:4 ,930,730, 35440
merged_libs_egret5.js:4 ,933,660, 35510
merged_libs_egret5.js:4 ,936,670, 35610
merged_libs_egret5.js:4 ,939,600, 35710
merged_libs_egret5.js:4 ,942,550, 35790
merged_libs_egret5.js:4 ,945,2285, 37665
merged_libs_egret5.js:4 ,948,2255, 37755
merged_libs_egret5.js:4 ,951,2200, 37830
merged_libs_egret5.js:4 ,954,2125, 37905
merged_libs_egret5.js:4 ,957,2060, 37980
merged_libs_egret5.js:4 ,960,1990, 38060
merged_libs_egret5.js:4 ,963,1920, 38130
merged_libs_egret5.js:4 ,966,1995, 38345
merged_libs_egret5.js:4 ,969,1925, 38415
merged_libs_egret5.js:4 ,972,1935, 38525
merged_libs_egret5.js:4 ,975,1960, 38560
merged_libs_egret5.js:4 ,978,1960, 38560
merged_libs_egret5.js:4 ,981,1960, 38560
merged_libs_egret5.js:4 ,984,2225, 38885
merged_libs_egret5.js:4 ,987,2230, 38930
merged_libs_egret5.js:4 ,990,2305, 39005
merged_libs_egret5.js:4 ,993,2305, 39005
merged_libs_egret5.js:4 ,996,2285, 39025
merged_libs_egret5.js:4 ,999,2220, 39090
merged_libs_egret5.js:4 ,1002,2145, 39165
merged_libs_egret5.js:4 ,1005,2080, 39230
merged_libs_egret5.js:4 ,1008,2050, 39320
merged_libs_egret5.js:4 ,1011,1955, 39415
merged_libs_egret5.js:4 ,1014,1905, 39475
merged_libs_egret5.js:4 ,1017,1840, 39570
merged_libs_egret5.js:4 ,1020,1795, 39655
merged_libs_egret5.js:4 ,1023,1715, 39735
merged_libs_egret5.js:4 ,1026,1640, 39810
merged_libs_egret5.js:4 ,1029,1580, 39880
merged_libs_egret5.js:4 ,1032,1510, 39950
merged_libs_egret5.js:4 ,1035,1495, 40075
merged_libs_egret5.js:4 ,1038,1450, 40160
merged_libs_egret5.js:4 ,1041,1370, 40240
merged_libs_egret5.js:4 ,1044,1295, 40315
merged_libs_egret5.js:4 ,1047,1230, 40380
merged_libs_egret5.js:4 ,1050,1185, 40505
merged_libs_egret5.js:4 ,1053,1175, 40625
merged_libs_egret5.js:4 ,1056,1140, 40720
merged_libs_egret5.js:4 ,1059,1120, 40820
merged_libs_egret5.js:4 ,1062,1090, 40930
merged_libs_egret5.js:4 ,1065,1090, 41070
merged_libs_egret5.js:4 ,1068,1045, 41135
merged_libs_egret5.js:4 ,1071,1035, 41145
merged_libs_egret5.js:4 ,1074,1035, 41145
merged_libs_egret5.js:4 ,1077,1035, 41145
merged_libs_egret5.js:4 ,1080,1035, 41145
merged_libs_egret5.js:4 ,1083,980, 41200
merged_libs_egret5.js:4 ,1086,1300, 41670
merged_libs_egret5.js:4 ,1089,1240, 41760
merged_libs_egret5.js:4 ,1092,1190, 41810
merged_libs_egret5.js:4 ,1095,1200, 41870
merged_libs_egret5.js:4 ,1098,1225, 42005
merged_libs_egret5.js:4 ,1101,1230, 42080
merged_libs_egret5.js:4 ,1104,1210, 42100
merged_libs_egret5.js:4 ,1107,1225, 42145
merged_libs_egret5.js:4 ,1110,1220, 42210
merged_libs_egret5.js:4 ,1113,1180, 42250
merged_libs_egret5.js:4 ,1116,1150, 42280
merged_libs_egret5.js:4 ,1119,1140, 42290
merged_libs_egret5.js:4 ,1122,1135, 42295
merged_libs_egret5.js:4 ,1125,1130, 42300
merged_libs_egret5.js:4 ,1128,1125, 42305
merged_libs_egret5.js:4 ,1131,1115, 42325
merged_libs_egret5.js:4 ,1134,1050, 42390
merged_libs_egret5.js:4 ,1137,995, 42455
merged_libs_egret5.js:4 ,1140,1120, 42720
merged_libs_egret5.js:4 ,1143,1050, 42790
merged_libs_egret5.js:4 ,1146,1005, 42925
merged_libs_egret5.js:4 ,1149,960, 43040
merged_libs_egret5.js:4 ,1152,890, 43110
merged_libs_egret5.js:4 ,1155,820, 43180
merged_libs_egret5.js:4 ,1158,815, 43305
merged_libs_egret5.js:4 ,1161,740, 43390
merged_libs_egret5.js:4 ,1164,685, 43465
merged_libs_egret5.js:4 ,1167,610, 43540
merged_libs_egret5.js:4 ,1170,540, 43610
merged_libs_egret5.js:4 ,1173,530, 43730
merged_libs_egret5.js:4 ,1176,540, 43800
merged_libs_egret5.js:4 ,1179,540, 43800
merged_libs_egret5.js:4 ,1182,540, 43800
merged_libs_egret5.js:4 ,1185,540, 43800
merged_libs_egret5.js:4 ,1188,540, 43800
merged_libs_egret5.js:4 ,1191,575, 43835
merged_libs_egret5.js:4 ,1194,575, 43835
merged_libs_egret5.js:4 ,1197,575, 43835
merged_libs_egret5.js:4 ,1200,650, 43910
merged_libs_egret5.js:4 ,1203,725, 43985
merged_libs_egret5.js:4 ,1206,715, 43995
merged_libs_egret5.js:4 ,1209,925, 44315
merged_libs_egret5.js:4 ,1212,845, 44405
merged_libs_egret5.js:4 ,1215,835, 44475
merged_libs_egret5.js:4 ,1218,795, 44575
merged_libs_egret5.js:4 ,1221,720, 44650
merged_libs_egret5.js:4 ,1224,645, 44725
merged_libs_egret5.js:4 ,1227,570, 44800
merged_libs_egret5.js:4 ,1230,525, 44895
merged_libs_egret5.js:4 ,1233,455, 44965
merged_libs_egret5.js:4 ,1236,420, 45060
merged_libs_egret5.js:4 ,1239,370, 45140
merged_libs_egret5.js:4 ,1242,300, 45210
merged_libs_egret5.js:4 ,1245,315, 45385
merged_libs_egret5.js:4 ,1248,950, 46150
merged_libs_egret5.js:4 ,1251,915, 46215
merged_libs_egret5.js:4 ,1254,890, 46280
merged_libs_egret5.js:4 ,1257,890, 46420
merged_libs_egret5.js:4 ,1260,795, 46515
merged_libs_egret5.js:4 ,1263,745, 46575
merged_libs_egret5.js:4 ,1266,705, 46655
merged_libs_egret5.js:4 ,1269,720, 46820
merged_libs_egret5.js:4 ,1272,645, 46895
merged_libs_egret5.js:4 ,1275,570, 46970
merged_libs_egret5.js:4 ,1278,535, 47065
merged_libs_egret5.js:4 ,1281,455, 47145
merged_libs_egret5.js:4 ,1284,385, 47215
merged_libs_egret5.js:4 ,1287,345, 47295
merged_libs_egret5.js:4 ,1290,265, 47375
merged_libs_egret5.js:4 ,1293,505, 47755
merged_libs_egret5.js:4 ,1296,445, 47845
merged_libs_egret5.js:4 ,1299,405, 47925
merged_libs_egret5.js:4 ,1302,325, 48005
merged_libs_egret5.js:4 ,1305,245, 48085
merged_libs_egret5.js:4 ,1308,170, 48160
merged_libs_egret5.js:4 ,1311,130, 48250
merged_libs_egret5.js:4 ,1314,355, 48615
merged_libs_egret5.js:4 ,1317,290, 48680
merged_libs_egret5.js:4 ,1320,320, 48800
merged_libs_egret5.js:4 ,1323,220, 48900
merged_libs_egret5.js:4 ,1326,150, 48970
merged_libs_egret5.js:4 ,1329,140, 49090
merged_libs_egret5.js:4 ,1332,90, 49170
merged_libs_egret5.js:4 ,1335,115, 49335
merged_libs_egret5.js:4 ,1338,110, 49410
merged_libs_egret5.js:4 ,1341,65, 49515
merged_libs_egret5.js:4 ,1344,20, 49640
merged_libs_egret5.js:4 ,1347,0, 49660
merged_libs_egret5.js:4 ,1350,0, 49660
merged_libs_egret5.js:4 ,1353,0, 49660
merged_libs_egret5.js:4 ,1356,0, 49660
merged_libs_egret5.js:4 ,1359,0, 49660
merged_libs_egret5.js:4 ,1362,0, 49660
merged_libs_egret5.js:4 ,1365,0, 49660
merged_libs_egret5.js:4 ,1368,0, 49660
merged_libs_egret5.js:4 ,1371,0, 49660
merged_libs_egret5.js:4 ,1374,0, 49660
merged_libs_egret5.js:4 ,1377,0, 49660
