www.google-analytics.com/analytics.js:1 Failed to load resource: the server responded with a status of 500 ()
6b3fa00747f9dd324ead.js:2 [vue-analytics] An error occured! Please check your connection, if you have any Google Analytics blocker installed in your browser or check your custom resource URL if you have added any.
(anonymous) @ 6b3fa00747f9dd324ead.js:2
www.sqntbw.com/games/7/7999/09c373f/gameConfig.test.js:1 Failed to load resource: the server responded with a status of 404 ()
30ebd9b5b6eccc956511.js:1 Event
main.min.js:1 DragonBones: 5.6.201 2018/01/05
Website: http://dragonbones.com/
Source and Demos: https://github.com/DragonBones/
radar.cedexis.com/1/23917/radar.js:1 Failed to load resource: the server responded with a status of 500 (Request Blocked)
merged_jdbbase.js:179 [INFO] SmartFox instance ready!
merged_libs_egret5.js:4 ,3,2000, 0
merged_libs_egret5.js:4 ,6,2000, 0
merged_libs_egret5.js:4 ,9,2000, 0
merged_libs_egret5.js:4 ,12,2000, 0
merged_libs_egret5.js:4 ,15,2000, 0
merged_libs_egret5.js:4 ,18,2000, 0
merged_libs_egret5.js:4 ,21,2000, 0
merged_libs_egret5.js:4 ,24,2000, 0
merged_libs_egret5.js:4 ,27,1925, 75
merged_libs_egret5.js:4 ,30,1855, 145
merged_libs_egret5.js:4 ,33,1800, 200
merged_libs_egret5.js:4 ,36,1735, 275
merged_libs_egret5.js:4 ,39,1680, 350
merged_libs_egret5.js:4 ,42,1650, 450
merged_libs_egret5.js:4 ,45,1620, 550
merged_libs_egret5.js:4 ,48,1535, 635
merged_libs_egret5.js:4 ,51,1535, 745
merged_libs_egret5.js:4 ,54,1480, 810
merged_libs_egret5.js:4 ,57,1435, 905
merged_libs_egret5.js:4 ,60,1365, 985
merged_libs_egret5.js:4 ,63,1285, 1065
merged_libs_egret5.js:4 ,66,1210, 1140
merged_libs_egret5.js:4 ,69,1140, 1210
merged_libs_egret5.js:4 ,72,1120, 1320
merged_libs_egret5.js:4 ,75,1290, 1620
merged_libs_egret5.js:4 ,78,1295, 1705
merged_libs_egret5.js:4 ,81,1230, 1820
merged_libs_egret5.js:4 ,84,1155, 1895
merged_libs_egret5.js:4 ,87,1080, 1970
merged_libs_egret5.js:4 ,90,1065, 2095
merged_libs_egret5.js:4 ,93,990, 2170
merged_libs_egret5.js:4 ,96,945, 2255
merged_libs_egret5.js:4 ,99,855, 2345
merged_libs_egret5.js:4 ,102,790, 2410
merged_libs_egret5.js:4 ,105,720, 2490
merged_libs_egret5.js:4 ,108,705, 2565
merged_libs_egret5.js:4 ,111,640, 2680
merged_libs_egret5.js:4 ,114,595, 2755
merged_libs_egret5.js:4 ,117,510, 2840
merged_libs_egret5.js:4 ,120,515, 2975
merged_libs_egret5.js:4 ,123,435, 3055
merged_libs_egret5.js:4 ,126,400, 3130
merged_libs_egret5.js:4 ,129,330, 3200
merged_libs_egret5.js:4 ,132,305, 3295
merged_libs_egret5.js:4 ,135,245, 3385
merged_libs_egret5.js:4 ,138,680, 3940
merged_libs_egret5.js:4 ,141,615, 4025
merged_libs_egret5.js:4 ,144,610, 4170
merged_libs_egret5.js:4 ,147,595, 4265
merged_libs_egret5.js:4 ,150,610, 4390
merged_libs_egret5.js:4 ,153,530, 4520
merged_libs_egret5.js:4 ,156,455, 4595
merged_libs_egret5.js:4 ,159,440, 4610
merged_libs_egret5.js:4 ,162,440, 4610
merged_libs_egret5.js:4 ,165,440, 4610
merged_libs_egret5.js:4 ,168,440, 4610
merged_libs_egret5.js:4 ,171,430, 4620
merged_libs_egret5.js:4 ,174,355, 4695
merged_libs_egret5.js:4 ,177,345, 4795
merged_libs_egret5.js:4 ,180,330, 4840
merged_libs_egret5.js:4 ,183,335, 4905
merged_libs_egret5.js:4 ,186,360, 5040
merged_libs_egret5.js:4 ,189,375, 5065
merged_libs_egret5.js:4 ,192,375, 5065
merged_libs_egret5.js:4 ,195,435, 5125
merged_libs_egret5.js:4 ,198,450, 5290
merged_libs_egret5.js:4 ,201,375, 5365
merged_libs_egret5.js:4 ,204,375, 5485
merged_libs_egret5.js:4 ,207,530, 5720
merged_libs_egret5.js:4 ,210,435, 5815
merged_libs_egret5.js:4 ,213,560, 6080
merged_libs_egret5.js:4 ,216,680, 6350
merged_libs_egret5.js:4 ,219,600, 6430
merged_libs_egret5.js:4 ,222,530, 6500
merged_libs_egret5.js:4 ,225,975, 7035
merged_libs_egret5.js:4 ,228,945, 7065
merged_libs_egret5.js:4 ,231,1020, 7180
merged_libs_egret5.js:4 ,234,990, 7220
merged_libs_egret5.js:4 ,237,910, 7300
merged_libs_egret5.js:4 ,240,935, 7465
merged_libs_egret5.js:4 ,243,935, 7505
merged_libs_egret5.js:4 ,246,885, 7555
merged_libs_egret5.js:4 ,249,795, 7645
merged_libs_egret5.js:4 ,252,755, 7715
merged_libs_egret5.js:4 ,255,740, 7770
merged_libs_egret5.js:4 ,258,660, 7850
merged_libs_egret5.js:4 ,261,595, 7915
merged_libs_egret5.js:4 ,264,510, 8000
merged_libs_egret5.js:4 ,267,435, 8075
merged_libs_egret5.js:4 ,270,375, 8155
merged_libs_egret5.js:4 ,273,350, 8240
merged_libs_egret5.js:4 ,276,255, 8335
merged_libs_egret5.js:4 ,279,180, 8410
merged_libs_egret5.js:4 ,282,110, 8480
merged_libs_egret5.js:4 ,285,60, 8570
merged_libs_egret5.js:4 ,288,360, 8870
merged_libs_egret5.js:4 ,291,360, 8870
merged_libs_egret5.js:4 ,294,325, 8905
merged_libs_egret5.js:4 ,297,550, 9270
merged_libs_egret5.js:4 ,300,555, 9375
merged_libs_egret5.js:4 ,303,490, 9460
merged_libs_egret5.js:4 ,306,455, 9495
merged_libs_egret5.js:4 ,309,345, 9605
merged_libs_egret5.js:4 ,312,290, 9660
merged_libs_egret5.js:4 ,315,320, 9860
merged_libs_egret5.js:4 ,318,240, 9940
merged_libs_egret5.js:4 ,321,190, 9990
merged_libs_egret5.js:4 ,324,110, 10090
merged_libs_egret5.js:4 ,327,45, 10155
merged_libs_egret5.js:4 ,330,5, 10225
merged_libs_egret5.js:4 ,333,0, 10230
merged_libs_egret5.js:4 ,336,0, 10230
merged_libs_egret5.js:4 ,339,0, 10230
merged_libs_egret5.js:4 ,342,0, 10230
merged_libs_egret5.js:4 ,345,0, 10230
