6b3fa00747f9dd324ead.js:2 GET https://www.google-analytics.com/analytics.js net::ERR_ABORTED 500
(anonymous) @ 6b3fa00747f9dd324ead.js:2
(anonymous) @ 6b3fa00747f9dd324ead.js:2
T @ 6b3fa00747f9dd324ead.js:2
z.default @ 6b3fa00747f9dd324ead.js:2
t.use @ 313b56cf5c96a14844d8.js:2
(anonymous) @ f0707e77ff8e62d22376.js:1
j @ 313b56cf5c96a14844d8.js:2
(anonymous) @ 313b56cf5c96a14844d8.js:2
t.<computed> @ 313b56cf5c96a14844d8.js:2
r @ 313b56cf5c96a14844d8.js:2
l @ 313b56cf5c96a14844d8.js:2
(anonymous) @ 313b56cf5c96a14844d8.js:2
(anonymous) @ 313b56cf5c96a14844d8.js:2
Ne @ f0707e77ff8e62d22376.js:1
Te @ f0707e77ff8e62d22376.js:1
(anonymous) @ f0707e77ff8e62d22376.js:1
j @ 313b56cf5c96a14844d8.js:2
(anonymous) @ 313b56cf5c96a14844d8.js:2
t.<computed> @ 313b56cf5c96a14844d8.js:2
r @ 313b56cf5c96a14844d8.js:2
l @ 313b56cf5c96a14844d8.js:2
Promise.then (async)
r @ 313b56cf5c96a14844d8.js:2
l @ 313b56cf5c96a14844d8.js:2
Promise.then (async)
r @ 313b56cf5c96a14844d8.js:2
l @ 313b56cf5c96a14844d8.js:2
Promise.then (async)
r @ 313b56cf5c96a14844d8.js:2
l @ 313b56cf5c96a14844d8.js:2
Promise.then (async)
r @ 313b56cf5c96a14844d8.js:2
l @ 313b56cf5c96a14844d8.js:2
(anonymous) @ 313b56cf5c96a14844d8.js:2
(anonymous) @ 313b56cf5c96a14844d8.js:2
Ve @ f0707e77ff8e62d22376.js:1
(anonymous) @ f0707e77ff8e62d22376.js:1
340 @ f0707e77ff8e62d22376.js:1
o @ 105558548ecff7d2e238.js:1
255 @ f0707e77ff8e62d22376.js:1
o @ 105558548ecff7d2e238.js:1
d @ 105558548ecff7d2e238.js:1
c @ 105558548ecff7d2e238.js:1
(anonymous) @ f0707e77ff8e62d22376.js:1
6b3fa00747f9dd324ead.js:2 [vue-analytics] An error occured! Please check your connection, if you have any Google Analytics blocker installed in your browser or check your custom resource URL if you have added any.
(anonymous) @ 6b3fa00747f9dd324ead.js:2
Promise.catch (async)
T @ 6b3fa00747f9dd324ead.js:2
z.default @ 6b3fa00747f9dd324ead.js:2
t.use @ 313b56cf5c96a14844d8.js:2
(anonymous) @ f0707e77ff8e62d22376.js:1
j @ 313b56cf5c96a14844d8.js:2
(anonymous) @ 313b56cf5c96a14844d8.js:2
t.<computed> @ 313b56cf5c96a14844d8.js:2
r @ 313b56cf5c96a14844d8.js:2
l @ 313b56cf5c96a14844d8.js:2
(anonymous) @ 313b56cf5c96a14844d8.js:2
(anonymous) @ 313b56cf5c96a14844d8.js:2
Ne @ f0707e77ff8e62d22376.js:1
Te @ f0707e77ff8e62d22376.js:1
(anonymous) @ f0707e77ff8e62d22376.js:1
j @ 313b56cf5c96a14844d8.js:2
(anonymous) @ 313b56cf5c96a14844d8.js:2
t.<computed> @ 313b56cf5c96a14844d8.js:2
r @ 313b56cf5c96a14844d8.js:2
l @ 313b56cf5c96a14844d8.js:2
Promise.then (async)
r @ 313b56cf5c96a14844d8.js:2
l @ 313b56cf5c96a14844d8.js:2
Promise.then (async)
r @ 313b56cf5c96a14844d8.js:2
l @ 313b56cf5c96a14844d8.js:2
Promise.then (async)
r @ 313b56cf5c96a14844d8.js:2
l @ 313b56cf5c96a14844d8.js:2
Promise.then (async)
r @ 313b56cf5c96a14844d8.js:2
l @ 313b56cf5c96a14844d8.js:2
(anonymous) @ 313b56cf5c96a14844d8.js:2
(anonymous) @ 313b56cf5c96a14844d8.js:2
Ve @ f0707e77ff8e62d22376.js:1
(anonymous) @ f0707e77ff8e62d22376.js:1
340 @ f0707e77ff8e62d22376.js:1
o @ 105558548ecff7d2e238.js:1
255 @ f0707e77ff8e62d22376.js:1
o @ 105558548ecff7d2e238.js:1
d @ 105558548ecff7d2e238.js:1
c @ 105558548ecff7d2e238.js:1
(anonymous) @ f0707e77ff8e62d22376.js:1
313b56cf5c96a14844d8.js:2 GET https://radar.cedexis.com/1/23917/radar.js net::ERR_ABORTED 500
(anonymous) @ 313b56cf5c96a14844d8.js:2
(anonymous) @ 313b56cf5c96a14844d8.js:2
(anonymous) @ 313b56cf5c96a14844d8.js:2
(anonymous) @ 313b56cf5c96a14844d8.js:2
(anonymous) @ 313b56cf5c96a14844d8.js:2
(anonymous) @ 313b56cf5c96a14844d8.js:2
(anonymous) @ 313b56cf5c96a14844d8.js:2
requestAnimationFrame (async)
Y @ 313b56cf5c96a14844d8.js:2
(anonymous) @ 313b56cf5c96a14844d8.js:2
wn.run @ 313b56cf5c96a14844d8.js:2
bn @ 313b56cf5c96a14844d8.js:2
(anonymous) @ 313b56cf5c96a14844d8.js:2
ie @ 313b56cf5c96a14844d8.js:2
Promise.then (async)
ee @ 313b56cf5c96a14844d8.js:2
ue @ 313b56cf5c96a14844d8.js:2
(anonymous) @ 313b56cf5c96a14844d8.js:2
wn.update @ 313b56cf5c96a14844d8.js:2
wt.notify @ 313b56cf5c96a14844d8.js:2
(anonymous) @ 313b56cf5c96a14844d8.js:2
addLog @ f0707e77ff8e62d22376.js:1
(anonymous) @ 313b56cf5c96a14844d8.js:2
(anonymous) @ 313b56cf5c96a14844d8.js:2
(anonymous) @ 313b56cf5c96a14844d8.js:2
d._withCommit @ 313b56cf5c96a14844d8.js:2
d.commit @ 313b56cf5c96a14844d8.js:2
commit @ 313b56cf5c96a14844d8.js:2
r.commit @ 313b56cf5c96a14844d8.js:2
setLog @ f0707e77ff8e62d22376.js:1
(anonymous) @ 313b56cf5c96a14844d8.js:2
d.dispatch @ 313b56cf5c96a14844d8.js:2
dispatch @ 313b56cf5c96a14844d8.js:2
(anonymous) @ d54ab8b4e4dbc2ad7dbb.js:1
Promise.then (async)
(anonymous) @ d54ab8b4e4dbc2ad7dbb.js:1
Promise.then (async)
(anonymous) @ d54ab8b4e4dbc2ad7dbb.js:1
Promise.then (async)
initWeb @ d54ab8b4e4dbc2ad7dbb.js:1
(anonymous) @ d54ab8b4e4dbc2ad7dbb.js:1
Promise.then (async)
(anonymous) @ d54ab8b4e4dbc2ad7dbb.js:1
d @ 6b3fa00747f9dd324ead.js:2
w._settlePromiseFromHandler @ 6b3fa00747f9dd324ead.js:2
w._settlePromise @ 6b3fa00747f9dd324ead.js:2
w._settlePromise0 @ 6b3fa00747f9dd324ead.js:2
w._settlePromises @ 6b3fa00747f9dd324ead.js:2
(anonymous) @ 6b3fa00747f9dd324ead.js:2
Promise.then (async)
c @ 6b3fa00747f9dd324ead.js:2
t.hasDevTools.A.settlePromises @ 6b3fa00747f9dd324ead.js:2
w._fulfill @ 6b3fa00747f9dd324ead.js:2
w._resolveCallback @ 6b3fa00747f9dd324ead.js:2
(anonymous) @ 6b3fa00747f9dd324ead.js:2
(anonymous) @ f0707e77ff8e62d22376.js:1
d @ 6b3fa00747f9dd324ead.js:2
w._settlePromiseFromHandler @ 6b3fa00747f9dd324ead.js:2
w._settlePromise @ 6b3fa00747f9dd324ead.js:2
w._settlePromise0 @ 6b3fa00747f9dd324ead.js:2
w._settlePromises @ 6b3fa00747f9dd324ead.js:2
w._fulfill @ 6b3fa00747f9dd324ead.js:2
t._resolve @ 6b3fa00747f9dd324ead.js:2
r._promiseFulfilled @ 6b3fa00747f9dd324ead.js:2
w._settlePromise @ 6b3fa00747f9dd324ead.js:2
w._settlePromise0 @ 6b3fa00747f9dd324ead.js:2
w._settlePromises @ 6b3fa00747f9dd324ead.js:2
(anonymous) @ 6b3fa00747f9dd324ead.js:2
Promise.then (async)
c @ 6b3fa00747f9dd324ead.js:2
t.hasDevTools.A.settlePromises @ 6b3fa00747f9dd324ead.js:2
w._fulfill @ 6b3fa00747f9dd324ead.js:2
w._resolveCallback @ 6b3fa00747f9dd324ead.js:2
(anonymous) @ 6b3fa00747f9dd324ead.js:2
Promise.then (async)
d @ 6b3fa00747f9dd324ead.js:2
(anonymous) @ 6b3fa00747f9dd324ead.js:2
(anonymous) @ 6b3fa00747f9dd324ead.js:2
t._iterate @ 6b3fa00747f9dd324ead.js:2
M @ 6b3fa00747f9dd324ead.js:2
r._init @ 6b3fa00747f9dd324ead.js:2
r.init @ 6b3fa00747f9dd324ead.js:2
d @ 6b3fa00747f9dd324ead.js:2
z.some @ 6b3fa00747f9dd324ead.js:2
race @ f0707e77ff8e62d22376.js:1
(anonymous) @ f0707e77ff8e62d22376.js:1
O._execute @ 6b3fa00747f9dd324ead.js:2
w._resolveFromExecutor @ 6b3fa00747f9dd324ead.js:2
w @ 6b3fa00747f9dd324ead.js:2
speedTest @ f0707e77ff8e62d22376.js:1
(anonymous) @ d54ab8b4e4dbc2ad7dbb.js:1
d @ 6b3fa00747f9dd324ead.js:2
w._settlePromiseFromHandler @ 6b3fa00747f9dd324ead.js:2
w._settlePromise @ 6b3fa00747f9dd324ead.js:2
w._settlePromise0 @ 6b3fa00747f9dd324ead.js:2
w._settlePromises @ 6b3fa00747f9dd324ead.js:2
(anonymous) @ 6b3fa00747f9dd324ead.js:2
Promise.then (async)
c @ 6b3fa00747f9dd324ead.js:2
t.hasDevTools.A.settlePromises @ 6b3fa00747f9dd324ead.js:2
w._fulfill @ 6b3fa00747f9dd324ead.js:2
w._resolveCallback @ 6b3fa00747f9dd324ead.js:2
(anonymous) @ 6b3fa00747f9dd324ead.js:2
(anonymous) @ f0707e77ff8e62d22376.js:1
Promise.then (async)
(anonymous) @ f0707e77ff8e62d22376.js:1
O._execute @ 6b3fa00747f9dd324ead.js:2
w._resolveFromExecutor @ 6b3fa00747f9dd324ead.js:2
w @ 6b3fa00747f9dd324ead.js:2
getLineInfoByEnv @ f0707e77ff8e62d22376.js:1
mounted @ d54ab8b4e4dbc2ad7dbb.js:1
Qt @ 313b56cf5c96a14844d8.js:2
fn @ 313b56cf5c96a14844d8.js:2
insert @ 313b56cf5c96a14844d8.js:2
T @ 313b56cf5c96a14844d8.js:2
(anonymous) @ 313b56cf5c96a14844d8.js:2
t._update @ 313b56cf5c96a14844d8.js:2
r @ 313b56cf5c96a14844d8.js:2
wn.get @ 313b56cf5c96a14844d8.js:2
wn @ 313b56cf5c96a14844d8.js:2
t @ 313b56cf5c96a14844d8.js:2
Pn.$mount @ 313b56cf5c96a14844d8.js:2
d @ f0707e77ff8e62d22376.js:1
(anonymous) @ f0707e77ff8e62d22376.js:1
j @ 313b56cf5c96a14844d8.js:2
(anonymous) @ 313b56cf5c96a14844d8.js:2
t.<computed> @ 313b56cf5c96a14844d8.js:2
r @ 313b56cf5c96a14844d8.js:2
l @ 313b56cf5c96a14844d8.js:2
Promise.then (async)
r @ 313b56cf5c96a14844d8.js:2
l @ 313b56cf5c96a14844d8.js:2
Promise.then (async)
r @ 313b56cf5c96a14844d8.js:2
l @ 313b56cf5c96a14844d8.js:2
(anonymous) @ 313b56cf5c96a14844d8.js:2
(anonymous) @ 313b56cf5c96a14844d8.js:2
vt @ f0707e77ff8e62d22376.js:1
(anonymous) @ f0707e77ff8e62d22376.js:1
Promise.then (async)
340 @ f0707e77ff8e62d22376.js:1
o @ 105558548ecff7d2e238.js:1
255 @ f0707e77ff8e62d22376.js:1
o @ 105558548ecff7d2e238.js:1
d @ 105558548ecff7d2e238.js:1
c @ 105558548ecff7d2e238.js:1
(anonymous) @ f0707e77ff8e62d22376.js:1
d54ab8b4e4dbc2ad7dbb.js:1 GET https://www.sqntbw.com/games/7/7004/5aa13b7/gameConfig.test.js net::ERR_ABORTED 404
(anonymous) @ d54ab8b4e4dbc2ad7dbb.js:1
url @ d54ab8b4e4dbc2ad7dbb.js:1
(anonymous) @ d54ab8b4e4dbc2ad7dbb.js:1
j @ 313b56cf5c96a14844d8.js:2
(anonymous) @ 313b56cf5c96a14844d8.js:2
t.<computed> @ 313b56cf5c96a14844d8.js:2
r @ 313b56cf5c96a14844d8.js:2
l @ 313b56cf5c96a14844d8.js:2
(anonymous) @ 313b56cf5c96a14844d8.js:2
(anonymous) @ 313b56cf5c96a14844d8.js:2
(anonymous) @ d54ab8b4e4dbc2ad7dbb.js:1
(anonymous) @ d54ab8b4e4dbc2ad7dbb.js:1
Promise.then (async)
initGames @ d54ab8b4e4dbc2ad7dbb.js:1
(anonymous) @ d54ab8b4e4dbc2ad7dbb.js:1
Promise.then (async)
(anonymous) @ d54ab8b4e4dbc2ad7dbb.js:1
Promise.then (async)
(anonymous) @ d54ab8b4e4dbc2ad7dbb.js:1
Promise.then (async)
initWeb @ d54ab8b4e4dbc2ad7dbb.js:1
(anonymous) @ d54ab8b4e4dbc2ad7dbb.js:1
Promise.then (async)
(anonymous) @ d54ab8b4e4dbc2ad7dbb.js:1
d @ 6b3fa00747f9dd324ead.js:2
w._settlePromiseFromHandler @ 6b3fa00747f9dd324ead.js:2
w._settlePromise @ 6b3fa00747f9dd324ead.js:2
w._settlePromise0 @ 6b3fa00747f9dd324ead.js:2
w._settlePromises @ 6b3fa00747f9dd324ead.js:2
(anonymous) @ 6b3fa00747f9dd324ead.js:2
Promise.then (async)
c @ 6b3fa00747f9dd324ead.js:2
t.hasDevTools.A.settlePromises @ 6b3fa00747f9dd324ead.js:2
w._fulfill @ 6b3fa00747f9dd324ead.js:2
w._resolveCallback @ 6b3fa00747f9dd324ead.js:2
(anonymous) @ 6b3fa00747f9dd324ead.js:2
(anonymous) @ f0707e77ff8e62d22376.js:1
d @ 6b3fa00747f9dd324ead.js:2
w._settlePromiseFromHandler @ 6b3fa00747f9dd324ead.js:2
w._settlePromise @ 6b3fa00747f9dd324ead.js:2
w._settlePromise0 @ 6b3fa00747f9dd324ead.js:2
w._settlePromises @ 6b3fa00747f9dd324ead.js:2
w._fulfill @ 6b3fa00747f9dd324ead.js:2
t._resolve @ 6b3fa00747f9dd324ead.js:2
r._promiseFulfilled @ 6b3fa00747f9dd324ead.js:2
w._settlePromise @ 6b3fa00747f9dd324ead.js:2
w._settlePromise0 @ 6b3fa00747f9dd324ead.js:2
w._settlePromises @ 6b3fa00747f9dd324ead.js:2
(anonymous) @ 6b3fa00747f9dd324ead.js:2
Promise.then (async)
c @ 6b3fa00747f9dd324ead.js:2
t.hasDevTools.A.settlePromises @ 6b3fa00747f9dd324ead.js:2
w._fulfill @ 6b3fa00747f9dd324ead.js:2
w._resolveCallback @ 6b3fa00747f9dd324ead.js:2
(anonymous) @ 6b3fa00747f9dd324ead.js:2
Promise.then (async)
d @ 6b3fa00747f9dd324ead.js:2
(anonymous) @ 6b3fa00747f9dd324ead.js:2
(anonymous) @ 6b3fa00747f9dd324ead.js:2
t._iterate @ 6b3fa00747f9dd324ead.js:2
M @ 6b3fa00747f9dd324ead.js:2
r._init @ 6b3fa00747f9dd324ead.js:2
r.init @ 6b3fa00747f9dd324ead.js:2
d @ 6b3fa00747f9dd324ead.js:2
z.some @ 6b3fa00747f9dd324ead.js:2
race @ f0707e77ff8e62d22376.js:1
(anonymous) @ f0707e77ff8e62d22376.js:1
O._execute @ 6b3fa00747f9dd324ead.js:2
w._resolveFromExecutor @ 6b3fa00747f9dd324ead.js:2
w @ 6b3fa00747f9dd324ead.js:2
speedTest @ f0707e77ff8e62d22376.js:1
(anonymous) @ d54ab8b4e4dbc2ad7dbb.js:1
d @ 6b3fa00747f9dd324ead.js:2
w._settlePromiseFromHandler @ 6b3fa00747f9dd324ead.js:2
w._settlePromise @ 6b3fa00747f9dd324ead.js:2
w._settlePromise0 @ 6b3fa00747f9dd324ead.js:2
w._settlePromises @ 6b3fa00747f9dd324ead.js:2
(anonymous) @ 6b3fa00747f9dd324ead.js:2
Promise.then (async)
c @ 6b3fa00747f9dd324ead.js:2
t.hasDevTools.A.settlePromises @ 6b3fa00747f9dd324ead.js:2
w._fulfill @ 6b3fa00747f9dd324ead.js:2
w._resolveCallback @ 6b3fa00747f9dd324ead.js:2
(anonymous) @ 6b3fa00747f9dd324ead.js:2
(anonymous) @ f0707e77ff8e62d22376.js:1
Promise.then (async)
(anonymous) @ f0707e77ff8e62d22376.js:1
O._execute @ 6b3fa00747f9dd324ead.js:2
w._resolveFromExecutor @ 6b3fa00747f9dd324ead.js:2
w @ 6b3fa00747f9dd324ead.js:2
getLineInfoByEnv @ f0707e77ff8e62d22376.js:1
mounted @ d54ab8b4e4dbc2ad7dbb.js:1
Qt @ 313b56cf5c96a14844d8.js:2
fn @ 313b56cf5c96a14844d8.js:2
insert @ 313b56cf5c96a14844d8.js:2
T @ 313b56cf5c96a14844d8.js:2
(anonymous) @ 313b56cf5c96a14844d8.js:2
t._update @ 313b56cf5c96a14844d8.js:2
r @ 313b56cf5c96a14844d8.js:2
wn.get @ 313b56cf5c96a14844d8.js:2
wn @ 313b56cf5c96a14844d8.js:2
t @ 313b56cf5c96a14844d8.js:2
Pn.$mount @ 313b56cf5c96a14844d8.js:2
d @ f0707e77ff8e62d22376.js:1
(anonymous) @ f0707e77ff8e62d22376.js:1
j @ 313b56cf5c96a14844d8.js:2
(anonymous) @ 313b56cf5c96a14844d8.js:2
t.<computed> @ 313b56cf5c96a14844d8.js:2
r @ 313b56cf5c96a14844d8.js:2
l @ 313b56cf5c96a14844d8.js:2
Promise.then (async)
r @ 313b56cf5c96a14844d8.js:2
l @ 313b56cf5c96a14844d8.js:2
Promise.then (async)
r @ 313b56cf5c96a14844d8.js:2
l @ 313b56cf5c96a14844d8.js:2
(anonymous) @ 313b56cf5c96a14844d8.js:2
(anonymous) @ 313b56cf5c96a14844d8.js:2
vt @ f0707e77ff8e62d22376.js:1
(anonymous) @ f0707e77ff8e62d22376.js:1
Promise.then (async)
340 @ f0707e77ff8e62d22376.js:1
o @ 105558548ecff7d2e238.js:1
255 @ f0707e77ff8e62d22376.js:1
o @ 105558548ecff7d2e238.js:1
d @ 105558548ecff7d2e238.js:1
c @ 105558548ecff7d2e238.js:1
(anonymous) @ f0707e77ff8e62d22376.js:1
d54ab8b4e4dbc2ad7dbb.js:1 Event {isTrusted: true, type: "error", target: script, currentTarget: script, eventPhase: 2, …}
main.min.js:1 DragonBones: 5.6.201 2018/01/05
Website: http://dragonbones.com/
Source and Demos: https://github.com/DragonBones/
merged_jdbbase.js:179 [INFO] SmartFox instance ready!
merged_libs_egret5.js:4 ,3,2000, 0
merged_libs_egret5.js:4 ,6,2000, 0
merged_libs_egret5.js:4 ,9,1975, 45
merged_libs_egret5.js:4 ,12,1930, 120
merged_libs_egret5.js:4 ,15,1865, 185
merged_libs_egret5.js:4 ,18,1895, 355
merged_libs_egret5.js:4 ,21,1835, 425
merged_libs_egret5.js:4 ,24,1800, 500
merged_libs_egret5.js:4 ,27,1745, 555
merged_libs_egret5.js:4 ,30,1740, 620
merged_libs_egret5.js:4 ,33,1725, 685
merged_libs_egret5.js:4 ,36,1635, 775
merged_libs_egret5.js:4 ,39,1555, 855
merged_libs_egret5.js:4 ,42,1520, 950
merged_libs_egret5.js:4 ,45,1445, 1035
merged_libs_egret5.js:4 ,48,2345, 2075
merged_libs_egret5.js:4 ,51,2360, 2220
merged_libs_egret5.js:4 ,54,2305, 2285
merged_libs_egret5.js:4 ,57,2440, 2560
merged_libs_egret5.js:4 ,60,2395, 2665
merged_libs_egret5.js:4 ,63,2320, 2740
merged_libs_egret5.js:4 ,66,2245, 2815
merged_libs_egret5.js:4 ,69,2170, 2890
merged_libs_egret5.js:4 ,72,2135, 2975
merged_libs_egret5.js:4 ,75,2050, 3060
merged_libs_egret5.js:4 ,78,2080, 3210
merged_libs_egret5.js:4 ,81,2015, 3285
merged_libs_egret5.js:4 ,84,2025, 3415
merged_libs_egret5.js:4 ,87,1935, 3505
merged_libs_egret5.js:4 ,90,1865, 3575
merged_libs_egret5.js:4 ,93,1820, 3660
merged_libs_egret5.js:4 ,96,1755, 3745
merged_libs_egret5.js:4 ,99,1690, 3820
merged_libs_egret5.js:4 ,102,2115, 4385
merged_libs_egret5.js:4 ,105,2045, 4455
merged_libs_egret5.js:4 ,108,1985, 4545
merged_libs_egret5.js:4 ,111,1980, 4660
merged_libs_egret5.js:4 ,114,1910, 4730
merged_libs_egret5.js:4 ,117,1850, 4810
merged_libs_egret5.js:4 ,120,1795, 4865
merged_libs_egret5.js:4 ,123,1795, 4995
merged_libs_egret5.js:4 ,126,1930, 5250
merged_libs_egret5.js:4 ,129,1840, 5350
merged_libs_egret5.js:4 ,132,1795, 5415
merged_libs_egret5.js:4 ,135,1750, 5500
merged_libs_egret5.js:4 ,138,1685, 5585
merged_libs_egret5.js:4 ,141,1610, 5660
merged_libs_egret5.js:4 ,144,1535, 5735
merged_libs_egret5.js:4 ,147,1465, 5805
merged_libs_egret5.js:4 ,150,1390, 5880
merged_libs_egret5.js:4 ,153,1355, 5995
merged_libs_egret5.js:4 ,156,1285, 6065
merged_libs_egret5.js:4 ,159,1210, 6140
merged_libs_egret5.js:4 ,162,2185, 7255
merged_libs_egret5.js:4 ,165,2125, 7345
merged_libs_egret5.js:4 ,168,2115, 7455
merged_libs_egret5.js:4 ,171,2090, 7520
merged_libs_egret5.js:4 ,174,2035, 7635
merged_libs_egret5.js:4 ,177,2000, 7720
merged_libs_egret5.js:4 ,180,1930, 7790
merged_libs_egret5.js:4 ,183,2455, 8445
merged_libs_egret5.js:4 ,186,2410, 8520
merged_libs_egret5.js:4 ,189,2320, 8610
merged_libs_egret5.js:4 ,192,2250, 8680
merged_libs_egret5.js:4 ,195,2180, 8750
merged_libs_egret5.js:4 ,198,2095, 8835
merged_libs_egret5.js:4 ,201,2060, 8910
merged_libs_egret5.js:4 ,204,2390, 9370
merged_libs_egret5.js:4 ,207,2340, 9450
merged_libs_egret5.js:4 ,210,3200, 10450
merged_libs_egret5.js:4 ,213,3140, 10540
merged_libs_egret5.js:4 ,216,3100, 10600
merged_libs_egret5.js:4 ,219,3020, 10680
merged_libs_egret5.js:4 ,222,3475, 11255
merged_libs_egret5.js:4 ,225,3755, 11655
merged_libs_egret5.js:4 ,228,3720, 11740
merged_libs_egret5.js:4 ,231,3720, 11740
merged_libs_egret5.js:4 ,234,3720, 11740
merged_libs_egret5.js:4 ,237,3725, 11745
merged_libs_egret5.js:4 ,240,3725, 11795
merged_libs_egret5.js:4 ,243,3660, 11900
merged_libs_egret5.js:4 ,246,3605, 11965
merged_libs_egret5.js:4 ,249,3605, 12055
merged_libs_egret5.js:4 ,252,3605, 12145
merged_libs_egret5.js:4 ,255,3560, 12230
merged_libs_egret5.js:4 ,258,3575, 12315
merged_libs_egret5.js:4 ,261,3590, 12460
merged_libs_egret5.js:4 ,264,3585, 12555
merged_libs_egret5.js:4 ,267,3535, 12655
merged_libs_egret5.js:4 ,270,3565, 12835
merged_libs_egret5.js:4 ,273,3630, 13000
merged_libs_egret5.js:4 ,276,3540, 13090
merged_libs_egret5.js:4 ,279,3560, 13230
merged_libs_egret5.js:4 ,282,3480, 13310
merged_libs_egret5.js:4 ,285,3455, 13415
merged_libs_egret5.js:4 ,288,3380, 13490
merged_libs_egret5.js:4 ,291,3300, 13570
merged_libs_egret5.js:4 ,294,3230, 13640
merged_libs_egret5.js:4 ,297,3230, 13750
merged_libs_egret5.js:4 ,300,3200, 13810
merged_libs_egret5.js:4 ,303,3345, 14085
merged_libs_egret5.js:4 ,306,3245, 14185
merged_libs_egret5.js:4 ,309,3165, 14265
merged_libs_egret5.js:4 ,312,3155, 14355
merged_libs_egret5.js:4 ,315,3075, 14445
merged_libs_egret5.js:4 ,318,3210, 14710
merged_libs_egret5.js:4 ,321,3595, 15225
merged_libs_egret5.js:4 ,324,3515, 15305
merged_libs_egret5.js:4 ,327,3470, 15370
merged_libs_egret5.js:4 ,330,3430, 15480
merged_libs_egret5.js:4 ,333,3350, 15560
merged_libs_egret5.js:4 ,336,3325, 15655
merged_libs_egret5.js:4 ,339,3275, 15725
merged_libs_egret5.js:4 ,342,3195, 15805
merged_libs_egret5.js:4 ,345,3115, 15885
merged_libs_egret5.js:4 ,348,3040, 15960
merged_libs_egret5.js:4 ,351,2965, 16035
merged_libs_egret5.js:4 ,354,2915, 16105
merged_libs_egret5.js:4 ,357,2845, 16175
merged_libs_egret5.js:4 ,360,2800, 16240
merged_libs_egret5.js:4 ,363,2730, 16310
merged_libs_egret5.js:4 ,366,2710, 16470
merged_libs_egret5.js:4 ,369,2640, 16550
merged_libs_egret5.js:4 ,372,2585, 16625
merged_libs_egret5.js:4 ,375,2530, 16720
merged_libs_egret5.js:4 ,378,2535, 16855
merged_libs_egret5.js:4 ,381,2865, 17315
merged_libs_egret5.js:4 ,384,2795, 17395
merged_libs_egret5.js:4 ,387,2735, 17465
merged_libs_egret5.js:4 ,390,2650, 17550
merged_libs_egret5.js:4 ,393,2575, 17625
merged_libs_egret5.js:4 ,396,2540, 17700
merged_libs_egret5.js:4 ,399,2460, 17780
merged_libs_egret5.js:4 ,402,2395, 17845
merged_libs_egret5.js:4 ,405,2340, 17940
merged_libs_egret5.js:4 ,408,2290, 18010
merged_libs_egret5.js:4 ,411,2210, 18090
merged_libs_egret5.js:4 ,414,2155, 18165
merged_libs_egret5.js:4 ,417,2480, 18630
merged_libs_egret5.js:4 ,420,2410, 18720
merged_libs_egret5.js:4 ,423,2340, 18790
merged_libs_egret5.js:4 ,426,2365, 18955
merged_libs_egret5.js:4 ,429,2390, 19080
merged_libs_egret5.js:4 ,432,2355, 19145
merged_libs_egret5.js:4 ,435,2525, 19465
merged_libs_egret5.js:4 ,438,2435, 19555
merged_libs_egret5.js:4 ,441,2580, 19700
merged_libs_egret5.js:4 ,444,3105, 20225
merged_libs_egret5.js:4 ,447,3525, 20655
merged_libs_egret5.js:4 ,450,3475, 20755
merged_libs_egret5.js:4 ,453,3430, 20850
merged_libs_egret5.js:4 ,456,3405, 20915
merged_libs_egret5.js:4 ,459,3405, 20915
merged_libs_egret5.js:4 ,462,3405, 20915
merged_libs_egret5.js:4 ,465,3415, 20925
merged_libs_egret5.js:4 ,468,3415, 20925
merged_libs_egret5.js:4 ,471,3415, 20925
merged_libs_egret5.js:4 ,474,3415, 20925
merged_libs_egret5.js:4 ,477,3415, 20925
merged_libs_egret5.js:4 ,480,3415, 20925
merged_libs_egret5.js:4 ,483,3415, 20925
merged_libs_egret5.js:4 ,486,3385, 20955
merged_libs_egret5.js:4 ,489,3325, 21045
merged_libs_egret5.js:4 ,492,3305, 21145
merged_libs_egret5.js:4 ,495,3730, 21710
merged_libs_egret5.js:4 ,498,3675, 21785
merged_libs_egret5.js:4 ,501,3615, 21855
merged_libs_egret5.js:4 ,504,3585, 21965
merged_libs_egret5.js:4 ,507,3720, 22250
merged_libs_egret5.js:4 ,510,3665, 22325
merged_libs_egret5.js:4 ,513,3615, 22395
merged_libs_egret5.js:4 ,516,3530, 22480
merged_libs_egret5.js:4 ,519,3505, 22585
merged_libs_egret5.js:4 ,522,3720, 22910
merged_libs_egret5.js:4 ,525,3650, 23020
merged_libs_egret5.js:4 ,528,3595, 23075
merged_libs_egret5.js:4 ,531,3595, 23075
merged_libs_egret5.js:4 ,534,3595, 23075
merged_libs_egret5.js:4 ,537,3595, 23075
merged_libs_egret5.js:4 ,540,3595, 23075
merged_libs_egret5.js:4 ,543,3525, 23175
merged_libs_egret5.js:4 ,546,3545, 23275
merged_libs_egret5.js:4 ,549,3565, 23375
merged_libs_egret5.js:4 ,552,3565, 23405
merged_libs_egret5.js:4 ,555,3575, 23515
merged_libs_egret5.js:4 ,558,3540, 23630
merged_libs_egret5.js:4 ,561,3560, 23730
merged_libs_egret5.js:4 ,564,3565, 23805
merged_libs_egret5.js:4 ,567,3510, 23860
merged_libs_egret5.js:4 ,570,3425, 23945
merged_libs_egret5.js:4 ,573,3330, 24040
merged_libs_egret5.js:4 ,576,3260, 24110
merged_libs_egret5.js:4 ,579,3265, 24225
merged_libs_egret5.js:4 ,582,3260, 24350
merged_libs_egret5.js:4 ,585,3170, 24440
merged_libs_egret5.js:4 ,588,3305, 24695
merged_libs_egret5.js:4 ,591,3230, 24770
merged_libs_egret5.js:4 ,594,3170, 24840
merged_libs_egret5.js:4 ,597,3125, 24925
merged_libs_egret5.js:4 ,600,3075, 24985
merged_libs_egret5.js:4 ,603,3010, 25050
merged_libs_egret5.js:4 ,606,2925, 25135
merged_libs_egret5.js:4 ,609,3335, 25715
merged_libs_egret5.js:4 ,612,3405, 25915
merged_libs_egret5.js:4 ,615,3335, 25995
merged_libs_egret5.js:4 ,618,3260, 26070
merged_libs_egret5.js:4 ,621,3190, 26140
merged_libs_egret5.js:4 ,624,3110, 26220
merged_libs_egret5.js:4 ,627,3080, 26290
merged_libs_egret5.js:4 ,630,3250, 26600
merged_libs_egret5.js:4 ,633,3255, 26715
merged_libs_egret5.js:4 ,636,3190, 26800
merged_libs_egret5.js:4 ,639,3120, 26870
merged_libs_egret5.js:4 ,642,3080, 26960
merged_libs_egret5.js:4 ,645,3005, 27035
merged_libs_egret5.js:4 ,648,3460, 27620
merged_libs_egret5.js:4 ,651,3385, 27695
merged_libs_egret5.js:4 ,654,3315, 27765
merged_libs_egret5.js:4 ,657,3345, 27935
merged_libs_egret5.js:4 ,660,3310, 28010
merged_libs_egret5.js:4 ,663,3230, 28090
merged_libs_egret5.js:4 ,666,3170, 28170
merged_libs_egret5.js:4 ,669,3115, 28245
merged_libs_egret5.js:4 ,672,3035, 28325
merged_libs_egret5.js:4 ,675,2975, 28405
merged_libs_egret5.js:4 ,678,2930, 28470
merged_libs_egret5.js:4 ,681,2845, 28555
merged_libs_egret5.js:4 ,684,3155, 28985
merged_libs_egret5.js:4 ,687,3070, 29070
merged_libs_egret5.js:4 ,690,3000, 29140
merged_libs_egret5.js:4 ,693,2970, 29230
merged_libs_egret5.js:4 ,696,2895, 29305
merged_libs_egret5.js:4 ,699,2815, 29385
merged_libs_egret5.js:4 ,702,3250, 29940
merged_libs_egret5.js:4 ,705,3170, 30020
merged_libs_egret5.js:4 ,708,3095, 30095
merged_libs_egret5.js:4 ,711,3015, 30175
merged_libs_egret5.js:4 ,714,2940, 30250
merged_libs_egret5.js:4 ,717,2920, 30320
merged_libs_egret5.js:4 ,720,2820, 30420
merged_libs_egret5.js:4 ,723,2770, 30480
merged_libs_egret5.js:4 ,726,2715, 30575
merged_libs_egret5.js:4 ,729,2655, 30645
merged_libs_egret5.js:4 ,732,2650, 30740
merged_libs_egret5.js:4 ,735,2670, 30930
merged_libs_egret5.js:4 ,738,2600, 31000
merged_libs_egret5.js:4 ,741,2585, 31115
merged_libs_egret5.js:4 ,744,2945, 31585
merged_libs_egret5.js:4 ,747,2950, 31720
merged_libs_egret5.js:4 ,750,2920, 31840
merged_libs_egret5.js:4 ,753,2900, 31900
merged_libs_egret5.js:4 ,756,3050, 32050
merged_libs_egret5.js:4 ,759,3060, 32060
merged_libs_egret5.js:4 ,762,3060, 32060
merged_libs_egret5.js:4 ,765,3060, 32060
merged_libs_egret5.js:4 ,768,3060, 32060
merged_libs_egret5.js:4 ,771,3060, 32060
merged_libs_egret5.js:4 ,774,3060, 32060
merged_libs_egret5.js:4 ,777,3350, 32390
merged_libs_egret5.js:4 ,780,3360, 32500
merged_libs_egret5.js:4 ,783,3280, 32580
merged_libs_egret5.js:4 ,786,3210, 32650
merged_libs_egret5.js:4 ,789,3550, 33000
merged_libs_egret5.js:4 ,792,4170, 33620
merged_libs_egret5.js:4 ,795,4240, 33700
merged_libs_egret5.js:4 ,798,4210, 33780
merged_libs_egret5.js:4 ,801,4210, 33880
merged_libs_egret5.js:4 ,804,4155, 33965
merged_libs_egret5.js:4 ,807,4070, 34050
merged_libs_egret5.js:4 ,810,4000, 34130
merged_libs_egret5.js:4 ,813,3970, 34160
merged_libs_egret5.js:4 ,816,3970, 34160
merged_libs_egret5.js:4 ,819,3970, 34160
merged_libs_egret5.js:4 ,822,3970, 34160
merged_libs_egret5.js:4 ,825,3970, 34160
merged_libs_egret5.js:4 ,828,3970, 34160
