6b3fa00747f9dd324ead.js:2 GET https://www.google-analytics.com/analytics.js net::ERR_ABORTED 500
(anonymous) @ 6b3fa00747f9dd324ead.js:2
(anonymous) @ 6b3fa00747f9dd324ead.js:2
T @ 6b3fa00747f9dd324ead.js:2
z.default @ 6b3fa00747f9dd324ead.js:2
t.use @ 313b56cf5c96a14844d8.js:2
(anonymous) @ f0707e77ff8e62d22376.js:1
j @ 313b56cf5c96a14844d8.js:2
(anonymous) @ 313b56cf5c96a14844d8.js:2
t.<computed> @ 313b56cf5c96a14844d8.js:2
r @ 313b56cf5c96a14844d8.js:2
l @ 313b56cf5c96a14844d8.js:2
(anonymous) @ 313b56cf5c96a14844d8.js:2
(anonymous) @ 313b56cf5c96a14844d8.js:2
Ne @ f0707e77ff8e62d22376.js:1
Te @ f0707e77ff8e62d22376.js:1
(anonymous) @ f0707e77ff8e62d22376.js:1
j @ 313b56cf5c96a14844d8.js:2
(anonymous) @ 313b56cf5c96a14844d8.js:2
t.<computed> @ 313b56cf5c96a14844d8.js:2
r @ 313b56cf5c96a14844d8.js:2
l @ 313b56cf5c96a14844d8.js:2
Promise.then (async)
r @ 313b56cf5c96a14844d8.js:2
l @ 313b56cf5c96a14844d8.js:2
Promise.then (async)
r @ 313b56cf5c96a14844d8.js:2
l @ 313b56cf5c96a14844d8.js:2
Promise.then (async)
r @ 313b56cf5c96a14844d8.js:2
l @ 313b56cf5c96a14844d8.js:2
Promise.then (async)
r @ 313b56cf5c96a14844d8.js:2
l @ 313b56cf5c96a14844d8.js:2
(anonymous) @ 313b56cf5c96a14844d8.js:2
(anonymous) @ 313b56cf5c96a14844d8.js:2
Ve @ f0707e77ff8e62d22376.js:1
(anonymous) @ f0707e77ff8e62d22376.js:1
340 @ f0707e77ff8e62d22376.js:1
o @ 105558548ecff7d2e238.js:1
255 @ f0707e77ff8e62d22376.js:1
o @ 105558548ecff7d2e238.js:1
d @ 105558548ecff7d2e238.js:1
c @ 105558548ecff7d2e238.js:1
(anonymous) @ f0707e77ff8e62d22376.js:1
6b3fa00747f9dd324ead.js:2 [vue-analytics] An error occured! Please check your connection, if you have any Google Analytics blocker installed in your browser or check your custom resource URL if you have added any.
(anonymous) @ 6b3fa00747f9dd324ead.js:2
Promise.catch (async)
T @ 6b3fa00747f9dd324ead.js:2
z.default @ 6b3fa00747f9dd324ead.js:2
t.use @ 313b56cf5c96a14844d8.js:2
(anonymous) @ f0707e77ff8e62d22376.js:1
j @ 313b56cf5c96a14844d8.js:2
(anonymous) @ 313b56cf5c96a14844d8.js:2
t.<computed> @ 313b56cf5c96a14844d8.js:2
r @ 313b56cf5c96a14844d8.js:2
l @ 313b56cf5c96a14844d8.js:2
(anonymous) @ 313b56cf5c96a14844d8.js:2
(anonymous) @ 313b56cf5c96a14844d8.js:2
Ne @ f0707e77ff8e62d22376.js:1
Te @ f0707e77ff8e62d22376.js:1
(anonymous) @ f0707e77ff8e62d22376.js:1
j @ 313b56cf5c96a14844d8.js:2
(anonymous) @ 313b56cf5c96a14844d8.js:2
t.<computed> @ 313b56cf5c96a14844d8.js:2
r @ 313b56cf5c96a14844d8.js:2
l @ 313b56cf5c96a14844d8.js:2
Promise.then (async)
r @ 313b56cf5c96a14844d8.js:2
l @ 313b56cf5c96a14844d8.js:2
Promise.then (async)
r @ 313b56cf5c96a14844d8.js:2
l @ 313b56cf5c96a14844d8.js:2
Promise.then (async)
r @ 313b56cf5c96a14844d8.js:2
l @ 313b56cf5c96a14844d8.js:2
Promise.then (async)
r @ 313b56cf5c96a14844d8.js:2
l @ 313b56cf5c96a14844d8.js:2
(anonymous) @ 313b56cf5c96a14844d8.js:2
(anonymous) @ 313b56cf5c96a14844d8.js:2
Ve @ f0707e77ff8e62d22376.js:1
(anonymous) @ f0707e77ff8e62d22376.js:1
340 @ f0707e77ff8e62d22376.js:1
o @ 105558548ecff7d2e238.js:1
255 @ f0707e77ff8e62d22376.js:1
o @ 105558548ecff7d2e238.js:1
d @ 105558548ecff7d2e238.js:1
c @ 105558548ecff7d2e238.js:1
(anonymous) @ f0707e77ff8e62d22376.js:1
d54ab8b4e4dbc2ad7dbb.js:1 GET https://www.sqntbw.com/games/7/7004/5aa13b7/gameConfig.test.js net::ERR_ABORTED 404
(anonymous) @ d54ab8b4e4dbc2ad7dbb.js:1
url @ d54ab8b4e4dbc2ad7dbb.js:1
(anonymous) @ d54ab8b4e4dbc2ad7dbb.js:1
j @ 313b56cf5c96a14844d8.js:2
(anonymous) @ 313b56cf5c96a14844d8.js:2
t.<computed> @ 313b56cf5c96a14844d8.js:2
r @ 313b56cf5c96a14844d8.js:2
l @ 313b56cf5c96a14844d8.js:2
(anonymous) @ 313b56cf5c96a14844d8.js:2
(anonymous) @ 313b56cf5c96a14844d8.js:2
(anonymous) @ d54ab8b4e4dbc2ad7dbb.js:1
(anonymous) @ d54ab8b4e4dbc2ad7dbb.js:1
Promise.then (async)
initGames @ d54ab8b4e4dbc2ad7dbb.js:1
(anonymous) @ d54ab8b4e4dbc2ad7dbb.js:1
Promise.then (async)
(anonymous) @ d54ab8b4e4dbc2ad7dbb.js:1
Promise.then (async)
(anonymous) @ d54ab8b4e4dbc2ad7dbb.js:1
Promise.then (async)
initWeb @ d54ab8b4e4dbc2ad7dbb.js:1
(anonymous) @ d54ab8b4e4dbc2ad7dbb.js:1
Promise.then (async)
(anonymous) @ d54ab8b4e4dbc2ad7dbb.js:1
d @ 6b3fa00747f9dd324ead.js:2
w._settlePromiseFromHandler @ 6b3fa00747f9dd324ead.js:2
w._settlePromise @ 6b3fa00747f9dd324ead.js:2
w._settlePromise0 @ 6b3fa00747f9dd324ead.js:2
w._settlePromises @ 6b3fa00747f9dd324ead.js:2
(anonymous) @ 6b3fa00747f9dd324ead.js:2
Promise.then (async)
c @ 6b3fa00747f9dd324ead.js:2
t.hasDevTools.A.settlePromises @ 6b3fa00747f9dd324ead.js:2
w._fulfill @ 6b3fa00747f9dd324ead.js:2
w._resolveCallback @ 6b3fa00747f9dd324ead.js:2
(anonymous) @ 6b3fa00747f9dd324ead.js:2
(anonymous) @ f0707e77ff8e62d22376.js:1
d @ 6b3fa00747f9dd324ead.js:2
w._settlePromiseFromHandler @ 6b3fa00747f9dd324ead.js:2
w._settlePromise @ 6b3fa00747f9dd324ead.js:2
w._settlePromise0 @ 6b3fa00747f9dd324ead.js:2
w._settlePromises @ 6b3fa00747f9dd324ead.js:2
w._fulfill @ 6b3fa00747f9dd324ead.js:2
t._resolve @ 6b3fa00747f9dd324ead.js:2
r._promiseFulfilled @ 6b3fa00747f9dd324ead.js:2
w._settlePromise @ 6b3fa00747f9dd324ead.js:2
w._settlePromise0 @ 6b3fa00747f9dd324ead.js:2
w._settlePromises @ 6b3fa00747f9dd324ead.js:2
(anonymous) @ 6b3fa00747f9dd324ead.js:2
Promise.then (async)
c @ 6b3fa00747f9dd324ead.js:2
t.hasDevTools.A.settlePromises @ 6b3fa00747f9dd324ead.js:2
w._fulfill @ 6b3fa00747f9dd324ead.js:2
w._resolveCallback @ 6b3fa00747f9dd324ead.js:2
(anonymous) @ 6b3fa00747f9dd324ead.js:2
Promise.then (async)
d @ 6b3fa00747f9dd324ead.js:2
(anonymous) @ 6b3fa00747f9dd324ead.js:2
(anonymous) @ 6b3fa00747f9dd324ead.js:2
t._iterate @ 6b3fa00747f9dd324ead.js:2
M @ 6b3fa00747f9dd324ead.js:2
r._init @ 6b3fa00747f9dd324ead.js:2
r.init @ 6b3fa00747f9dd324ead.js:2
d @ 6b3fa00747f9dd324ead.js:2
z.some @ 6b3fa00747f9dd324ead.js:2
race @ f0707e77ff8e62d22376.js:1
(anonymous) @ f0707e77ff8e62d22376.js:1
O._execute @ 6b3fa00747f9dd324ead.js:2
w._resolveFromExecutor @ 6b3fa00747f9dd324ead.js:2
w @ 6b3fa00747f9dd324ead.js:2
speedTest @ f0707e77ff8e62d22376.js:1
(anonymous) @ d54ab8b4e4dbc2ad7dbb.js:1
d @ 6b3fa00747f9dd324ead.js:2
w._settlePromiseFromHandler @ 6b3fa00747f9dd324ead.js:2
w._settlePromise @ 6b3fa00747f9dd324ead.js:2
w._settlePromise0 @ 6b3fa00747f9dd324ead.js:2
w._settlePromises @ 6b3fa00747f9dd324ead.js:2
(anonymous) @ 6b3fa00747f9dd324ead.js:2
Promise.then (async)
c @ 6b3fa00747f9dd324ead.js:2
t.hasDevTools.A.settlePromises @ 6b3fa00747f9dd324ead.js:2
w._fulfill @ 6b3fa00747f9dd324ead.js:2
w._resolveCallback @ 6b3fa00747f9dd324ead.js:2
(anonymous) @ 6b3fa00747f9dd324ead.js:2
(anonymous) @ f0707e77ff8e62d22376.js:1
Promise.then (async)
(anonymous) @ f0707e77ff8e62d22376.js:1
O._execute @ 6b3fa00747f9dd324ead.js:2
w._resolveFromExecutor @ 6b3fa00747f9dd324ead.js:2
w @ 6b3fa00747f9dd324ead.js:2
getLineInfoByEnv @ f0707e77ff8e62d22376.js:1
mounted @ d54ab8b4e4dbc2ad7dbb.js:1
Qt @ 313b56cf5c96a14844d8.js:2
fn @ 313b56cf5c96a14844d8.js:2
insert @ 313b56cf5c96a14844d8.js:2
T @ 313b56cf5c96a14844d8.js:2
(anonymous) @ 313b56cf5c96a14844d8.js:2
t._update @ 313b56cf5c96a14844d8.js:2
r @ 313b56cf5c96a14844d8.js:2
wn.get @ 313b56cf5c96a14844d8.js:2
wn @ 313b56cf5c96a14844d8.js:2
t @ 313b56cf5c96a14844d8.js:2
Pn.$mount @ 313b56cf5c96a14844d8.js:2
d @ f0707e77ff8e62d22376.js:1
(anonymous) @ f0707e77ff8e62d22376.js:1
j @ 313b56cf5c96a14844d8.js:2
(anonymous) @ 313b56cf5c96a14844d8.js:2
t.<computed> @ 313b56cf5c96a14844d8.js:2
r @ 313b56cf5c96a14844d8.js:2
l @ 313b56cf5c96a14844d8.js:2
Promise.then (async)
r @ 313b56cf5c96a14844d8.js:2
l @ 313b56cf5c96a14844d8.js:2
Promise.then (async)
r @ 313b56cf5c96a14844d8.js:2
l @ 313b56cf5c96a14844d8.js:2
(anonymous) @ 313b56cf5c96a14844d8.js:2
(anonymous) @ 313b56cf5c96a14844d8.js:2
vt @ f0707e77ff8e62d22376.js:1
(anonymous) @ f0707e77ff8e62d22376.js:1
Promise.then (async)
340 @ f0707e77ff8e62d22376.js:1
o @ 105558548ecff7d2e238.js:1
255 @ f0707e77ff8e62d22376.js:1
o @ 105558548ecff7d2e238.js:1
d @ 105558548ecff7d2e238.js:1
c @ 105558548ecff7d2e238.js:1
(anonymous) @ f0707e77ff8e62d22376.js:1
d54ab8b4e4dbc2ad7dbb.js:1 Event {isTrusted: true, type: "error", target: script, currentTarget: script, eventPhase: 2, …}
313b56cf5c96a14844d8.js:2 GET https://radar.cedexis.com/1/23917/radar.js net::ERR_ABORTED 500
(anonymous) @ 313b56cf5c96a14844d8.js:2
(anonymous) @ 313b56cf5c96a14844d8.js:2
(anonymous) @ 313b56cf5c96a14844d8.js:2
(anonymous) @ 313b56cf5c96a14844d8.js:2
(anonymous) @ 313b56cf5c96a14844d8.js:2
(anonymous) @ 313b56cf5c96a14844d8.js:2
(anonymous) @ 313b56cf5c96a14844d8.js:2
requestAnimationFrame (async)
Y @ 313b56cf5c96a14844d8.js:2
(anonymous) @ 313b56cf5c96a14844d8.js:2
wn.run @ 313b56cf5c96a14844d8.js:2
bn @ 313b56cf5c96a14844d8.js:2
(anonymous) @ 313b56cf5c96a14844d8.js:2
ie @ 313b56cf5c96a14844d8.js:2
Promise.then (async)
ee @ 313b56cf5c96a14844d8.js:2
ue @ 313b56cf5c96a14844d8.js:2
(anonymous) @ 313b56cf5c96a14844d8.js:2
wn.update @ 313b56cf5c96a14844d8.js:2
wt.notify @ 313b56cf5c96a14844d8.js:2
set @ 313b56cf5c96a14844d8.js:2
setUserInfo @ f0707e77ff8e62d22376.js:1
(anonymous) @ 313b56cf5c96a14844d8.js:2
(anonymous) @ 313b56cf5c96a14844d8.js:2
(anonymous) @ 313b56cf5c96a14844d8.js:2
d._withCommit @ 313b56cf5c96a14844d8.js:2
d.commit @ 313b56cf5c96a14844d8.js:2
commit @ 313b56cf5c96a14844d8.js:2
(anonymous) @ d54ab8b4e4dbc2ad7dbb.js:1
Promise.then (async)
updateUserInfoPeriodically @ d54ab8b4e4dbc2ad7dbb.js:1
(anonymous) @ d54ab8b4e4dbc2ad7dbb.js:1
Promise.then (async)
(anonymous) @ d54ab8b4e4dbc2ad7dbb.js:1
Promise.then (async)
(anonymous) @ d54ab8b4e4dbc2ad7dbb.js:1
Promise.then (async)
initWeb @ d54ab8b4e4dbc2ad7dbb.js:1
(anonymous) @ d54ab8b4e4dbc2ad7dbb.js:1
Promise.then (async)
(anonymous) @ d54ab8b4e4dbc2ad7dbb.js:1
d @ 6b3fa00747f9dd324ead.js:2
w._settlePromiseFromHandler @ 6b3fa00747f9dd324ead.js:2
w._settlePromise @ 6b3fa00747f9dd324ead.js:2
w._settlePromise0 @ 6b3fa00747f9dd324ead.js:2
w._settlePromises @ 6b3fa00747f9dd324ead.js:2
(anonymous) @ 6b3fa00747f9dd324ead.js:2
Promise.then (async)
c @ 6b3fa00747f9dd324ead.js:2
t.hasDevTools.A.settlePromises @ 6b3fa00747f9dd324ead.js:2
w._fulfill @ 6b3fa00747f9dd324ead.js:2
w._resolveCallback @ 6b3fa00747f9dd324ead.js:2
(anonymous) @ 6b3fa00747f9dd324ead.js:2
(anonymous) @ f0707e77ff8e62d22376.js:1
d @ 6b3fa00747f9dd324ead.js:2
w._settlePromiseFromHandler @ 6b3fa00747f9dd324ead.js:2
w._settlePromise @ 6b3fa00747f9dd324ead.js:2
w._settlePromise0 @ 6b3fa00747f9dd324ead.js:2
w._settlePromises @ 6b3fa00747f9dd324ead.js:2
w._fulfill @ 6b3fa00747f9dd324ead.js:2
t._resolve @ 6b3fa00747f9dd324ead.js:2
r._promiseFulfilled @ 6b3fa00747f9dd324ead.js:2
w._settlePromise @ 6b3fa00747f9dd324ead.js:2
w._settlePromise0 @ 6b3fa00747f9dd324ead.js:2
w._settlePromises @ 6b3fa00747f9dd324ead.js:2
(anonymous) @ 6b3fa00747f9dd324ead.js:2
Promise.then (async)
c @ 6b3fa00747f9dd324ead.js:2
t.hasDevTools.A.settlePromises @ 6b3fa00747f9dd324ead.js:2
w._fulfill @ 6b3fa00747f9dd324ead.js:2
w._resolveCallback @ 6b3fa00747f9dd324ead.js:2
(anonymous) @ 6b3fa00747f9dd324ead.js:2
Promise.then (async)
d @ 6b3fa00747f9dd324ead.js:2
(anonymous) @ 6b3fa00747f9dd324ead.js:2
(anonymous) @ 6b3fa00747f9dd324ead.js:2
t._iterate @ 6b3fa00747f9dd324ead.js:2
M @ 6b3fa00747f9dd324ead.js:2
r._init @ 6b3fa00747f9dd324ead.js:2
r.init @ 6b3fa00747f9dd324ead.js:2
d @ 6b3fa00747f9dd324ead.js:2
z.some @ 6b3fa00747f9dd324ead.js:2
race @ f0707e77ff8e62d22376.js:1
(anonymous) @ f0707e77ff8e62d22376.js:1
O._execute @ 6b3fa00747f9dd324ead.js:2
w._resolveFromExecutor @ 6b3fa00747f9dd324ead.js:2
w @ 6b3fa00747f9dd324ead.js:2
speedTest @ f0707e77ff8e62d22376.js:1
(anonymous) @ d54ab8b4e4dbc2ad7dbb.js:1
d @ 6b3fa00747f9dd324ead.js:2
w._settlePromiseFromHandler @ 6b3fa00747f9dd324ead.js:2
w._settlePromise @ 6b3fa00747f9dd324ead.js:2
w._settlePromise0 @ 6b3fa00747f9dd324ead.js:2
w._settlePromises @ 6b3fa00747f9dd324ead.js:2
(anonymous) @ 6b3fa00747f9dd324ead.js:2
Promise.then (async)
c @ 6b3fa00747f9dd324ead.js:2
t.hasDevTools.A.settlePromises @ 6b3fa00747f9dd324ead.js:2
w._fulfill @ 6b3fa00747f9dd324ead.js:2
w._resolveCallback @ 6b3fa00747f9dd324ead.js:2
(anonymous) @ 6b3fa00747f9dd324ead.js:2
(anonymous) @ f0707e77ff8e62d22376.js:1
Promise.then (async)
(anonymous) @ f0707e77ff8e62d22376.js:1
O._execute @ 6b3fa00747f9dd324ead.js:2
w._resolveFromExecutor @ 6b3fa00747f9dd324ead.js:2
w @ 6b3fa00747f9dd324ead.js:2
getLineInfoByEnv @ f0707e77ff8e62d22376.js:1
mounted @ d54ab8b4e4dbc2ad7dbb.js:1
Qt @ 313b56cf5c96a14844d8.js:2
fn @ 313b56cf5c96a14844d8.js:2
insert @ 313b56cf5c96a14844d8.js:2
T @ 313b56cf5c96a14844d8.js:2
(anonymous) @ 313b56cf5c96a14844d8.js:2
t._update @ 313b56cf5c96a14844d8.js:2
r @ 313b56cf5c96a14844d8.js:2
wn.get @ 313b56cf5c96a14844d8.js:2
wn @ 313b56cf5c96a14844d8.js:2
t @ 313b56cf5c96a14844d8.js:2
Pn.$mount @ 313b56cf5c96a14844d8.js:2
d @ f0707e77ff8e62d22376.js:1
(anonymous) @ f0707e77ff8e62d22376.js:1
j @ 313b56cf5c96a14844d8.js:2
(anonymous) @ 313b56cf5c96a14844d8.js:2
t.<computed> @ 313b56cf5c96a14844d8.js:2
r @ 313b56cf5c96a14844d8.js:2
l @ 313b56cf5c96a14844d8.js:2
Promise.then (async)
r @ 313b56cf5c96a14844d8.js:2
l @ 313b56cf5c96a14844d8.js:2
Promise.then (async)
r @ 313b56cf5c96a14844d8.js:2
l @ 313b56cf5c96a14844d8.js:2
(anonymous) @ 313b56cf5c96a14844d8.js:2
(anonymous) @ 313b56cf5c96a14844d8.js:2
vt @ f0707e77ff8e62d22376.js:1
(anonymous) @ f0707e77ff8e62d22376.js:1
Promise.then (async)
340 @ f0707e77ff8e62d22376.js:1
o @ 105558548ecff7d2e238.js:1
255 @ f0707e77ff8e62d22376.js:1
o @ 105558548ecff7d2e238.js:1
d @ 105558548ecff7d2e238.js:1
c @ 105558548ecff7d2e238.js:1
(anonymous) @ f0707e77ff8e62d22376.js:1
main.min.js:1 DragonBones: 5.6.201 2018/01/05
Website: http://dragonbones.com/
Source and Demos: https://github.com/DragonBones/
merged_jdbbase.js:179 [INFO] SmartFox instance ready!
merged_libs_egret5.js:4 ,3,2000, 0
merged_libs_egret5.js:4 ,6,2000, 0
merged_libs_egret5.js:4 ,9,1985, 35
merged_libs_egret5.js:4 ,12,2005, 135
merged_libs_egret5.js:4 ,15,1960, 200
merged_libs_egret5.js:4 ,18,1950, 270
merged_libs_egret5.js:4 ,21,1935, 375
merged_libs_egret5.js:4 ,24,1895, 445
merged_libs_egret5.js:4 ,27,1855, 535
merged_libs_egret5.js:4 ,30,1790, 620
merged_libs_egret5.js:4 ,33,1715, 695
merged_libs_egret5.js:4 ,36,1640, 770
merged_libs_egret5.js:4 ,39,1730, 970
merged_libs_egret5.js:4 ,42,1745, 1145
merged_libs_egret5.js:4 ,45,1795, 1285
merged_libs_egret5.js:4 ,48,2255, 1855
merged_libs_egret5.js:4 ,51,2270, 1940
merged_libs_egret5.js:4 ,54,2245, 1965
merged_libs_egret5.js:4 ,57,2215, 2005
merged_libs_egret5.js:4 ,60,2155, 2065
merged_libs_egret5.js:4 ,63,2145, 2225
merged_libs_egret5.js:4 ,66,3135, 3365
merged_libs_egret5.js:4 ,69,3075, 3445
merged_libs_egret5.js:4 ,72,3090, 3520
merged_libs_egret5.js:4 ,75,3090, 3520
merged_libs_egret5.js:4 ,78,3090, 3520
merged_libs_egret5.js:4 ,81,3110, 3540
merged_libs_egret5.js:4 ,84,3110, 3540
merged_libs_egret5.js:4 ,87,3090, 3640
merged_libs_egret5.js:4 ,90,3175, 3825
merged_libs_egret5.js:4 ,93,3095, 3905
merged_libs_egret5.js:4 ,96,3000, 4000
merged_libs_egret5.js:4 ,99,2925, 4075
merged_libs_egret5.js:4 ,102,2880, 4150
merged_libs_egret5.js:4 ,105,2855, 4245
merged_libs_egret5.js:4 ,108,2805, 4325
merged_libs_egret5.js:4 ,111,2735, 4395
merged_libs_egret5.js:4 ,114,2690, 4470
merged_libs_egret5.js:4 ,117,2605, 4555
merged_libs_egret5.js:4 ,120,2535, 4625
merged_libs_egret5.js:4 ,123,2460, 4700
merged_libs_egret5.js:4 ,126,2385, 4775
merged_libs_egret5.js:4 ,129,2330, 4850
merged_libs_egret5.js:4 ,132,2245, 4935
merged_libs_egret5.js:4 ,135,2250, 5050
merged_libs_egret5.js:4 ,138,2210, 5140
merged_libs_egret5.js:4 ,141,2135, 5215
merged_libs_egret5.js:4 ,144,2765, 5945
merged_libs_egret5.js:4 ,147,3415, 6715
merged_libs_egret5.js:4 ,150,3680, 7100
merged_libs_egret5.js:4 ,153,3625, 7195
merged_libs_egret5.js:4 ,156,3555, 7265
merged_libs_egret5.js:4 ,159,3475, 7345
merged_libs_egret5.js:4 ,162,3865, 7875
merged_libs_egret5.js:4 ,165,3790, 7950
merged_libs_egret5.js:4 ,168,3775, 8075
merged_libs_egret5.js:4 ,171,3710, 8140
merged_libs_egret5.js:4 ,174,3635, 8225
merged_libs_egret5.js:4 ,177,3565, 8315
merged_libs_egret5.js:4 ,180,3550, 8400
merged_libs_egret5.js:4 ,183,3490, 8490
merged_libs_egret5.js:4 ,186,3415, 8565
merged_libs_egret5.js:4 ,189,3360, 8630
merged_libs_egret5.js:4 ,192,3415, 8835
merged_libs_egret5.js:4 ,195,3340, 8910
merged_libs_egret5.js:4 ,198,3270, 8980
merged_libs_egret5.js:4 ,201,3210, 9060
merged_libs_egret5.js:4 ,204,3150, 9130
merged_libs_egret5.js:4 ,207,3105, 9225
merged_libs_egret5.js:4 ,210,3095, 9345
merged_libs_egret5.js:4 ,213,3050, 9420
merged_libs_egret5.js:4 ,216,3005, 9485
merged_libs_egret5.js:4 ,219,3045, 9645
merged_libs_egret5.js:4 ,222,3025, 9725
merged_libs_egret5.js:4 ,225,2985, 9805
merged_libs_egret5.js:4 ,228,2885, 9905
merged_libs_egret5.js:4 ,231,3815, 10985
merged_libs_egret5.js:4 ,234,3740, 11060
merged_libs_egret5.js:4 ,237,3670, 11130
merged_libs_egret5.js:4 ,240,3640, 11240
merged_libs_egret5.js:4 ,243,3620, 11330
merged_libs_egret5.js:4 ,246,3545, 11405
merged_libs_egret5.js:4 ,249,3920, 11870
merged_libs_egret5.js:4 ,252,3855, 11945
merged_libs_egret5.js:4 ,255,3825, 12065
merged_libs_egret5.js:4 ,258,3750, 12150
merged_libs_egret5.js:4 ,261,3675, 12225
merged_libs_egret5.js:4 ,264,3970, 12590
merged_libs_egret5.js:4 ,267,3930, 12690
merged_libs_egret5.js:4 ,270,3925, 12765
merged_libs_egret5.js:4 ,273,4395, 13375
merged_libs_egret5.js:4 ,276,4325, 13445
merged_libs_egret5.js:4 ,279,4255, 13535
merged_libs_egret5.js:4 ,282,4580, 14000
merged_libs_egret5.js:4 ,285,4550, 14080
merged_libs_egret5.js:4 ,288,4550, 14080
merged_libs_egret5.js:4 ,291,4550, 14130
merged_libs_egret5.js:4 ,294,4565, 14205
merged_libs_egret5.js:4 ,297,4565, 14285
merged_libs_egret5.js:4 ,300,4845, 14655
merged_libs_egret5.js:4 ,303,4835, 14735
merged_libs_egret5.js:4 ,306,4840, 14790
merged_libs_egret5.js:4 ,309,4820, 14840
merged_libs_egret5.js:4 ,312,4840, 14910
merged_libs_egret5.js:4 ,315,4805, 14985
merged_libs_egret5.js:4 ,318,4785, 15065
merged_libs_egret5.js:4 ,321,4765, 15165
merged_libs_egret5.js:4 ,324,4780, 15230
merged_libs_egret5.js:4 ,327,4765, 15285
merged_libs_egret5.js:4 ,330,4670, 15380
merged_libs_egret5.js:4 ,333,5040, 15890
merged_libs_egret5.js:4 ,336,5095, 16025
merged_libs_egret5.js:4 ,339,5090, 16030
