www.google-analytics.com/analytics.js:1 Failed to load resource: the server responded with a status of 500 ()
6b3fa00747f9dd324ead.js:2 [vue-analytics] An error occured! Please check your connection, if you have any Google Analytics blocker installed in your browser or check your custom resource URL if you have added any.
(anonymous) @ 6b3fa00747f9dd324ead.js:2
radar.cedexis.com/1/23917/radar.js:1 Failed to load resource: the server responded with a status of 500 ()
www.sqntbw.com/games/7/7004/5aa13b7/gameConfig.test.js:1 Failed to load resource: the server responded with a status of 404 ()
d54ab8b4e4dbc2ad7dbb.js:1 Event
main.min.js:1 DragonBones: 5.6.201 2018/01/05
Website: http://dragonbones.com/
Source and Demos: https://github.com/DragonBones/
merged_jdbbase.js:179 [INFO] SmartFox instance ready!
merged_libs_egret5.js:4 ,3,2000, 0
merged_libs_egret5.js:4 ,6,1995, 5
merged_libs_egret5.js:4 ,9,1965, 35
merged_libs_egret5.js:4 ,12,1915, 105
merged_libs_egret5.js:4 ,15,2320, 630
merged_libs_egret5.js:4 ,18,2280, 700
merged_libs_egret5.js:4 ,21,2220, 770
merged_libs_egret5.js:4 ,24,2170, 910
merged_libs_egret5.js:4 ,27,2095, 985
merged_libs_egret5.js:4 ,30,2040, 1040
merged_libs_egret5.js:4 ,33,2035, 1085
merged_libs_egret5.js:4 ,36,2035, 1085
merged_libs_egret5.js:4 ,39,2035, 1085
merged_libs_egret5.js:4 ,42,2065, 1115
merged_libs_egret5.js:4 ,45,2065, 1115
merged_libs_egret5.js:4 ,48,2140, 1190
merged_libs_egret5.js:4 ,51,2170, 1220
merged_libs_egret5.js:4 ,54,2200, 1250
merged_libs_egret5.js:4 ,57,2200, 1250
merged_libs_egret5.js:4 ,60,2200, 1250
merged_libs_egret5.js:4 ,63,2200, 1250
merged_libs_egret5.js:4 ,66,2205, 1265
merged_libs_egret5.js:4 ,69,2145, 1345
merged_libs_egret5.js:4 ,72,2070, 1420
merged_libs_egret5.js:4 ,75,2015, 1495
merged_libs_egret5.js:4 ,78,1935, 1575
merged_libs_egret5.js:4 ,81,1860, 1650
merged_libs_egret5.js:4 ,84,1785, 1725
merged_libs_egret5.js:4 ,87,1755, 1815
merged_libs_egret5.js:4 ,90,1690, 1880
merged_libs_egret5.js:4 ,93,1600, 1970
merged_libs_egret5.js:4 ,96,1525, 2045
merged_libs_egret5.js:4 ,99,1465, 2115
merged_libs_egret5.js:4 ,102,1410, 2170
merged_libs_egret5.js:4 ,105,1400, 2310
merged_libs_egret5.js:4 ,108,1340, 2370
merged_libs_egret5.js:4 ,111,1290, 2460
merged_libs_egret5.js:4 ,114,1205, 2545
merged_libs_egret5.js:4 ,117,1130, 2620
merged_libs_egret5.js:4 ,120,1485, 3085
merged_libs_egret5.js:4 ,123,1425, 3175
merged_libs_egret5.js:4 ,126,1450, 3290
merged_libs_egret5.js:4 ,129,1450, 3290
merged_libs_egret5.js:4 ,132,1525, 3365
merged_libs_egret5.js:4 ,135,1525, 3365
merged_libs_egret5.js:4 ,138,1825, 3665
merged_libs_egret5.js:4 ,141,1900, 3740
merged_libs_egret5.js:4 ,144,1880, 3760
merged_libs_egret5.js:4 ,147,2015, 4015
merged_libs_egret5.js:4 ,150,1955, 4075
merged_libs_egret5.js:4 ,153,1950, 4200
merged_libs_egret5.js:4 ,156,1905, 4265
merged_libs_egret5.js:4 ,159,1820, 4360
merged_libs_egret5.js:4 ,162,1735, 4445
merged_libs_egret5.js:4 ,165,1745, 4575
merged_libs_egret5.js:4 ,168,1965, 4945
merged_libs_egret5.js:4 ,171,2975, 6085
merged_libs_egret5.js:4 ,174,2890, 6170
merged_libs_egret5.js:4 ,177,2815, 6245
merged_libs_egret5.js:4 ,180,2740, 6320
merged_libs_egret5.js:4 ,183,2715, 6425
merged_libs_egret5.js:4 ,186,2960, 6790
merged_libs_egret5.js:4 ,189,2910, 6850
merged_libs_egret5.js:4 ,192,2845, 6945
merged_libs_egret5.js:4 ,195,2760, 7030
merged_libs_egret5.js:4 ,198,2690, 7100
merged_libs_egret5.js:4 ,201,2610, 7180
merged_libs_egret5.js:4 ,204,2990, 7680
merged_libs_egret5.js:4 ,207,2985, 7685
merged_libs_egret5.js:4 ,210,2995, 7725
merged_libs_egret5.js:4 ,213,3000, 7790
merged_libs_egret5.js:4 ,216,3015, 7865
merged_libs_egret5.js:4 ,219,2980, 7950
merged_libs_egret5.js:4 ,222,2910, 8030
merged_libs_egret5.js:4 ,225,2905, 8085
merged_libs_egret5.js:4 ,228,2900, 8130
merged_libs_egret5.js:4 ,231,2890, 8170
merged_libs_egret5.js:4 ,234,2845, 8275
merged_libs_egret5.js:4 ,237,2835, 8365
merged_libs_egret5.js:4 ,240,2840, 8440
merged_libs_egret5.js:4 ,243,2895, 8545
merged_libs_egret5.js:4 ,246,2840, 8600
merged_libs_egret5.js:4 ,249,2735, 8705
merged_libs_egret5.js:4 ,252,2660, 8780
merged_libs_egret5.js:4 ,255,2580, 8860
merged_libs_egret5.js:4 ,258,2860, 9260
merged_libs_egret5.js:4 ,261,2795, 9325
merged_libs_egret5.js:4 ,264,2735, 9385
merged_libs_egret5.js:4 ,267,2640, 9480
merged_libs_egret5.js:4 ,270,2565, 9555
merged_libs_egret5.js:4 ,273,2545, 9645
merged_libs_egret5.js:4 ,276,2455, 9735
merged_libs_egret5.js:4 ,279,2385, 9805
merged_libs_egret5.js:4 ,282,2305, 9885
merged_libs_egret5.js:4 ,285,2265, 9995
merged_libs_egret5.js:4 ,288,2700, 10550
merged_libs_egret5.js:4 ,291,2705, 10685
merged_libs_egret5.js:4 ,294,2695, 10815
merged_libs_egret5.js:4 ,297,2625, 10885
merged_libs_egret5.js:4 ,300,2570, 10990
merged_libs_egret5.js:4 ,303,2520, 11070
merged_libs_egret5.js:4 ,306,2465, 11155
merged_libs_egret5.js:4 ,309,2390, 11230
merged_libs_egret5.js:4 ,312,2320, 11300
merged_libs_egret5.js:4 ,315,2250, 11380
merged_libs_egret5.js:4 ,318,2220, 11460
merged_libs_egret5.js:4 ,321,2185, 11525
merged_libs_egret5.js:4 ,324,2635, 12125
merged_libs_egret5.js:4 ,327,2575, 12205
merged_libs_egret5.js:4 ,330,2710, 12460
merged_libs_egret5.js:4 ,333,2690, 12610
merged_libs_egret5.js:4 ,336,2660, 12700
merged_libs_egret5.js:4 ,339,2765, 12905
merged_libs_egret5.js:4 ,342,2695, 12985
merged_libs_egret5.js:4 ,345,2685, 13085
merged_libs_egret5.js:4 ,348,2735, 13255
merged_libs_egret5.js:4 ,351,2670, 13330
merged_libs_egret5.js:4 ,354,2620, 13420
merged_libs_egret5.js:4 ,357,2545, 13495
merged_libs_egret5.js:4 ,360,2475, 13575
merged_libs_egret5.js:4 ,363,2400, 13650
merged_libs_egret5.js:4 ,366,2340, 13730
merged_libs_egret5.js:4 ,369,2390, 13870
merged_libs_egret5.js:4 ,372,2340, 13950
merged_libs_egret5.js:4 ,375,2300, 14050
merged_libs_egret5.js:4 ,378,2425, 14315
merged_libs_egret5.js:4 ,381,2350, 14390
merged_libs_egret5.js:4 ,384,2370, 14530
merged_libs_egret5.js:4 ,387,2320, 14600
merged_libs_egret5.js:4 ,390,2235, 14685
merged_libs_egret5.js:4 ,393,2170, 14750
merged_libs_egret5.js:4 ,396,2080, 14840
merged_libs_egret5.js:4 ,399,2045, 14925
merged_libs_egret5.js:4 ,402,2025, 15055
merged_libs_egret5.js:4 ,405,1975, 15135
merged_libs_egret5.js:4 ,408,1915, 15215
merged_libs_egret5.js:4 ,411,1845, 15285
merged_libs_egret5.js:4 ,414,1780, 15360
merged_libs_egret5.js:4 ,417,1730, 15450
merged_libs_egret5.js:4 ,420,1655, 15525
merged_libs_egret5.js:4 ,423,1580, 15600
merged_libs_egret5.js:4 ,426,1540, 15690
merged_libs_egret5.js:4 ,429,1465, 15765
merged_libs_egret5.js:4 ,432,1420, 15860
merged_libs_egret5.js:4 ,435,1350, 15930
merged_libs_egret5.js:4 ,438,1265, 16015
merged_libs_egret5.js:4 ,441,1210, 16100
merged_libs_egret5.js:4 ,444,1155, 16155
merged_libs_egret5.js:4 ,447,1085, 16245
merged_libs_egret5.js:4 ,450,1025, 16345
merged_libs_egret5.js:4 ,453,985, 16425
merged_libs_egret5.js:4 ,456,910, 16500
merged_libs_egret5.js:4 ,459,825, 16585
merged_libs_egret5.js:4 ,462,760, 16650
merged_libs_egret5.js:4 ,465,675, 16735
merged_libs_egret5.js:4 ,468,600, 16810
merged_libs_egret5.js:4 ,471,610, 16930
merged_libs_egret5.js:4 ,474,835, 17295
merged_libs_egret5.js:4 ,477,785, 17365
merged_libs_egret5.js:4 ,480,725, 17445
merged_libs_egret5.js:4 ,483,675, 17495
merged_libs_egret5.js:4 ,486,700, 17660
merged_libs_egret5.js:4 ,489,625, 17735
merged_libs_egret5.js:4 ,492,590, 17860
merged_libs_egret5.js:4 ,495,535, 17915
merged_libs_egret5.js:4 ,498,555, 18065
merged_libs_egret5.js:4 ,501,455, 18165
merged_libs_egret5.js:4 ,504,445, 18285
merged_libs_egret5.js:4 ,507,440, 18290
merged_libs_egret5.js:4 ,510,440, 18290
merged_libs_egret5.js:4 ,513,440, 18320
merged_libs_egret5.js:4 ,516,405, 18415
merged_libs_egret5.js:4 ,519,415, 18545
merged_libs_egret5.js:4 ,522,350, 18610
merged_libs_egret5.js:4 ,525,325, 18695
merged_libs_egret5.js:4 ,528,285, 18755
merged_libs_egret5.js:4 ,531,265, 18825
merged_libs_egret5.js:4 ,534,295, 18895
merged_libs_egret5.js:4 ,537,270, 18920
merged_libs_egret5.js:4 ,540,310, 19010
merged_libs_egret5.js:4 ,543,305, 19055
merged_libs_egret5.js:4 ,546,265, 19135
merged_libs_egret5.js:4 ,549,205, 19245
merged_libs_egret5.js:4 ,552,890, 19970
merged_libs_egret5.js:4 ,555,1070, 20280
merged_libs_egret5.js:4 ,558,1015, 20335
merged_libs_egret5.js:4 ,561,1075, 20465
merged_libs_egret5.js:4 ,564,1300, 20830
merged_libs_egret5.js:4 ,567,1195, 20935
merged_libs_egret5.js:4 ,570,1125, 21005
merged_libs_egret5.js:4 ,573,1110, 21050
merged_libs_egret5.js:4 ,576,1070, 21140
merged_libs_egret5.js:4 ,579,995, 21215
merged_libs_egret5.js:4 ,582,935, 21315
merged_libs_egret5.js:4 ,585,845, 21405
merged_libs_egret5.js:4 ,588,825, 21505
merged_libs_egret5.js:4 ,591,745, 21585
merged_libs_egret5.js:4 ,594,675, 21665
merged_libs_egret5.js:4 ,597,605, 21735
merged_libs_egret5.js:4 ,600,520, 21820
merged_libs_egret5.js:4 ,603,475, 21885
merged_libs_egret5.js:4 ,606,475, 21975
merged_libs_egret5.js:4 ,609,410, 22050
merged_libs_egret5.js:4 ,612,785, 22575
merged_libs_egret5.js:4 ,615,715, 22655
merged_libs_egret5.js:4 ,618,655, 22715
merged_libs_egret5.js:4 ,621,565, 22805
merged_libs_egret5.js:4 ,624,540, 22900
merged_libs_egret5.js:4 ,627,465, 22975
merged_libs_egret5.js:4 ,630,395, 23045
merged_libs_egret5.js:4 ,633,340, 23120
merged_libs_egret5.js:4 ,636,265, 23205
merged_libs_egret5.js:4 ,639,190, 23290
merged_libs_egret5.js:4 ,642,170, 23400
merged_libs_egret5.js:4 ,645,100, 23470
merged_libs_egret5.js:4 ,648,45, 23545
merged_libs_egret5.js:4 ,651,35, 23665
merged_libs_egret5.js:4 ,654,0, 23710
merged_libs_egret5.js:4 ,657,0, 23710
merged_libs_egret5.js:4 ,660,0, 23710
merged_libs_egret5.js:4 ,663,0, 23710
merged_libs_egret5.js:4 ,666,0, 23710
merged_libs_egret5.js:4 ,669,0, 23710
