6b3fa00747f9dd324ead.js:2 GET https://www.google-analytics.com/analytics.js net::ERR_ABORTED 500
(anonymous) @ 6b3fa00747f9dd324ead.js:2
(anonymous) @ 6b3fa00747f9dd324ead.js:2
T @ 6b3fa00747f9dd324ead.js:2
z.default @ 6b3fa00747f9dd324ead.js:2
t.use @ 313b56cf5c96a14844d8.js:2
(anonymous) @ f0707e77ff8e62d22376.js:1
j @ 313b56cf5c96a14844d8.js:2
(anonymous) @ 313b56cf5c96a14844d8.js:2
t.<computed> @ 313b56cf5c96a14844d8.js:2
r @ 313b56cf5c96a14844d8.js:2
l @ 313b56cf5c96a14844d8.js:2
(anonymous) @ 313b56cf5c96a14844d8.js:2
(anonymous) @ 313b56cf5c96a14844d8.js:2
Ne @ f0707e77ff8e62d22376.js:1
Te @ f0707e77ff8e62d22376.js:1
(anonymous) @ f0707e77ff8e62d22376.js:1
j @ 313b56cf5c96a14844d8.js:2
(anonymous) @ 313b56cf5c96a14844d8.js:2
t.<computed> @ 313b56cf5c96a14844d8.js:2
r @ 313b56cf5c96a14844d8.js:2
l @ 313b56cf5c96a14844d8.js:2
Promise.then (async)
r @ 313b56cf5c96a14844d8.js:2
l @ 313b56cf5c96a14844d8.js:2
Promise.then (async)
r @ 313b56cf5c96a14844d8.js:2
l @ 313b56cf5c96a14844d8.js:2
Promise.then (async)
r @ 313b56cf5c96a14844d8.js:2
l @ 313b56cf5c96a14844d8.js:2
Promise.then (async)
r @ 313b56cf5c96a14844d8.js:2
l @ 313b56cf5c96a14844d8.js:2
(anonymous) @ 313b56cf5c96a14844d8.js:2
(anonymous) @ 313b56cf5c96a14844d8.js:2
Ve @ f0707e77ff8e62d22376.js:1
(anonymous) @ f0707e77ff8e62d22376.js:1
340 @ f0707e77ff8e62d22376.js:1
o @ 105558548ecff7d2e238.js:1
255 @ f0707e77ff8e62d22376.js:1
o @ 105558548ecff7d2e238.js:1
d @ 105558548ecff7d2e238.js:1
c @ 105558548ecff7d2e238.js:1
(anonymous) @ f0707e77ff8e62d22376.js:1
6b3fa00747f9dd324ead.js:2 [vue-analytics] An error occured! Please check your connection, if you have any Google Analytics blocker installed in your browser or check your custom resource URL if you have added any.
(anonymous) @ 6b3fa00747f9dd324ead.js:2
Promise.catch (async)
T @ 6b3fa00747f9dd324ead.js:2
z.default @ 6b3fa00747f9dd324ead.js:2
t.use @ 313b56cf5c96a14844d8.js:2
(anonymous) @ f0707e77ff8e62d22376.js:1
j @ 313b56cf5c96a14844d8.js:2
(anonymous) @ 313b56cf5c96a14844d8.js:2
t.<computed> @ 313b56cf5c96a14844d8.js:2
r @ 313b56cf5c96a14844d8.js:2
l @ 313b56cf5c96a14844d8.js:2
(anonymous) @ 313b56cf5c96a14844d8.js:2
(anonymous) @ 313b56cf5c96a14844d8.js:2
Ne @ f0707e77ff8e62d22376.js:1
Te @ f0707e77ff8e62d22376.js:1
(anonymous) @ f0707e77ff8e62d22376.js:1
j @ 313b56cf5c96a14844d8.js:2
(anonymous) @ 313b56cf5c96a14844d8.js:2
t.<computed> @ 313b56cf5c96a14844d8.js:2
r @ 313b56cf5c96a14844d8.js:2
l @ 313b56cf5c96a14844d8.js:2
Promise.then (async)
r @ 313b56cf5c96a14844d8.js:2
l @ 313b56cf5c96a14844d8.js:2
Promise.then (async)
r @ 313b56cf5c96a14844d8.js:2
l @ 313b56cf5c96a14844d8.js:2
Promise.then (async)
r @ 313b56cf5c96a14844d8.js:2
l @ 313b56cf5c96a14844d8.js:2
Promise.then (async)
r @ 313b56cf5c96a14844d8.js:2
l @ 313b56cf5c96a14844d8.js:2
(anonymous) @ 313b56cf5c96a14844d8.js:2
(anonymous) @ 313b56cf5c96a14844d8.js:2
Ve @ f0707e77ff8e62d22376.js:1
(anonymous) @ f0707e77ff8e62d22376.js:1
340 @ f0707e77ff8e62d22376.js:1
o @ 105558548ecff7d2e238.js:1
255 @ f0707e77ff8e62d22376.js:1
o @ 105558548ecff7d2e238.js:1
d @ 105558548ecff7d2e238.js:1
c @ 105558548ecff7d2e238.js:1
(anonymous) @ f0707e77ff8e62d22376.js:1
313b56cf5c96a14844d8.js:2 GET https://radar.cedexis.com/1/23917/radar.js net::ERR_ABORTED 500
(anonymous) @ 313b56cf5c96a14844d8.js:2
(anonymous) @ 313b56cf5c96a14844d8.js:2
(anonymous) @ 313b56cf5c96a14844d8.js:2
(anonymous) @ 313b56cf5c96a14844d8.js:2
(anonymous) @ 313b56cf5c96a14844d8.js:2
(anonymous) @ 313b56cf5c96a14844d8.js:2
(anonymous) @ 313b56cf5c96a14844d8.js:2
requestAnimationFrame (async)
Y @ 313b56cf5c96a14844d8.js:2
(anonymous) @ 313b56cf5c96a14844d8.js:2
wn.run @ 313b56cf5c96a14844d8.js:2
bn @ 313b56cf5c96a14844d8.js:2
(anonymous) @ 313b56cf5c96a14844d8.js:2
ie @ 313b56cf5c96a14844d8.js:2
Promise.then (async)
ee @ 313b56cf5c96a14844d8.js:2
ue @ 313b56cf5c96a14844d8.js:2
(anonymous) @ 313b56cf5c96a14844d8.js:2
wn.update @ 313b56cf5c96a14844d8.js:2
wt.notify @ 313b56cf5c96a14844d8.js:2
(anonymous) @ 313b56cf5c96a14844d8.js:2
addLog @ f0707e77ff8e62d22376.js:1
(anonymous) @ 313b56cf5c96a14844d8.js:2
(anonymous) @ 313b56cf5c96a14844d8.js:2
(anonymous) @ 313b56cf5c96a14844d8.js:2
d._withCommit @ 313b56cf5c96a14844d8.js:2
d.commit @ 313b56cf5c96a14844d8.js:2
commit @ 313b56cf5c96a14844d8.js:2
r.commit @ 313b56cf5c96a14844d8.js:2
setLog @ f0707e77ff8e62d22376.js:1
(anonymous) @ 313b56cf5c96a14844d8.js:2
d.dispatch @ 313b56cf5c96a14844d8.js:2
dispatch @ 313b56cf5c96a14844d8.js:2
(anonymous) @ d54ab8b4e4dbc2ad7dbb.js:1
Promise.then (async)
(anonymous) @ d54ab8b4e4dbc2ad7dbb.js:1
Promise.then (async)
(anonymous) @ d54ab8b4e4dbc2ad7dbb.js:1
Promise.then (async)
initWeb @ d54ab8b4e4dbc2ad7dbb.js:1
(anonymous) @ d54ab8b4e4dbc2ad7dbb.js:1
Promise.then (async)
(anonymous) @ d54ab8b4e4dbc2ad7dbb.js:1
d @ 6b3fa00747f9dd324ead.js:2
w._settlePromiseFromHandler @ 6b3fa00747f9dd324ead.js:2
w._settlePromise @ 6b3fa00747f9dd324ead.js:2
w._settlePromise0 @ 6b3fa00747f9dd324ead.js:2
w._settlePromises @ 6b3fa00747f9dd324ead.js:2
(anonymous) @ 6b3fa00747f9dd324ead.js:2
Promise.then (async)
c @ 6b3fa00747f9dd324ead.js:2
t.hasDevTools.A.settlePromises @ 6b3fa00747f9dd324ead.js:2
w._fulfill @ 6b3fa00747f9dd324ead.js:2
w._resolveCallback @ 6b3fa00747f9dd324ead.js:2
(anonymous) @ 6b3fa00747f9dd324ead.js:2
(anonymous) @ f0707e77ff8e62d22376.js:1
d @ 6b3fa00747f9dd324ead.js:2
w._settlePromiseFromHandler @ 6b3fa00747f9dd324ead.js:2
w._settlePromise @ 6b3fa00747f9dd324ead.js:2
w._settlePromise0 @ 6b3fa00747f9dd324ead.js:2
w._settlePromises @ 6b3fa00747f9dd324ead.js:2
w._fulfill @ 6b3fa00747f9dd324ead.js:2
t._resolve @ 6b3fa00747f9dd324ead.js:2
r._promiseFulfilled @ 6b3fa00747f9dd324ead.js:2
w._settlePromise @ 6b3fa00747f9dd324ead.js:2
w._settlePromise0 @ 6b3fa00747f9dd324ead.js:2
w._settlePromises @ 6b3fa00747f9dd324ead.js:2
(anonymous) @ 6b3fa00747f9dd324ead.js:2
Promise.then (async)
c @ 6b3fa00747f9dd324ead.js:2
t.hasDevTools.A.settlePromises @ 6b3fa00747f9dd324ead.js:2
w._fulfill @ 6b3fa00747f9dd324ead.js:2
w._resolveCallback @ 6b3fa00747f9dd324ead.js:2
(anonymous) @ 6b3fa00747f9dd324ead.js:2
Promise.then (async)
d @ 6b3fa00747f9dd324ead.js:2
(anonymous) @ 6b3fa00747f9dd324ead.js:2
(anonymous) @ 6b3fa00747f9dd324ead.js:2
t._iterate @ 6b3fa00747f9dd324ead.js:2
M @ 6b3fa00747f9dd324ead.js:2
r._init @ 6b3fa00747f9dd324ead.js:2
r.init @ 6b3fa00747f9dd324ead.js:2
d @ 6b3fa00747f9dd324ead.js:2
z.some @ 6b3fa00747f9dd324ead.js:2
race @ f0707e77ff8e62d22376.js:1
(anonymous) @ f0707e77ff8e62d22376.js:1
O._execute @ 6b3fa00747f9dd324ead.js:2
w._resolveFromExecutor @ 6b3fa00747f9dd324ead.js:2
w @ 6b3fa00747f9dd324ead.js:2
speedTest @ f0707e77ff8e62d22376.js:1
(anonymous) @ d54ab8b4e4dbc2ad7dbb.js:1
d @ 6b3fa00747f9dd324ead.js:2
w._settlePromiseFromHandler @ 6b3fa00747f9dd324ead.js:2
w._settlePromise @ 6b3fa00747f9dd324ead.js:2
w._settlePromise0 @ 6b3fa00747f9dd324ead.js:2
w._settlePromises @ 6b3fa00747f9dd324ead.js:2
(anonymous) @ 6b3fa00747f9dd324ead.js:2
Promise.then (async)
c @ 6b3fa00747f9dd324ead.js:2
t.hasDevTools.A.settlePromises @ 6b3fa00747f9dd324ead.js:2
w._fulfill @ 6b3fa00747f9dd324ead.js:2
w._resolveCallback @ 6b3fa00747f9dd324ead.js:2
(anonymous) @ 6b3fa00747f9dd324ead.js:2
(anonymous) @ f0707e77ff8e62d22376.js:1
Promise.then (async)
(anonymous) @ f0707e77ff8e62d22376.js:1
O._execute @ 6b3fa00747f9dd324ead.js:2
w._resolveFromExecutor @ 6b3fa00747f9dd324ead.js:2
w @ 6b3fa00747f9dd324ead.js:2
getLineInfoByEnv @ f0707e77ff8e62d22376.js:1
mounted @ d54ab8b4e4dbc2ad7dbb.js:1
Qt @ 313b56cf5c96a14844d8.js:2
fn @ 313b56cf5c96a14844d8.js:2
insert @ 313b56cf5c96a14844d8.js:2
T @ 313b56cf5c96a14844d8.js:2
(anonymous) @ 313b56cf5c96a14844d8.js:2
t._update @ 313b56cf5c96a14844d8.js:2
r @ 313b56cf5c96a14844d8.js:2
wn.get @ 313b56cf5c96a14844d8.js:2
wn @ 313b56cf5c96a14844d8.js:2
t @ 313b56cf5c96a14844d8.js:2
Pn.$mount @ 313b56cf5c96a14844d8.js:2
d @ f0707e77ff8e62d22376.js:1
(anonymous) @ f0707e77ff8e62d22376.js:1
j @ 313b56cf5c96a14844d8.js:2
(anonymous) @ 313b56cf5c96a14844d8.js:2
t.<computed> @ 313b56cf5c96a14844d8.js:2
r @ 313b56cf5c96a14844d8.js:2
l @ 313b56cf5c96a14844d8.js:2
Promise.then (async)
r @ 313b56cf5c96a14844d8.js:2
l @ 313b56cf5c96a14844d8.js:2
Promise.then (async)
r @ 313b56cf5c96a14844d8.js:2
l @ 313b56cf5c96a14844d8.js:2
(anonymous) @ 313b56cf5c96a14844d8.js:2
(anonymous) @ 313b56cf5c96a14844d8.js:2
vt @ f0707e77ff8e62d22376.js:1
(anonymous) @ f0707e77ff8e62d22376.js:1
Promise.then (async)
340 @ f0707e77ff8e62d22376.js:1
o @ 105558548ecff7d2e238.js:1
255 @ f0707e77ff8e62d22376.js:1
o @ 105558548ecff7d2e238.js:1
d @ 105558548ecff7d2e238.js:1
c @ 105558548ecff7d2e238.js:1
(anonymous) @ f0707e77ff8e62d22376.js:1
d54ab8b4e4dbc2ad7dbb.js:1 GET https://www.sqntbw.com/games/7/7004/5aa13b7/gameConfig.test.js net::ERR_ABORTED 404
(anonymous) @ d54ab8b4e4dbc2ad7dbb.js:1
url @ d54ab8b4e4dbc2ad7dbb.js:1
(anonymous) @ d54ab8b4e4dbc2ad7dbb.js:1
j @ 313b56cf5c96a14844d8.js:2
(anonymous) @ 313b56cf5c96a14844d8.js:2
t.<computed> @ 313b56cf5c96a14844d8.js:2
r @ 313b56cf5c96a14844d8.js:2
l @ 313b56cf5c96a14844d8.js:2
(anonymous) @ 313b56cf5c96a14844d8.js:2
(anonymous) @ 313b56cf5c96a14844d8.js:2
(anonymous) @ d54ab8b4e4dbc2ad7dbb.js:1
(anonymous) @ d54ab8b4e4dbc2ad7dbb.js:1
Promise.then (async)
initGames @ d54ab8b4e4dbc2ad7dbb.js:1
(anonymous) @ d54ab8b4e4dbc2ad7dbb.js:1
Promise.then (async)
(anonymous) @ d54ab8b4e4dbc2ad7dbb.js:1
Promise.then (async)
(anonymous) @ d54ab8b4e4dbc2ad7dbb.js:1
Promise.then (async)
initWeb @ d54ab8b4e4dbc2ad7dbb.js:1
(anonymous) @ d54ab8b4e4dbc2ad7dbb.js:1
Promise.then (async)
(anonymous) @ d54ab8b4e4dbc2ad7dbb.js:1
d @ 6b3fa00747f9dd324ead.js:2
w._settlePromiseFromHandler @ 6b3fa00747f9dd324ead.js:2
w._settlePromise @ 6b3fa00747f9dd324ead.js:2
w._settlePromise0 @ 6b3fa00747f9dd324ead.js:2
w._settlePromises @ 6b3fa00747f9dd324ead.js:2
(anonymous) @ 6b3fa00747f9dd324ead.js:2
Promise.then (async)
c @ 6b3fa00747f9dd324ead.js:2
t.hasDevTools.A.settlePromises @ 6b3fa00747f9dd324ead.js:2
w._fulfill @ 6b3fa00747f9dd324ead.js:2
w._resolveCallback @ 6b3fa00747f9dd324ead.js:2
(anonymous) @ 6b3fa00747f9dd324ead.js:2
(anonymous) @ f0707e77ff8e62d22376.js:1
d @ 6b3fa00747f9dd324ead.js:2
w._settlePromiseFromHandler @ 6b3fa00747f9dd324ead.js:2
w._settlePromise @ 6b3fa00747f9dd324ead.js:2
w._settlePromise0 @ 6b3fa00747f9dd324ead.js:2
w._settlePromises @ 6b3fa00747f9dd324ead.js:2
w._fulfill @ 6b3fa00747f9dd324ead.js:2
t._resolve @ 6b3fa00747f9dd324ead.js:2
r._promiseFulfilled @ 6b3fa00747f9dd324ead.js:2
w._settlePromise @ 6b3fa00747f9dd324ead.js:2
w._settlePromise0 @ 6b3fa00747f9dd324ead.js:2
w._settlePromises @ 6b3fa00747f9dd324ead.js:2
(anonymous) @ 6b3fa00747f9dd324ead.js:2
Promise.then (async)
c @ 6b3fa00747f9dd324ead.js:2
t.hasDevTools.A.settlePromises @ 6b3fa00747f9dd324ead.js:2
w._fulfill @ 6b3fa00747f9dd324ead.js:2
w._resolveCallback @ 6b3fa00747f9dd324ead.js:2
(anonymous) @ 6b3fa00747f9dd324ead.js:2
Promise.then (async)
d @ 6b3fa00747f9dd324ead.js:2
(anonymous) @ 6b3fa00747f9dd324ead.js:2
(anonymous) @ 6b3fa00747f9dd324ead.js:2
t._iterate @ 6b3fa00747f9dd324ead.js:2
M @ 6b3fa00747f9dd324ead.js:2
r._init @ 6b3fa00747f9dd324ead.js:2
r.init @ 6b3fa00747f9dd324ead.js:2
d @ 6b3fa00747f9dd324ead.js:2
z.some @ 6b3fa00747f9dd324ead.js:2
race @ f0707e77ff8e62d22376.js:1
(anonymous) @ f0707e77ff8e62d22376.js:1
O._execute @ 6b3fa00747f9dd324ead.js:2
w._resolveFromExecutor @ 6b3fa00747f9dd324ead.js:2
w @ 6b3fa00747f9dd324ead.js:2
speedTest @ f0707e77ff8e62d22376.js:1
(anonymous) @ d54ab8b4e4dbc2ad7dbb.js:1
d @ 6b3fa00747f9dd324ead.js:2
w._settlePromiseFromHandler @ 6b3fa00747f9dd324ead.js:2
w._settlePromise @ 6b3fa00747f9dd324ead.js:2
w._settlePromise0 @ 6b3fa00747f9dd324ead.js:2
w._settlePromises @ 6b3fa00747f9dd324ead.js:2
(anonymous) @ 6b3fa00747f9dd324ead.js:2
Promise.then (async)
c @ 6b3fa00747f9dd324ead.js:2
t.hasDevTools.A.settlePromises @ 6b3fa00747f9dd324ead.js:2
w._fulfill @ 6b3fa00747f9dd324ead.js:2
w._resolveCallback @ 6b3fa00747f9dd324ead.js:2
(anonymous) @ 6b3fa00747f9dd324ead.js:2
(anonymous) @ f0707e77ff8e62d22376.js:1
Promise.then (async)
(anonymous) @ f0707e77ff8e62d22376.js:1
O._execute @ 6b3fa00747f9dd324ead.js:2
w._resolveFromExecutor @ 6b3fa00747f9dd324ead.js:2
w @ 6b3fa00747f9dd324ead.js:2
getLineInfoByEnv @ f0707e77ff8e62d22376.js:1
mounted @ d54ab8b4e4dbc2ad7dbb.js:1
Qt @ 313b56cf5c96a14844d8.js:2
fn @ 313b56cf5c96a14844d8.js:2
insert @ 313b56cf5c96a14844d8.js:2
T @ 313b56cf5c96a14844d8.js:2
(anonymous) @ 313b56cf5c96a14844d8.js:2
t._update @ 313b56cf5c96a14844d8.js:2
r @ 313b56cf5c96a14844d8.js:2
wn.get @ 313b56cf5c96a14844d8.js:2
wn @ 313b56cf5c96a14844d8.js:2
t @ 313b56cf5c96a14844d8.js:2
Pn.$mount @ 313b56cf5c96a14844d8.js:2
d @ f0707e77ff8e62d22376.js:1
(anonymous) @ f0707e77ff8e62d22376.js:1
j @ 313b56cf5c96a14844d8.js:2
(anonymous) @ 313b56cf5c96a14844d8.js:2
t.<computed> @ 313b56cf5c96a14844d8.js:2
r @ 313b56cf5c96a14844d8.js:2
l @ 313b56cf5c96a14844d8.js:2
Promise.then (async)
r @ 313b56cf5c96a14844d8.js:2
l @ 313b56cf5c96a14844d8.js:2
Promise.then (async)
r @ 313b56cf5c96a14844d8.js:2
l @ 313b56cf5c96a14844d8.js:2
(anonymous) @ 313b56cf5c96a14844d8.js:2
(anonymous) @ 313b56cf5c96a14844d8.js:2
vt @ f0707e77ff8e62d22376.js:1
(anonymous) @ f0707e77ff8e62d22376.js:1
Promise.then (async)
340 @ f0707e77ff8e62d22376.js:1
o @ 105558548ecff7d2e238.js:1
255 @ f0707e77ff8e62d22376.js:1
o @ 105558548ecff7d2e238.js:1
d @ 105558548ecff7d2e238.js:1
c @ 105558548ecff7d2e238.js:1
(anonymous) @ f0707e77ff8e62d22376.js:1
d54ab8b4e4dbc2ad7dbb.js:1 Event {isTrusted: true, type: "error", target: script, currentTarget: script, eventPhase: 2, …}
main.min.js:1 DragonBones: 5.6.201 2018/01/05
Website: http://dragonbones.com/
Source and Demos: https://github.com/DragonBones/
merged_jdbbase.js:179 [INFO] SmartFox instance ready!
merged_libs_egret5.js:4 ,3,2000, 0
merged_libs_egret5.js:4 ,6,2000, 0
merged_libs_egret5.js:4 ,9,1980, 70
merged_libs_egret5.js:4 ,12,1930, 170
merged_libs_egret5.js:4 ,15,2345, 745
merged_libs_egret5.js:4 ,18,2280, 810
merged_libs_egret5.js:4 ,21,2725, 1385
merged_libs_egret5.js:4 ,24,2655, 1455
merged_libs_egret5.js:4 ,27,2585, 1525
merged_libs_egret5.js:4 ,30,2600, 1670
merged_libs_egret5.js:4 ,33,2545, 1745
merged_libs_egret5.js:4 ,36,2465, 1825
merged_libs_egret5.js:4 ,39,2385, 1905
merged_libs_egret5.js:4 ,42,2330, 2000
merged_libs_egret5.js:4 ,45,2495, 2265
merged_libs_egret5.js:4 ,48,2445, 2335
merged_libs_egret5.js:4 ,51,2360, 2420
merged_libs_egret5.js:4 ,54,2290, 2490
merged_libs_egret5.js:4 ,57,2280, 2630
merged_libs_egret5.js:4 ,60,2245, 2715
merged_libs_egret5.js:4 ,63,2215, 2745
merged_libs_egret5.js:4 ,66,2215, 2745
merged_libs_egret5.js:4 ,69,2215, 2745
merged_libs_egret5.js:4 ,72,2215, 2745
merged_libs_egret5.js:4 ,75,2175, 2785
merged_libs_egret5.js:4 ,78,2075, 2885
merged_libs_egret5.js:4 ,81,2000, 2960
merged_libs_egret5.js:4 ,84,1975, 3075
merged_libs_egret5.js:4 ,87,1985, 3185
merged_libs_egret5.js:4 ,90,2030, 3280
merged_libs_egret5.js:4 ,93,1995, 3395
merged_libs_egret5.js:4 ,96,1990, 3520
merged_libs_egret5.js:4 ,99,1960, 3590
merged_libs_egret5.js:4 ,102,1945, 3705
merged_libs_egret5.js:4 ,105,1840, 3810
merged_libs_egret5.js:4 ,108,1805, 3905
merged_libs_egret5.js:4 ,111,1770, 4000
merged_libs_egret5.js:4 ,114,1805, 4145
merged_libs_egret5.js:4 ,117,1930, 4410
merged_libs_egret5.js:4 ,120,1845, 4495
merged_libs_egret5.js:4 ,123,1785, 4555
merged_libs_egret5.js:4 ,126,1700, 4640
merged_libs_egret5.js:4 ,129,1640, 4720
merged_libs_egret5.js:4 ,132,1600, 4820
merged_libs_egret5.js:4 ,135,1580, 4910
merged_libs_egret5.js:4 ,138,1500, 5000
merged_libs_egret5.js:4 ,141,1425, 5075
merged_libs_egret5.js:4 ,144,1350, 5150
merged_libs_egret5.js:4 ,147,1305, 5235
merged_libs_egret5.js:4 ,150,1230, 5310
merged_libs_egret5.js:4 ,153,1155, 5385
merged_libs_egret5.js:4 ,156,1100, 5480
merged_libs_egret5.js:4 ,159,1025, 5555
merged_libs_egret5.js:4 ,162,1015, 5675
merged_libs_egret5.js:4 ,165,935, 5755
merged_libs_egret5.js:4 ,168,885, 5845
merged_libs_egret5.js:4 ,171,885, 5845
merged_libs_egret5.js:4 ,174,1420, 6380
merged_libs_egret5.js:4 ,177,1645, 6605
merged_libs_egret5.js:4 ,180,1605, 6725
merged_libs_egret5.js:4 ,183,1530, 6800
merged_libs_egret5.js:4 ,186,1450, 6880
merged_libs_egret5.js:4 ,189,1375, 6955
merged_libs_egret5.js:4 ,192,1305, 7025
merged_libs_egret5.js:4 ,195,1250, 7100
merged_libs_egret5.js:4 ,198,1195, 7155
merged_libs_egret5.js:4 ,201,1105, 7255
merged_libs_egret5.js:4 ,204,1030, 7330
merged_libs_egret5.js:4 ,207,1065, 7465
merged_libs_egret5.js:4 ,210,1115, 7655
merged_libs_egret5.js:4 ,213,1060, 7710
merged_libs_egret5.js:4 ,216,970, 7800
merged_libs_egret5.js:4 ,219,890, 7880
merged_libs_egret5.js:4 ,222,1470, 8580
merged_libs_egret5.js:4 ,225,1380, 8670
merged_libs_egret5.js:4 ,228,1305, 8745
merged_libs_egret5.js:4 ,231,1265, 8805
merged_libs_egret5.js:4 ,234,1195, 8885
merged_libs_egret5.js:4 ,237,1125, 8965
merged_libs_egret5.js:4 ,240,1245, 9235
merged_libs_egret5.js:4 ,243,1400, 9510
merged_libs_egret5.js:4 ,246,1400, 9510
merged_libs_egret5.js:4 ,249,1400, 9510
merged_libs_egret5.js:4 ,252,1400, 9510
merged_libs_egret5.js:4 ,255,1420, 9530
merged_libs_egret5.js:4 ,258,1420, 9530
merged_libs_egret5.js:4 ,261,1420, 9530
merged_libs_egret5.js:4 ,264,1375, 9575
merged_libs_egret5.js:4 ,267,1375, 9705
merged_libs_egret5.js:4 ,270,1305, 9775
merged_libs_egret5.js:4 ,273,1285, 9825
merged_libs_egret5.js:4 ,276,1240, 9980
merged_libs_egret5.js:4 ,279,1180, 10060
merged_libs_egret5.js:4 ,282,1110, 10130
merged_libs_egret5.js:4 ,285,1035, 10205
merged_libs_egret5.js:4 ,288,955, 10285
merged_libs_egret5.js:4 ,291,895, 10355
merged_libs_egret5.js:4 ,294,820, 10430
merged_libs_egret5.js:4 ,297,740, 10510
merged_libs_egret5.js:4 ,300,680, 10580
merged_libs_egret5.js:4 ,303,630, 10660
merged_libs_egret5.js:4 ,306,555, 10735
merged_libs_egret5.js:4 ,309,505, 10805
merged_libs_egret5.js:4 ,312,425, 10885
merged_libs_egret5.js:4 ,315,385, 10965
merged_libs_egret5.js:4 ,318,305, 11045
merged_libs_egret5.js:4 ,321,240, 11110
merged_libs_egret5.js:4 ,324,220, 11210
merged_libs_egret5.js:4 ,327,130, 11300
merged_libs_egret5.js:4 ,330,85, 11395
merged_libs_egret5.js:4 ,333,50, 11490
merged_libs_egret5.js:4 ,336,0, 11560
merged_libs_egret5.js:4 ,339,0, 11560
merged_libs_egret5.js:4 ,342,0, 11560
