6b3fa00747f9dd324ead.js:2 GET https://www.google-analytics.com/analytics.js net::ERR_ABORTED 500
(anonymous) @ 6b3fa00747f9dd324ead.js:2
(anonymous) @ 6b3fa00747f9dd324ead.js:2
T @ 6b3fa00747f9dd324ead.js:2
z.default @ 6b3fa00747f9dd324ead.js:2
t.use @ 313b56cf5c96a14844d8.js:2
(anonymous) @ f0707e77ff8e62d22376.js:1
j @ 313b56cf5c96a14844d8.js:2
(anonymous) @ 313b56cf5c96a14844d8.js:2
t.<computed> @ 313b56cf5c96a14844d8.js:2
r @ 313b56cf5c96a14844d8.js:2
l @ 313b56cf5c96a14844d8.js:2
(anonymous) @ 313b56cf5c96a14844d8.js:2
(anonymous) @ 313b56cf5c96a14844d8.js:2
Ne @ f0707e77ff8e62d22376.js:1
Te @ f0707e77ff8e62d22376.js:1
(anonymous) @ f0707e77ff8e62d22376.js:1
j @ 313b56cf5c96a14844d8.js:2
(anonymous) @ 313b56cf5c96a14844d8.js:2
t.<computed> @ 313b56cf5c96a14844d8.js:2
r @ 313b56cf5c96a14844d8.js:2
l @ 313b56cf5c96a14844d8.js:2
Promise.then (async)
r @ 313b56cf5c96a14844d8.js:2
l @ 313b56cf5c96a14844d8.js:2
Promise.then (async)
r @ 313b56cf5c96a14844d8.js:2
l @ 313b56cf5c96a14844d8.js:2
Promise.then (async)
r @ 313b56cf5c96a14844d8.js:2
l @ 313b56cf5c96a14844d8.js:2
Promise.then (async)
r @ 313b56cf5c96a14844d8.js:2
l @ 313b56cf5c96a14844d8.js:2
(anonymous) @ 313b56cf5c96a14844d8.js:2
(anonymous) @ 313b56cf5c96a14844d8.js:2
Ve @ f0707e77ff8e62d22376.js:1
(anonymous) @ f0707e77ff8e62d22376.js:1
340 @ f0707e77ff8e62d22376.js:1
o @ 105558548ecff7d2e238.js:1
255 @ f0707e77ff8e62d22376.js:1
o @ 105558548ecff7d2e238.js:1
d @ 105558548ecff7d2e238.js:1
c @ 105558548ecff7d2e238.js:1
(anonymous) @ f0707e77ff8e62d22376.js:1
6b3fa00747f9dd324ead.js:2 [vue-analytics] An error occured! Please check your connection, if you have any Google Analytics blocker installed in your browser or check your custom resource URL if you have added any.
(anonymous) @ 6b3fa00747f9dd324ead.js:2
Promise.catch (async)
T @ 6b3fa00747f9dd324ead.js:2
z.default @ 6b3fa00747f9dd324ead.js:2
t.use @ 313b56cf5c96a14844d8.js:2
(anonymous) @ f0707e77ff8e62d22376.js:1
j @ 313b56cf5c96a14844d8.js:2
(anonymous) @ 313b56cf5c96a14844d8.js:2
t.<computed> @ 313b56cf5c96a14844d8.js:2
r @ 313b56cf5c96a14844d8.js:2
l @ 313b56cf5c96a14844d8.js:2
(anonymous) @ 313b56cf5c96a14844d8.js:2
(anonymous) @ 313b56cf5c96a14844d8.js:2
Ne @ f0707e77ff8e62d22376.js:1
Te @ f0707e77ff8e62d22376.js:1
(anonymous) @ f0707e77ff8e62d22376.js:1
j @ 313b56cf5c96a14844d8.js:2
(anonymous) @ 313b56cf5c96a14844d8.js:2
t.<computed> @ 313b56cf5c96a14844d8.js:2
r @ 313b56cf5c96a14844d8.js:2
l @ 313b56cf5c96a14844d8.js:2
Promise.then (async)
r @ 313b56cf5c96a14844d8.js:2
l @ 313b56cf5c96a14844d8.js:2
Promise.then (async)
r @ 313b56cf5c96a14844d8.js:2
l @ 313b56cf5c96a14844d8.js:2
Promise.then (async)
r @ 313b56cf5c96a14844d8.js:2
l @ 313b56cf5c96a14844d8.js:2
Promise.then (async)
r @ 313b56cf5c96a14844d8.js:2
l @ 313b56cf5c96a14844d8.js:2
(anonymous) @ 313b56cf5c96a14844d8.js:2
(anonymous) @ 313b56cf5c96a14844d8.js:2
Ve @ f0707e77ff8e62d22376.js:1
(anonymous) @ f0707e77ff8e62d22376.js:1
340 @ f0707e77ff8e62d22376.js:1
o @ 105558548ecff7d2e238.js:1
255 @ f0707e77ff8e62d22376.js:1
o @ 105558548ecff7d2e238.js:1
d @ 105558548ecff7d2e238.js:1
c @ 105558548ecff7d2e238.js:1
(anonymous) @ f0707e77ff8e62d22376.js:1
313b56cf5c96a14844d8.js:2 GET https://radar.cedexis.com/1/23917/radar.js net::ERR_ABORTED 500
(anonymous) @ 313b56cf5c96a14844d8.js:2
(anonymous) @ 313b56cf5c96a14844d8.js:2
(anonymous) @ 313b56cf5c96a14844d8.js:2
(anonymous) @ 313b56cf5c96a14844d8.js:2
(anonymous) @ 313b56cf5c96a14844d8.js:2
(anonymous) @ 313b56cf5c96a14844d8.js:2
(anonymous) @ 313b56cf5c96a14844d8.js:2
requestAnimationFrame (async)
Y @ 313b56cf5c96a14844d8.js:2
(anonymous) @ 313b56cf5c96a14844d8.js:2
wn.run @ 313b56cf5c96a14844d8.js:2
bn @ 313b56cf5c96a14844d8.js:2
(anonymous) @ 313b56cf5c96a14844d8.js:2
ie @ 313b56cf5c96a14844d8.js:2
Promise.then (async)
ee @ 313b56cf5c96a14844d8.js:2
ue @ 313b56cf5c96a14844d8.js:2
(anonymous) @ 313b56cf5c96a14844d8.js:2
wn.update @ 313b56cf5c96a14844d8.js:2
wt.notify @ 313b56cf5c96a14844d8.js:2
(anonymous) @ 313b56cf5c96a14844d8.js:2
addLog @ f0707e77ff8e62d22376.js:1
(anonymous) @ 313b56cf5c96a14844d8.js:2
(anonymous) @ 313b56cf5c96a14844d8.js:2
(anonymous) @ 313b56cf5c96a14844d8.js:2
d._withCommit @ 313b56cf5c96a14844d8.js:2
d.commit @ 313b56cf5c96a14844d8.js:2
commit @ 313b56cf5c96a14844d8.js:2
r.commit @ 313b56cf5c96a14844d8.js:2
setLog @ f0707e77ff8e62d22376.js:1
(anonymous) @ 313b56cf5c96a14844d8.js:2
d.dispatch @ 313b56cf5c96a14844d8.js:2
dispatch @ 313b56cf5c96a14844d8.js:2
(anonymous) @ d54ab8b4e4dbc2ad7dbb.js:1
Promise.then (async)
(anonymous) @ d54ab8b4e4dbc2ad7dbb.js:1
Promise.then (async)
(anonymous) @ d54ab8b4e4dbc2ad7dbb.js:1
Promise.then (async)
initWeb @ d54ab8b4e4dbc2ad7dbb.js:1
(anonymous) @ d54ab8b4e4dbc2ad7dbb.js:1
Promise.then (async)
(anonymous) @ d54ab8b4e4dbc2ad7dbb.js:1
d @ 6b3fa00747f9dd324ead.js:2
w._settlePromiseFromHandler @ 6b3fa00747f9dd324ead.js:2
w._settlePromise @ 6b3fa00747f9dd324ead.js:2
w._settlePromise0 @ 6b3fa00747f9dd324ead.js:2
w._settlePromises @ 6b3fa00747f9dd324ead.js:2
(anonymous) @ 6b3fa00747f9dd324ead.js:2
Promise.then (async)
c @ 6b3fa00747f9dd324ead.js:2
t.hasDevTools.A.settlePromises @ 6b3fa00747f9dd324ead.js:2
w._fulfill @ 6b3fa00747f9dd324ead.js:2
w._resolveCallback @ 6b3fa00747f9dd324ead.js:2
(anonymous) @ 6b3fa00747f9dd324ead.js:2
(anonymous) @ f0707e77ff8e62d22376.js:1
d @ 6b3fa00747f9dd324ead.js:2
w._settlePromiseFromHandler @ 6b3fa00747f9dd324ead.js:2
w._settlePromise @ 6b3fa00747f9dd324ead.js:2
w._settlePromise0 @ 6b3fa00747f9dd324ead.js:2
w._settlePromises @ 6b3fa00747f9dd324ead.js:2
w._fulfill @ 6b3fa00747f9dd324ead.js:2
t._resolve @ 6b3fa00747f9dd324ead.js:2
r._promiseFulfilled @ 6b3fa00747f9dd324ead.js:2
w._settlePromise @ 6b3fa00747f9dd324ead.js:2
w._settlePromise0 @ 6b3fa00747f9dd324ead.js:2
w._settlePromises @ 6b3fa00747f9dd324ead.js:2
(anonymous) @ 6b3fa00747f9dd324ead.js:2
Promise.then (async)
c @ 6b3fa00747f9dd324ead.js:2
t.hasDevTools.A.settlePromises @ 6b3fa00747f9dd324ead.js:2
w._fulfill @ 6b3fa00747f9dd324ead.js:2
w._resolveCallback @ 6b3fa00747f9dd324ead.js:2
(anonymous) @ 6b3fa00747f9dd324ead.js:2
Promise.then (async)
d @ 6b3fa00747f9dd324ead.js:2
(anonymous) @ 6b3fa00747f9dd324ead.js:2
(anonymous) @ 6b3fa00747f9dd324ead.js:2
t._iterate @ 6b3fa00747f9dd324ead.js:2
M @ 6b3fa00747f9dd324ead.js:2
r._init @ 6b3fa00747f9dd324ead.js:2
r.init @ 6b3fa00747f9dd324ead.js:2
d @ 6b3fa00747f9dd324ead.js:2
z.some @ 6b3fa00747f9dd324ead.js:2
race @ f0707e77ff8e62d22376.js:1
(anonymous) @ f0707e77ff8e62d22376.js:1
O._execute @ 6b3fa00747f9dd324ead.js:2
w._resolveFromExecutor @ 6b3fa00747f9dd324ead.js:2
w @ 6b3fa00747f9dd324ead.js:2
speedTest @ f0707e77ff8e62d22376.js:1
(anonymous) @ d54ab8b4e4dbc2ad7dbb.js:1
d @ 6b3fa00747f9dd324ead.js:2
w._settlePromiseFromHandler @ 6b3fa00747f9dd324ead.js:2
w._settlePromise @ 6b3fa00747f9dd324ead.js:2
w._settlePromise0 @ 6b3fa00747f9dd324ead.js:2
w._settlePromises @ 6b3fa00747f9dd324ead.js:2
(anonymous) @ 6b3fa00747f9dd324ead.js:2
Promise.then (async)
c @ 6b3fa00747f9dd324ead.js:2
t.hasDevTools.A.settlePromises @ 6b3fa00747f9dd324ead.js:2
w._fulfill @ 6b3fa00747f9dd324ead.js:2
w._resolveCallback @ 6b3fa00747f9dd324ead.js:2
(anonymous) @ 6b3fa00747f9dd324ead.js:2
(anonymous) @ f0707e77ff8e62d22376.js:1
Promise.then (async)
(anonymous) @ f0707e77ff8e62d22376.js:1
O._execute @ 6b3fa00747f9dd324ead.js:2
w._resolveFromExecutor @ 6b3fa00747f9dd324ead.js:2
w @ 6b3fa00747f9dd324ead.js:2
getLineInfoByEnv @ f0707e77ff8e62d22376.js:1
mounted @ d54ab8b4e4dbc2ad7dbb.js:1
Qt @ 313b56cf5c96a14844d8.js:2
fn @ 313b56cf5c96a14844d8.js:2
insert @ 313b56cf5c96a14844d8.js:2
T @ 313b56cf5c96a14844d8.js:2
(anonymous) @ 313b56cf5c96a14844d8.js:2
t._update @ 313b56cf5c96a14844d8.js:2
r @ 313b56cf5c96a14844d8.js:2
wn.get @ 313b56cf5c96a14844d8.js:2
wn @ 313b56cf5c96a14844d8.js:2
t @ 313b56cf5c96a14844d8.js:2
Pn.$mount @ 313b56cf5c96a14844d8.js:2
d @ f0707e77ff8e62d22376.js:1
(anonymous) @ f0707e77ff8e62d22376.js:1
j @ 313b56cf5c96a14844d8.js:2
(anonymous) @ 313b56cf5c96a14844d8.js:2
t.<computed> @ 313b56cf5c96a14844d8.js:2
r @ 313b56cf5c96a14844d8.js:2
l @ 313b56cf5c96a14844d8.js:2
Promise.then (async)
r @ 313b56cf5c96a14844d8.js:2
l @ 313b56cf5c96a14844d8.js:2
Promise.then (async)
r @ 313b56cf5c96a14844d8.js:2
l @ 313b56cf5c96a14844d8.js:2
(anonymous) @ 313b56cf5c96a14844d8.js:2
(anonymous) @ 313b56cf5c96a14844d8.js:2
vt @ f0707e77ff8e62d22376.js:1
(anonymous) @ f0707e77ff8e62d22376.js:1
Promise.then (async)
340 @ f0707e77ff8e62d22376.js:1
o @ 105558548ecff7d2e238.js:1
255 @ f0707e77ff8e62d22376.js:1
o @ 105558548ecff7d2e238.js:1
d @ 105558548ecff7d2e238.js:1
c @ 105558548ecff7d2e238.js:1
(anonymous) @ f0707e77ff8e62d22376.js:1
d54ab8b4e4dbc2ad7dbb.js:1 GET https://www.sqntbw.com/games/7/7004/5aa13b7/gameConfig.test.js net::ERR_ABORTED 404
(anonymous) @ d54ab8b4e4dbc2ad7dbb.js:1
url @ d54ab8b4e4dbc2ad7dbb.js:1
(anonymous) @ d54ab8b4e4dbc2ad7dbb.js:1
j @ 313b56cf5c96a14844d8.js:2
(anonymous) @ 313b56cf5c96a14844d8.js:2
t.<computed> @ 313b56cf5c96a14844d8.js:2
r @ 313b56cf5c96a14844d8.js:2
l @ 313b56cf5c96a14844d8.js:2
(anonymous) @ 313b56cf5c96a14844d8.js:2
(anonymous) @ 313b56cf5c96a14844d8.js:2
(anonymous) @ d54ab8b4e4dbc2ad7dbb.js:1
(anonymous) @ d54ab8b4e4dbc2ad7dbb.js:1
Promise.then (async)
initGames @ d54ab8b4e4dbc2ad7dbb.js:1
(anonymous) @ d54ab8b4e4dbc2ad7dbb.js:1
Promise.then (async)
(anonymous) @ d54ab8b4e4dbc2ad7dbb.js:1
Promise.then (async)
(anonymous) @ d54ab8b4e4dbc2ad7dbb.js:1
Promise.then (async)
initWeb @ d54ab8b4e4dbc2ad7dbb.js:1
(anonymous) @ d54ab8b4e4dbc2ad7dbb.js:1
Promise.then (async)
(anonymous) @ d54ab8b4e4dbc2ad7dbb.js:1
d @ 6b3fa00747f9dd324ead.js:2
w._settlePromiseFromHandler @ 6b3fa00747f9dd324ead.js:2
w._settlePromise @ 6b3fa00747f9dd324ead.js:2
w._settlePromise0 @ 6b3fa00747f9dd324ead.js:2
w._settlePromises @ 6b3fa00747f9dd324ead.js:2
(anonymous) @ 6b3fa00747f9dd324ead.js:2
Promise.then (async)
c @ 6b3fa00747f9dd324ead.js:2
t.hasDevTools.A.settlePromises @ 6b3fa00747f9dd324ead.js:2
w._fulfill @ 6b3fa00747f9dd324ead.js:2
w._resolveCallback @ 6b3fa00747f9dd324ead.js:2
(anonymous) @ 6b3fa00747f9dd324ead.js:2
(anonymous) @ f0707e77ff8e62d22376.js:1
d @ 6b3fa00747f9dd324ead.js:2
w._settlePromiseFromHandler @ 6b3fa00747f9dd324ead.js:2
w._settlePromise @ 6b3fa00747f9dd324ead.js:2
w._settlePromise0 @ 6b3fa00747f9dd324ead.js:2
w._settlePromises @ 6b3fa00747f9dd324ead.js:2
w._fulfill @ 6b3fa00747f9dd324ead.js:2
t._resolve @ 6b3fa00747f9dd324ead.js:2
r._promiseFulfilled @ 6b3fa00747f9dd324ead.js:2
w._settlePromise @ 6b3fa00747f9dd324ead.js:2
w._settlePromise0 @ 6b3fa00747f9dd324ead.js:2
w._settlePromises @ 6b3fa00747f9dd324ead.js:2
(anonymous) @ 6b3fa00747f9dd324ead.js:2
Promise.then (async)
c @ 6b3fa00747f9dd324ead.js:2
t.hasDevTools.A.settlePromises @ 6b3fa00747f9dd324ead.js:2
w._fulfill @ 6b3fa00747f9dd324ead.js:2
w._resolveCallback @ 6b3fa00747f9dd324ead.js:2
(anonymous) @ 6b3fa00747f9dd324ead.js:2
Promise.then (async)
d @ 6b3fa00747f9dd324ead.js:2
(anonymous) @ 6b3fa00747f9dd324ead.js:2
(anonymous) @ 6b3fa00747f9dd324ead.js:2
t._iterate @ 6b3fa00747f9dd324ead.js:2
M @ 6b3fa00747f9dd324ead.js:2
r._init @ 6b3fa00747f9dd324ead.js:2
r.init @ 6b3fa00747f9dd324ead.js:2
d @ 6b3fa00747f9dd324ead.js:2
z.some @ 6b3fa00747f9dd324ead.js:2
race @ f0707e77ff8e62d22376.js:1
(anonymous) @ f0707e77ff8e62d22376.js:1
O._execute @ 6b3fa00747f9dd324ead.js:2
w._resolveFromExecutor @ 6b3fa00747f9dd324ead.js:2
w @ 6b3fa00747f9dd324ead.js:2
speedTest @ f0707e77ff8e62d22376.js:1
(anonymous) @ d54ab8b4e4dbc2ad7dbb.js:1
d @ 6b3fa00747f9dd324ead.js:2
w._settlePromiseFromHandler @ 6b3fa00747f9dd324ead.js:2
w._settlePromise @ 6b3fa00747f9dd324ead.js:2
w._settlePromise0 @ 6b3fa00747f9dd324ead.js:2
w._settlePromises @ 6b3fa00747f9dd324ead.js:2
(anonymous) @ 6b3fa00747f9dd324ead.js:2
Promise.then (async)
c @ 6b3fa00747f9dd324ead.js:2
t.hasDevTools.A.settlePromises @ 6b3fa00747f9dd324ead.js:2
w._fulfill @ 6b3fa00747f9dd324ead.js:2
w._resolveCallback @ 6b3fa00747f9dd324ead.js:2
(anonymous) @ 6b3fa00747f9dd324ead.js:2
(anonymous) @ f0707e77ff8e62d22376.js:1
Promise.then (async)
(anonymous) @ f0707e77ff8e62d22376.js:1
O._execute @ 6b3fa00747f9dd324ead.js:2
w._resolveFromExecutor @ 6b3fa00747f9dd324ead.js:2
w @ 6b3fa00747f9dd324ead.js:2
getLineInfoByEnv @ f0707e77ff8e62d22376.js:1
mounted @ d54ab8b4e4dbc2ad7dbb.js:1
Qt @ 313b56cf5c96a14844d8.js:2
fn @ 313b56cf5c96a14844d8.js:2
insert @ 313b56cf5c96a14844d8.js:2
T @ 313b56cf5c96a14844d8.js:2
(anonymous) @ 313b56cf5c96a14844d8.js:2
t._update @ 313b56cf5c96a14844d8.js:2
r @ 313b56cf5c96a14844d8.js:2
wn.get @ 313b56cf5c96a14844d8.js:2
wn @ 313b56cf5c96a14844d8.js:2
t @ 313b56cf5c96a14844d8.js:2
Pn.$mount @ 313b56cf5c96a14844d8.js:2
d @ f0707e77ff8e62d22376.js:1
(anonymous) @ f0707e77ff8e62d22376.js:1
j @ 313b56cf5c96a14844d8.js:2
(anonymous) @ 313b56cf5c96a14844d8.js:2
t.<computed> @ 313b56cf5c96a14844d8.js:2
r @ 313b56cf5c96a14844d8.js:2
l @ 313b56cf5c96a14844d8.js:2
Promise.then (async)
r @ 313b56cf5c96a14844d8.js:2
l @ 313b56cf5c96a14844d8.js:2
Promise.then (async)
r @ 313b56cf5c96a14844d8.js:2
l @ 313b56cf5c96a14844d8.js:2
(anonymous) @ 313b56cf5c96a14844d8.js:2
(anonymous) @ 313b56cf5c96a14844d8.js:2
vt @ f0707e77ff8e62d22376.js:1
(anonymous) @ f0707e77ff8e62d22376.js:1
Promise.then (async)
340 @ f0707e77ff8e62d22376.js:1
o @ 105558548ecff7d2e238.js:1
255 @ f0707e77ff8e62d22376.js:1
o @ 105558548ecff7d2e238.js:1
d @ 105558548ecff7d2e238.js:1
c @ 105558548ecff7d2e238.js:1
(anonymous) @ f0707e77ff8e62d22376.js:1
d54ab8b4e4dbc2ad7dbb.js:1 Event {isTrusted: true, type: "error", target: script, currentTarget: script, eventPhase: 2, …}
main.min.js:1 DragonBones: 5.6.201 2018/01/05
Website: http://dragonbones.com/
Source and Demos: https://github.com/DragonBones/
merged_jdbbase.js:179 [INFO] SmartFox instance ready!
merged_libs_egret5.js:4 ,3,2000, 0
merged_libs_egret5.js:4 ,6,2000, 0
merged_libs_egret5.js:4 ,9,1950, 50
merged_libs_egret5.js:4 ,12,1900, 140
merged_libs_egret5.js:4 ,15,1910, 270
merged_libs_egret5.js:4 ,18,2140, 630
merged_libs_egret5.js:4 ,21,2085, 725
merged_libs_egret5.js:4 ,24,2010, 800
merged_libs_egret5.js:4 ,27,1945, 865
merged_libs_egret5.js:4 ,30,1875, 935
merged_libs_egret5.js:4 ,33,1875, 1085
merged_libs_egret5.js:4 ,36,1815, 1145
merged_libs_egret5.js:4 ,39,1905, 1375
merged_libs_egret5.js:4 ,42,1845, 1465
merged_libs_egret5.js:4 ,45,1760, 1550
merged_libs_egret5.js:4 ,48,1685, 1625
merged_libs_egret5.js:4 ,51,1620, 1700
merged_libs_egret5.js:4 ,54,1560, 1770
merged_libs_egret5.js:4 ,57,2090, 2420
merged_libs_egret5.js:4 ,60,2005, 2505
merged_libs_egret5.js:4 ,63,1925, 2585
merged_libs_egret5.js:4 ,66,1850, 2660
merged_libs_egret5.js:4 ,69,1795, 2745
merged_libs_egret5.js:4 ,72,1720, 2820
merged_libs_egret5.js:4 ,75,1675, 2895
merged_libs_egret5.js:4 ,78,1620, 2960
merged_libs_egret5.js:4 ,81,1535, 3045
merged_libs_egret5.js:4 ,84,1615, 3255
merged_libs_egret5.js:4 ,87,1570, 3350
merged_libs_egret5.js:4 ,90,1650, 3520
merged_libs_egret5.js:4 ,93,1590, 3590
merged_libs_egret5.js:4 ,96,1550, 3630
merged_libs_egret5.js:4 ,99,1450, 3730
merged_libs_egret5.js:4 ,102,1520, 3950
merged_libs_egret5.js:4 ,105,1445, 4025
merged_libs_egret5.js:4 ,108,1425, 4125
merged_libs_egret5.js:4 ,111,1380, 4210
merged_libs_egret5.js:4 ,114,1310, 4290
merged_libs_egret5.js:4 ,117,1240, 4360
merged_libs_egret5.js:4 ,120,1230, 4450
merged_libs_egret5.js:4 ,123,1210, 4570
merged_libs_egret5.js:4 ,126,1315, 4785
merged_libs_egret5.js:4 ,129,1255, 4855
merged_libs_egret5.js:4 ,132,1175, 4935
merged_libs_egret5.js:4 ,135,1095, 5015
merged_libs_egret5.js:4 ,138,1025, 5085
merged_libs_egret5.js:4 ,141,960, 5170
merged_libs_egret5.js:4 ,144,900, 5230
merged_libs_egret5.js:4 ,147,1370, 5840
merged_libs_egret5.js:4 ,150,1355, 5955
merged_libs_egret5.js:4 ,153,1300, 6040
merged_libs_egret5.js:4 ,156,1250, 6090
merged_libs_egret5.js:4 ,159,1160, 6180
merged_libs_egret5.js:4 ,162,1075, 6265
merged_libs_egret5.js:4 ,165,1015, 6335
merged_libs_egret5.js:4 ,168,945, 6405
merged_libs_egret5.js:4 ,171,870, 6490
merged_libs_egret5.js:4 ,174,805, 6565
merged_libs_egret5.js:4 ,177,745, 6645
merged_libs_egret5.js:4 ,180,705, 6725
merged_libs_egret5.js:4 ,183,1170, 7300
merged_libs_egret5.js:4 ,186,1100, 7370
merged_libs_egret5.js:4 ,189,1055, 7445
merged_libs_egret5.js:4 ,192,1195, 7705
merged_libs_egret5.js:4 ,195,1110, 7790
merged_libs_egret5.js:4 ,198,1030, 7870
merged_libs_egret5.js:4 ,201,980, 7960
merged_libs_egret5.js:4 ,204,960, 8050
merged_libs_egret5.js:4 ,207,880, 8130
merged_libs_egret5.js:4 ,210,810, 8200
merged_libs_egret5.js:4 ,213,785, 8305
merged_libs_egret5.js:4 ,216,720, 8380
merged_libs_egret5.js:4 ,219,680, 8480
merged_libs_egret5.js:4 ,222,625, 8555
merged_libs_egret5.js:4 ,225,545, 8635
merged_libs_egret5.js:4 ,228,545, 8775
merged_libs_egret5.js:4 ,231,790, 9160
merged_libs_egret5.js:4 ,234,760, 9230
merged_libs_egret5.js:4 ,237,670, 9320
merged_libs_egret5.js:4 ,240,860, 9620
merged_libs_egret5.js:4 ,243,855, 9625
merged_libs_egret5.js:4 ,246,845, 9655
merged_libs_egret5.js:4 ,249,845, 9725
merged_libs_egret5.js:4 ,252,855, 9785
merged_libs_egret5.js:4 ,255,780, 9900
merged_libs_egret5.js:4 ,258,725, 9965
merged_libs_egret5.js:4 ,261,715, 10025
merged_libs_egret5.js:4 ,264,730, 10090
merged_libs_egret5.js:4 ,267,710, 10180
merged_libs_egret5.js:4 ,270,680, 10250
merged_libs_egret5.js:4 ,273,700, 10360
merged_libs_egret5.js:4 ,276,740, 10460
merged_libs_egret5.js:4 ,279,785, 10575
merged_libs_egret5.js:4 ,282,745, 10675
merged_libs_egret5.js:4 ,285,655, 10765
merged_libs_egret5.js:4 ,288,580, 10840
merged_libs_egret5.js:4 ,291,515, 10905
merged_libs_egret5.js:4 ,294,440, 10980
merged_libs_egret5.js:4 ,297,525, 11185
merged_libs_egret5.js:4 ,300,520, 11280
merged_libs_egret5.js:4 ,303,450, 11360
merged_libs_egret5.js:4 ,306,385, 11425
merged_libs_egret5.js:4 ,309,375, 11455
merged_libs_egret5.js:4 ,312,560, 11730
merged_libs_egret5.js:4 ,315,495, 11805
merged_libs_egret5.js:4 ,318,430, 11880
merged_libs_egret5.js:4 ,321,340, 11980
merged_libs_egret5.js:4 ,324,290, 12070
merged_libs_egret5.js:4 ,327,225, 12135
merged_libs_egret5.js:4 ,330,175, 12185
merged_libs_egret5.js:4 ,333,125, 12285
merged_libs_egret5.js:4 ,336,50, 12360
merged_libs_egret5.js:4 ,339,0, 12410
merged_libs_egret5.js:4 ,342,0, 12410
merged_libs_egret5.js:4 ,345,0, 12410
merged_libs_egret5.js:4 ,348,0, 12410
merged_libs_egret5.js:4 ,351,0, 12410
merged_libs_egret5.js:4 ,354,0, 12410
merged_libs_egret5.js:4 ,357,0, 12410
merged_libs_egret5.js:4 ,360,0, 12410
merged_libs_egret5.js:4 ,363,0, 12410
